ARM GAS  C:\Users\Eric\AppData\Local\Temp\ccK0ZDf1.s 			page 1


   1              		.syntax unified
   2              		.cpu cortex-m3
   3              		.fpu softvfp
   4              		.eabi_attribute 20, 1
   5              		.eabi_attribute 21, 1
   6              		.eabi_attribute 23, 3
   7              		.eabi_attribute 24, 1
   8              		.eabi_attribute 25, 1
   9              		.eabi_attribute 26, 1
  10              		.eabi_attribute 30, 6
  11              		.eabi_attribute 34, 1
  12              		.eabi_attribute 18, 4
  13              		.thumb
  14              		.file	"isr_1.c"
  15              		.text
  16              	.Ltext0:
  17              		.cfi_sections	.debug_frame
  18              		.section	.text.isr_1_Start,"ax",%progbits
  19              		.align	2
  20              		.global	isr_1_Start
  21              		.thumb
  22              		.thumb_func
  23              		.type	isr_1_Start, %function
  24              	isr_1_Start:
  25              	.LFB0:
  26              		.file 1 ".\\Generated_Source\\PSoC5\\isr_1.c"
   1:.\Generated_Source\PSoC5/isr_1.c **** /*******************************************************************************
   2:.\Generated_Source\PSoC5/isr_1.c **** * File Name: isr_1.c  
   3:.\Generated_Source\PSoC5/isr_1.c **** * Version 1.70
   4:.\Generated_Source\PSoC5/isr_1.c **** *
   5:.\Generated_Source\PSoC5/isr_1.c **** *  Description:
   6:.\Generated_Source\PSoC5/isr_1.c **** *   API for controlling the state of an interrupt.
   7:.\Generated_Source\PSoC5/isr_1.c **** *
   8:.\Generated_Source\PSoC5/isr_1.c **** *
   9:.\Generated_Source\PSoC5/isr_1.c **** *  Note:
  10:.\Generated_Source\PSoC5/isr_1.c **** *
  11:.\Generated_Source\PSoC5/isr_1.c **** ********************************************************************************
  12:.\Generated_Source\PSoC5/isr_1.c **** * Copyright 2008-2012, Cypress Semiconductor Corporation.  All rights reserved.
  13:.\Generated_Source\PSoC5/isr_1.c **** * You may use this file only in accordance with the license, terms, conditions, 
  14:.\Generated_Source\PSoC5/isr_1.c **** * disclaimers, and limitations in the end user license agreement accompanying 
  15:.\Generated_Source\PSoC5/isr_1.c **** * the software package with which this file was provided.
  16:.\Generated_Source\PSoC5/isr_1.c **** *******************************************************************************/
  17:.\Generated_Source\PSoC5/isr_1.c **** 
  18:.\Generated_Source\PSoC5/isr_1.c **** 
  19:.\Generated_Source\PSoC5/isr_1.c **** #include <cydevice_trm.h>
  20:.\Generated_Source\PSoC5/isr_1.c **** #include <CyLib.h>
  21:.\Generated_Source\PSoC5/isr_1.c **** #include <isr_1.h>
  22:.\Generated_Source\PSoC5/isr_1.c **** 
  23:.\Generated_Source\PSoC5/isr_1.c **** #if !defined(isr_1__REMOVED) /* Check for removal by optimization */
  24:.\Generated_Source\PSoC5/isr_1.c **** 
  25:.\Generated_Source\PSoC5/isr_1.c **** /*******************************************************************************
  26:.\Generated_Source\PSoC5/isr_1.c **** *  Place your includes, defines and code here 
  27:.\Generated_Source\PSoC5/isr_1.c **** ********************************************************************************/
  28:.\Generated_Source\PSoC5/isr_1.c **** /* `#START isr_1_intc` */
  29:.\Generated_Source\PSoC5/isr_1.c **** 
  30:.\Generated_Source\PSoC5/isr_1.c **** /* `#END` */
  31:.\Generated_Source\PSoC5/isr_1.c **** 
ARM GAS  C:\Users\Eric\AppData\Local\Temp\ccK0ZDf1.s 			page 2


  32:.\Generated_Source\PSoC5/isr_1.c **** #ifndef CYINT_IRQ_BASE
  33:.\Generated_Source\PSoC5/isr_1.c **** #define CYINT_IRQ_BASE      16
  34:.\Generated_Source\PSoC5/isr_1.c **** #endif /* CYINT_IRQ_BASE */
  35:.\Generated_Source\PSoC5/isr_1.c **** #ifndef CYINT_VECT_TABLE
  36:.\Generated_Source\PSoC5/isr_1.c **** #define CYINT_VECT_TABLE    ((cyisraddress **) CYREG_NVIC_VECT_OFFSET)
  37:.\Generated_Source\PSoC5/isr_1.c **** #endif /* CYINT_VECT_TABLE */
  38:.\Generated_Source\PSoC5/isr_1.c **** 
  39:.\Generated_Source\PSoC5/isr_1.c **** /* Declared in startup, used to set unused interrupts to. */
  40:.\Generated_Source\PSoC5/isr_1.c **** CY_ISR_PROTO(IntDefaultHandler);
  41:.\Generated_Source\PSoC5/isr_1.c **** 
  42:.\Generated_Source\PSoC5/isr_1.c **** 
  43:.\Generated_Source\PSoC5/isr_1.c **** /*******************************************************************************
  44:.\Generated_Source\PSoC5/isr_1.c **** * Function Name: isr_1_Start
  45:.\Generated_Source\PSoC5/isr_1.c **** ********************************************************************************
  46:.\Generated_Source\PSoC5/isr_1.c **** *
  47:.\Generated_Source\PSoC5/isr_1.c **** * Summary:
  48:.\Generated_Source\PSoC5/isr_1.c **** *  Set up the interrupt and enable it.
  49:.\Generated_Source\PSoC5/isr_1.c **** *
  50:.\Generated_Source\PSoC5/isr_1.c **** * Parameters:  
  51:.\Generated_Source\PSoC5/isr_1.c **** *   None
  52:.\Generated_Source\PSoC5/isr_1.c **** *
  53:.\Generated_Source\PSoC5/isr_1.c **** * Return:
  54:.\Generated_Source\PSoC5/isr_1.c **** *   None
  55:.\Generated_Source\PSoC5/isr_1.c **** *
  56:.\Generated_Source\PSoC5/isr_1.c **** *******************************************************************************/
  57:.\Generated_Source\PSoC5/isr_1.c **** void isr_1_Start(void)
  58:.\Generated_Source\PSoC5/isr_1.c **** {
  27              		.loc 1 58 0
  28              		.cfi_startproc
  29              		@ args = 0, pretend = 0, frame = 0
  30              		@ frame_needed = 1, uses_anonymous_args = 0
  31 0000 80B5     		push	{r7, lr}
  32              		.cfi_def_cfa_offset 8
  33              		.cfi_offset 7, -8
  34              		.cfi_offset 14, -4
  35 0002 00AF     		add	r7, sp, #0
  36              		.cfi_def_cfa_register 7
  59:.\Generated_Source\PSoC5/isr_1.c ****     /* For all we know the interrupt is active. */
  60:.\Generated_Source\PSoC5/isr_1.c ****     isr_1_Disable();
  37              		.loc 1 60 0
  38 0004 FFF7FEFF 		bl	isr_1_Disable
  61:.\Generated_Source\PSoC5/isr_1.c **** 
  62:.\Generated_Source\PSoC5/isr_1.c ****     /* Set the ISR to point to the isr_1 Interrupt. */
  63:.\Generated_Source\PSoC5/isr_1.c ****     isr_1_SetVector(&isr_1_Interrupt);
  39              		.loc 1 63 0
  40 0008 0448     		ldr	r0, .L2
  41 000a FFF7FEFF 		bl	isr_1_SetVector
  64:.\Generated_Source\PSoC5/isr_1.c **** 
  65:.\Generated_Source\PSoC5/isr_1.c ****     /* Set the priority. */
  66:.\Generated_Source\PSoC5/isr_1.c ****     isr_1_SetPriority((uint8)isr_1_INTC_PRIOR_NUMBER);
  42              		.loc 1 66 0
  43 000e 0720     		movs	r0, #7
  44 0010 FFF7FEFF 		bl	isr_1_SetPriority
  67:.\Generated_Source\PSoC5/isr_1.c **** 
  68:.\Generated_Source\PSoC5/isr_1.c ****     /* Enable it. */
  69:.\Generated_Source\PSoC5/isr_1.c ****     isr_1_Enable();
  45              		.loc 1 69 0
ARM GAS  C:\Users\Eric\AppData\Local\Temp\ccK0ZDf1.s 			page 3


  46 0014 FFF7FEFF 		bl	isr_1_Enable
  70:.\Generated_Source\PSoC5/isr_1.c **** }
  47              		.loc 1 70 0
  48 0018 80BD     		pop	{r7, pc}
  49              	.L3:
  50 001a 00BF     		.align	2
  51              	.L2:
  52 001c 00000000 		.word	isr_1_Interrupt
  53              		.cfi_endproc
  54              	.LFE0:
  55              		.size	isr_1_Start, .-isr_1_Start
  56              		.section	.text.isr_1_StartEx,"ax",%progbits
  57              		.align	2
  58              		.global	isr_1_StartEx
  59              		.thumb
  60              		.thumb_func
  61              		.type	isr_1_StartEx, %function
  62              	isr_1_StartEx:
  63              	.LFB1:
  71:.\Generated_Source\PSoC5/isr_1.c **** 
  72:.\Generated_Source\PSoC5/isr_1.c **** 
  73:.\Generated_Source\PSoC5/isr_1.c **** /*******************************************************************************
  74:.\Generated_Source\PSoC5/isr_1.c **** * Function Name: isr_1_StartEx
  75:.\Generated_Source\PSoC5/isr_1.c **** ********************************************************************************
  76:.\Generated_Source\PSoC5/isr_1.c **** *
  77:.\Generated_Source\PSoC5/isr_1.c **** * Summary:
  78:.\Generated_Source\PSoC5/isr_1.c **** *  Set up the interrupt and enable it.
  79:.\Generated_Source\PSoC5/isr_1.c **** *
  80:.\Generated_Source\PSoC5/isr_1.c **** * Parameters:  
  81:.\Generated_Source\PSoC5/isr_1.c **** *   address: Address of the ISR to set in the interrupt vector table.
  82:.\Generated_Source\PSoC5/isr_1.c **** *
  83:.\Generated_Source\PSoC5/isr_1.c **** * Return:
  84:.\Generated_Source\PSoC5/isr_1.c **** *   None
  85:.\Generated_Source\PSoC5/isr_1.c **** *
  86:.\Generated_Source\PSoC5/isr_1.c **** *******************************************************************************/
  87:.\Generated_Source\PSoC5/isr_1.c **** void isr_1_StartEx(cyisraddress address)
  88:.\Generated_Source\PSoC5/isr_1.c **** {
  64              		.loc 1 88 0
  65              		.cfi_startproc
  66              		@ args = 0, pretend = 0, frame = 8
  67              		@ frame_needed = 1, uses_anonymous_args = 0
  68 0000 80B5     		push	{r7, lr}
  69              		.cfi_def_cfa_offset 8
  70              		.cfi_offset 7, -8
  71              		.cfi_offset 14, -4
  72 0002 82B0     		sub	sp, sp, #8
  73              		.cfi_def_cfa_offset 16
  74 0004 00AF     		add	r7, sp, #0
  75              		.cfi_def_cfa_register 7
  76 0006 7860     		str	r0, [r7, #4]
  89:.\Generated_Source\PSoC5/isr_1.c ****     /* For all we know the interrupt is active. */
  90:.\Generated_Source\PSoC5/isr_1.c ****     isr_1_Disable();
  77              		.loc 1 90 0
  78 0008 FFF7FEFF 		bl	isr_1_Disable
  91:.\Generated_Source\PSoC5/isr_1.c **** 
  92:.\Generated_Source\PSoC5/isr_1.c ****     /* Set the ISR to point to the isr_1 Interrupt. */
  93:.\Generated_Source\PSoC5/isr_1.c ****     isr_1_SetVector(address);
ARM GAS  C:\Users\Eric\AppData\Local\Temp\ccK0ZDf1.s 			page 4


  79              		.loc 1 93 0
  80 000c 7868     		ldr	r0, [r7, #4]
  81 000e FFF7FEFF 		bl	isr_1_SetVector
  94:.\Generated_Source\PSoC5/isr_1.c **** 
  95:.\Generated_Source\PSoC5/isr_1.c ****     /* Set the priority. */
  96:.\Generated_Source\PSoC5/isr_1.c ****     isr_1_SetPriority((uint8)isr_1_INTC_PRIOR_NUMBER);
  82              		.loc 1 96 0
  83 0012 0720     		movs	r0, #7
  84 0014 FFF7FEFF 		bl	isr_1_SetPriority
  97:.\Generated_Source\PSoC5/isr_1.c **** 
  98:.\Generated_Source\PSoC5/isr_1.c ****     /* Enable it. */
  99:.\Generated_Source\PSoC5/isr_1.c ****     isr_1_Enable();
  85              		.loc 1 99 0
  86 0018 FFF7FEFF 		bl	isr_1_Enable
 100:.\Generated_Source\PSoC5/isr_1.c **** }
  87              		.loc 1 100 0
  88 001c 0837     		adds	r7, r7, #8
  89 001e BD46     		mov	sp, r7
  90              		@ sp needed
  91 0020 80BD     		pop	{r7, pc}
  92              		.cfi_endproc
  93              	.LFE1:
  94              		.size	isr_1_StartEx, .-isr_1_StartEx
  95 0022 00BF     		.section	.text.isr_1_Stop,"ax",%progbits
  96              		.align	2
  97              		.global	isr_1_Stop
  98              		.thumb
  99              		.thumb_func
 100              		.type	isr_1_Stop, %function
 101              	isr_1_Stop:
 102              	.LFB2:
 101:.\Generated_Source\PSoC5/isr_1.c **** 
 102:.\Generated_Source\PSoC5/isr_1.c **** 
 103:.\Generated_Source\PSoC5/isr_1.c **** /*******************************************************************************
 104:.\Generated_Source\PSoC5/isr_1.c **** * Function Name: isr_1_Stop
 105:.\Generated_Source\PSoC5/isr_1.c **** ********************************************************************************
 106:.\Generated_Source\PSoC5/isr_1.c **** *
 107:.\Generated_Source\PSoC5/isr_1.c **** * Summary:
 108:.\Generated_Source\PSoC5/isr_1.c **** *   Disables and removes the interrupt.
 109:.\Generated_Source\PSoC5/isr_1.c **** *
 110:.\Generated_Source\PSoC5/isr_1.c **** * Parameters:  
 111:.\Generated_Source\PSoC5/isr_1.c **** *
 112:.\Generated_Source\PSoC5/isr_1.c **** * Return:
 113:.\Generated_Source\PSoC5/isr_1.c **** *   None
 114:.\Generated_Source\PSoC5/isr_1.c **** *
 115:.\Generated_Source\PSoC5/isr_1.c **** *******************************************************************************/
 116:.\Generated_Source\PSoC5/isr_1.c **** void isr_1_Stop(void)
 117:.\Generated_Source\PSoC5/isr_1.c **** {
 103              		.loc 1 117 0
 104              		.cfi_startproc
 105              		@ args = 0, pretend = 0, frame = 0
 106              		@ frame_needed = 1, uses_anonymous_args = 0
 107 0000 80B5     		push	{r7, lr}
 108              		.cfi_def_cfa_offset 8
 109              		.cfi_offset 7, -8
 110              		.cfi_offset 14, -4
 111 0002 00AF     		add	r7, sp, #0
ARM GAS  C:\Users\Eric\AppData\Local\Temp\ccK0ZDf1.s 			page 5


 112              		.cfi_def_cfa_register 7
 118:.\Generated_Source\PSoC5/isr_1.c ****     /* Disable this interrupt. */
 119:.\Generated_Source\PSoC5/isr_1.c ****     isr_1_Disable();
 113              		.loc 1 119 0
 114 0004 FFF7FEFF 		bl	isr_1_Disable
 120:.\Generated_Source\PSoC5/isr_1.c **** 
 121:.\Generated_Source\PSoC5/isr_1.c ****     /* Set the ISR to point to the passive one. */
 122:.\Generated_Source\PSoC5/isr_1.c ****     isr_1_SetVector(&IntDefaultHandler);
 115              		.loc 1 122 0
 116 0008 0148     		ldr	r0, .L6
 117 000a FFF7FEFF 		bl	isr_1_SetVector
 123:.\Generated_Source\PSoC5/isr_1.c **** }
 118              		.loc 1 123 0
 119 000e 80BD     		pop	{r7, pc}
 120              	.L7:
 121              		.align	2
 122              	.L6:
 123 0010 00000000 		.word	IntDefaultHandler
 124              		.cfi_endproc
 125              	.LFE2:
 126              		.size	isr_1_Stop, .-isr_1_Stop
 127              		.section	.text.isr_1_Interrupt,"ax",%progbits
 128              		.align	2
 129              		.global	isr_1_Interrupt
 130              		.thumb
 131              		.thumb_func
 132              		.type	isr_1_Interrupt, %function
 133              	isr_1_Interrupt:
 134              	.LFB3:
 124:.\Generated_Source\PSoC5/isr_1.c **** 
 125:.\Generated_Source\PSoC5/isr_1.c **** 
 126:.\Generated_Source\PSoC5/isr_1.c **** /*******************************************************************************
 127:.\Generated_Source\PSoC5/isr_1.c **** * Function Name: isr_1_Interrupt
 128:.\Generated_Source\PSoC5/isr_1.c **** ********************************************************************************
 129:.\Generated_Source\PSoC5/isr_1.c **** *
 130:.\Generated_Source\PSoC5/isr_1.c **** * Summary:
 131:.\Generated_Source\PSoC5/isr_1.c **** *   The default Interrupt Service Routine for isr_1.
 132:.\Generated_Source\PSoC5/isr_1.c **** *
 133:.\Generated_Source\PSoC5/isr_1.c **** *   Add custom code between the coments to keep the next version of this file
 134:.\Generated_Source\PSoC5/isr_1.c **** *   from over writting your code.
 135:.\Generated_Source\PSoC5/isr_1.c **** *
 136:.\Generated_Source\PSoC5/isr_1.c **** * Parameters:  
 137:.\Generated_Source\PSoC5/isr_1.c **** *
 138:.\Generated_Source\PSoC5/isr_1.c **** * Return:
 139:.\Generated_Source\PSoC5/isr_1.c **** *   None
 140:.\Generated_Source\PSoC5/isr_1.c **** *
 141:.\Generated_Source\PSoC5/isr_1.c **** *******************************************************************************/
 142:.\Generated_Source\PSoC5/isr_1.c **** CY_ISR(isr_1_Interrupt)
 143:.\Generated_Source\PSoC5/isr_1.c **** {
 135              		.loc 1 143 0
 136              		.cfi_startproc
 137              		@ args = 0, pretend = 0, frame = 0
 138              		@ frame_needed = 1, uses_anonymous_args = 0
 139              		@ link register save eliminated.
 140 0000 80B4     		push	{r7}
 141              		.cfi_def_cfa_offset 4
 142              		.cfi_offset 7, -4
ARM GAS  C:\Users\Eric\AppData\Local\Temp\ccK0ZDf1.s 			page 6


 143 0002 00AF     		add	r7, sp, #0
 144              		.cfi_def_cfa_register 7
 144:.\Generated_Source\PSoC5/isr_1.c ****     /*  Place your Interrupt code here. */
 145:.\Generated_Source\PSoC5/isr_1.c ****     /* `#START isr_1_Interrupt` */
 146:.\Generated_Source\PSoC5/isr_1.c **** 
 147:.\Generated_Source\PSoC5/isr_1.c ****     /* `#END` */
 148:.\Generated_Source\PSoC5/isr_1.c **** }
 145              		.loc 1 148 0
 146 0004 BD46     		mov	sp, r7
 147              		@ sp needed
 148 0006 5DF8047B 		ldr	r7, [sp], #4
 149 000a 7047     		bx	lr
 150              		.cfi_endproc
 151              	.LFE3:
 152              		.size	isr_1_Interrupt, .-isr_1_Interrupt
 153              		.section	.text.isr_1_SetVector,"ax",%progbits
 154              		.align	2
 155              		.global	isr_1_SetVector
 156              		.thumb
 157              		.thumb_func
 158              		.type	isr_1_SetVector, %function
 159              	isr_1_SetVector:
 160              	.LFB4:
 149:.\Generated_Source\PSoC5/isr_1.c **** 
 150:.\Generated_Source\PSoC5/isr_1.c **** 
 151:.\Generated_Source\PSoC5/isr_1.c **** /*******************************************************************************
 152:.\Generated_Source\PSoC5/isr_1.c **** * Function Name: isr_1_SetVector
 153:.\Generated_Source\PSoC5/isr_1.c **** ********************************************************************************
 154:.\Generated_Source\PSoC5/isr_1.c **** *
 155:.\Generated_Source\PSoC5/isr_1.c **** * Summary:
 156:.\Generated_Source\PSoC5/isr_1.c **** *   Change the ISR vector for the Interrupt. Note calling isr_1_Start
 157:.\Generated_Source\PSoC5/isr_1.c **** *   will override any effect this method would have had. To set the vector 
 158:.\Generated_Source\PSoC5/isr_1.c **** *   before the component has been started use isr_1_StartEx instead.
 159:.\Generated_Source\PSoC5/isr_1.c **** *
 160:.\Generated_Source\PSoC5/isr_1.c **** * Parameters:
 161:.\Generated_Source\PSoC5/isr_1.c **** *   address: Address of the ISR to set in the interrupt vector table.
 162:.\Generated_Source\PSoC5/isr_1.c **** *
 163:.\Generated_Source\PSoC5/isr_1.c **** * Return:
 164:.\Generated_Source\PSoC5/isr_1.c **** *   None
 165:.\Generated_Source\PSoC5/isr_1.c **** *
 166:.\Generated_Source\PSoC5/isr_1.c **** *******************************************************************************/
 167:.\Generated_Source\PSoC5/isr_1.c **** void isr_1_SetVector(cyisraddress address)
 168:.\Generated_Source\PSoC5/isr_1.c **** {
 161              		.loc 1 168 0
 162              		.cfi_startproc
 163              		@ args = 0, pretend = 0, frame = 16
 164              		@ frame_needed = 1, uses_anonymous_args = 0
 165              		@ link register save eliminated.
 166 0000 80B4     		push	{r7}
 167              		.cfi_def_cfa_offset 4
 168              		.cfi_offset 7, -4
 169 0002 85B0     		sub	sp, sp, #20
 170              		.cfi_def_cfa_offset 24
 171 0004 00AF     		add	r7, sp, #0
 172              		.cfi_def_cfa_register 7
 173 0006 7860     		str	r0, [r7, #4]
 169:.\Generated_Source\PSoC5/isr_1.c ****     cyisraddress * ramVectorTable;
ARM GAS  C:\Users\Eric\AppData\Local\Temp\ccK0ZDf1.s 			page 7


 170:.\Generated_Source\PSoC5/isr_1.c **** 
 171:.\Generated_Source\PSoC5/isr_1.c ****     ramVectorTable = (cyisraddress *) *CYINT_VECT_TABLE;
 174              		.loc 1 171 0
 175 0008 054B     		ldr	r3, .L10
 176 000a 1B68     		ldr	r3, [r3]
 177 000c FB60     		str	r3, [r7, #12]
 172:.\Generated_Source\PSoC5/isr_1.c **** 
 173:.\Generated_Source\PSoC5/isr_1.c ****     ramVectorTable[CYINT_IRQ_BASE + (uint32)isr_1__INTC_NUMBER] = address;
 178              		.loc 1 173 0
 179 000e FB68     		ldr	r3, [r7, #12]
 180 0010 4033     		adds	r3, r3, #64
 181 0012 7A68     		ldr	r2, [r7, #4]
 182 0014 1A60     		str	r2, [r3]
 174:.\Generated_Source\PSoC5/isr_1.c **** }
 183              		.loc 1 174 0
 184 0016 1437     		adds	r7, r7, #20
 185 0018 BD46     		mov	sp, r7
 186              		@ sp needed
 187 001a 5DF8047B 		ldr	r7, [sp], #4
 188 001e 7047     		bx	lr
 189              	.L11:
 190              		.align	2
 191              	.L10:
 192 0020 08ED00E0 		.word	-536810232
 193              		.cfi_endproc
 194              	.LFE4:
 195              		.size	isr_1_SetVector, .-isr_1_SetVector
 196              		.section	.text.isr_1_GetVector,"ax",%progbits
 197              		.align	2
 198              		.global	isr_1_GetVector
 199              		.thumb
 200              		.thumb_func
 201              		.type	isr_1_GetVector, %function
 202              	isr_1_GetVector:
 203              	.LFB5:
 175:.\Generated_Source\PSoC5/isr_1.c **** 
 176:.\Generated_Source\PSoC5/isr_1.c **** 
 177:.\Generated_Source\PSoC5/isr_1.c **** /*******************************************************************************
 178:.\Generated_Source\PSoC5/isr_1.c **** * Function Name: isr_1_GetVector
 179:.\Generated_Source\PSoC5/isr_1.c **** ********************************************************************************
 180:.\Generated_Source\PSoC5/isr_1.c **** *
 181:.\Generated_Source\PSoC5/isr_1.c **** * Summary:
 182:.\Generated_Source\PSoC5/isr_1.c **** *   Gets the "address" of the current ISR vector for the Interrupt.
 183:.\Generated_Source\PSoC5/isr_1.c **** *
 184:.\Generated_Source\PSoC5/isr_1.c **** * Parameters:
 185:.\Generated_Source\PSoC5/isr_1.c **** *   None
 186:.\Generated_Source\PSoC5/isr_1.c **** *
 187:.\Generated_Source\PSoC5/isr_1.c **** * Return:
 188:.\Generated_Source\PSoC5/isr_1.c **** *   Address of the ISR in the interrupt vector table.
 189:.\Generated_Source\PSoC5/isr_1.c **** *
 190:.\Generated_Source\PSoC5/isr_1.c **** *******************************************************************************/
 191:.\Generated_Source\PSoC5/isr_1.c **** cyisraddress isr_1_GetVector(void)
 192:.\Generated_Source\PSoC5/isr_1.c **** {
 204              		.loc 1 192 0
 205              		.cfi_startproc
 206              		@ args = 0, pretend = 0, frame = 8
 207              		@ frame_needed = 1, uses_anonymous_args = 0
ARM GAS  C:\Users\Eric\AppData\Local\Temp\ccK0ZDf1.s 			page 8


 208              		@ link register save eliminated.
 209 0000 80B4     		push	{r7}
 210              		.cfi_def_cfa_offset 4
 211              		.cfi_offset 7, -4
 212 0002 83B0     		sub	sp, sp, #12
 213              		.cfi_def_cfa_offset 16
 214 0004 00AF     		add	r7, sp, #0
 215              		.cfi_def_cfa_register 7
 193:.\Generated_Source\PSoC5/isr_1.c ****     cyisraddress * ramVectorTable;
 194:.\Generated_Source\PSoC5/isr_1.c **** 
 195:.\Generated_Source\PSoC5/isr_1.c ****     ramVectorTable = (cyisraddress *) *CYINT_VECT_TABLE;
 216              		.loc 1 195 0
 217 0006 054B     		ldr	r3, .L14
 218 0008 1B68     		ldr	r3, [r3]
 219 000a 7B60     		str	r3, [r7, #4]
 196:.\Generated_Source\PSoC5/isr_1.c **** 
 197:.\Generated_Source\PSoC5/isr_1.c ****     return ramVectorTable[CYINT_IRQ_BASE + (uint32)isr_1__INTC_NUMBER];
 220              		.loc 1 197 0
 221 000c 7B68     		ldr	r3, [r7, #4]
 222 000e 1B6C     		ldr	r3, [r3, #64]
 198:.\Generated_Source\PSoC5/isr_1.c **** }
 223              		.loc 1 198 0
 224 0010 1846     		mov	r0, r3
 225 0012 0C37     		adds	r7, r7, #12
 226 0014 BD46     		mov	sp, r7
 227              		@ sp needed
 228 0016 5DF8047B 		ldr	r7, [sp], #4
 229 001a 7047     		bx	lr
 230              	.L15:
 231              		.align	2
 232              	.L14:
 233 001c 08ED00E0 		.word	-536810232
 234              		.cfi_endproc
 235              	.LFE5:
 236              		.size	isr_1_GetVector, .-isr_1_GetVector
 237              		.section	.text.isr_1_SetPriority,"ax",%progbits
 238              		.align	2
 239              		.global	isr_1_SetPriority
 240              		.thumb
 241              		.thumb_func
 242              		.type	isr_1_SetPriority, %function
 243              	isr_1_SetPriority:
 244              	.LFB6:
 199:.\Generated_Source\PSoC5/isr_1.c **** 
 200:.\Generated_Source\PSoC5/isr_1.c **** 
 201:.\Generated_Source\PSoC5/isr_1.c **** /*******************************************************************************
 202:.\Generated_Source\PSoC5/isr_1.c **** * Function Name: isr_1_SetPriority
 203:.\Generated_Source\PSoC5/isr_1.c **** ********************************************************************************
 204:.\Generated_Source\PSoC5/isr_1.c **** *
 205:.\Generated_Source\PSoC5/isr_1.c **** * Summary:
 206:.\Generated_Source\PSoC5/isr_1.c **** *   Sets the Priority of the Interrupt. Note calling isr_1_Start
 207:.\Generated_Source\PSoC5/isr_1.c **** *   or isr_1_StartEx will override any effect this method 
 208:.\Generated_Source\PSoC5/isr_1.c **** *   would have had. This method should only be called after 
 209:.\Generated_Source\PSoC5/isr_1.c **** *   isr_1_Start or isr_1_StartEx has been called. To set 
 210:.\Generated_Source\PSoC5/isr_1.c **** *   the initial priority for the component use the cydwr file in the tool.
 211:.\Generated_Source\PSoC5/isr_1.c **** *
 212:.\Generated_Source\PSoC5/isr_1.c **** * Parameters:
ARM GAS  C:\Users\Eric\AppData\Local\Temp\ccK0ZDf1.s 			page 9


 213:.\Generated_Source\PSoC5/isr_1.c **** *   priority: Priority of the interrupt. 0 - 7, 0 being the highest.
 214:.\Generated_Source\PSoC5/isr_1.c **** *
 215:.\Generated_Source\PSoC5/isr_1.c **** * Return:
 216:.\Generated_Source\PSoC5/isr_1.c **** *   None
 217:.\Generated_Source\PSoC5/isr_1.c **** *
 218:.\Generated_Source\PSoC5/isr_1.c **** *******************************************************************************/
 219:.\Generated_Source\PSoC5/isr_1.c **** void isr_1_SetPriority(uint8 priority)
 220:.\Generated_Source\PSoC5/isr_1.c **** {
 245              		.loc 1 220 0
 246              		.cfi_startproc
 247              		@ args = 0, pretend = 0, frame = 8
 248              		@ frame_needed = 1, uses_anonymous_args = 0
 249              		@ link register save eliminated.
 250 0000 80B4     		push	{r7}
 251              		.cfi_def_cfa_offset 4
 252              		.cfi_offset 7, -4
 253 0002 83B0     		sub	sp, sp, #12
 254              		.cfi_def_cfa_offset 16
 255 0004 00AF     		add	r7, sp, #0
 256              		.cfi_def_cfa_register 7
 257 0006 0346     		mov	r3, r0
 258 0008 FB71     		strb	r3, [r7, #7]
 221:.\Generated_Source\PSoC5/isr_1.c ****     *isr_1_INTC_PRIOR = priority << 5;
 259              		.loc 1 221 0
 260 000a 054B     		ldr	r3, .L17
 261 000c FA79     		ldrb	r2, [r7, #7]
 262 000e 5201     		lsls	r2, r2, #5
 263 0010 D2B2     		uxtb	r2, r2
 264 0012 1A70     		strb	r2, [r3]
 222:.\Generated_Source\PSoC5/isr_1.c **** }
 265              		.loc 1 222 0
 266 0014 0C37     		adds	r7, r7, #12
 267 0016 BD46     		mov	sp, r7
 268              		@ sp needed
 269 0018 5DF8047B 		ldr	r7, [sp], #4
 270 001c 7047     		bx	lr
 271              	.L18:
 272 001e 00BF     		.align	2
 273              	.L17:
 274 0020 00E400E0 		.word	-536812544
 275              		.cfi_endproc
 276              	.LFE6:
 277              		.size	isr_1_SetPriority, .-isr_1_SetPriority
 278              		.section	.text.isr_1_GetPriority,"ax",%progbits
 279              		.align	2
 280              		.global	isr_1_GetPriority
 281              		.thumb
 282              		.thumb_func
 283              		.type	isr_1_GetPriority, %function
 284              	isr_1_GetPriority:
 285              	.LFB7:
 223:.\Generated_Source\PSoC5/isr_1.c **** 
 224:.\Generated_Source\PSoC5/isr_1.c **** 
 225:.\Generated_Source\PSoC5/isr_1.c **** /*******************************************************************************
 226:.\Generated_Source\PSoC5/isr_1.c **** * Function Name: isr_1_GetPriority
 227:.\Generated_Source\PSoC5/isr_1.c **** ********************************************************************************
 228:.\Generated_Source\PSoC5/isr_1.c **** *
ARM GAS  C:\Users\Eric\AppData\Local\Temp\ccK0ZDf1.s 			page 10


 229:.\Generated_Source\PSoC5/isr_1.c **** * Summary:
 230:.\Generated_Source\PSoC5/isr_1.c **** *   Gets the Priority of the Interrupt.
 231:.\Generated_Source\PSoC5/isr_1.c **** *
 232:.\Generated_Source\PSoC5/isr_1.c **** * Parameters:
 233:.\Generated_Source\PSoC5/isr_1.c **** *   None
 234:.\Generated_Source\PSoC5/isr_1.c **** *
 235:.\Generated_Source\PSoC5/isr_1.c **** * Return:
 236:.\Generated_Source\PSoC5/isr_1.c **** *   Priority of the interrupt. 0 - 7, 0 being the highest.
 237:.\Generated_Source\PSoC5/isr_1.c **** *
 238:.\Generated_Source\PSoC5/isr_1.c **** *******************************************************************************/
 239:.\Generated_Source\PSoC5/isr_1.c **** uint8 isr_1_GetPriority(void)
 240:.\Generated_Source\PSoC5/isr_1.c **** {
 286              		.loc 1 240 0
 287              		.cfi_startproc
 288              		@ args = 0, pretend = 0, frame = 8
 289              		@ frame_needed = 1, uses_anonymous_args = 0
 290              		@ link register save eliminated.
 291 0000 80B4     		push	{r7}
 292              		.cfi_def_cfa_offset 4
 293              		.cfi_offset 7, -4
 294 0002 83B0     		sub	sp, sp, #12
 295              		.cfi_def_cfa_offset 16
 296 0004 00AF     		add	r7, sp, #0
 297              		.cfi_def_cfa_register 7
 241:.\Generated_Source\PSoC5/isr_1.c ****     uint8 priority;
 242:.\Generated_Source\PSoC5/isr_1.c **** 
 243:.\Generated_Source\PSoC5/isr_1.c **** 
 244:.\Generated_Source\PSoC5/isr_1.c ****     priority = *isr_1_INTC_PRIOR >> 5;
 298              		.loc 1 244 0
 299 0006 064B     		ldr	r3, .L21
 300 0008 1B78     		ldrb	r3, [r3]
 301 000a DBB2     		uxtb	r3, r3
 302 000c 5B09     		lsrs	r3, r3, #5
 303 000e FB71     		strb	r3, [r7, #7]
 245:.\Generated_Source\PSoC5/isr_1.c **** 
 246:.\Generated_Source\PSoC5/isr_1.c ****     return priority;
 304              		.loc 1 246 0
 305 0010 FB79     		ldrb	r3, [r7, #7]	@ zero_extendqisi2
 247:.\Generated_Source\PSoC5/isr_1.c **** }
 306              		.loc 1 247 0
 307 0012 1846     		mov	r0, r3
 308 0014 0C37     		adds	r7, r7, #12
 309 0016 BD46     		mov	sp, r7
 310              		@ sp needed
 311 0018 5DF8047B 		ldr	r7, [sp], #4
 312 001c 7047     		bx	lr
 313              	.L22:
 314 001e 00BF     		.align	2
 315              	.L21:
 316 0020 00E400E0 		.word	-536812544
 317              		.cfi_endproc
 318              	.LFE7:
 319              		.size	isr_1_GetPriority, .-isr_1_GetPriority
 320              		.section	.text.isr_1_Enable,"ax",%progbits
 321              		.align	2
 322              		.global	isr_1_Enable
 323              		.thumb
ARM GAS  C:\Users\Eric\AppData\Local\Temp\ccK0ZDf1.s 			page 11


 324              		.thumb_func
 325              		.type	isr_1_Enable, %function
 326              	isr_1_Enable:
 327              	.LFB8:
 248:.\Generated_Source\PSoC5/isr_1.c **** 
 249:.\Generated_Source\PSoC5/isr_1.c **** 
 250:.\Generated_Source\PSoC5/isr_1.c **** /*******************************************************************************
 251:.\Generated_Source\PSoC5/isr_1.c **** * Function Name: isr_1_Enable
 252:.\Generated_Source\PSoC5/isr_1.c **** ********************************************************************************
 253:.\Generated_Source\PSoC5/isr_1.c **** *
 254:.\Generated_Source\PSoC5/isr_1.c **** * Summary:
 255:.\Generated_Source\PSoC5/isr_1.c **** *   Enables the interrupt.
 256:.\Generated_Source\PSoC5/isr_1.c **** *
 257:.\Generated_Source\PSoC5/isr_1.c **** * Parameters:
 258:.\Generated_Source\PSoC5/isr_1.c **** *   None
 259:.\Generated_Source\PSoC5/isr_1.c **** *
 260:.\Generated_Source\PSoC5/isr_1.c **** * Return:
 261:.\Generated_Source\PSoC5/isr_1.c **** *   None
 262:.\Generated_Source\PSoC5/isr_1.c **** *
 263:.\Generated_Source\PSoC5/isr_1.c **** *******************************************************************************/
 264:.\Generated_Source\PSoC5/isr_1.c **** void isr_1_Enable(void)
 265:.\Generated_Source\PSoC5/isr_1.c **** {
 328              		.loc 1 265 0
 329              		.cfi_startproc
 330              		@ args = 0, pretend = 0, frame = 0
 331              		@ frame_needed = 1, uses_anonymous_args = 0
 332              		@ link register save eliminated.
 333 0000 80B4     		push	{r7}
 334              		.cfi_def_cfa_offset 4
 335              		.cfi_offset 7, -4
 336 0002 00AF     		add	r7, sp, #0
 337              		.cfi_def_cfa_register 7
 266:.\Generated_Source\PSoC5/isr_1.c ****     /* Enable the general interrupt. */
 267:.\Generated_Source\PSoC5/isr_1.c ****     *isr_1_INTC_SET_EN = isr_1__INTC_MASK;
 338              		.loc 1 267 0
 339 0004 034B     		ldr	r3, .L24
 340 0006 0122     		movs	r2, #1
 341 0008 1A60     		str	r2, [r3]
 268:.\Generated_Source\PSoC5/isr_1.c **** }
 342              		.loc 1 268 0
 343 000a BD46     		mov	sp, r7
 344              		@ sp needed
 345 000c 5DF8047B 		ldr	r7, [sp], #4
 346 0010 7047     		bx	lr
 347              	.L25:
 348 0012 00BF     		.align	2
 349              	.L24:
 350 0014 00E100E0 		.word	-536813312
 351              		.cfi_endproc
 352              	.LFE8:
 353              		.size	isr_1_Enable, .-isr_1_Enable
 354              		.section	.text.isr_1_GetState,"ax",%progbits
 355              		.align	2
 356              		.global	isr_1_GetState
 357              		.thumb
 358              		.thumb_func
 359              		.type	isr_1_GetState, %function
ARM GAS  C:\Users\Eric\AppData\Local\Temp\ccK0ZDf1.s 			page 12


 360              	isr_1_GetState:
 361              	.LFB9:
 269:.\Generated_Source\PSoC5/isr_1.c **** 
 270:.\Generated_Source\PSoC5/isr_1.c **** 
 271:.\Generated_Source\PSoC5/isr_1.c **** /*******************************************************************************
 272:.\Generated_Source\PSoC5/isr_1.c **** * Function Name: isr_1_GetState
 273:.\Generated_Source\PSoC5/isr_1.c **** ********************************************************************************
 274:.\Generated_Source\PSoC5/isr_1.c **** *
 275:.\Generated_Source\PSoC5/isr_1.c **** * Summary:
 276:.\Generated_Source\PSoC5/isr_1.c **** *   Gets the state (enabled, disabled) of the Interrupt.
 277:.\Generated_Source\PSoC5/isr_1.c **** *
 278:.\Generated_Source\PSoC5/isr_1.c **** * Parameters:
 279:.\Generated_Source\PSoC5/isr_1.c **** *   None
 280:.\Generated_Source\PSoC5/isr_1.c **** *
 281:.\Generated_Source\PSoC5/isr_1.c **** * Return:
 282:.\Generated_Source\PSoC5/isr_1.c **** *   1 if enabled, 0 if disabled.
 283:.\Generated_Source\PSoC5/isr_1.c **** *
 284:.\Generated_Source\PSoC5/isr_1.c **** *******************************************************************************/
 285:.\Generated_Source\PSoC5/isr_1.c **** uint8 isr_1_GetState(void)
 286:.\Generated_Source\PSoC5/isr_1.c **** {
 362              		.loc 1 286 0
 363              		.cfi_startproc
 364              		@ args = 0, pretend = 0, frame = 0
 365              		@ frame_needed = 1, uses_anonymous_args = 0
 366              		@ link register save eliminated.
 367 0000 80B4     		push	{r7}
 368              		.cfi_def_cfa_offset 4
 369              		.cfi_offset 7, -4
 370 0002 00AF     		add	r7, sp, #0
 371              		.cfi_def_cfa_register 7
 287:.\Generated_Source\PSoC5/isr_1.c ****     /* Get the state of the general interrupt. */
 288:.\Generated_Source\PSoC5/isr_1.c ****     return ((*isr_1_INTC_SET_EN & (uint32)isr_1__INTC_MASK) != 0u) ? 1u:0u;
 372              		.loc 1 288 0
 373 0004 054B     		ldr	r3, .L28
 374 0006 1B68     		ldr	r3, [r3]
 375 0008 DBB2     		uxtb	r3, r3
 376 000a 03F00103 		and	r3, r3, #1
 377 000e DBB2     		uxtb	r3, r3
 289:.\Generated_Source\PSoC5/isr_1.c **** }
 378              		.loc 1 289 0
 379 0010 1846     		mov	r0, r3
 380 0012 BD46     		mov	sp, r7
 381              		@ sp needed
 382 0014 5DF8047B 		ldr	r7, [sp], #4
 383 0018 7047     		bx	lr
 384              	.L29:
 385 001a 00BF     		.align	2
 386              	.L28:
 387 001c 00E100E0 		.word	-536813312
 388              		.cfi_endproc
 389              	.LFE9:
 390              		.size	isr_1_GetState, .-isr_1_GetState
 391              		.section	.text.isr_1_Disable,"ax",%progbits
 392              		.align	2
 393              		.global	isr_1_Disable
 394              		.thumb
 395              		.thumb_func
ARM GAS  C:\Users\Eric\AppData\Local\Temp\ccK0ZDf1.s 			page 13


 396              		.type	isr_1_Disable, %function
 397              	isr_1_Disable:
 398              	.LFB10:
 290:.\Generated_Source\PSoC5/isr_1.c **** 
 291:.\Generated_Source\PSoC5/isr_1.c **** 
 292:.\Generated_Source\PSoC5/isr_1.c **** /*******************************************************************************
 293:.\Generated_Source\PSoC5/isr_1.c **** * Function Name: isr_1_Disable
 294:.\Generated_Source\PSoC5/isr_1.c **** ********************************************************************************
 295:.\Generated_Source\PSoC5/isr_1.c **** *
 296:.\Generated_Source\PSoC5/isr_1.c **** * Summary:
 297:.\Generated_Source\PSoC5/isr_1.c **** *   Disables the Interrupt.
 298:.\Generated_Source\PSoC5/isr_1.c **** *
 299:.\Generated_Source\PSoC5/isr_1.c **** * Parameters:
 300:.\Generated_Source\PSoC5/isr_1.c **** *   None
 301:.\Generated_Source\PSoC5/isr_1.c **** *
 302:.\Generated_Source\PSoC5/isr_1.c **** * Return:
 303:.\Generated_Source\PSoC5/isr_1.c **** *   None
 304:.\Generated_Source\PSoC5/isr_1.c **** *
 305:.\Generated_Source\PSoC5/isr_1.c **** *******************************************************************************/
 306:.\Generated_Source\PSoC5/isr_1.c **** void isr_1_Disable(void)
 307:.\Generated_Source\PSoC5/isr_1.c **** {
 399              		.loc 1 307 0
 400              		.cfi_startproc
 401              		@ args = 0, pretend = 0, frame = 0
 402              		@ frame_needed = 1, uses_anonymous_args = 0
 403              		@ link register save eliminated.
 404 0000 80B4     		push	{r7}
 405              		.cfi_def_cfa_offset 4
 406              		.cfi_offset 7, -4
 407 0002 00AF     		add	r7, sp, #0
 408              		.cfi_def_cfa_register 7
 308:.\Generated_Source\PSoC5/isr_1.c ****     /* Disable the general interrupt. */
 309:.\Generated_Source\PSoC5/isr_1.c ****     *isr_1_INTC_CLR_EN = isr_1__INTC_MASK;
 409              		.loc 1 309 0
 410 0004 034B     		ldr	r3, .L31
 411 0006 0122     		movs	r2, #1
 412 0008 1A60     		str	r2, [r3]
 310:.\Generated_Source\PSoC5/isr_1.c **** }
 413              		.loc 1 310 0
 414 000a BD46     		mov	sp, r7
 415              		@ sp needed
 416 000c 5DF8047B 		ldr	r7, [sp], #4
 417 0010 7047     		bx	lr
 418              	.L32:
 419 0012 00BF     		.align	2
 420              	.L31:
 421 0014 80E100E0 		.word	-536813184
 422              		.cfi_endproc
 423              	.LFE10:
 424              		.size	isr_1_Disable, .-isr_1_Disable
 425              		.section	.text.isr_1_SetPending,"ax",%progbits
 426              		.align	2
 427              		.global	isr_1_SetPending
 428              		.thumb
 429              		.thumb_func
 430              		.type	isr_1_SetPending, %function
 431              	isr_1_SetPending:
ARM GAS  C:\Users\Eric\AppData\Local\Temp\ccK0ZDf1.s 			page 14


 432              	.LFB11:
 311:.\Generated_Source\PSoC5/isr_1.c **** 
 312:.\Generated_Source\PSoC5/isr_1.c **** 
 313:.\Generated_Source\PSoC5/isr_1.c **** /*******************************************************************************
 314:.\Generated_Source\PSoC5/isr_1.c **** * Function Name: isr_1_SetPending
 315:.\Generated_Source\PSoC5/isr_1.c **** ********************************************************************************
 316:.\Generated_Source\PSoC5/isr_1.c **** *
 317:.\Generated_Source\PSoC5/isr_1.c **** * Summary:
 318:.\Generated_Source\PSoC5/isr_1.c **** *   Causes the Interrupt to enter the pending state, a software method of
 319:.\Generated_Source\PSoC5/isr_1.c **** *   generating the interrupt.
 320:.\Generated_Source\PSoC5/isr_1.c **** *
 321:.\Generated_Source\PSoC5/isr_1.c **** * Parameters:
 322:.\Generated_Source\PSoC5/isr_1.c **** *   None
 323:.\Generated_Source\PSoC5/isr_1.c **** *
 324:.\Generated_Source\PSoC5/isr_1.c **** * Return:
 325:.\Generated_Source\PSoC5/isr_1.c **** *   None
 326:.\Generated_Source\PSoC5/isr_1.c **** *
 327:.\Generated_Source\PSoC5/isr_1.c **** *******************************************************************************/
 328:.\Generated_Source\PSoC5/isr_1.c **** void isr_1_SetPending(void)
 329:.\Generated_Source\PSoC5/isr_1.c **** {
 433              		.loc 1 329 0
 434              		.cfi_startproc
 435              		@ args = 0, pretend = 0, frame = 0
 436              		@ frame_needed = 1, uses_anonymous_args = 0
 437              		@ link register save eliminated.
 438 0000 80B4     		push	{r7}
 439              		.cfi_def_cfa_offset 4
 440              		.cfi_offset 7, -4
 441 0002 00AF     		add	r7, sp, #0
 442              		.cfi_def_cfa_register 7
 330:.\Generated_Source\PSoC5/isr_1.c ****     *isr_1_INTC_SET_PD = isr_1__INTC_MASK;
 443              		.loc 1 330 0
 444 0004 034B     		ldr	r3, .L34
 445 0006 0122     		movs	r2, #1
 446 0008 1A60     		str	r2, [r3]
 331:.\Generated_Source\PSoC5/isr_1.c **** }
 447              		.loc 1 331 0
 448 000a BD46     		mov	sp, r7
 449              		@ sp needed
 450 000c 5DF8047B 		ldr	r7, [sp], #4
 451 0010 7047     		bx	lr
 452              	.L35:
 453 0012 00BF     		.align	2
 454              	.L34:
 455 0014 00E200E0 		.word	-536813056
 456              		.cfi_endproc
 457              	.LFE11:
 458              		.size	isr_1_SetPending, .-isr_1_SetPending
 459              		.section	.text.isr_1_ClearPending,"ax",%progbits
 460              		.align	2
 461              		.global	isr_1_ClearPending
 462              		.thumb
 463              		.thumb_func
 464              		.type	isr_1_ClearPending, %function
 465              	isr_1_ClearPending:
 466              	.LFB12:
 332:.\Generated_Source\PSoC5/isr_1.c **** 
ARM GAS  C:\Users\Eric\AppData\Local\Temp\ccK0ZDf1.s 			page 15


 333:.\Generated_Source\PSoC5/isr_1.c **** 
 334:.\Generated_Source\PSoC5/isr_1.c **** /*******************************************************************************
 335:.\Generated_Source\PSoC5/isr_1.c **** * Function Name: isr_1_ClearPending
 336:.\Generated_Source\PSoC5/isr_1.c **** ********************************************************************************
 337:.\Generated_Source\PSoC5/isr_1.c **** *
 338:.\Generated_Source\PSoC5/isr_1.c **** * Summary:
 339:.\Generated_Source\PSoC5/isr_1.c **** *   Clears a pending interrupt.
 340:.\Generated_Source\PSoC5/isr_1.c **** *
 341:.\Generated_Source\PSoC5/isr_1.c **** * Parameters:
 342:.\Generated_Source\PSoC5/isr_1.c **** *   None
 343:.\Generated_Source\PSoC5/isr_1.c **** *
 344:.\Generated_Source\PSoC5/isr_1.c **** * Return:
 345:.\Generated_Source\PSoC5/isr_1.c **** *   None
 346:.\Generated_Source\PSoC5/isr_1.c **** *
 347:.\Generated_Source\PSoC5/isr_1.c **** *******************************************************************************/
 348:.\Generated_Source\PSoC5/isr_1.c **** void isr_1_ClearPending(void)
 349:.\Generated_Source\PSoC5/isr_1.c **** {
 467              		.loc 1 349 0
 468              		.cfi_startproc
 469              		@ args = 0, pretend = 0, frame = 0
 470              		@ frame_needed = 1, uses_anonymous_args = 0
 471              		@ link register save eliminated.
 472 0000 80B4     		push	{r7}
 473              		.cfi_def_cfa_offset 4
 474              		.cfi_offset 7, -4
 475 0002 00AF     		add	r7, sp, #0
 476              		.cfi_def_cfa_register 7
 350:.\Generated_Source\PSoC5/isr_1.c ****     *isr_1_INTC_CLR_PD = isr_1__INTC_MASK;
 477              		.loc 1 350 0
 478 0004 034B     		ldr	r3, .L37
 479 0006 0122     		movs	r2, #1
 480 0008 1A60     		str	r2, [r3]
 351:.\Generated_Source\PSoC5/isr_1.c **** }
 481              		.loc 1 351 0
 482 000a BD46     		mov	sp, r7
 483              		@ sp needed
 484 000c 5DF8047B 		ldr	r7, [sp], #4
 485 0010 7047     		bx	lr
 486              	.L38:
 487 0012 00BF     		.align	2
 488              	.L37:
 489 0014 80E200E0 		.word	-536812928
 490              		.cfi_endproc
 491              	.LFE12:
 492              		.size	isr_1_ClearPending, .-isr_1_ClearPending
 493              		.text
 494              	.Letext0:
 495              		.file 2 ".\\Generated_Source\\PSoC5/cytypes.h"
 496              		.section	.debug_info,"",%progbits
 497              	.Ldebug_info0:
 498 0000 30020000 		.4byte	0x230
 499 0004 0400     		.2byte	0x4
 500 0006 00000000 		.4byte	.Ldebug_abbrev0
 501 000a 04       		.byte	0x4
 502 000b 01       		.uleb128 0x1
 503 000c 37010000 		.4byte	.LASF33
 504 0010 01       		.byte	0x1
ARM GAS  C:\Users\Eric\AppData\Local\Temp\ccK0ZDf1.s 			page 16


 505 0011 39000000 		.4byte	.LASF34
 506 0015 38020000 		.4byte	.LASF35
 507 0019 00000000 		.4byte	.Ldebug_ranges0+0
 508 001d 00000000 		.4byte	0
 509 0021 00000000 		.4byte	.Ldebug_line0
 510 0025 02       		.uleb128 0x2
 511 0026 04       		.byte	0x4
 512 0027 05       		.byte	0x5
 513 0028 696E7400 		.ascii	"int\000"
 514 002c 03       		.uleb128 0x3
 515 002d 04       		.byte	0x4
 516 002e 07       		.byte	0x7
 517 002f FE000000 		.4byte	.LASF0
 518 0033 03       		.uleb128 0x3
 519 0034 01       		.byte	0x1
 520 0035 06       		.byte	0x6
 521 0036 1E020000 		.4byte	.LASF1
 522 003a 03       		.uleb128 0x3
 523 003b 01       		.byte	0x1
 524 003c 08       		.byte	0x8
 525 003d AA000000 		.4byte	.LASF2
 526 0041 03       		.uleb128 0x3
 527 0042 02       		.byte	0x2
 528 0043 05       		.byte	0x5
 529 0044 EB010000 		.4byte	.LASF3
 530 0048 03       		.uleb128 0x3
 531 0049 02       		.byte	0x2
 532 004a 07       		.byte	0x7
 533 004b 7F000000 		.4byte	.LASF4
 534 004f 03       		.uleb128 0x3
 535 0050 04       		.byte	0x4
 536 0051 05       		.byte	0x5
 537 0052 15020000 		.4byte	.LASF5
 538 0056 03       		.uleb128 0x3
 539 0057 04       		.byte	0x4
 540 0058 07       		.byte	0x7
 541 0059 BD000000 		.4byte	.LASF6
 542 005d 03       		.uleb128 0x3
 543 005e 08       		.byte	0x8
 544 005f 05       		.byte	0x5
 545 0060 BC010000 		.4byte	.LASF7
 546 0064 03       		.uleb128 0x3
 547 0065 08       		.byte	0x8
 548 0066 07       		.byte	0x7
 549 0067 13010000 		.4byte	.LASF8
 550 006b 03       		.uleb128 0x3
 551 006c 04       		.byte	0x4
 552 006d 07       		.byte	0x7
 553 006e B3010000 		.4byte	.LASF9
 554 0072 04       		.uleb128 0x4
 555 0073 04       		.byte	0x4
 556 0074 78000000 		.4byte	0x78
 557 0078 05       		.uleb128 0x5
 558 0079 03       		.uleb128 0x3
 559 007a 01       		.byte	0x1
 560 007b 08       		.byte	0x8
 561 007c D7010000 		.4byte	.LASF10
ARM GAS  C:\Users\Eric\AppData\Local\Temp\ccK0ZDf1.s 			page 17


 562 0080 06       		.uleb128 0x6
 563 0081 CF000000 		.4byte	.LASF11
 564 0085 02       		.byte	0x2
 565 0086 A1       		.byte	0xa1
 566 0087 3A000000 		.4byte	0x3a
 567 008b 06       		.uleb128 0x6
 568 008c F7000000 		.4byte	.LASF12
 569 0090 02       		.byte	0x2
 570 0091 A3       		.byte	0xa3
 571 0092 56000000 		.4byte	0x56
 572 0096 03       		.uleb128 0x3
 573 0097 04       		.byte	0x4
 574 0098 04       		.byte	0x4
 575 0099 A4000000 		.4byte	.LASF13
 576 009d 03       		.uleb128 0x3
 577 009e 08       		.byte	0x8
 578 009f 04       		.byte	0x4
 579 00a0 DE000000 		.4byte	.LASF14
 580 00a4 07       		.uleb128 0x7
 581 00a5 B8000000 		.4byte	.LASF15
 582 00a9 02       		.byte	0x2
 583 00aa 4B01     		.2byte	0x14b
 584 00ac B0000000 		.4byte	0xb0
 585 00b0 08       		.uleb128 0x8
 586 00b1 80000000 		.4byte	0x80
 587 00b5 07       		.uleb128 0x7
 588 00b6 13000000 		.4byte	.LASF16
 589 00ba 02       		.byte	0x2
 590 00bb 4D01     		.2byte	0x14d
 591 00bd C1000000 		.4byte	0xc1
 592 00c1 08       		.uleb128 0x8
 593 00c2 8B000000 		.4byte	0x8b
 594 00c6 07       		.uleb128 0x7
 595 00c7 2A010000 		.4byte	.LASF17
 596 00cb 02       		.byte	0x2
 597 00cc 5D01     		.2byte	0x15d
 598 00ce 72000000 		.4byte	0x72
 599 00d2 09       		.uleb128 0x9
 600 00d3 73000000 		.4byte	.LASF18
 601 00d7 01       		.byte	0x1
 602 00d8 39       		.byte	0x39
 603 00d9 00000000 		.4byte	.LFB0
 604 00dd 20000000 		.4byte	.LFE0-.LFB0
 605 00e1 01       		.uleb128 0x1
 606 00e2 9C       		.byte	0x9c
 607 00e3 0A       		.uleb128 0xa
 608 00e4 2A020000 		.4byte	.LASF21
 609 00e8 01       		.byte	0x1
 610 00e9 57       		.byte	0x57
 611 00ea 00000000 		.4byte	.LFB1
 612 00ee 22000000 		.4byte	.LFE1-.LFB1
 613 00f2 01       		.uleb128 0x1
 614 00f3 9C       		.byte	0x9c
 615 00f4 07010000 		.4byte	0x107
 616 00f8 0B       		.uleb128 0xb
 617 00f9 0B010000 		.4byte	.LASF23
 618 00fd 01       		.byte	0x1
ARM GAS  C:\Users\Eric\AppData\Local\Temp\ccK0ZDf1.s 			page 18


 619 00fe 57       		.byte	0x57
 620 00ff C6000000 		.4byte	0xc6
 621 0103 02       		.uleb128 0x2
 622 0104 91       		.byte	0x91
 623 0105 74       		.sleb128 -12
 624 0106 00       		.byte	0
 625 0107 09       		.uleb128 0x9
 626 0108 68000000 		.4byte	.LASF19
 627 010c 01       		.byte	0x1
 628 010d 74       		.byte	0x74
 629 010e 00000000 		.4byte	.LFB2
 630 0112 14000000 		.4byte	.LFE2-.LFB2
 631 0116 01       		.uleb128 0x1
 632 0117 9C       		.byte	0x9c
 633 0118 0C       		.uleb128 0xc
 634 0119 05020000 		.4byte	.LASF20
 635 011d 01       		.byte	0x1
 636 011e 8E       		.byte	0x8e
 637 011f 00000000 		.4byte	.LFB3
 638 0123 0C000000 		.4byte	.LFE3-.LFB3
 639 0127 01       		.uleb128 0x1
 640 0128 9C       		.byte	0x9c
 641 0129 0D       		.uleb128 0xd
 642 012a 7B020000 		.4byte	.LASF22
 643 012e 01       		.byte	0x1
 644 012f A7       		.byte	0xa7
 645 0130 00000000 		.4byte	.LFB4
 646 0134 24000000 		.4byte	.LFE4-.LFB4
 647 0138 01       		.uleb128 0x1
 648 0139 9C       		.byte	0x9c
 649 013a 5B010000 		.4byte	0x15b
 650 013e 0B       		.uleb128 0xb
 651 013f 0B010000 		.4byte	.LASF23
 652 0143 01       		.byte	0x1
 653 0144 A7       		.byte	0xa7
 654 0145 C6000000 		.4byte	0xc6
 655 0149 02       		.uleb128 0x2
 656 014a 91       		.byte	0x91
 657 014b 6C       		.sleb128 -20
 658 014c 0E       		.uleb128 0xe
 659 014d DC010000 		.4byte	.LASF24
 660 0151 01       		.byte	0x1
 661 0152 A9       		.byte	0xa9
 662 0153 5B010000 		.4byte	0x15b
 663 0157 02       		.uleb128 0x2
 664 0158 91       		.byte	0x91
 665 0159 74       		.sleb128 -12
 666 015a 00       		.byte	0
 667 015b 04       		.uleb128 0x4
 668 015c 04       		.byte	0x4
 669 015d C6000000 		.4byte	0xc6
 670 0161 0F       		.uleb128 0xf
 671 0162 F5010000 		.4byte	.LASF27
 672 0166 01       		.byte	0x1
 673 0167 BF       		.byte	0xbf
 674 0168 C6000000 		.4byte	0xc6
 675 016c 00000000 		.4byte	.LFB5
ARM GAS  C:\Users\Eric\AppData\Local\Temp\ccK0ZDf1.s 			page 19


 676 0170 20000000 		.4byte	.LFE5-.LFB5
 677 0174 01       		.uleb128 0x1
 678 0175 9C       		.byte	0x9c
 679 0176 89010000 		.4byte	0x189
 680 017a 0E       		.uleb128 0xe
 681 017b DC010000 		.4byte	.LASF24
 682 017f 01       		.byte	0x1
 683 0180 C1       		.byte	0xc1
 684 0181 5B010000 		.4byte	0x15b
 685 0185 02       		.uleb128 0x2
 686 0186 91       		.byte	0x91
 687 0187 74       		.sleb128 -12
 688 0188 00       		.byte	0
 689 0189 0D       		.uleb128 0xd
 690 018a E5000000 		.4byte	.LASF25
 691 018e 01       		.byte	0x1
 692 018f DB       		.byte	0xdb
 693 0190 00000000 		.4byte	.LFB6
 694 0194 24000000 		.4byte	.LFE6-.LFB6
 695 0198 01       		.uleb128 0x1
 696 0199 9C       		.byte	0x9c
 697 019a AD010000 		.4byte	0x1ad
 698 019e 0B       		.uleb128 0xb
 699 019f D5000000 		.4byte	.LASF26
 700 01a3 01       		.byte	0x1
 701 01a4 DB       		.byte	0xdb
 702 01a5 80000000 		.4byte	0x80
 703 01a9 02       		.uleb128 0x2
 704 01aa 91       		.byte	0x91
 705 01ab 77       		.sleb128 -9
 706 01ac 00       		.byte	0
 707 01ad 0F       		.uleb128 0xf
 708 01ae 92000000 		.4byte	.LASF28
 709 01b2 01       		.byte	0x1
 710 01b3 EF       		.byte	0xef
 711 01b4 80000000 		.4byte	0x80
 712 01b8 00000000 		.4byte	.LFB7
 713 01bc 24000000 		.4byte	.LFE7-.LFB7
 714 01c0 01       		.uleb128 0x1
 715 01c1 9C       		.byte	0x9c
 716 01c2 D5010000 		.4byte	0x1d5
 717 01c6 0E       		.uleb128 0xe
 718 01c7 D5000000 		.4byte	.LASF26
 719 01cb 01       		.byte	0x1
 720 01cc F1       		.byte	0xf1
 721 01cd 80000000 		.4byte	0x80
 722 01d1 02       		.uleb128 0x2
 723 01d2 91       		.byte	0x91
 724 01d3 77       		.sleb128 -9
 725 01d4 00       		.byte	0
 726 01d5 10       		.uleb128 0x10
 727 01d6 CA010000 		.4byte	.LASF29
 728 01da 01       		.byte	0x1
 729 01db 0801     		.2byte	0x108
 730 01dd 00000000 		.4byte	.LFB8
 731 01e1 18000000 		.4byte	.LFE8-.LFB8
 732 01e5 01       		.uleb128 0x1
ARM GAS  C:\Users\Eric\AppData\Local\Temp\ccK0ZDf1.s 			page 20


 733 01e6 9C       		.byte	0x9c
 734 01e7 11       		.uleb128 0x11
 735 01e8 2A000000 		.4byte	.LASF36
 736 01ec 01       		.byte	0x1
 737 01ed 1D01     		.2byte	0x11d
 738 01ef 80000000 		.4byte	0x80
 739 01f3 00000000 		.4byte	.LFB9
 740 01f7 20000000 		.4byte	.LFE9-.LFB9
 741 01fb 01       		.uleb128 0x1
 742 01fc 9C       		.byte	0x9c
 743 01fd 10       		.uleb128 0x10
 744 01fe 5A000000 		.4byte	.LASF30
 745 0202 01       		.byte	0x1
 746 0203 3201     		.2byte	0x132
 747 0205 00000000 		.4byte	.LFB10
 748 0209 18000000 		.4byte	.LFE10-.LFB10
 749 020d 01       		.uleb128 0x1
 750 020e 9C       		.byte	0x9c
 751 020f 10       		.uleb128 0x10
 752 0210 19000000 		.4byte	.LASF31
 753 0214 01       		.byte	0x1
 754 0215 4801     		.2byte	0x148
 755 0217 00000000 		.4byte	.LFB11
 756 021b 18000000 		.4byte	.LFE11-.LFB11
 757 021f 01       		.uleb128 0x1
 758 0220 9C       		.byte	0x9c
 759 0221 10       		.uleb128 0x10
 760 0222 00000000 		.4byte	.LASF32
 761 0226 01       		.byte	0x1
 762 0227 5C01     		.2byte	0x15c
 763 0229 00000000 		.4byte	.LFB12
 764 022d 18000000 		.4byte	.LFE12-.LFB12
 765 0231 01       		.uleb128 0x1
 766 0232 9C       		.byte	0x9c
 767 0233 00       		.byte	0
 768              		.section	.debug_abbrev,"",%progbits
 769              	.Ldebug_abbrev0:
 770 0000 01       		.uleb128 0x1
 771 0001 11       		.uleb128 0x11
 772 0002 01       		.byte	0x1
 773 0003 25       		.uleb128 0x25
 774 0004 0E       		.uleb128 0xe
 775 0005 13       		.uleb128 0x13
 776 0006 0B       		.uleb128 0xb
 777 0007 03       		.uleb128 0x3
 778 0008 0E       		.uleb128 0xe
 779 0009 1B       		.uleb128 0x1b
 780 000a 0E       		.uleb128 0xe
 781 000b 55       		.uleb128 0x55
 782 000c 17       		.uleb128 0x17
 783 000d 11       		.uleb128 0x11
 784 000e 01       		.uleb128 0x1
 785 000f 10       		.uleb128 0x10
 786 0010 17       		.uleb128 0x17
 787 0011 00       		.byte	0
 788 0012 00       		.byte	0
 789 0013 02       		.uleb128 0x2
ARM GAS  C:\Users\Eric\AppData\Local\Temp\ccK0ZDf1.s 			page 21


 790 0014 24       		.uleb128 0x24
 791 0015 00       		.byte	0
 792 0016 0B       		.uleb128 0xb
 793 0017 0B       		.uleb128 0xb
 794 0018 3E       		.uleb128 0x3e
 795 0019 0B       		.uleb128 0xb
 796 001a 03       		.uleb128 0x3
 797 001b 08       		.uleb128 0x8
 798 001c 00       		.byte	0
 799 001d 00       		.byte	0
 800 001e 03       		.uleb128 0x3
 801 001f 24       		.uleb128 0x24
 802 0020 00       		.byte	0
 803 0021 0B       		.uleb128 0xb
 804 0022 0B       		.uleb128 0xb
 805 0023 3E       		.uleb128 0x3e
 806 0024 0B       		.uleb128 0xb
 807 0025 03       		.uleb128 0x3
 808 0026 0E       		.uleb128 0xe
 809 0027 00       		.byte	0
 810 0028 00       		.byte	0
 811 0029 04       		.uleb128 0x4
 812 002a 0F       		.uleb128 0xf
 813 002b 00       		.byte	0
 814 002c 0B       		.uleb128 0xb
 815 002d 0B       		.uleb128 0xb
 816 002e 49       		.uleb128 0x49
 817 002f 13       		.uleb128 0x13
 818 0030 00       		.byte	0
 819 0031 00       		.byte	0
 820 0032 05       		.uleb128 0x5
 821 0033 15       		.uleb128 0x15
 822 0034 00       		.byte	0
 823 0035 27       		.uleb128 0x27
 824 0036 19       		.uleb128 0x19
 825 0037 00       		.byte	0
 826 0038 00       		.byte	0
 827 0039 06       		.uleb128 0x6
 828 003a 16       		.uleb128 0x16
 829 003b 00       		.byte	0
 830 003c 03       		.uleb128 0x3
 831 003d 0E       		.uleb128 0xe
 832 003e 3A       		.uleb128 0x3a
 833 003f 0B       		.uleb128 0xb
 834 0040 3B       		.uleb128 0x3b
 835 0041 0B       		.uleb128 0xb
 836 0042 49       		.uleb128 0x49
 837 0043 13       		.uleb128 0x13
 838 0044 00       		.byte	0
 839 0045 00       		.byte	0
 840 0046 07       		.uleb128 0x7
 841 0047 16       		.uleb128 0x16
 842 0048 00       		.byte	0
 843 0049 03       		.uleb128 0x3
 844 004a 0E       		.uleb128 0xe
 845 004b 3A       		.uleb128 0x3a
 846 004c 0B       		.uleb128 0xb
ARM GAS  C:\Users\Eric\AppData\Local\Temp\ccK0ZDf1.s 			page 22


 847 004d 3B       		.uleb128 0x3b
 848 004e 05       		.uleb128 0x5
 849 004f 49       		.uleb128 0x49
 850 0050 13       		.uleb128 0x13
 851 0051 00       		.byte	0
 852 0052 00       		.byte	0
 853 0053 08       		.uleb128 0x8
 854 0054 35       		.uleb128 0x35
 855 0055 00       		.byte	0
 856 0056 49       		.uleb128 0x49
 857 0057 13       		.uleb128 0x13
 858 0058 00       		.byte	0
 859 0059 00       		.byte	0
 860 005a 09       		.uleb128 0x9
 861 005b 2E       		.uleb128 0x2e
 862 005c 00       		.byte	0
 863 005d 3F       		.uleb128 0x3f
 864 005e 19       		.uleb128 0x19
 865 005f 03       		.uleb128 0x3
 866 0060 0E       		.uleb128 0xe
 867 0061 3A       		.uleb128 0x3a
 868 0062 0B       		.uleb128 0xb
 869 0063 3B       		.uleb128 0x3b
 870 0064 0B       		.uleb128 0xb
 871 0065 27       		.uleb128 0x27
 872 0066 19       		.uleb128 0x19
 873 0067 11       		.uleb128 0x11
 874 0068 01       		.uleb128 0x1
 875 0069 12       		.uleb128 0x12
 876 006a 06       		.uleb128 0x6
 877 006b 40       		.uleb128 0x40
 878 006c 18       		.uleb128 0x18
 879 006d 9642     		.uleb128 0x2116
 880 006f 19       		.uleb128 0x19
 881 0070 00       		.byte	0
 882 0071 00       		.byte	0
 883 0072 0A       		.uleb128 0xa
 884 0073 2E       		.uleb128 0x2e
 885 0074 01       		.byte	0x1
 886 0075 3F       		.uleb128 0x3f
 887 0076 19       		.uleb128 0x19
 888 0077 03       		.uleb128 0x3
 889 0078 0E       		.uleb128 0xe
 890 0079 3A       		.uleb128 0x3a
 891 007a 0B       		.uleb128 0xb
 892 007b 3B       		.uleb128 0x3b
 893 007c 0B       		.uleb128 0xb
 894 007d 27       		.uleb128 0x27
 895 007e 19       		.uleb128 0x19
 896 007f 11       		.uleb128 0x11
 897 0080 01       		.uleb128 0x1
 898 0081 12       		.uleb128 0x12
 899 0082 06       		.uleb128 0x6
 900 0083 40       		.uleb128 0x40
 901 0084 18       		.uleb128 0x18
 902 0085 9642     		.uleb128 0x2116
 903 0087 19       		.uleb128 0x19
ARM GAS  C:\Users\Eric\AppData\Local\Temp\ccK0ZDf1.s 			page 23


 904 0088 01       		.uleb128 0x1
 905 0089 13       		.uleb128 0x13
 906 008a 00       		.byte	0
 907 008b 00       		.byte	0
 908 008c 0B       		.uleb128 0xb
 909 008d 05       		.uleb128 0x5
 910 008e 00       		.byte	0
 911 008f 03       		.uleb128 0x3
 912 0090 0E       		.uleb128 0xe
 913 0091 3A       		.uleb128 0x3a
 914 0092 0B       		.uleb128 0xb
 915 0093 3B       		.uleb128 0x3b
 916 0094 0B       		.uleb128 0xb
 917 0095 49       		.uleb128 0x49
 918 0096 13       		.uleb128 0x13
 919 0097 02       		.uleb128 0x2
 920 0098 18       		.uleb128 0x18
 921 0099 00       		.byte	0
 922 009a 00       		.byte	0
 923 009b 0C       		.uleb128 0xc
 924 009c 2E       		.uleb128 0x2e
 925 009d 00       		.byte	0
 926 009e 3F       		.uleb128 0x3f
 927 009f 19       		.uleb128 0x19
 928 00a0 03       		.uleb128 0x3
 929 00a1 0E       		.uleb128 0xe
 930 00a2 3A       		.uleb128 0x3a
 931 00a3 0B       		.uleb128 0xb
 932 00a4 3B       		.uleb128 0x3b
 933 00a5 0B       		.uleb128 0xb
 934 00a6 27       		.uleb128 0x27
 935 00a7 19       		.uleb128 0x19
 936 00a8 11       		.uleb128 0x11
 937 00a9 01       		.uleb128 0x1
 938 00aa 12       		.uleb128 0x12
 939 00ab 06       		.uleb128 0x6
 940 00ac 40       		.uleb128 0x40
 941 00ad 18       		.uleb128 0x18
 942 00ae 9742     		.uleb128 0x2117
 943 00b0 19       		.uleb128 0x19
 944 00b1 00       		.byte	0
 945 00b2 00       		.byte	0
 946 00b3 0D       		.uleb128 0xd
 947 00b4 2E       		.uleb128 0x2e
 948 00b5 01       		.byte	0x1
 949 00b6 3F       		.uleb128 0x3f
 950 00b7 19       		.uleb128 0x19
 951 00b8 03       		.uleb128 0x3
 952 00b9 0E       		.uleb128 0xe
 953 00ba 3A       		.uleb128 0x3a
 954 00bb 0B       		.uleb128 0xb
 955 00bc 3B       		.uleb128 0x3b
 956 00bd 0B       		.uleb128 0xb
 957 00be 27       		.uleb128 0x27
 958 00bf 19       		.uleb128 0x19
 959 00c0 11       		.uleb128 0x11
 960 00c1 01       		.uleb128 0x1
ARM GAS  C:\Users\Eric\AppData\Local\Temp\ccK0ZDf1.s 			page 24


 961 00c2 12       		.uleb128 0x12
 962 00c3 06       		.uleb128 0x6
 963 00c4 40       		.uleb128 0x40
 964 00c5 18       		.uleb128 0x18
 965 00c6 9742     		.uleb128 0x2117
 966 00c8 19       		.uleb128 0x19
 967 00c9 01       		.uleb128 0x1
 968 00ca 13       		.uleb128 0x13
 969 00cb 00       		.byte	0
 970 00cc 00       		.byte	0
 971 00cd 0E       		.uleb128 0xe
 972 00ce 34       		.uleb128 0x34
 973 00cf 00       		.byte	0
 974 00d0 03       		.uleb128 0x3
 975 00d1 0E       		.uleb128 0xe
 976 00d2 3A       		.uleb128 0x3a
 977 00d3 0B       		.uleb128 0xb
 978 00d4 3B       		.uleb128 0x3b
 979 00d5 0B       		.uleb128 0xb
 980 00d6 49       		.uleb128 0x49
 981 00d7 13       		.uleb128 0x13
 982 00d8 02       		.uleb128 0x2
 983 00d9 18       		.uleb128 0x18
 984 00da 00       		.byte	0
 985 00db 00       		.byte	0
 986 00dc 0F       		.uleb128 0xf
 987 00dd 2E       		.uleb128 0x2e
 988 00de 01       		.byte	0x1
 989 00df 3F       		.uleb128 0x3f
 990 00e0 19       		.uleb128 0x19
 991 00e1 03       		.uleb128 0x3
 992 00e2 0E       		.uleb128 0xe
 993 00e3 3A       		.uleb128 0x3a
 994 00e4 0B       		.uleb128 0xb
 995 00e5 3B       		.uleb128 0x3b
 996 00e6 0B       		.uleb128 0xb
 997 00e7 27       		.uleb128 0x27
 998 00e8 19       		.uleb128 0x19
 999 00e9 49       		.uleb128 0x49
 1000 00ea 13       		.uleb128 0x13
 1001 00eb 11       		.uleb128 0x11
 1002 00ec 01       		.uleb128 0x1
 1003 00ed 12       		.uleb128 0x12
 1004 00ee 06       		.uleb128 0x6
 1005 00ef 40       		.uleb128 0x40
 1006 00f0 18       		.uleb128 0x18
 1007 00f1 9742     		.uleb128 0x2117
 1008 00f3 19       		.uleb128 0x19
 1009 00f4 01       		.uleb128 0x1
 1010 00f5 13       		.uleb128 0x13
 1011 00f6 00       		.byte	0
 1012 00f7 00       		.byte	0
 1013 00f8 10       		.uleb128 0x10
 1014 00f9 2E       		.uleb128 0x2e
 1015 00fa 00       		.byte	0
 1016 00fb 3F       		.uleb128 0x3f
 1017 00fc 19       		.uleb128 0x19
ARM GAS  C:\Users\Eric\AppData\Local\Temp\ccK0ZDf1.s 			page 25


 1018 00fd 03       		.uleb128 0x3
 1019 00fe 0E       		.uleb128 0xe
 1020 00ff 3A       		.uleb128 0x3a
 1021 0100 0B       		.uleb128 0xb
 1022 0101 3B       		.uleb128 0x3b
 1023 0102 05       		.uleb128 0x5
 1024 0103 27       		.uleb128 0x27
 1025 0104 19       		.uleb128 0x19
 1026 0105 11       		.uleb128 0x11
 1027 0106 01       		.uleb128 0x1
 1028 0107 12       		.uleb128 0x12
 1029 0108 06       		.uleb128 0x6
 1030 0109 40       		.uleb128 0x40
 1031 010a 18       		.uleb128 0x18
 1032 010b 9742     		.uleb128 0x2117
 1033 010d 19       		.uleb128 0x19
 1034 010e 00       		.byte	0
 1035 010f 00       		.byte	0
 1036 0110 11       		.uleb128 0x11
 1037 0111 2E       		.uleb128 0x2e
 1038 0112 00       		.byte	0
 1039 0113 3F       		.uleb128 0x3f
 1040 0114 19       		.uleb128 0x19
 1041 0115 03       		.uleb128 0x3
 1042 0116 0E       		.uleb128 0xe
 1043 0117 3A       		.uleb128 0x3a
 1044 0118 0B       		.uleb128 0xb
 1045 0119 3B       		.uleb128 0x3b
 1046 011a 05       		.uleb128 0x5
 1047 011b 27       		.uleb128 0x27
 1048 011c 19       		.uleb128 0x19
 1049 011d 49       		.uleb128 0x49
 1050 011e 13       		.uleb128 0x13
 1051 011f 11       		.uleb128 0x11
 1052 0120 01       		.uleb128 0x1
 1053 0121 12       		.uleb128 0x12
 1054 0122 06       		.uleb128 0x6
 1055 0123 40       		.uleb128 0x40
 1056 0124 18       		.uleb128 0x18
 1057 0125 9742     		.uleb128 0x2117
 1058 0127 19       		.uleb128 0x19
 1059 0128 00       		.byte	0
 1060 0129 00       		.byte	0
 1061 012a 00       		.byte	0
 1062              		.section	.debug_aranges,"",%progbits
 1063 0000 7C000000 		.4byte	0x7c
 1064 0004 0200     		.2byte	0x2
 1065 0006 00000000 		.4byte	.Ldebug_info0
 1066 000a 04       		.byte	0x4
 1067 000b 00       		.byte	0
 1068 000c 0000     		.2byte	0
 1069 000e 0000     		.2byte	0
 1070 0010 00000000 		.4byte	.LFB0
 1071 0014 20000000 		.4byte	.LFE0-.LFB0
 1072 0018 00000000 		.4byte	.LFB1
 1073 001c 22000000 		.4byte	.LFE1-.LFB1
 1074 0020 00000000 		.4byte	.LFB2
ARM GAS  C:\Users\Eric\AppData\Local\Temp\ccK0ZDf1.s 			page 26


 1075 0024 14000000 		.4byte	.LFE2-.LFB2
 1076 0028 00000000 		.4byte	.LFB3
 1077 002c 0C000000 		.4byte	.LFE3-.LFB3
 1078 0030 00000000 		.4byte	.LFB4
 1079 0034 24000000 		.4byte	.LFE4-.LFB4
 1080 0038 00000000 		.4byte	.LFB5
 1081 003c 20000000 		.4byte	.LFE5-.LFB5
 1082 0040 00000000 		.4byte	.LFB6
 1083 0044 24000000 		.4byte	.LFE6-.LFB6
 1084 0048 00000000 		.4byte	.LFB7
 1085 004c 24000000 		.4byte	.LFE7-.LFB7
 1086 0050 00000000 		.4byte	.LFB8
 1087 0054 18000000 		.4byte	.LFE8-.LFB8
 1088 0058 00000000 		.4byte	.LFB9
 1089 005c 20000000 		.4byte	.LFE9-.LFB9
 1090 0060 00000000 		.4byte	.LFB10
 1091 0064 18000000 		.4byte	.LFE10-.LFB10
 1092 0068 00000000 		.4byte	.LFB11
 1093 006c 18000000 		.4byte	.LFE11-.LFB11
 1094 0070 00000000 		.4byte	.LFB12
 1095 0074 18000000 		.4byte	.LFE12-.LFB12
 1096 0078 00000000 		.4byte	0
 1097 007c 00000000 		.4byte	0
 1098              		.section	.debug_ranges,"",%progbits
 1099              	.Ldebug_ranges0:
 1100 0000 00000000 		.4byte	.LFB0
 1101 0004 20000000 		.4byte	.LFE0
 1102 0008 00000000 		.4byte	.LFB1
 1103 000c 22000000 		.4byte	.LFE1
 1104 0010 00000000 		.4byte	.LFB2
 1105 0014 14000000 		.4byte	.LFE2
 1106 0018 00000000 		.4byte	.LFB3
 1107 001c 0C000000 		.4byte	.LFE3
 1108 0020 00000000 		.4byte	.LFB4
 1109 0024 24000000 		.4byte	.LFE4
 1110 0028 00000000 		.4byte	.LFB5
 1111 002c 20000000 		.4byte	.LFE5
 1112 0030 00000000 		.4byte	.LFB6
 1113 0034 24000000 		.4byte	.LFE6
 1114 0038 00000000 		.4byte	.LFB7
 1115 003c 24000000 		.4byte	.LFE7
 1116 0040 00000000 		.4byte	.LFB8
 1117 0044 18000000 		.4byte	.LFE8
 1118 0048 00000000 		.4byte	.LFB9
 1119 004c 20000000 		.4byte	.LFE9
 1120 0050 00000000 		.4byte	.LFB10
 1121 0054 18000000 		.4byte	.LFE10
 1122 0058 00000000 		.4byte	.LFB11
 1123 005c 18000000 		.4byte	.LFE11
 1124 0060 00000000 		.4byte	.LFB12
 1125 0064 18000000 		.4byte	.LFE12
 1126 0068 00000000 		.4byte	0
 1127 006c 00000000 		.4byte	0
 1128              		.section	.debug_line,"",%progbits
 1129              	.Ldebug_line0:
 1130 0000 3C010000 		.section	.debug_str,"MS",%progbits,1
 1130      02004400 
ARM GAS  C:\Users\Eric\AppData\Local\Temp\ccK0ZDf1.s 			page 27


 1130      00000201 
 1130      FB0E0D00 
 1130      01010101 
 1131              	.LASF32:
 1132 0000 6973725F 		.ascii	"isr_1_ClearPending\000"
 1132      315F436C 
 1132      65617250 
 1132      656E6469 
 1132      6E6700
 1133              	.LASF16:
 1134 0013 72656733 		.ascii	"reg32\000"
 1134      3200
 1135              	.LASF31:
 1136 0019 6973725F 		.ascii	"isr_1_SetPending\000"
 1136      315F5365 
 1136      7450656E 
 1136      64696E67 
 1136      00
 1137              	.LASF36:
 1138 002a 6973725F 		.ascii	"isr_1_GetState\000"
 1138      315F4765 
 1138      74537461 
 1138      746500
 1139              	.LASF34:
 1140 0039 2E5C4765 		.ascii	".\\Generated_Source\\PSoC5\\isr_1.c\000"
 1140      6E657261 
 1140      7465645F 
 1140      536F7572 
 1140      63655C50 
 1141              	.LASF30:
 1142 005a 6973725F 		.ascii	"isr_1_Disable\000"
 1142      315F4469 
 1142      7361626C 
 1142      6500
 1143              	.LASF19:
 1144 0068 6973725F 		.ascii	"isr_1_Stop\000"
 1144      315F5374 
 1144      6F7000
 1145              	.LASF18:
 1146 0073 6973725F 		.ascii	"isr_1_Start\000"
 1146      315F5374 
 1146      61727400 
 1147              	.LASF4:
 1148 007f 73686F72 		.ascii	"short unsigned int\000"
 1148      7420756E 
 1148      7369676E 
 1148      65642069 
 1148      6E7400
 1149              	.LASF28:
 1150 0092 6973725F 		.ascii	"isr_1_GetPriority\000"
 1150      315F4765 
 1150      74507269 
 1150      6F726974 
 1150      7900
 1151              	.LASF13:
 1152 00a4 666C6F61 		.ascii	"float\000"
 1152      7400
ARM GAS  C:\Users\Eric\AppData\Local\Temp\ccK0ZDf1.s 			page 28


 1153              	.LASF2:
 1154 00aa 756E7369 		.ascii	"unsigned char\000"
 1154      676E6564 
 1154      20636861 
 1154      7200
 1155              	.LASF15:
 1156 00b8 72656738 		.ascii	"reg8\000"
 1156      00
 1157              	.LASF6:
 1158 00bd 6C6F6E67 		.ascii	"long unsigned int\000"
 1158      20756E73 
 1158      69676E65 
 1158      6420696E 
 1158      7400
 1159              	.LASF11:
 1160 00cf 75696E74 		.ascii	"uint8\000"
 1160      3800
 1161              	.LASF26:
 1162 00d5 7072696F 		.ascii	"priority\000"
 1162      72697479 
 1162      00
 1163              	.LASF14:
 1164 00de 646F7562 		.ascii	"double\000"
 1164      6C6500
 1165              	.LASF25:
 1166 00e5 6973725F 		.ascii	"isr_1_SetPriority\000"
 1166      315F5365 
 1166      74507269 
 1166      6F726974 
 1166      7900
 1167              	.LASF12:
 1168 00f7 75696E74 		.ascii	"uint32\000"
 1168      333200
 1169              	.LASF0:
 1170 00fe 756E7369 		.ascii	"unsigned int\000"
 1170      676E6564 
 1170      20696E74 
 1170      00
 1171              	.LASF23:
 1172 010b 61646472 		.ascii	"address\000"
 1172      65737300 
 1173              	.LASF8:
 1174 0113 6C6F6E67 		.ascii	"long long unsigned int\000"
 1174      206C6F6E 
 1174      6720756E 
 1174      7369676E 
 1174      65642069 
 1175              	.LASF17:
 1176 012a 63796973 		.ascii	"cyisraddress\000"
 1176      72616464 
 1176      72657373 
 1176      00
 1177              	.LASF33:
 1178 0137 474E5520 		.ascii	"GNU C 4.8.4 20140526 (release) [ARM/embedded-4_8-br"
 1178      4320342E 
 1178      382E3420 
 1178      32303134 
ARM GAS  C:\Users\Eric\AppData\Local\Temp\ccK0ZDf1.s 			page 29


 1178      30353236 
 1179 016a 616E6368 		.ascii	"anch revision 211358] -mcpu=cortex-m3 -mthumb -g -O"
 1179      20726576 
 1179      6973696F 
 1179      6E203231 
 1179      31333538 
 1180 019d 30202D66 		.ascii	"0 -ffunction-sections\000"
 1180      66756E63 
 1180      74696F6E 
 1180      2D736563 
 1180      74696F6E 
 1181              	.LASF9:
 1182 01b3 73697A65 		.ascii	"sizetype\000"
 1182      74797065 
 1182      00
 1183              	.LASF7:
 1184 01bc 6C6F6E67 		.ascii	"long long int\000"
 1184      206C6F6E 
 1184      6720696E 
 1184      7400
 1185              	.LASF29:
 1186 01ca 6973725F 		.ascii	"isr_1_Enable\000"
 1186      315F456E 
 1186      61626C65 
 1186      00
 1187              	.LASF10:
 1188 01d7 63686172 		.ascii	"char\000"
 1188      00
 1189              	.LASF24:
 1190 01dc 72616D56 		.ascii	"ramVectorTable\000"
 1190      6563746F 
 1190      72546162 
 1190      6C6500
 1191              	.LASF3:
 1192 01eb 73686F72 		.ascii	"short int\000"
 1192      7420696E 
 1192      7400
 1193              	.LASF27:
 1194 01f5 6973725F 		.ascii	"isr_1_GetVector\000"
 1194      315F4765 
 1194      74566563 
 1194      746F7200 
 1195              	.LASF20:
 1196 0205 6973725F 		.ascii	"isr_1_Interrupt\000"
 1196      315F496E 
 1196      74657272 
 1196      75707400 
 1197              	.LASF5:
 1198 0215 6C6F6E67 		.ascii	"long int\000"
 1198      20696E74 
 1198      00
 1199              	.LASF1:
 1200 021e 7369676E 		.ascii	"signed char\000"
 1200      65642063 
 1200      68617200 
 1201              	.LASF21:
 1202 022a 6973725F 		.ascii	"isr_1_StartEx\000"
ARM GAS  C:\Users\Eric\AppData\Local\Temp\ccK0ZDf1.s 			page 30


 1202      315F5374 
 1202      61727445 
 1202      7800
 1203              	.LASF35:
 1204 0238 433A5C55 		.ascii	"C:\\Users\\Eric\\Documents\\GitHub\\Mainboard\\Main"
 1204      73657273 
 1204      5C457269 
 1204      635C446F 
 1204      63756D65 
 1205 0265 626F6172 		.ascii	"board\\Mainboard.cydsn\000"
 1205      645C4D61 
 1205      696E626F 
 1205      6172642E 
 1205      63796473 
 1206              	.LASF22:
 1207 027b 6973725F 		.ascii	"isr_1_SetVector\000"
 1207      315F5365 
 1207      74566563 
 1207      746F7200 
 1208              		.ident	"GCC: (GNU Tools for ARM Embedded Processors) 4.8.4 20140526 (release) [ARM/embedded-4_8-br
