ARM GAS  C:\Users\CHRIST~1\AppData\Local\Temp\cc562WrD.s 			page 1


   1              		.syntax unified
   2              		.cpu cortex-m3
   3              		.fpu softvfp
   4              		.eabi_attribute 20, 1
   5              		.eabi_attribute 21, 1
   6              		.eabi_attribute 23, 3
   7              		.eabi_attribute 24, 1
   8              		.eabi_attribute 25, 1
   9              		.eabi_attribute 26, 1
  10              		.eabi_attribute 30, 1
  11              		.eabi_attribute 34, 1
  12              		.eabi_attribute 18, 4
  13              		.thumb
  14              		.file	"main.c"
  15              		.text
  16              	.Ltext0:
  17              		.cfi_sections	.debug_frame
  18              		.section	.text.Shift,"ax",%progbits
  19              		.align	2
  20              		.global	Shift
  21              		.thumb
  22              		.thumb_func
  23              		.type	Shift, %function
  24              	Shift:
  25              	.LFB57:
  26              		.file 1 ".\\main.c"
   1:.\main.c      **** /* ========================================
   2:.\main.c      ****  *
   3:.\main.c      ****  * Copyright YOUR COMPANY, THE YEAR
   4:.\main.c      ****  * All Rights Reserved
   5:.\main.c      ****  * UNPUBLISHED, LICENSED SOFTWARE.
   6:.\main.c      ****  *
   7:.\main.c      ****  * CONFIDENTIAL AND PROPRIETARY INFORMATION
   8:.\main.c      ****  * WHICH IS THE PROPERTY OF your company.
   9:.\main.c      ****  *
  10:.\main.c      ****  * ========================================
  11:.\main.c      **** */
  12:.\main.c      **** #include <project.h>
  13:.\main.c      **** 
  14:.\main.c      **** #define DEBOUNCE_DELAY 13
  15:.\main.c      **** #define CLUTCH_ENGAGE_DELAY_UP 70
  16:.\main.c      **** #define CLUTCH_ENGAGE_DELAY_DOWN 150
  17:.\main.c      **** #define CLUTCH_RELEASE_DELAY 20
  18:.\main.c      **** #define SHIFT_ENGAGE_DELAY 165
  19:.\main.c      **** #define NEUTRAL_FIND 50
  20:.\main.c      **** 
  21:.\main.c      **** #define UP_SHIFT_PADDLE 0x5   // 101
  22:.\main.c      **** #define DOWN_SHIFT_PADDLE 0x6 // 110
  23:.\main.c      **** #define NEUTRAL_BUTTON 0x3    // 011
  24:.\main.c      **** 
  25:.\main.c      **** int paddle;
  26:.\main.c      **** int shifts = 0;
  27:.\main.c      **** 
  28:.\main.c      **** void Shift(int paddle);
  29:.\main.c      **** 
  30:.\main.c      **** int main()
  31:.\main.c      **** {
ARM GAS  C:\Users\CHRIST~1\AppData\Local\Temp\cc562WrD.s 			page 2


  32:.\main.c      ****     /* Place your initialization/startup code here (e.g. MyInst_Start()) */
  33:.\main.c      **** 
  34:.\main.c      ****     CyGlobalIntEnable; //*/ /* Uncomment this line to enable global interrupts. */
  35:.\main.c      ****     for(;;)
  36:.\main.c      ****     {
  37:.\main.c      ****         /* Place your application code here. */
  38:.\main.c      ****         
  39:.\main.c      ****         paddle = Steering_Wheel_Read();
  40:.\main.c      ****         
  41:.\main.c      ****         if (paddle != 0x7) {
  42:.\main.c      ****             CyDelay(DEBOUNCE_DELAY);
  43:.\main.c      ****             if (paddle == Steering_Wheel_Read()) Shift(paddle);
  44:.\main.c      ****             while (paddle == Steering_Wheel_Read());
  45:.\main.c      ****         }
  46:.\main.c      ****         
  47:.\main.c      ****         CyDelayUs(200);
  48:.\main.c      ****     }
  49:.\main.c      **** }
  50:.\main.c      **** 
  51:.\main.c      **** void Shift(int paddle) {
  27              		.loc 1 51 0
  28              		.cfi_startproc
  29              		@ args = 0, pretend = 0, frame = 0
  30              		@ frame_needed = 0, uses_anonymous_args = 0
  31              	.LVL0:
  32 0000 10B5     		push	{r4, lr}
  33              		.cfi_def_cfa_offset 8
  34              		.cfi_offset 4, -8
  35              		.cfi_offset 14, -4
  36 0002 0446     		mov	r4, r0
  52:.\main.c      ****     shifts++;
  37              		.loc 1 52 0
  38 0004 1E4A     		ldr	r2, .L6
  39 0006 1368     		ldr	r3, [r2]
  40 0008 0133     		adds	r3, r3, #1
  41 000a 1360     		str	r3, [r2]
  53:.\main.c      ****     if (paddle == NEUTRAL_BUTTON) {
  42              		.loc 1 53 0
  43 000c 0328     		cmp	r0, #3
  44 000e 09D1     		bne	.L2
  54:.\main.c      ****         Up_Shift_Air_Write(1);
  45              		.loc 1 54 0
  46 0010 0120     		movs	r0, #1
  47              	.LVL1:
  48 0012 FFF7FEFF 		bl	Up_Shift_Air_Write
  49              	.LVL2:
  55:.\main.c      ****         CyDelay(NEUTRAL_FIND);
  50              		.loc 1 55 0
  51 0016 3220     		movs	r0, #50
  52 0018 FFF7FEFF 		bl	CyDelay
  53              	.LVL3:
  56:.\main.c      ****         Up_Shift_Air_Write(0);
  54              		.loc 1 56 0
  55 001c 0020     		movs	r0, #0
  56 001e FFF7FEFF 		bl	Up_Shift_Air_Write
  57              	.LVL4:
  57:.\main.c      ****         return;
ARM GAS  C:\Users\CHRIST~1\AppData\Local\Temp\cc562WrD.s 			page 3


  58              		.loc 1 57 0
  59 0022 10BD     		pop	{r4, pc}
  60              	.LVL5:
  61              	.L2:
  58:.\main.c      ****     }
  59:.\main.c      ****     Engage_Clutch_Write(1);
  62              		.loc 1 59 0
  63 0024 0120     		movs	r0, #1
  64              	.LVL6:
  65 0026 FFF7FEFF 		bl	Engage_Clutch_Write
  66              	.LVL7:
  60:.\main.c      ****     if (paddle == UP_SHIFT_PADDLE) {
  67              		.loc 1 60 0
  68 002a 052C     		cmp	r4, #5
  69 002c 12D1     		bne	.L4
  61:.\main.c      ****         CyDelay(CLUTCH_ENGAGE_DELAY_UP);
  70              		.loc 1 61 0
  71 002e 4620     		movs	r0, #70
  72 0030 FFF7FEFF 		bl	CyDelay
  73              	.LVL8:
  62:.\main.c      ****         Up_Shift_Air_Write(1);
  74              		.loc 1 62 0
  75 0034 0120     		movs	r0, #1
  76 0036 FFF7FEFF 		bl	Up_Shift_Air_Write
  77              	.LVL9:
  63:.\main.c      ****         CyDelay(SHIFT_ENGAGE_DELAY);
  78              		.loc 1 63 0
  79 003a A520     		movs	r0, #165
  80 003c FFF7FEFF 		bl	CyDelay
  81              	.LVL10:
  64:.\main.c      ****         Up_Shift_Air_Write(0);
  82              		.loc 1 64 0
  83 0040 0020     		movs	r0, #0
  84 0042 FFF7FEFF 		bl	Up_Shift_Air_Write
  85              	.LVL11:
  65:.\main.c      ****         CyDelay(CLUTCH_RELEASE_DELAY);
  86              		.loc 1 65 0
  87 0046 1420     		movs	r0, #20
  88 0048 FFF7FEFF 		bl	CyDelay
  89              	.LVL12:
  66:.\main.c      ****         Engage_Clutch_Write(0);
  90              		.loc 1 66 0
  91 004c 0020     		movs	r0, #0
  92 004e FFF7FEFF 		bl	Engage_Clutch_Write
  93              	.LVL13:
  67:.\main.c      ****         return;
  94              		.loc 1 67 0
  95 0052 10BD     		pop	{r4, pc}
  96              	.LVL14:
  97              	.L4:
  68:.\main.c      ****     }
  69:.\main.c      ****     if (paddle == DOWN_SHIFT_PADDLE) {
  98              		.loc 1 69 0
  99 0054 062C     		cmp	r4, #6
 100 0056 11D1     		bne	.L1
  70:.\main.c      ****         CyDelay(CLUTCH_ENGAGE_DELAY_DOWN);
 101              		.loc 1 70 0
ARM GAS  C:\Users\CHRIST~1\AppData\Local\Temp\cc562WrD.s 			page 4


 102 0058 9620     		movs	r0, #150
 103 005a FFF7FEFF 		bl	CyDelay
 104              	.LVL15:
  71:.\main.c      ****         Down_Shift_Air_Write(1);
 105              		.loc 1 71 0
 106 005e 0120     		movs	r0, #1
 107 0060 FFF7FEFF 		bl	Down_Shift_Air_Write
 108              	.LVL16:
  72:.\main.c      ****         CyDelay(SHIFT_ENGAGE_DELAY);
 109              		.loc 1 72 0
 110 0064 A520     		movs	r0, #165
 111 0066 FFF7FEFF 		bl	CyDelay
 112              	.LVL17:
  73:.\main.c      ****         Down_Shift_Air_Write(0);
 113              		.loc 1 73 0
 114 006a 0020     		movs	r0, #0
 115 006c FFF7FEFF 		bl	Down_Shift_Air_Write
 116              	.LVL18:
  74:.\main.c      ****         CyDelay(CLUTCH_RELEASE_DELAY);
 117              		.loc 1 74 0
 118 0070 1420     		movs	r0, #20
 119 0072 FFF7FEFF 		bl	CyDelay
 120              	.LVL19:
  75:.\main.c      ****         Engage_Clutch_Write(0);
 121              		.loc 1 75 0
 122 0076 0020     		movs	r0, #0
 123 0078 FFF7FEFF 		bl	Engage_Clutch_Write
 124              	.LVL20:
 125              	.L1:
 126 007c 10BD     		pop	{r4, pc}
 127              	.LVL21:
 128              	.L7:
 129 007e 00BF     		.align	2
 130              	.L6:
 131 0080 00000000 		.word	.LANCHOR0
 132              		.cfi_endproc
 133              	.LFE57:
 134              		.size	Shift, .-Shift
 135              		.section	.text.main,"ax",%progbits
 136              		.align	2
 137              		.global	main
 138              		.thumb
 139              		.thumb_func
 140              		.type	main, %function
 141              	main:
 142              	.LFB56:
  31:.\main.c      ****     /* Place your initialization/startup code here (e.g. MyInst_Start()) */
 143              		.loc 1 31 0
 144              		.cfi_startproc
 145              		@ Volatile: function does not return.
 146              		@ args = 0, pretend = 0, frame = 0
 147              		@ frame_needed = 0, uses_anonymous_args = 0
 148 0000 08B5     		push	{r3, lr}
 149              		.cfi_def_cfa_offset 8
 150              		.cfi_offset 3, -8
 151              		.cfi_offset 14, -4
  34:.\main.c      ****     for(;;)
ARM GAS  C:\Users\CHRIST~1\AppData\Local\Temp\cc562WrD.s 			page 5


 152              		.loc 1 34 0
 153              	@ 34 ".\main.c" 1
 154 0002 62B6     		CPSIE   i
 155              	@ 0 "" 2
 156              		.thumb
 157              	.L12:
  39:.\main.c      ****         
 158              		.loc 1 39 0
 159 0004 FFF7FEFF 		bl	Steering_Wheel_Read
 160              	.LVL22:
 161 0008 0C4B     		ldr	r3, .L14
 162 000a 1860     		str	r0, [r3]
  41:.\main.c      ****             CyDelay(DEBOUNCE_DELAY);
 163              		.loc 1 41 0
 164 000c 0728     		cmp	r0, #7
 165 000e 11D0     		beq	.L9
  42:.\main.c      ****             if (paddle == Steering_Wheel_Read()) Shift(paddle);
 166              		.loc 1 42 0
 167 0010 0D20     		movs	r0, #13
 168 0012 FFF7FEFF 		bl	CyDelay
 169              	.LVL23:
  43:.\main.c      ****             while (paddle == Steering_Wheel_Read());
 170              		.loc 1 43 0
 171 0016 FFF7FEFF 		bl	Steering_Wheel_Read
 172              	.LVL24:
 173 001a 084B     		ldr	r3, .L14
 174 001c 1B68     		ldr	r3, [r3]
 175 001e 9842     		cmp	r0, r3
 176 0020 02D1     		bne	.L11
  43:.\main.c      ****             while (paddle == Steering_Wheel_Read());
 177              		.loc 1 43 0 is_stmt 0 discriminator 1
 178 0022 1846     		mov	r0, r3
 179 0024 FFF7FEFF 		bl	Shift
 180              	.LVL25:
 181              	.L11:
  44:.\main.c      ****         }
 182              		.loc 1 44 0 is_stmt 1 discriminator 1
 183 0028 FFF7FEFF 		bl	Steering_Wheel_Read
 184              	.LVL26:
 185 002c 034B     		ldr	r3, .L14
 186 002e 1B68     		ldr	r3, [r3]
 187 0030 9842     		cmp	r0, r3
 188 0032 F9D0     		beq	.L11
 189              	.L9:
  47:.\main.c      ****     }
 190              		.loc 1 47 0
 191 0034 C820     		movs	r0, #200
 192 0036 FFF7FEFF 		bl	CyDelayUs
 193              	.LVL27:
  48:.\main.c      **** }
 194              		.loc 1 48 0
 195 003a E3E7     		b	.L12
 196              	.L15:
 197              		.align	2
 198              	.L14:
 199 003c 00000000 		.word	paddle
 200              		.cfi_endproc
ARM GAS  C:\Users\CHRIST~1\AppData\Local\Temp\cc562WrD.s 			page 6


 201              	.LFE56:
 202              		.size	main, .-main
 203              		.global	shifts
 204              		.comm	paddle,4,4
 205              		.bss
 206              		.align	2
 207              		.set	.LANCHOR0,. + 0
 208              		.type	shifts, %object
 209              		.size	shifts, 4
 210              	shifts:
 211 0000 00000000 		.space	4
 212              		.text
 213              	.Letext0:
 214              		.file 2 "c:\\program files (x86)\\cypress\\psoc creator\\3.3\\psoc creator\\import\\gnu\\arm\\4.9.
 215              		.file 3 "c:\\program files (x86)\\cypress\\psoc creator\\3.3\\psoc creator\\import\\gnu\\arm\\4.9.
 216              		.file 4 "Generated_Source\\PSoC5/cytypes.h"
 217              		.file 5 "Generated_Source\\PSoC5/core_cm3.h"
 218              		.file 6 "Generated_Source\\PSoC5/Up_Shift_Air.h"
 219              		.file 7 "Generated_Source\\PSoC5/CyLib.h"
 220              		.file 8 "Generated_Source\\PSoC5/Engage_Clutch.h"
 221              		.file 9 "Generated_Source\\PSoC5/Down_Shift_Air.h"
 222              		.file 10 "Generated_Source\\PSoC5/Steering_Wheel.h"
 223              		.section	.debug_info,"",%progbits
 224              	.Ldebug_info0:
 225 0000 01030000 		.4byte	0x301
 226 0004 0400     		.2byte	0x4
 227 0006 00000000 		.4byte	.Ldebug_abbrev0
 228 000a 04       		.byte	0x4
 229 000b 01       		.uleb128 0x1
 230 000c 0A010000 		.4byte	.LASF27
 231 0010 01       		.byte	0x1
 232 0011 25000000 		.4byte	.LASF28
 233 0015 4E000000 		.4byte	.LASF29
 234 0019 00000000 		.4byte	.Ldebug_ranges0+0
 235 001d 00000000 		.4byte	0
 236 0021 00000000 		.4byte	.Ldebug_line0
 237 0025 02       		.uleb128 0x2
 238 0026 01       		.byte	0x1
 239 0027 06       		.byte	0x6
 240 0028 3D020000 		.4byte	.LASF0
 241 002c 02       		.uleb128 0x2
 242 002d 01       		.byte	0x1
 243 002e 08       		.byte	0x8
 244 002f 17000000 		.4byte	.LASF1
 245 0033 02       		.uleb128 0x2
 246 0034 02       		.byte	0x2
 247 0035 05       		.byte	0x5
 248 0036 1D020000 		.4byte	.LASF2
 249 003a 02       		.uleb128 0x2
 250 003b 02       		.byte	0x2
 251 003c 07       		.byte	0x7
 252 003d 3B000000 		.4byte	.LASF3
 253 0041 03       		.uleb128 0x3
 254 0042 00000000 		.4byte	.LASF9
 255 0046 02       		.byte	0x2
 256 0047 3F       		.byte	0x3f
 257 0048 4C000000 		.4byte	0x4c
ARM GAS  C:\Users\CHRIST~1\AppData\Local\Temp\cc562WrD.s 			page 7


 258 004c 02       		.uleb128 0x2
 259 004d 04       		.byte	0x4
 260 004e 05       		.byte	0x5
 261 004f 34020000 		.4byte	.LASF4
 262 0053 02       		.uleb128 0x2
 263 0054 04       		.byte	0x4
 264 0055 07       		.byte	0x7
 265 0056 DB000000 		.4byte	.LASF5
 266 005a 02       		.uleb128 0x2
 267 005b 08       		.byte	0x8
 268 005c 05       		.byte	0x5
 269 005d 0A020000 		.4byte	.LASF6
 270 0061 02       		.uleb128 0x2
 271 0062 08       		.byte	0x8
 272 0063 07       		.byte	0x7
 273 0064 B9010000 		.4byte	.LASF7
 274 0068 04       		.uleb128 0x4
 275 0069 04       		.byte	0x4
 276 006a 05       		.byte	0x5
 277 006b 696E7400 		.ascii	"int\000"
 278 006f 02       		.uleb128 0x2
 279 0070 04       		.byte	0x4
 280 0071 07       		.byte	0x7
 281 0072 98010000 		.4byte	.LASF8
 282 0076 03       		.uleb128 0x3
 283 0077 F9010000 		.4byte	.LASF10
 284 007b 03       		.byte	0x3
 285 007c 2C       		.byte	0x2c
 286 007d 41000000 		.4byte	0x41
 287 0081 03       		.uleb128 0x3
 288 0082 27020000 		.4byte	.LASF11
 289 0086 04       		.byte	0x4
 290 0087 A1       		.byte	0xa1
 291 0088 2C000000 		.4byte	0x2c
 292 008c 03       		.uleb128 0x3
 293 008d ED000000 		.4byte	.LASF12
 294 0091 04       		.byte	0x4
 295 0092 A2       		.byte	0xa2
 296 0093 3A000000 		.4byte	0x3a
 297 0097 03       		.uleb128 0x3
 298 0098 03010000 		.4byte	.LASF13
 299 009c 04       		.byte	0x4
 300 009d A3       		.byte	0xa3
 301 009e 53000000 		.4byte	0x53
 302 00a2 02       		.uleb128 0x2
 303 00a3 04       		.byte	0x4
 304 00a4 04       		.byte	0x4
 305 00a5 11000000 		.4byte	.LASF14
 306 00a9 02       		.uleb128 0x2
 307 00aa 08       		.byte	0x8
 308 00ab 04       		.byte	0x4
 309 00ac 0A000000 		.4byte	.LASF15
 310 00b0 02       		.uleb128 0x2
 311 00b1 01       		.byte	0x1
 312 00b2 08       		.byte	0x8
 313 00b3 18020000 		.4byte	.LASF16
 314 00b7 02       		.uleb128 0x2
ARM GAS  C:\Users\CHRIST~1\AppData\Local\Temp\cc562WrD.s 			page 8


 315 00b8 04       		.byte	0x4
 316 00b9 07       		.byte	0x7
 317 00ba 01020000 		.4byte	.LASF17
 318 00be 05       		.uleb128 0x5
 319 00bf 2E000000 		.4byte	.LASF18
 320 00c3 01       		.byte	0x1
 321 00c4 33       		.byte	0x33
 322 00c5 00000000 		.4byte	.LFB57
 323 00c9 84000000 		.4byte	.LFE57-.LFB57
 324 00cd 01       		.uleb128 0x1
 325 00ce 9C       		.byte	0x9c
 326 00cf 14020000 		.4byte	0x214
 327 00d3 06       		.uleb128 0x6
 328 00d4 2D020000 		.4byte	.LASF21
 329 00d8 01       		.byte	0x1
 330 00d9 33       		.byte	0x33
 331 00da 68000000 		.4byte	0x68
 332 00de 00000000 		.4byte	.LLST0
 333 00e2 07       		.uleb128 0x7
 334 00e3 16000000 		.4byte	.LVL2
 335 00e7 A8020000 		.4byte	0x2a8
 336 00eb F5000000 		.4byte	0xf5
 337 00ef 08       		.uleb128 0x8
 338 00f0 01       		.uleb128 0x1
 339 00f1 50       		.byte	0x50
 340 00f2 01       		.uleb128 0x1
 341 00f3 31       		.byte	0x31
 342 00f4 00       		.byte	0
 343 00f5 07       		.uleb128 0x7
 344 00f6 1C000000 		.4byte	.LVL3
 345 00fa B9020000 		.4byte	0x2b9
 346 00fe 09010000 		.4byte	0x109
 347 0102 08       		.uleb128 0x8
 348 0103 01       		.uleb128 0x1
 349 0104 50       		.byte	0x50
 350 0105 02       		.uleb128 0x2
 351 0106 08       		.byte	0x8
 352 0107 32       		.byte	0x32
 353 0108 00       		.byte	0
 354 0109 07       		.uleb128 0x7
 355 010a 22000000 		.4byte	.LVL4
 356 010e A8020000 		.4byte	0x2a8
 357 0112 1C010000 		.4byte	0x11c
 358 0116 08       		.uleb128 0x8
 359 0117 01       		.uleb128 0x1
 360 0118 50       		.byte	0x50
 361 0119 01       		.uleb128 0x1
 362 011a 30       		.byte	0x30
 363 011b 00       		.byte	0
 364 011c 07       		.uleb128 0x7
 365 011d 2A000000 		.4byte	.LVL7
 366 0121 CA020000 		.4byte	0x2ca
 367 0125 2F010000 		.4byte	0x12f
 368 0129 08       		.uleb128 0x8
 369 012a 01       		.uleb128 0x1
 370 012b 50       		.byte	0x50
 371 012c 01       		.uleb128 0x1
ARM GAS  C:\Users\CHRIST~1\AppData\Local\Temp\cc562WrD.s 			page 9


 372 012d 31       		.byte	0x31
 373 012e 00       		.byte	0
 374 012f 07       		.uleb128 0x7
 375 0130 34000000 		.4byte	.LVL8
 376 0134 B9020000 		.4byte	0x2b9
 377 0138 43010000 		.4byte	0x143
 378 013c 08       		.uleb128 0x8
 379 013d 01       		.uleb128 0x1
 380 013e 50       		.byte	0x50
 381 013f 02       		.uleb128 0x2
 382 0140 08       		.byte	0x8
 383 0141 46       		.byte	0x46
 384 0142 00       		.byte	0
 385 0143 07       		.uleb128 0x7
 386 0144 3A000000 		.4byte	.LVL9
 387 0148 A8020000 		.4byte	0x2a8
 388 014c 56010000 		.4byte	0x156
 389 0150 08       		.uleb128 0x8
 390 0151 01       		.uleb128 0x1
 391 0152 50       		.byte	0x50
 392 0153 01       		.uleb128 0x1
 393 0154 31       		.byte	0x31
 394 0155 00       		.byte	0
 395 0156 07       		.uleb128 0x7
 396 0157 40000000 		.4byte	.LVL10
 397 015b B9020000 		.4byte	0x2b9
 398 015f 6A010000 		.4byte	0x16a
 399 0163 08       		.uleb128 0x8
 400 0164 01       		.uleb128 0x1
 401 0165 50       		.byte	0x50
 402 0166 02       		.uleb128 0x2
 403 0167 08       		.byte	0x8
 404 0168 A5       		.byte	0xa5
 405 0169 00       		.byte	0
 406 016a 07       		.uleb128 0x7
 407 016b 46000000 		.4byte	.LVL11
 408 016f A8020000 		.4byte	0x2a8
 409 0173 7D010000 		.4byte	0x17d
 410 0177 08       		.uleb128 0x8
 411 0178 01       		.uleb128 0x1
 412 0179 50       		.byte	0x50
 413 017a 01       		.uleb128 0x1
 414 017b 30       		.byte	0x30
 415 017c 00       		.byte	0
 416 017d 07       		.uleb128 0x7
 417 017e 4C000000 		.4byte	.LVL12
 418 0182 B9020000 		.4byte	0x2b9
 419 0186 90010000 		.4byte	0x190
 420 018a 08       		.uleb128 0x8
 421 018b 01       		.uleb128 0x1
 422 018c 50       		.byte	0x50
 423 018d 01       		.uleb128 0x1
 424 018e 44       		.byte	0x44
 425 018f 00       		.byte	0
 426 0190 07       		.uleb128 0x7
 427 0191 52000000 		.4byte	.LVL13
 428 0195 CA020000 		.4byte	0x2ca
ARM GAS  C:\Users\CHRIST~1\AppData\Local\Temp\cc562WrD.s 			page 10


 429 0199 A3010000 		.4byte	0x1a3
 430 019d 08       		.uleb128 0x8
 431 019e 01       		.uleb128 0x1
 432 019f 50       		.byte	0x50
 433 01a0 01       		.uleb128 0x1
 434 01a1 30       		.byte	0x30
 435 01a2 00       		.byte	0
 436 01a3 07       		.uleb128 0x7
 437 01a4 5E000000 		.4byte	.LVL15
 438 01a8 B9020000 		.4byte	0x2b9
 439 01ac B7010000 		.4byte	0x1b7
 440 01b0 08       		.uleb128 0x8
 441 01b1 01       		.uleb128 0x1
 442 01b2 50       		.byte	0x50
 443 01b3 02       		.uleb128 0x2
 444 01b4 08       		.byte	0x8
 445 01b5 96       		.byte	0x96
 446 01b6 00       		.byte	0
 447 01b7 07       		.uleb128 0x7
 448 01b8 64000000 		.4byte	.LVL16
 449 01bc DB020000 		.4byte	0x2db
 450 01c0 CA010000 		.4byte	0x1ca
 451 01c4 08       		.uleb128 0x8
 452 01c5 01       		.uleb128 0x1
 453 01c6 50       		.byte	0x50
 454 01c7 01       		.uleb128 0x1
 455 01c8 31       		.byte	0x31
 456 01c9 00       		.byte	0
 457 01ca 07       		.uleb128 0x7
 458 01cb 6A000000 		.4byte	.LVL17
 459 01cf B9020000 		.4byte	0x2b9
 460 01d3 DE010000 		.4byte	0x1de
 461 01d7 08       		.uleb128 0x8
 462 01d8 01       		.uleb128 0x1
 463 01d9 50       		.byte	0x50
 464 01da 02       		.uleb128 0x2
 465 01db 08       		.byte	0x8
 466 01dc A5       		.byte	0xa5
 467 01dd 00       		.byte	0
 468 01de 07       		.uleb128 0x7
 469 01df 70000000 		.4byte	.LVL18
 470 01e3 DB020000 		.4byte	0x2db
 471 01e7 F1010000 		.4byte	0x1f1
 472 01eb 08       		.uleb128 0x8
 473 01ec 01       		.uleb128 0x1
 474 01ed 50       		.byte	0x50
 475 01ee 01       		.uleb128 0x1
 476 01ef 30       		.byte	0x30
 477 01f0 00       		.byte	0
 478 01f1 07       		.uleb128 0x7
 479 01f2 76000000 		.4byte	.LVL19
 480 01f6 B9020000 		.4byte	0x2b9
 481 01fa 04020000 		.4byte	0x204
 482 01fe 08       		.uleb128 0x8
 483 01ff 01       		.uleb128 0x1
 484 0200 50       		.byte	0x50
 485 0201 01       		.uleb128 0x1
ARM GAS  C:\Users\CHRIST~1\AppData\Local\Temp\cc562WrD.s 			page 11


 486 0202 44       		.byte	0x44
 487 0203 00       		.byte	0
 488 0204 09       		.uleb128 0x9
 489 0205 7C000000 		.4byte	.LVL20
 490 0209 CA020000 		.4byte	0x2ca
 491 020d 08       		.uleb128 0x8
 492 020e 01       		.uleb128 0x1
 493 020f 50       		.byte	0x50
 494 0210 01       		.uleb128 0x1
 495 0211 30       		.byte	0x30
 496 0212 00       		.byte	0
 497 0213 00       		.byte	0
 498 0214 0A       		.uleb128 0xa
 499 0215 F4000000 		.4byte	.LASF19
 500 0219 01       		.byte	0x1
 501 021a 1E       		.byte	0x1e
 502 021b 68000000 		.4byte	0x68
 503 021f 00000000 		.4byte	.LFB56
 504 0223 40000000 		.4byte	.LFE56-.LFB56
 505 0227 01       		.uleb128 0x1
 506 0228 9C       		.byte	0x9c
 507 0229 75020000 		.4byte	0x275
 508 022d 0B       		.uleb128 0xb
 509 022e 08000000 		.4byte	.LVL22
 510 0232 EC020000 		.4byte	0x2ec
 511 0236 07       		.uleb128 0x7
 512 0237 16000000 		.4byte	.LVL23
 513 023b B9020000 		.4byte	0x2b9
 514 023f 49020000 		.4byte	0x249
 515 0243 08       		.uleb128 0x8
 516 0244 01       		.uleb128 0x1
 517 0245 50       		.byte	0x50
 518 0246 01       		.uleb128 0x1
 519 0247 3D       		.byte	0x3d
 520 0248 00       		.byte	0
 521 0249 0B       		.uleb128 0xb
 522 024a 1A000000 		.4byte	.LVL24
 523 024e EC020000 		.4byte	0x2ec
 524 0252 0B       		.uleb128 0xb
 525 0253 28000000 		.4byte	.LVL25
 526 0257 BE000000 		.4byte	0xbe
 527 025b 0B       		.uleb128 0xb
 528 025c 2C000000 		.4byte	.LVL26
 529 0260 EC020000 		.4byte	0x2ec
 530 0264 09       		.uleb128 0x9
 531 0265 3A000000 		.4byte	.LVL27
 532 0269 F7020000 		.4byte	0x2f7
 533 026d 08       		.uleb128 0x8
 534 026e 01       		.uleb128 0x1
 535 026f 50       		.byte	0x50
 536 0270 02       		.uleb128 0x2
 537 0271 08       		.byte	0x8
 538 0272 C8       		.byte	0xc8
 539 0273 00       		.byte	0
 540 0274 00       		.byte	0
 541 0275 0C       		.uleb128 0xc
 542 0276 BB000000 		.4byte	.LASF20
ARM GAS  C:\Users\CHRIST~1\AppData\Local\Temp\cc562WrD.s 			page 12


 543 027a 05       		.byte	0x5
 544 027b 1606     		.2byte	0x616
 545 027d 81020000 		.4byte	0x281
 546 0281 0D       		.uleb128 0xd
 547 0282 76000000 		.4byte	0x76
 548 0286 0E       		.uleb128 0xe
 549 0287 2D020000 		.4byte	.LASF21
 550 028b 01       		.byte	0x1
 551 028c 19       		.byte	0x19
 552 028d 68000000 		.4byte	0x68
 553 0291 05       		.uleb128 0x5
 554 0292 03       		.byte	0x3
 555 0293 00000000 		.4byte	paddle
 556 0297 0E       		.uleb128 0xe
 557 0298 34000000 		.4byte	.LASF22
 558 029c 01       		.byte	0x1
 559 029d 1A       		.byte	0x1a
 560 029e 68000000 		.4byte	0x68
 561 02a2 05       		.uleb128 0x5
 562 02a3 03       		.byte	0x3
 563 02a4 00000000 		.4byte	shifts
 564 02a8 0F       		.uleb128 0xf
 565 02a9 C8000000 		.4byte	.LASF23
 566 02ad 06       		.byte	0x6
 567 02ae 28       		.byte	0x28
 568 02af B9020000 		.4byte	0x2b9
 569 02b3 10       		.uleb128 0x10
 570 02b4 81000000 		.4byte	0x81
 571 02b8 00       		.byte	0
 572 02b9 0F       		.uleb128 0xf
 573 02ba 49020000 		.4byte	.LASF24
 574 02be 07       		.byte	0x7
 575 02bf 77       		.byte	0x77
 576 02c0 CA020000 		.4byte	0x2ca
 577 02c4 10       		.uleb128 0x10
 578 02c5 97000000 		.4byte	0x97
 579 02c9 00       		.byte	0
 580 02ca 0F       		.uleb128 0xf
 581 02cb A5010000 		.4byte	.LASF25
 582 02cf 08       		.byte	0x8
 583 02d0 28       		.byte	0x28
 584 02d1 DB020000 		.4byte	0x2db
 585 02d5 10       		.uleb128 0x10
 586 02d6 81000000 		.4byte	0x81
 587 02da 00       		.byte	0
 588 02db 0F       		.uleb128 0xf
 589 02dc D0010000 		.4byte	.LASF26
 590 02e0 09       		.byte	0x9
 591 02e1 28       		.byte	0x28
 592 02e2 EC020000 		.4byte	0x2ec
 593 02e6 10       		.uleb128 0x10
 594 02e7 81000000 		.4byte	0x81
 595 02eb 00       		.byte	0
 596 02ec 11       		.uleb128 0x11
 597 02ed E5010000 		.4byte	.LASF30
 598 02f1 0A       		.byte	0xa
 599 02f2 2B       		.byte	0x2b
ARM GAS  C:\Users\CHRIST~1\AppData\Local\Temp\cc562WrD.s 			page 13


 600 02f3 81000000 		.4byte	0x81
 601 02f7 12       		.uleb128 0x12
 602 02f8 F9000000 		.4byte	.LASF31
 603 02fc 07       		.byte	0x7
 604 02fd 78       		.byte	0x78
 605 02fe 10       		.uleb128 0x10
 606 02ff 8C000000 		.4byte	0x8c
 607 0303 00       		.byte	0
 608 0304 00       		.byte	0
 609              		.section	.debug_abbrev,"",%progbits
 610              	.Ldebug_abbrev0:
 611 0000 01       		.uleb128 0x1
 612 0001 11       		.uleb128 0x11
 613 0002 01       		.byte	0x1
 614 0003 25       		.uleb128 0x25
 615 0004 0E       		.uleb128 0xe
 616 0005 13       		.uleb128 0x13
 617 0006 0B       		.uleb128 0xb
 618 0007 03       		.uleb128 0x3
 619 0008 0E       		.uleb128 0xe
 620 0009 1B       		.uleb128 0x1b
 621 000a 0E       		.uleb128 0xe
 622 000b 55       		.uleb128 0x55
 623 000c 17       		.uleb128 0x17
 624 000d 11       		.uleb128 0x11
 625 000e 01       		.uleb128 0x1
 626 000f 10       		.uleb128 0x10
 627 0010 17       		.uleb128 0x17
 628 0011 00       		.byte	0
 629 0012 00       		.byte	0
 630 0013 02       		.uleb128 0x2
 631 0014 24       		.uleb128 0x24
 632 0015 00       		.byte	0
 633 0016 0B       		.uleb128 0xb
 634 0017 0B       		.uleb128 0xb
 635 0018 3E       		.uleb128 0x3e
 636 0019 0B       		.uleb128 0xb
 637 001a 03       		.uleb128 0x3
 638 001b 0E       		.uleb128 0xe
 639 001c 00       		.byte	0
 640 001d 00       		.byte	0
 641 001e 03       		.uleb128 0x3
 642 001f 16       		.uleb128 0x16
 643 0020 00       		.byte	0
 644 0021 03       		.uleb128 0x3
 645 0022 0E       		.uleb128 0xe
 646 0023 3A       		.uleb128 0x3a
 647 0024 0B       		.uleb128 0xb
 648 0025 3B       		.uleb128 0x3b
 649 0026 0B       		.uleb128 0xb
 650 0027 49       		.uleb128 0x49
 651 0028 13       		.uleb128 0x13
 652 0029 00       		.byte	0
 653 002a 00       		.byte	0
 654 002b 04       		.uleb128 0x4
 655 002c 24       		.uleb128 0x24
 656 002d 00       		.byte	0
ARM GAS  C:\Users\CHRIST~1\AppData\Local\Temp\cc562WrD.s 			page 14


 657 002e 0B       		.uleb128 0xb
 658 002f 0B       		.uleb128 0xb
 659 0030 3E       		.uleb128 0x3e
 660 0031 0B       		.uleb128 0xb
 661 0032 03       		.uleb128 0x3
 662 0033 08       		.uleb128 0x8
 663 0034 00       		.byte	0
 664 0035 00       		.byte	0
 665 0036 05       		.uleb128 0x5
 666 0037 2E       		.uleb128 0x2e
 667 0038 01       		.byte	0x1
 668 0039 3F       		.uleb128 0x3f
 669 003a 19       		.uleb128 0x19
 670 003b 03       		.uleb128 0x3
 671 003c 0E       		.uleb128 0xe
 672 003d 3A       		.uleb128 0x3a
 673 003e 0B       		.uleb128 0xb
 674 003f 3B       		.uleb128 0x3b
 675 0040 0B       		.uleb128 0xb
 676 0041 27       		.uleb128 0x27
 677 0042 19       		.uleb128 0x19
 678 0043 11       		.uleb128 0x11
 679 0044 01       		.uleb128 0x1
 680 0045 12       		.uleb128 0x12
 681 0046 06       		.uleb128 0x6
 682 0047 40       		.uleb128 0x40
 683 0048 18       		.uleb128 0x18
 684 0049 9742     		.uleb128 0x2117
 685 004b 19       		.uleb128 0x19
 686 004c 01       		.uleb128 0x1
 687 004d 13       		.uleb128 0x13
 688 004e 00       		.byte	0
 689 004f 00       		.byte	0
 690 0050 06       		.uleb128 0x6
 691 0051 05       		.uleb128 0x5
 692 0052 00       		.byte	0
 693 0053 03       		.uleb128 0x3
 694 0054 0E       		.uleb128 0xe
 695 0055 3A       		.uleb128 0x3a
 696 0056 0B       		.uleb128 0xb
 697 0057 3B       		.uleb128 0x3b
 698 0058 0B       		.uleb128 0xb
 699 0059 49       		.uleb128 0x49
 700 005a 13       		.uleb128 0x13
 701 005b 02       		.uleb128 0x2
 702 005c 17       		.uleb128 0x17
 703 005d 00       		.byte	0
 704 005e 00       		.byte	0
 705 005f 07       		.uleb128 0x7
 706 0060 898201   		.uleb128 0x4109
 707 0063 01       		.byte	0x1
 708 0064 11       		.uleb128 0x11
 709 0065 01       		.uleb128 0x1
 710 0066 31       		.uleb128 0x31
 711 0067 13       		.uleb128 0x13
 712 0068 01       		.uleb128 0x1
 713 0069 13       		.uleb128 0x13
ARM GAS  C:\Users\CHRIST~1\AppData\Local\Temp\cc562WrD.s 			page 15


 714 006a 00       		.byte	0
 715 006b 00       		.byte	0
 716 006c 08       		.uleb128 0x8
 717 006d 8A8201   		.uleb128 0x410a
 718 0070 00       		.byte	0
 719 0071 02       		.uleb128 0x2
 720 0072 18       		.uleb128 0x18
 721 0073 9142     		.uleb128 0x2111
 722 0075 18       		.uleb128 0x18
 723 0076 00       		.byte	0
 724 0077 00       		.byte	0
 725 0078 09       		.uleb128 0x9
 726 0079 898201   		.uleb128 0x4109
 727 007c 01       		.byte	0x1
 728 007d 11       		.uleb128 0x11
 729 007e 01       		.uleb128 0x1
 730 007f 31       		.uleb128 0x31
 731 0080 13       		.uleb128 0x13
 732 0081 00       		.byte	0
 733 0082 00       		.byte	0
 734 0083 0A       		.uleb128 0xa
 735 0084 2E       		.uleb128 0x2e
 736 0085 01       		.byte	0x1
 737 0086 3F       		.uleb128 0x3f
 738 0087 19       		.uleb128 0x19
 739 0088 03       		.uleb128 0x3
 740 0089 0E       		.uleb128 0xe
 741 008a 3A       		.uleb128 0x3a
 742 008b 0B       		.uleb128 0xb
 743 008c 3B       		.uleb128 0x3b
 744 008d 0B       		.uleb128 0xb
 745 008e 49       		.uleb128 0x49
 746 008f 13       		.uleb128 0x13
 747 0090 11       		.uleb128 0x11
 748 0091 01       		.uleb128 0x1
 749 0092 12       		.uleb128 0x12
 750 0093 06       		.uleb128 0x6
 751 0094 40       		.uleb128 0x40
 752 0095 18       		.uleb128 0x18
 753 0096 9742     		.uleb128 0x2117
 754 0098 19       		.uleb128 0x19
 755 0099 01       		.uleb128 0x1
 756 009a 13       		.uleb128 0x13
 757 009b 00       		.byte	0
 758 009c 00       		.byte	0
 759 009d 0B       		.uleb128 0xb
 760 009e 898201   		.uleb128 0x4109
 761 00a1 00       		.byte	0
 762 00a2 11       		.uleb128 0x11
 763 00a3 01       		.uleb128 0x1
 764 00a4 31       		.uleb128 0x31
 765 00a5 13       		.uleb128 0x13
 766 00a6 00       		.byte	0
 767 00a7 00       		.byte	0
 768 00a8 0C       		.uleb128 0xc
 769 00a9 34       		.uleb128 0x34
 770 00aa 00       		.byte	0
ARM GAS  C:\Users\CHRIST~1\AppData\Local\Temp\cc562WrD.s 			page 16


 771 00ab 03       		.uleb128 0x3
 772 00ac 0E       		.uleb128 0xe
 773 00ad 3A       		.uleb128 0x3a
 774 00ae 0B       		.uleb128 0xb
 775 00af 3B       		.uleb128 0x3b
 776 00b0 05       		.uleb128 0x5
 777 00b1 49       		.uleb128 0x49
 778 00b2 13       		.uleb128 0x13
 779 00b3 3F       		.uleb128 0x3f
 780 00b4 19       		.uleb128 0x19
 781 00b5 3C       		.uleb128 0x3c
 782 00b6 19       		.uleb128 0x19
 783 00b7 00       		.byte	0
 784 00b8 00       		.byte	0
 785 00b9 0D       		.uleb128 0xd
 786 00ba 35       		.uleb128 0x35
 787 00bb 00       		.byte	0
 788 00bc 49       		.uleb128 0x49
 789 00bd 13       		.uleb128 0x13
 790 00be 00       		.byte	0
 791 00bf 00       		.byte	0
 792 00c0 0E       		.uleb128 0xe
 793 00c1 34       		.uleb128 0x34
 794 00c2 00       		.byte	0
 795 00c3 03       		.uleb128 0x3
 796 00c4 0E       		.uleb128 0xe
 797 00c5 3A       		.uleb128 0x3a
 798 00c6 0B       		.uleb128 0xb
 799 00c7 3B       		.uleb128 0x3b
 800 00c8 0B       		.uleb128 0xb
 801 00c9 49       		.uleb128 0x49
 802 00ca 13       		.uleb128 0x13
 803 00cb 3F       		.uleb128 0x3f
 804 00cc 19       		.uleb128 0x19
 805 00cd 02       		.uleb128 0x2
 806 00ce 18       		.uleb128 0x18
 807 00cf 00       		.byte	0
 808 00d0 00       		.byte	0
 809 00d1 0F       		.uleb128 0xf
 810 00d2 2E       		.uleb128 0x2e
 811 00d3 01       		.byte	0x1
 812 00d4 3F       		.uleb128 0x3f
 813 00d5 19       		.uleb128 0x19
 814 00d6 03       		.uleb128 0x3
 815 00d7 0E       		.uleb128 0xe
 816 00d8 3A       		.uleb128 0x3a
 817 00d9 0B       		.uleb128 0xb
 818 00da 3B       		.uleb128 0x3b
 819 00db 0B       		.uleb128 0xb
 820 00dc 27       		.uleb128 0x27
 821 00dd 19       		.uleb128 0x19
 822 00de 3C       		.uleb128 0x3c
 823 00df 19       		.uleb128 0x19
 824 00e0 01       		.uleb128 0x1
 825 00e1 13       		.uleb128 0x13
 826 00e2 00       		.byte	0
 827 00e3 00       		.byte	0
ARM GAS  C:\Users\CHRIST~1\AppData\Local\Temp\cc562WrD.s 			page 17


 828 00e4 10       		.uleb128 0x10
 829 00e5 05       		.uleb128 0x5
 830 00e6 00       		.byte	0
 831 00e7 49       		.uleb128 0x49
 832 00e8 13       		.uleb128 0x13
 833 00e9 00       		.byte	0
 834 00ea 00       		.byte	0
 835 00eb 11       		.uleb128 0x11
 836 00ec 2E       		.uleb128 0x2e
 837 00ed 00       		.byte	0
 838 00ee 3F       		.uleb128 0x3f
 839 00ef 19       		.uleb128 0x19
 840 00f0 03       		.uleb128 0x3
 841 00f1 0E       		.uleb128 0xe
 842 00f2 3A       		.uleb128 0x3a
 843 00f3 0B       		.uleb128 0xb
 844 00f4 3B       		.uleb128 0x3b
 845 00f5 0B       		.uleb128 0xb
 846 00f6 27       		.uleb128 0x27
 847 00f7 19       		.uleb128 0x19
 848 00f8 49       		.uleb128 0x49
 849 00f9 13       		.uleb128 0x13
 850 00fa 3C       		.uleb128 0x3c
 851 00fb 19       		.uleb128 0x19
 852 00fc 00       		.byte	0
 853 00fd 00       		.byte	0
 854 00fe 12       		.uleb128 0x12
 855 00ff 2E       		.uleb128 0x2e
 856 0100 01       		.byte	0x1
 857 0101 3F       		.uleb128 0x3f
 858 0102 19       		.uleb128 0x19
 859 0103 03       		.uleb128 0x3
 860 0104 0E       		.uleb128 0xe
 861 0105 3A       		.uleb128 0x3a
 862 0106 0B       		.uleb128 0xb
 863 0107 3B       		.uleb128 0x3b
 864 0108 0B       		.uleb128 0xb
 865 0109 27       		.uleb128 0x27
 866 010a 19       		.uleb128 0x19
 867 010b 3C       		.uleb128 0x3c
 868 010c 19       		.uleb128 0x19
 869 010d 00       		.byte	0
 870 010e 00       		.byte	0
 871 010f 00       		.byte	0
 872              		.section	.debug_loc,"",%progbits
 873              	.Ldebug_loc0:
 874              	.LLST0:
 875 0000 00000000 		.4byte	.LVL0
 876 0004 12000000 		.4byte	.LVL1
 877 0008 0100     		.2byte	0x1
 878 000a 50       		.byte	0x50
 879 000b 12000000 		.4byte	.LVL1
 880 000f 24000000 		.4byte	.LVL5
 881 0013 0100     		.2byte	0x1
 882 0015 54       		.byte	0x54
 883 0016 24000000 		.4byte	.LVL5
 884 001a 26000000 		.4byte	.LVL6
ARM GAS  C:\Users\CHRIST~1\AppData\Local\Temp\cc562WrD.s 			page 18


 885 001e 0100     		.2byte	0x1
 886 0020 50       		.byte	0x50
 887 0021 26000000 		.4byte	.LVL6
 888 0025 7E000000 		.4byte	.LVL21
 889 0029 0100     		.2byte	0x1
 890 002b 54       		.byte	0x54
 891 002c 7E000000 		.4byte	.LVL21
 892 0030 84000000 		.4byte	.LFE57
 893 0034 0400     		.2byte	0x4
 894 0036 F3       		.byte	0xf3
 895 0037 01       		.uleb128 0x1
 896 0038 50       		.byte	0x50
 897 0039 9F       		.byte	0x9f
 898 003a 00000000 		.4byte	0
 899 003e 00000000 		.4byte	0
 900              		.section	.debug_aranges,"",%progbits
 901 0000 24000000 		.4byte	0x24
 902 0004 0200     		.2byte	0x2
 903 0006 00000000 		.4byte	.Ldebug_info0
 904 000a 04       		.byte	0x4
 905 000b 00       		.byte	0
 906 000c 0000     		.2byte	0
 907 000e 0000     		.2byte	0
 908 0010 00000000 		.4byte	.LFB57
 909 0014 84000000 		.4byte	.LFE57-.LFB57
 910 0018 00000000 		.4byte	.LFB56
 911 001c 40000000 		.4byte	.LFE56-.LFB56
 912 0020 00000000 		.4byte	0
 913 0024 00000000 		.4byte	0
 914              		.section	.debug_ranges,"",%progbits
 915              	.Ldebug_ranges0:
 916 0000 00000000 		.4byte	.LFB57
 917 0004 84000000 		.4byte	.LFE57
 918 0008 00000000 		.4byte	.LFB56
 919 000c 40000000 		.4byte	.LFE56
 920 0010 00000000 		.4byte	0
 921 0014 00000000 		.4byte	0
 922              		.section	.debug_line,"",%progbits
 923              	.Ldebug_line0:
 924 0000 EE010000 		.section	.debug_str,"MS",%progbits,1
 924      0200A101 
 924      00000201 
 924      FB0E0D00 
 924      01010101 
 925              	.LASF9:
 926 0000 5F5F696E 		.ascii	"__int32_t\000"
 926      7433325F 
 926      7400
 927              	.LASF15:
 928 000a 646F7562 		.ascii	"double\000"
 928      6C6500
 929              	.LASF14:
 930 0011 666C6F61 		.ascii	"float\000"
 930      7400
 931              	.LASF1:
 932 0017 756E7369 		.ascii	"unsigned char\000"
 932      676E6564 
ARM GAS  C:\Users\CHRIST~1\AppData\Local\Temp\cc562WrD.s 			page 19


 932      20636861 
 932      7200
 933              	.LASF28:
 934 0025 2E5C6D61 		.ascii	".\\main.c\000"
 934      696E2E63 
 934      00
 935              	.LASF18:
 936 002e 53686966 		.ascii	"Shift\000"
 936      7400
 937              	.LASF22:
 938 0034 73686966 		.ascii	"shifts\000"
 938      747300
 939              	.LASF3:
 940 003b 73686F72 		.ascii	"short unsigned int\000"
 940      7420756E 
 940      7369676E 
 940      65642069 
 940      6E7400
 941              	.LASF29:
 942 004e 433A5C55 		.ascii	"C:\\Users\\Christina\\Documents\\For_fun\\GitHub\\D"
 942      73657273 
 942      5C436872 
 942      69737469 
 942      6E615C44 
 943 007b 65707265 		.ascii	"eprecated\\ShiftingStandaloneNoise\\ShiftingStandal"
 943      63617465 
 943      645C5368 
 943      69667469 
 943      6E675374 
 944 00ac 6F6E654E 		.ascii	"oneNoise.cydsn\000"
 944      6F697365 
 944      2E637964 
 944      736E00
 945              	.LASF20:
 946 00bb 49544D5F 		.ascii	"ITM_RxBuffer\000"
 946      52784275 
 946      66666572 
 946      00
 947              	.LASF23:
 948 00c8 55705F53 		.ascii	"Up_Shift_Air_Write\000"
 948      68696674 
 948      5F416972 
 948      5F577269 
 948      746500
 949              	.LASF5:
 950 00db 6C6F6E67 		.ascii	"long unsigned int\000"
 950      20756E73 
 950      69676E65 
 950      6420696E 
 950      7400
 951              	.LASF12:
 952 00ed 75696E74 		.ascii	"uint16\000"
 952      313600
 953              	.LASF19:
 954 00f4 6D61696E 		.ascii	"main\000"
 954      00
 955              	.LASF31:
ARM GAS  C:\Users\CHRIST~1\AppData\Local\Temp\cc562WrD.s 			page 20


 956 00f9 43794465 		.ascii	"CyDelayUs\000"
 956      6C617955 
 956      7300
 957              	.LASF13:
 958 0103 75696E74 		.ascii	"uint32\000"
 958      333200
 959              	.LASF27:
 960 010a 474E5520 		.ascii	"GNU C 4.9.3 20150303 (release) [ARM/embedded-4_9-br"
 960      4320342E 
 960      392E3320 
 960      32303135 
 960      30333033 
 961 013d 616E6368 		.ascii	"anch revision 221220] -mcpu=cortex-m3 -mthumb -g -O"
 961      20726576 
 961      6973696F 
 961      6E203232 
 961      31323230 
 962 0170 67202D66 		.ascii	"g -ffunction-sections -ffat-lto-objects\000"
 962      66756E63 
 962      74696F6E 
 962      2D736563 
 962      74696F6E 
 963              	.LASF8:
 964 0198 756E7369 		.ascii	"unsigned int\000"
 964      676E6564 
 964      20696E74 
 964      00
 965              	.LASF25:
 966 01a5 456E6761 		.ascii	"Engage_Clutch_Write\000"
 966      67655F43 
 966      6C757463 
 966      685F5772 
 966      69746500 
 967              	.LASF7:
 968 01b9 6C6F6E67 		.ascii	"long long unsigned int\000"
 968      206C6F6E 
 968      6720756E 
 968      7369676E 
 968      65642069 
 969              	.LASF26:
 970 01d0 446F776E 		.ascii	"Down_Shift_Air_Write\000"
 970      5F536869 
 970      66745F41 
 970      69725F57 
 970      72697465 
 971              	.LASF30:
 972 01e5 53746565 		.ascii	"Steering_Wheel_Read\000"
 972      72696E67 
 972      5F576865 
 972      656C5F52 
 972      65616400 
 973              	.LASF10:
 974 01f9 696E7433 		.ascii	"int32_t\000"
 974      325F7400 
 975              	.LASF17:
 976 0201 73697A65 		.ascii	"sizetype\000"
 976      74797065 
ARM GAS  C:\Users\CHRIST~1\AppData\Local\Temp\cc562WrD.s 			page 21


 976      00
 977              	.LASF6:
 978 020a 6C6F6E67 		.ascii	"long long int\000"
 978      206C6F6E 
 978      6720696E 
 978      7400
 979              	.LASF16:
 980 0218 63686172 		.ascii	"char\000"
 980      00
 981              	.LASF2:
 982 021d 73686F72 		.ascii	"short int\000"
 982      7420696E 
 982      7400
 983              	.LASF11:
 984 0227 75696E74 		.ascii	"uint8\000"
 984      3800
 985              	.LASF21:
 986 022d 70616464 		.ascii	"paddle\000"
 986      6C6500
 987              	.LASF4:
 988 0234 6C6F6E67 		.ascii	"long int\000"
 988      20696E74 
 988      00
 989              	.LASF0:
 990 023d 7369676E 		.ascii	"signed char\000"
 990      65642063 
 990      68617200 
 991              	.LASF24:
 992 0249 43794465 		.ascii	"CyDelay\000"
 992      6C617900 
 993              		.ident	"GCC: (GNU Tools for ARM Embedded Processors) 4.9.3 20150303 (release) [ARM/embedded-4_9-br
