ARM GAS  C:\Users\CHRIST~1\AppData\Local\Temp\ccMeyTN9.s 			page 1


   1              		.syntax unified
   2              		.cpu cortex-m3
   3              		.fpu softvfp
   4              		.eabi_attribute 20, 1
   5              		.eabi_attribute 21, 1
   6              		.eabi_attribute 23, 3
   7              		.eabi_attribute 24, 1
   8              		.eabi_attribute 25, 1
   9              		.eabi_attribute 26, 1
  10              		.eabi_attribute 30, 1
  11              		.eabi_attribute 34, 1
  12              		.eabi_attribute 18, 4
  13              		.thumb
  14              		.file	"Steering_Wheel.c"
  15              		.text
  16              	.Ltext0:
  17              		.cfi_sections	.debug_frame
  18              		.section	.text.Steering_Wheel_Write,"ax",%progbits
  19              		.align	2
  20              		.global	Steering_Wheel_Write
  21              		.thumb
  22              		.thumb_func
  23              		.type	Steering_Wheel_Write, %function
  24              	Steering_Wheel_Write:
  25              	.LFB0:
  26              		.file 1 ".\\Generated_Source\\PSoC5\\Steering_Wheel.c"
   1:.\Generated_Source\PSoC5/Steering_Wheel.c **** /*******************************************************************************
   2:.\Generated_Source\PSoC5/Steering_Wheel.c **** * File Name: Steering_Wheel.c  
   3:.\Generated_Source\PSoC5/Steering_Wheel.c **** * Version 2.10
   4:.\Generated_Source\PSoC5/Steering_Wheel.c **** *
   5:.\Generated_Source\PSoC5/Steering_Wheel.c **** * Description:
   6:.\Generated_Source\PSoC5/Steering_Wheel.c **** *  This file contains API to enable firmware control of a Pins component.
   7:.\Generated_Source\PSoC5/Steering_Wheel.c **** *
   8:.\Generated_Source\PSoC5/Steering_Wheel.c **** * Note:
   9:.\Generated_Source\PSoC5/Steering_Wheel.c **** *
  10:.\Generated_Source\PSoC5/Steering_Wheel.c **** ********************************************************************************
  11:.\Generated_Source\PSoC5/Steering_Wheel.c **** * Copyright 2008-2014, Cypress Semiconductor Corporation.  All rights reserved.
  12:.\Generated_Source\PSoC5/Steering_Wheel.c **** * You may use this file only in accordance with the license, terms, conditions, 
  13:.\Generated_Source\PSoC5/Steering_Wheel.c **** * disclaimers, and limitations in the end user license agreement accompanying 
  14:.\Generated_Source\PSoC5/Steering_Wheel.c **** * the software package with which this file was provided.
  15:.\Generated_Source\PSoC5/Steering_Wheel.c **** *******************************************************************************/
  16:.\Generated_Source\PSoC5/Steering_Wheel.c **** 
  17:.\Generated_Source\PSoC5/Steering_Wheel.c **** #include "cytypes.h"
  18:.\Generated_Source\PSoC5/Steering_Wheel.c **** #include "Steering_Wheel.h"
  19:.\Generated_Source\PSoC5/Steering_Wheel.c **** 
  20:.\Generated_Source\PSoC5/Steering_Wheel.c **** /* APIs are not generated for P15[7:6] on PSoC 5 */
  21:.\Generated_Source\PSoC5/Steering_Wheel.c **** #if !(CY_PSOC5A &&\
  22:.\Generated_Source\PSoC5/Steering_Wheel.c **** 	 Steering_Wheel__PORT == 15 && ((Steering_Wheel__MASK & 0xC0) != 0))
  23:.\Generated_Source\PSoC5/Steering_Wheel.c **** 
  24:.\Generated_Source\PSoC5/Steering_Wheel.c **** 
  25:.\Generated_Source\PSoC5/Steering_Wheel.c **** /*******************************************************************************
  26:.\Generated_Source\PSoC5/Steering_Wheel.c **** * Function Name: Steering_Wheel_Write
  27:.\Generated_Source\PSoC5/Steering_Wheel.c **** ********************************************************************************
  28:.\Generated_Source\PSoC5/Steering_Wheel.c **** *
  29:.\Generated_Source\PSoC5/Steering_Wheel.c **** * Summary:
  30:.\Generated_Source\PSoC5/Steering_Wheel.c **** *  Assign a new value to the digital port's data output register.  
  31:.\Generated_Source\PSoC5/Steering_Wheel.c **** *
ARM GAS  C:\Users\CHRIST~1\AppData\Local\Temp\ccMeyTN9.s 			page 2


  32:.\Generated_Source\PSoC5/Steering_Wheel.c **** * Parameters:  
  33:.\Generated_Source\PSoC5/Steering_Wheel.c **** *  prtValue:  The value to be assigned to the Digital Port. 
  34:.\Generated_Source\PSoC5/Steering_Wheel.c **** *
  35:.\Generated_Source\PSoC5/Steering_Wheel.c **** * Return: 
  36:.\Generated_Source\PSoC5/Steering_Wheel.c **** *  None
  37:.\Generated_Source\PSoC5/Steering_Wheel.c **** *  
  38:.\Generated_Source\PSoC5/Steering_Wheel.c **** *******************************************************************************/
  39:.\Generated_Source\PSoC5/Steering_Wheel.c **** void Steering_Wheel_Write(uint8 value) 
  40:.\Generated_Source\PSoC5/Steering_Wheel.c **** {
  27              		.loc 1 40 0
  28              		.cfi_startproc
  29              		@ args = 0, pretend = 0, frame = 0
  30              		@ frame_needed = 0, uses_anonymous_args = 0
  31              		@ link register save eliminated.
  32              	.LVL0:
  41:.\Generated_Source\PSoC5/Steering_Wheel.c ****     uint8 staticBits = (Steering_Wheel_DR & (uint8)(~Steering_Wheel_MASK));
  33              		.loc 1 41 0
  34 0000 044A     		ldr	r2, .L2
  35 0002 1378     		ldrb	r3, [r2]	@ zero_extendqisi2
  36 0004 03F0E303 		and	r3, r3, #227
  37              	.LVL1:
  42:.\Generated_Source\PSoC5/Steering_Wheel.c ****     Steering_Wheel_DR = staticBits | ((uint8)(value << Steering_Wheel_SHIFT) & Steering_Wheel_MASK)
  38              		.loc 1 42 0
  39 0008 8000     		lsls	r0, r0, #2
  40              	.LVL2:
  41 000a 00F01C00 		and	r0, r0, #28
  42 000e 1843     		orrs	r0, r0, r3
  43 0010 1070     		strb	r0, [r2]
  44 0012 7047     		bx	lr
  45              	.L3:
  46              		.align	2
  47              	.L2:
  48 0014 00510040 		.word	1073762560
  49              		.cfi_endproc
  50              	.LFE0:
  51              		.size	Steering_Wheel_Write, .-Steering_Wheel_Write
  52              		.section	.text.Steering_Wheel_SetDriveMode,"ax",%progbits
  53              		.align	2
  54              		.global	Steering_Wheel_SetDriveMode
  55              		.thumb
  56              		.thumb_func
  57              		.type	Steering_Wheel_SetDriveMode, %function
  58              	Steering_Wheel_SetDriveMode:
  59              	.LFB1:
  43:.\Generated_Source\PSoC5/Steering_Wheel.c **** }
  44:.\Generated_Source\PSoC5/Steering_Wheel.c **** 
  45:.\Generated_Source\PSoC5/Steering_Wheel.c **** 
  46:.\Generated_Source\PSoC5/Steering_Wheel.c **** /*******************************************************************************
  47:.\Generated_Source\PSoC5/Steering_Wheel.c **** * Function Name: Steering_Wheel_SetDriveMode
  48:.\Generated_Source\PSoC5/Steering_Wheel.c **** ********************************************************************************
  49:.\Generated_Source\PSoC5/Steering_Wheel.c **** *
  50:.\Generated_Source\PSoC5/Steering_Wheel.c **** * Summary:
  51:.\Generated_Source\PSoC5/Steering_Wheel.c **** *  Change the drive mode on the pins of the port.
  52:.\Generated_Source\PSoC5/Steering_Wheel.c **** * 
  53:.\Generated_Source\PSoC5/Steering_Wheel.c **** * Parameters:  
  54:.\Generated_Source\PSoC5/Steering_Wheel.c **** *  mode:  Change the pins to one of the following drive modes.
  55:.\Generated_Source\PSoC5/Steering_Wheel.c **** *
ARM GAS  C:\Users\CHRIST~1\AppData\Local\Temp\ccMeyTN9.s 			page 3


  56:.\Generated_Source\PSoC5/Steering_Wheel.c **** *  Steering_Wheel_DM_STRONG     Strong Drive 
  57:.\Generated_Source\PSoC5/Steering_Wheel.c **** *  Steering_Wheel_DM_OD_HI      Open Drain, Drives High 
  58:.\Generated_Source\PSoC5/Steering_Wheel.c **** *  Steering_Wheel_DM_OD_LO      Open Drain, Drives Low 
  59:.\Generated_Source\PSoC5/Steering_Wheel.c **** *  Steering_Wheel_DM_RES_UP     Resistive Pull Up 
  60:.\Generated_Source\PSoC5/Steering_Wheel.c **** *  Steering_Wheel_DM_RES_DWN    Resistive Pull Down 
  61:.\Generated_Source\PSoC5/Steering_Wheel.c **** *  Steering_Wheel_DM_RES_UPDWN  Resistive Pull Up/Down 
  62:.\Generated_Source\PSoC5/Steering_Wheel.c **** *  Steering_Wheel_DM_DIG_HIZ    High Impedance Digital 
  63:.\Generated_Source\PSoC5/Steering_Wheel.c **** *  Steering_Wheel_DM_ALG_HIZ    High Impedance Analog 
  64:.\Generated_Source\PSoC5/Steering_Wheel.c **** *
  65:.\Generated_Source\PSoC5/Steering_Wheel.c **** * Return: 
  66:.\Generated_Source\PSoC5/Steering_Wheel.c **** *  None
  67:.\Generated_Source\PSoC5/Steering_Wheel.c **** *
  68:.\Generated_Source\PSoC5/Steering_Wheel.c **** *******************************************************************************/
  69:.\Generated_Source\PSoC5/Steering_Wheel.c **** void Steering_Wheel_SetDriveMode(uint8 mode) 
  70:.\Generated_Source\PSoC5/Steering_Wheel.c **** {
  60              		.loc 1 70 0
  61              		.cfi_startproc
  62              		@ args = 0, pretend = 0, frame = 0
  63              		@ frame_needed = 0, uses_anonymous_args = 0
  64              		@ link register save eliminated.
  65              	.LVL3:
  71:.\Generated_Source\PSoC5/Steering_Wheel.c **** 	CyPins_SetPinDriveMode(Steering_Wheel_0, mode);
  66              		.loc 1 71 0
  67 0000 0A4A     		ldr	r2, .L5
  68 0002 1378     		ldrb	r3, [r2]	@ zero_extendqisi2
  69 0004 00F00E00 		and	r0, r0, #14
  70              	.LVL4:
  71 0008 03F0F103 		and	r3, r3, #241
  72 000c 0343     		orrs	r3, r3, r0
  73 000e 1370     		strb	r3, [r2]
  72:.\Generated_Source\PSoC5/Steering_Wheel.c **** 	CyPins_SetPinDriveMode(Steering_Wheel_1, mode);
  74              		.loc 1 72 0
  75 0010 0132     		adds	r2, r2, #1
  76 0012 1378     		ldrb	r3, [r2]	@ zero_extendqisi2
  77 0014 03F0F103 		and	r3, r3, #241
  78 0018 0343     		orrs	r3, r3, r0
  79 001a 1370     		strb	r3, [r2]
  73:.\Generated_Source\PSoC5/Steering_Wheel.c **** 	CyPins_SetPinDriveMode(Steering_Wheel_2, mode);
  80              		.loc 1 73 0
  81 001c 0132     		adds	r2, r2, #1
  82 001e 1378     		ldrb	r3, [r2]	@ zero_extendqisi2
  83 0020 03F0F103 		and	r3, r3, #241
  84 0024 1843     		orrs	r0, r0, r3
  85 0026 1070     		strb	r0, [r2]
  86 0028 7047     		bx	lr
  87              	.L6:
  88 002a 00BF     		.align	2
  89              	.L5:
  90 002c 02500040 		.word	1073762306
  91              		.cfi_endproc
  92              	.LFE1:
  93              		.size	Steering_Wheel_SetDriveMode, .-Steering_Wheel_SetDriveMode
  94              		.section	.text.Steering_Wheel_Read,"ax",%progbits
  95              		.align	2
  96              		.global	Steering_Wheel_Read
  97              		.thumb
  98              		.thumb_func
ARM GAS  C:\Users\CHRIST~1\AppData\Local\Temp\ccMeyTN9.s 			page 4


  99              		.type	Steering_Wheel_Read, %function
 100              	Steering_Wheel_Read:
 101              	.LFB2:
  74:.\Generated_Source\PSoC5/Steering_Wheel.c **** }
  75:.\Generated_Source\PSoC5/Steering_Wheel.c **** 
  76:.\Generated_Source\PSoC5/Steering_Wheel.c **** 
  77:.\Generated_Source\PSoC5/Steering_Wheel.c **** /*******************************************************************************
  78:.\Generated_Source\PSoC5/Steering_Wheel.c **** * Function Name: Steering_Wheel_Read
  79:.\Generated_Source\PSoC5/Steering_Wheel.c **** ********************************************************************************
  80:.\Generated_Source\PSoC5/Steering_Wheel.c **** *
  81:.\Generated_Source\PSoC5/Steering_Wheel.c **** * Summary:
  82:.\Generated_Source\PSoC5/Steering_Wheel.c **** *  Read the current value on the pins of the Digital Port in right justified 
  83:.\Generated_Source\PSoC5/Steering_Wheel.c **** *  form.
  84:.\Generated_Source\PSoC5/Steering_Wheel.c **** *
  85:.\Generated_Source\PSoC5/Steering_Wheel.c **** * Parameters:  
  86:.\Generated_Source\PSoC5/Steering_Wheel.c **** *  None
  87:.\Generated_Source\PSoC5/Steering_Wheel.c **** *
  88:.\Generated_Source\PSoC5/Steering_Wheel.c **** * Return: 
  89:.\Generated_Source\PSoC5/Steering_Wheel.c **** *  Returns the current value of the Digital Port as a right justified number
  90:.\Generated_Source\PSoC5/Steering_Wheel.c **** *  
  91:.\Generated_Source\PSoC5/Steering_Wheel.c **** * Note:
  92:.\Generated_Source\PSoC5/Steering_Wheel.c **** *  Macro Steering_Wheel_ReadPS calls this function. 
  93:.\Generated_Source\PSoC5/Steering_Wheel.c **** *  
  94:.\Generated_Source\PSoC5/Steering_Wheel.c **** *******************************************************************************/
  95:.\Generated_Source\PSoC5/Steering_Wheel.c **** uint8 Steering_Wheel_Read(void) 
  96:.\Generated_Source\PSoC5/Steering_Wheel.c **** {
 102              		.loc 1 96 0
 103              		.cfi_startproc
 104              		@ args = 0, pretend = 0, frame = 0
 105              		@ frame_needed = 0, uses_anonymous_args = 0
 106              		@ link register save eliminated.
  97:.\Generated_Source\PSoC5/Steering_Wheel.c ****     return (Steering_Wheel_PS & Steering_Wheel_MASK) >> Steering_Wheel_SHIFT;
 107              		.loc 1 97 0
 108 0000 024B     		ldr	r3, .L8
 109 0002 1878     		ldrb	r0, [r3]	@ zero_extendqisi2
  98:.\Generated_Source\PSoC5/Steering_Wheel.c **** }
 110              		.loc 1 98 0
 111 0004 C0F38200 		ubfx	r0, r0, #2, #3
 112 0008 7047     		bx	lr
 113              	.L9:
 114 000a 00BF     		.align	2
 115              	.L8:
 116 000c 01510040 		.word	1073762561
 117              		.cfi_endproc
 118              	.LFE2:
 119              		.size	Steering_Wheel_Read, .-Steering_Wheel_Read
 120              		.section	.text.Steering_Wheel_ReadDataReg,"ax",%progbits
 121              		.align	2
 122              		.global	Steering_Wheel_ReadDataReg
 123              		.thumb
 124              		.thumb_func
 125              		.type	Steering_Wheel_ReadDataReg, %function
 126              	Steering_Wheel_ReadDataReg:
 127              	.LFB3:
  99:.\Generated_Source\PSoC5/Steering_Wheel.c **** 
 100:.\Generated_Source\PSoC5/Steering_Wheel.c **** 
 101:.\Generated_Source\PSoC5/Steering_Wheel.c **** /*******************************************************************************
ARM GAS  C:\Users\CHRIST~1\AppData\Local\Temp\ccMeyTN9.s 			page 5


 102:.\Generated_Source\PSoC5/Steering_Wheel.c **** * Function Name: Steering_Wheel_ReadDataReg
 103:.\Generated_Source\PSoC5/Steering_Wheel.c **** ********************************************************************************
 104:.\Generated_Source\PSoC5/Steering_Wheel.c **** *
 105:.\Generated_Source\PSoC5/Steering_Wheel.c **** * Summary:
 106:.\Generated_Source\PSoC5/Steering_Wheel.c **** *  Read the current value assigned to a Digital Port's data output register
 107:.\Generated_Source\PSoC5/Steering_Wheel.c **** *
 108:.\Generated_Source\PSoC5/Steering_Wheel.c **** * Parameters:  
 109:.\Generated_Source\PSoC5/Steering_Wheel.c **** *  None 
 110:.\Generated_Source\PSoC5/Steering_Wheel.c **** *
 111:.\Generated_Source\PSoC5/Steering_Wheel.c **** * Return: 
 112:.\Generated_Source\PSoC5/Steering_Wheel.c **** *  Returns the current value assigned to the Digital Port's data output register
 113:.\Generated_Source\PSoC5/Steering_Wheel.c **** *  
 114:.\Generated_Source\PSoC5/Steering_Wheel.c **** *******************************************************************************/
 115:.\Generated_Source\PSoC5/Steering_Wheel.c **** uint8 Steering_Wheel_ReadDataReg(void) 
 116:.\Generated_Source\PSoC5/Steering_Wheel.c **** {
 128              		.loc 1 116 0
 129              		.cfi_startproc
 130              		@ args = 0, pretend = 0, frame = 0
 131              		@ frame_needed = 0, uses_anonymous_args = 0
 132              		@ link register save eliminated.
 117:.\Generated_Source\PSoC5/Steering_Wheel.c ****     return (Steering_Wheel_DR & Steering_Wheel_MASK) >> Steering_Wheel_SHIFT;
 133              		.loc 1 117 0
 134 0000 024B     		ldr	r3, .L11
 135 0002 1878     		ldrb	r0, [r3]	@ zero_extendqisi2
 118:.\Generated_Source\PSoC5/Steering_Wheel.c **** }
 136              		.loc 1 118 0
 137 0004 C0F38200 		ubfx	r0, r0, #2, #3
 138 0008 7047     		bx	lr
 139              	.L12:
 140 000a 00BF     		.align	2
 141              	.L11:
 142 000c 00510040 		.word	1073762560
 143              		.cfi_endproc
 144              	.LFE3:
 145              		.size	Steering_Wheel_ReadDataReg, .-Steering_Wheel_ReadDataReg
 146              		.text
 147              	.Letext0:
 148              		.file 2 ".\\Generated_Source\\PSoC5\\cytypes.h"
 149              		.section	.debug_info,"",%progbits
 150              	.Ldebug_info0:
 151 0000 1A010000 		.4byte	0x11a
 152 0004 0400     		.2byte	0x4
 153 0006 00000000 		.4byte	.Ldebug_abbrev0
 154 000a 04       		.byte	0x4
 155 000b 01       		.uleb128 0x1
 156 000c F4000000 		.4byte	.LASF20
 157 0010 01       		.byte	0x1
 158 0011 EB010000 		.4byte	.LASF21
 159 0015 64000000 		.4byte	.LASF22
 160 0019 00000000 		.4byte	.Ldebug_ranges0+0
 161 001d 00000000 		.4byte	0
 162 0021 00000000 		.4byte	.Ldebug_line0
 163 0025 02       		.uleb128 0x2
 164 0026 01       		.byte	0x1
 165 0027 06       		.byte	0x6
 166 0028 15020000 		.4byte	.LASF0
 167 002c 02       		.uleb128 0x2
ARM GAS  C:\Users\CHRIST~1\AppData\Local\Temp\ccMeyTN9.s 			page 6


 168 002d 01       		.byte	0x1
 169 002e 08       		.byte	0x8
 170 002f 2C000000 		.4byte	.LASF1
 171 0033 02       		.uleb128 0x2
 172 0034 02       		.byte	0x2
 173 0035 05       		.byte	0x5
 174 0036 D2010000 		.4byte	.LASF2
 175 003a 02       		.uleb128 0x2
 176 003b 02       		.byte	0x2
 177 003c 07       		.byte	0x7
 178 003d 51000000 		.4byte	.LASF3
 179 0041 02       		.uleb128 0x2
 180 0042 04       		.byte	0x4
 181 0043 05       		.byte	0x5
 182 0044 E2010000 		.4byte	.LASF4
 183 0048 02       		.uleb128 0x2
 184 0049 04       		.byte	0x4
 185 004a 07       		.byte	0x7
 186 004b 3F000000 		.4byte	.LASF5
 187 004f 02       		.uleb128 0x2
 188 0050 08       		.byte	0x8
 189 0051 05       		.byte	0x5
 190 0052 BF010000 		.4byte	.LASF6
 191 0056 02       		.uleb128 0x2
 192 0057 08       		.byte	0x8
 193 0058 07       		.byte	0x7
 194 0059 8F010000 		.4byte	.LASF7
 195 005d 03       		.uleb128 0x3
 196 005e 04       		.byte	0x4
 197 005f 05       		.byte	0x5
 198 0060 696E7400 		.ascii	"int\000"
 199 0064 02       		.uleb128 0x2
 200 0065 04       		.byte	0x4
 201 0066 07       		.byte	0x7
 202 0067 82010000 		.4byte	.LASF8
 203 006b 04       		.uleb128 0x4
 204 006c DC010000 		.4byte	.LASF12
 205 0070 02       		.byte	0x2
 206 0071 A1       		.byte	0xa1
 207 0072 2C000000 		.4byte	0x2c
 208 0076 02       		.uleb128 0x2
 209 0077 04       		.byte	0x4
 210 0078 04       		.byte	0x4
 211 0079 11000000 		.4byte	.LASF9
 212 007d 02       		.uleb128 0x2
 213 007e 08       		.byte	0x8
 214 007f 04       		.byte	0x4
 215 0080 ED000000 		.4byte	.LASF10
 216 0084 02       		.uleb128 0x2
 217 0085 01       		.byte	0x1
 218 0086 08       		.byte	0x8
 219 0087 CD010000 		.4byte	.LASF11
 220 008b 05       		.uleb128 0x5
 221 008c 3A000000 		.4byte	.LASF13
 222 0090 02       		.byte	0x2
 223 0091 4B01     		.2byte	0x14b
 224 0093 97000000 		.4byte	0x97
ARM GAS  C:\Users\CHRIST~1\AppData\Local\Temp\ccMeyTN9.s 			page 7


 225 0097 06       		.uleb128 0x6
 226 0098 6B000000 		.4byte	0x6b
 227 009c 07       		.uleb128 0x7
 228 009d 17000000 		.4byte	.LASF14
 229 00a1 01       		.byte	0x1
 230 00a2 27       		.byte	0x27
 231 00a3 00000000 		.4byte	.LFB0
 232 00a7 18000000 		.4byte	.LFE0-.LFB0
 233 00ab 01       		.uleb128 0x1
 234 00ac 9C       		.byte	0x9c
 235 00ad CE000000 		.4byte	0xce
 236 00b1 08       		.uleb128 0x8
 237 00b2 00000000 		.4byte	.LASF16
 238 00b6 01       		.byte	0x1
 239 00b7 27       		.byte	0x27
 240 00b8 6B000000 		.4byte	0x6b
 241 00bc 00000000 		.4byte	.LLST0
 242 00c0 09       		.uleb128 0x9
 243 00c1 06000000 		.4byte	.LASF23
 244 00c5 01       		.byte	0x1
 245 00c6 29       		.byte	0x29
 246 00c7 6B000000 		.4byte	0x6b
 247 00cb 01       		.uleb128 0x1
 248 00cc 53       		.byte	0x53
 249 00cd 00       		.byte	0
 250 00ce 07       		.uleb128 0x7
 251 00cf D1000000 		.4byte	.LASF15
 252 00d3 01       		.byte	0x1
 253 00d4 45       		.byte	0x45
 254 00d5 00000000 		.4byte	.LFB1
 255 00d9 30000000 		.4byte	.LFE1-.LFB1
 256 00dd 01       		.uleb128 0x1
 257 00de 9C       		.byte	0x9c
 258 00df F3000000 		.4byte	0xf3
 259 00e3 08       		.uleb128 0x8
 260 00e4 A6010000 		.4byte	.LASF17
 261 00e8 01       		.byte	0x1
 262 00e9 45       		.byte	0x45
 263 00ea 6B000000 		.4byte	0x6b
 264 00ee 21000000 		.4byte	.LLST1
 265 00f2 00       		.byte	0
 266 00f3 0A       		.uleb128 0xa
 267 00f4 AB010000 		.4byte	.LASF18
 268 00f8 01       		.byte	0x1
 269 00f9 5F       		.byte	0x5f
 270 00fa 6B000000 		.4byte	0x6b
 271 00fe 00000000 		.4byte	.LFB2
 272 0102 10000000 		.4byte	.LFE2-.LFB2
 273 0106 01       		.uleb128 0x1
 274 0107 9C       		.byte	0x9c
 275 0108 0A       		.uleb128 0xa
 276 0109 21020000 		.4byte	.LASF19
 277 010d 01       		.byte	0x1
 278 010e 73       		.byte	0x73
 279 010f 6B000000 		.4byte	0x6b
 280 0113 00000000 		.4byte	.LFB3
 281 0117 10000000 		.4byte	.LFE3-.LFB3
ARM GAS  C:\Users\CHRIST~1\AppData\Local\Temp\ccMeyTN9.s 			page 8


 282 011b 01       		.uleb128 0x1
 283 011c 9C       		.byte	0x9c
 284 011d 00       		.byte	0
 285              		.section	.debug_abbrev,"",%progbits
 286              	.Ldebug_abbrev0:
 287 0000 01       		.uleb128 0x1
 288 0001 11       		.uleb128 0x11
 289 0002 01       		.byte	0x1
 290 0003 25       		.uleb128 0x25
 291 0004 0E       		.uleb128 0xe
 292 0005 13       		.uleb128 0x13
 293 0006 0B       		.uleb128 0xb
 294 0007 03       		.uleb128 0x3
 295 0008 0E       		.uleb128 0xe
 296 0009 1B       		.uleb128 0x1b
 297 000a 0E       		.uleb128 0xe
 298 000b 55       		.uleb128 0x55
 299 000c 17       		.uleb128 0x17
 300 000d 11       		.uleb128 0x11
 301 000e 01       		.uleb128 0x1
 302 000f 10       		.uleb128 0x10
 303 0010 17       		.uleb128 0x17
 304 0011 00       		.byte	0
 305 0012 00       		.byte	0
 306 0013 02       		.uleb128 0x2
 307 0014 24       		.uleb128 0x24
 308 0015 00       		.byte	0
 309 0016 0B       		.uleb128 0xb
 310 0017 0B       		.uleb128 0xb
 311 0018 3E       		.uleb128 0x3e
 312 0019 0B       		.uleb128 0xb
 313 001a 03       		.uleb128 0x3
 314 001b 0E       		.uleb128 0xe
 315 001c 00       		.byte	0
 316 001d 00       		.byte	0
 317 001e 03       		.uleb128 0x3
 318 001f 24       		.uleb128 0x24
 319 0020 00       		.byte	0
 320 0021 0B       		.uleb128 0xb
 321 0022 0B       		.uleb128 0xb
 322 0023 3E       		.uleb128 0x3e
 323 0024 0B       		.uleb128 0xb
 324 0025 03       		.uleb128 0x3
 325 0026 08       		.uleb128 0x8
 326 0027 00       		.byte	0
 327 0028 00       		.byte	0
 328 0029 04       		.uleb128 0x4
 329 002a 16       		.uleb128 0x16
 330 002b 00       		.byte	0
 331 002c 03       		.uleb128 0x3
 332 002d 0E       		.uleb128 0xe
 333 002e 3A       		.uleb128 0x3a
 334 002f 0B       		.uleb128 0xb
 335 0030 3B       		.uleb128 0x3b
 336 0031 0B       		.uleb128 0xb
 337 0032 49       		.uleb128 0x49
 338 0033 13       		.uleb128 0x13
ARM GAS  C:\Users\CHRIST~1\AppData\Local\Temp\ccMeyTN9.s 			page 9


 339 0034 00       		.byte	0
 340 0035 00       		.byte	0
 341 0036 05       		.uleb128 0x5
 342 0037 16       		.uleb128 0x16
 343 0038 00       		.byte	0
 344 0039 03       		.uleb128 0x3
 345 003a 0E       		.uleb128 0xe
 346 003b 3A       		.uleb128 0x3a
 347 003c 0B       		.uleb128 0xb
 348 003d 3B       		.uleb128 0x3b
 349 003e 05       		.uleb128 0x5
 350 003f 49       		.uleb128 0x49
 351 0040 13       		.uleb128 0x13
 352 0041 00       		.byte	0
 353 0042 00       		.byte	0
 354 0043 06       		.uleb128 0x6
 355 0044 35       		.uleb128 0x35
 356 0045 00       		.byte	0
 357 0046 49       		.uleb128 0x49
 358 0047 13       		.uleb128 0x13
 359 0048 00       		.byte	0
 360 0049 00       		.byte	0
 361 004a 07       		.uleb128 0x7
 362 004b 2E       		.uleb128 0x2e
 363 004c 01       		.byte	0x1
 364 004d 3F       		.uleb128 0x3f
 365 004e 19       		.uleb128 0x19
 366 004f 03       		.uleb128 0x3
 367 0050 0E       		.uleb128 0xe
 368 0051 3A       		.uleb128 0x3a
 369 0052 0B       		.uleb128 0xb
 370 0053 3B       		.uleb128 0x3b
 371 0054 0B       		.uleb128 0xb
 372 0055 27       		.uleb128 0x27
 373 0056 19       		.uleb128 0x19
 374 0057 11       		.uleb128 0x11
 375 0058 01       		.uleb128 0x1
 376 0059 12       		.uleb128 0x12
 377 005a 06       		.uleb128 0x6
 378 005b 40       		.uleb128 0x40
 379 005c 18       		.uleb128 0x18
 380 005d 9742     		.uleb128 0x2117
 381 005f 19       		.uleb128 0x19
 382 0060 01       		.uleb128 0x1
 383 0061 13       		.uleb128 0x13
 384 0062 00       		.byte	0
 385 0063 00       		.byte	0
 386 0064 08       		.uleb128 0x8
 387 0065 05       		.uleb128 0x5
 388 0066 00       		.byte	0
 389 0067 03       		.uleb128 0x3
 390 0068 0E       		.uleb128 0xe
 391 0069 3A       		.uleb128 0x3a
 392 006a 0B       		.uleb128 0xb
 393 006b 3B       		.uleb128 0x3b
 394 006c 0B       		.uleb128 0xb
 395 006d 49       		.uleb128 0x49
ARM GAS  C:\Users\CHRIST~1\AppData\Local\Temp\ccMeyTN9.s 			page 10


 396 006e 13       		.uleb128 0x13
 397 006f 02       		.uleb128 0x2
 398 0070 17       		.uleb128 0x17
 399 0071 00       		.byte	0
 400 0072 00       		.byte	0
 401 0073 09       		.uleb128 0x9
 402 0074 34       		.uleb128 0x34
 403 0075 00       		.byte	0
 404 0076 03       		.uleb128 0x3
 405 0077 0E       		.uleb128 0xe
 406 0078 3A       		.uleb128 0x3a
 407 0079 0B       		.uleb128 0xb
 408 007a 3B       		.uleb128 0x3b
 409 007b 0B       		.uleb128 0xb
 410 007c 49       		.uleb128 0x49
 411 007d 13       		.uleb128 0x13
 412 007e 02       		.uleb128 0x2
 413 007f 18       		.uleb128 0x18
 414 0080 00       		.byte	0
 415 0081 00       		.byte	0
 416 0082 0A       		.uleb128 0xa
 417 0083 2E       		.uleb128 0x2e
 418 0084 00       		.byte	0
 419 0085 3F       		.uleb128 0x3f
 420 0086 19       		.uleb128 0x19
 421 0087 03       		.uleb128 0x3
 422 0088 0E       		.uleb128 0xe
 423 0089 3A       		.uleb128 0x3a
 424 008a 0B       		.uleb128 0xb
 425 008b 3B       		.uleb128 0x3b
 426 008c 0B       		.uleb128 0xb
 427 008d 27       		.uleb128 0x27
 428 008e 19       		.uleb128 0x19
 429 008f 49       		.uleb128 0x49
 430 0090 13       		.uleb128 0x13
 431 0091 11       		.uleb128 0x11
 432 0092 01       		.uleb128 0x1
 433 0093 12       		.uleb128 0x12
 434 0094 06       		.uleb128 0x6
 435 0095 40       		.uleb128 0x40
 436 0096 18       		.uleb128 0x18
 437 0097 9742     		.uleb128 0x2117
 438 0099 19       		.uleb128 0x19
 439 009a 00       		.byte	0
 440 009b 00       		.byte	0
 441 009c 00       		.byte	0
 442              		.section	.debug_loc,"",%progbits
 443              	.Ldebug_loc0:
 444              	.LLST0:
 445 0000 00000000 		.4byte	.LVL0
 446 0004 0A000000 		.4byte	.LVL2
 447 0008 0100     		.2byte	0x1
 448 000a 50       		.byte	0x50
 449 000b 0A000000 		.4byte	.LVL2
 450 000f 18000000 		.4byte	.LFE0
 451 0013 0400     		.2byte	0x4
 452 0015 F3       		.byte	0xf3
ARM GAS  C:\Users\CHRIST~1\AppData\Local\Temp\ccMeyTN9.s 			page 11


 453 0016 01       		.uleb128 0x1
 454 0017 50       		.byte	0x50
 455 0018 9F       		.byte	0x9f
 456 0019 00000000 		.4byte	0
 457 001d 00000000 		.4byte	0
 458              	.LLST1:
 459 0021 00000000 		.4byte	.LVL3
 460 0025 08000000 		.4byte	.LVL4
 461 0029 0100     		.2byte	0x1
 462 002b 50       		.byte	0x50
 463 002c 08000000 		.4byte	.LVL4
 464 0030 30000000 		.4byte	.LFE1
 465 0034 0400     		.2byte	0x4
 466 0036 F3       		.byte	0xf3
 467 0037 01       		.uleb128 0x1
 468 0038 50       		.byte	0x50
 469 0039 9F       		.byte	0x9f
 470 003a 00000000 		.4byte	0
 471 003e 00000000 		.4byte	0
 472              		.section	.debug_aranges,"",%progbits
 473 0000 34000000 		.4byte	0x34
 474 0004 0200     		.2byte	0x2
 475 0006 00000000 		.4byte	.Ldebug_info0
 476 000a 04       		.byte	0x4
 477 000b 00       		.byte	0
 478 000c 0000     		.2byte	0
 479 000e 0000     		.2byte	0
 480 0010 00000000 		.4byte	.LFB0
 481 0014 18000000 		.4byte	.LFE0-.LFB0
 482 0018 00000000 		.4byte	.LFB1
 483 001c 30000000 		.4byte	.LFE1-.LFB1
 484 0020 00000000 		.4byte	.LFB2
 485 0024 10000000 		.4byte	.LFE2-.LFB2
 486 0028 00000000 		.4byte	.LFB3
 487 002c 10000000 		.4byte	.LFE3-.LFB3
 488 0030 00000000 		.4byte	0
 489 0034 00000000 		.4byte	0
 490              		.section	.debug_ranges,"",%progbits
 491              	.Ldebug_ranges0:
 492 0000 00000000 		.4byte	.LFB0
 493 0004 18000000 		.4byte	.LFE0
 494 0008 00000000 		.4byte	.LFB1
 495 000c 30000000 		.4byte	.LFE1
 496 0010 00000000 		.4byte	.LFB2
 497 0014 10000000 		.4byte	.LFE2
 498 0018 00000000 		.4byte	.LFB3
 499 001c 10000000 		.4byte	.LFE3
 500 0020 00000000 		.4byte	0
 501 0024 00000000 		.4byte	0
 502              		.section	.debug_line,"",%progbits
 503              	.Ldebug_line0:
 504 0000 9B000000 		.section	.debug_str,"MS",%progbits,1
 504      02004D00 
 504      00000201 
 504      FB0E0D00 
 504      01010101 
 505              	.LASF16:
ARM GAS  C:\Users\CHRIST~1\AppData\Local\Temp\ccMeyTN9.s 			page 12


 506 0000 76616C75 		.ascii	"value\000"
 506      6500
 507              	.LASF23:
 508 0006 73746174 		.ascii	"staticBits\000"
 508      69634269 
 508      747300
 509              	.LASF9:
 510 0011 666C6F61 		.ascii	"float\000"
 510      7400
 511              	.LASF14:
 512 0017 53746565 		.ascii	"Steering_Wheel_Write\000"
 512      72696E67 
 512      5F576865 
 512      656C5F57 
 512      72697465 
 513              	.LASF1:
 514 002c 756E7369 		.ascii	"unsigned char\000"
 514      676E6564 
 514      20636861 
 514      7200
 515              	.LASF13:
 516 003a 72656738 		.ascii	"reg8\000"
 516      00
 517              	.LASF5:
 518 003f 6C6F6E67 		.ascii	"long unsigned int\000"
 518      20756E73 
 518      69676E65 
 518      6420696E 
 518      7400
 519              	.LASF3:
 520 0051 73686F72 		.ascii	"short unsigned int\000"
 520      7420756E 
 520      7369676E 
 520      65642069 
 520      6E7400
 521              	.LASF22:
 522 0064 433A5C55 		.ascii	"C:\\Users\\Christina\\Documents\\For_fun\\GitHub\\D"
 522      73657273 
 522      5C436872 
 522      69737469 
 522      6E615C44 
 523 0091 65707265 		.ascii	"eprecated\\ShiftingStandaloneNoise\\ShiftingStandal"
 523      63617465 
 523      645C5368 
 523      69667469 
 523      6E675374 
 524 00c2 6F6E654E 		.ascii	"oneNoise.cydsn\000"
 524      6F697365 
 524      2E637964 
 524      736E00
 525              	.LASF15:
 526 00d1 53746565 		.ascii	"Steering_Wheel_SetDriveMode\000"
 526      72696E67 
 526      5F576865 
 526      656C5F53 
 526      65744472 
 527              	.LASF10:
ARM GAS  C:\Users\CHRIST~1\AppData\Local\Temp\ccMeyTN9.s 			page 13


 528 00ed 646F7562 		.ascii	"double\000"
 528      6C6500
 529              	.LASF20:
 530 00f4 474E5520 		.ascii	"GNU C 4.9.3 20150303 (release) [ARM/embedded-4_9-br"
 530      4320342E 
 530      392E3320 
 530      32303135 
 530      30333033 
 531 0127 616E6368 		.ascii	"anch revision 221220] -mcpu=cortex-m3 -mthumb -g -O"
 531      20726576 
 531      6973696F 
 531      6E203232 
 531      31323230 
 532 015a 67202D66 		.ascii	"g -ffunction-sections -ffat-lto-objects\000"
 532      66756E63 
 532      74696F6E 
 532      2D736563 
 532      74696F6E 
 533              	.LASF8:
 534 0182 756E7369 		.ascii	"unsigned int\000"
 534      676E6564 
 534      20696E74 
 534      00
 535              	.LASF7:
 536 018f 6C6F6E67 		.ascii	"long long unsigned int\000"
 536      206C6F6E 
 536      6720756E 
 536      7369676E 
 536      65642069 
 537              	.LASF17:
 538 01a6 6D6F6465 		.ascii	"mode\000"
 538      00
 539              	.LASF18:
 540 01ab 53746565 		.ascii	"Steering_Wheel_Read\000"
 540      72696E67 
 540      5F576865 
 540      656C5F52 
 540      65616400 
 541              	.LASF6:
 542 01bf 6C6F6E67 		.ascii	"long long int\000"
 542      206C6F6E 
 542      6720696E 
 542      7400
 543              	.LASF11:
 544 01cd 63686172 		.ascii	"char\000"
 544      00
 545              	.LASF2:
 546 01d2 73686F72 		.ascii	"short int\000"
 546      7420696E 
 546      7400
 547              	.LASF12:
 548 01dc 75696E74 		.ascii	"uint8\000"
 548      3800
 549              	.LASF4:
 550 01e2 6C6F6E67 		.ascii	"long int\000"
 550      20696E74 
 550      00
ARM GAS  C:\Users\CHRIST~1\AppData\Local\Temp\ccMeyTN9.s 			page 14


 551              	.LASF21:
 552 01eb 2E5C4765 		.ascii	".\\Generated_Source\\PSoC5\\Steering_Wheel.c\000"
 552      6E657261 
 552      7465645F 
 552      536F7572 
 552      63655C50 
 553              	.LASF0:
 554 0215 7369676E 		.ascii	"signed char\000"
 554      65642063 
 554      68617200 
 555              	.LASF19:
 556 0221 53746565 		.ascii	"Steering_Wheel_ReadDataReg\000"
 556      72696E67 
 556      5F576865 
 556      656C5F52 
 556      65616444 
 557              		.ident	"GCC: (GNU Tools for ARM Embedded Processors) 4.9.3 20150303 (release) [ARM/embedded-4_9-br
