ARM GAS  C:\Users\CHRIST~1\AppData\Local\Temp\ccWRMeJR.s 			page 1


   1              		.cpu cortex-m0
   2              		.fpu softvfp
   3              		.eabi_attribute 20, 1
   4              		.eabi_attribute 21, 1
   5              		.eabi_attribute 23, 3
   6              		.eabi_attribute 24, 1
   7              		.eabi_attribute 25, 1
   8              		.eabi_attribute 26, 1
   9              		.eabi_attribute 30, 6
  10              		.eabi_attribute 34, 0
  11              		.eabi_attribute 18, 4
  12              		.code	16
  13              		.file	"I2C_MPU6050_I2C.c"
  14              		.text
  15              	.Ltext0:
  16              		.cfi_sections	.debug_frame
  17              		.comm	I2C_MPU6050_state,1,1
  18              		.section	.text.I2C_MPU6050_I2CInit,"ax",%progbits
  19              		.align	2
  20              		.global	I2C_MPU6050_I2CInit
  21              		.code	16
  22              		.thumb_func
  23              		.type	I2C_MPU6050_I2CInit, %function
  24              	I2C_MPU6050_I2CInit:
  25              	.LFB2:
  26              		.file 1 ".\\Generated_Source\\PSoC4\\I2C_MPU6050_I2C.c"
   1:.\Generated_Source\PSoC4/I2C_MPU6050_I2C.c **** /*******************************************************************************
   2:.\Generated_Source\PSoC4/I2C_MPU6050_I2C.c **** * File Name: I2C_MPU6050_I2C.c
   3:.\Generated_Source\PSoC4/I2C_MPU6050_I2C.c **** * Version 2.0
   4:.\Generated_Source\PSoC4/I2C_MPU6050_I2C.c **** *
   5:.\Generated_Source\PSoC4/I2C_MPU6050_I2C.c **** * Description:
   6:.\Generated_Source\PSoC4/I2C_MPU6050_I2C.c **** *  This file provides the source code to the API for the SCB Component in
   7:.\Generated_Source\PSoC4/I2C_MPU6050_I2C.c **** *  I2C mode.
   8:.\Generated_Source\PSoC4/I2C_MPU6050_I2C.c **** *
   9:.\Generated_Source\PSoC4/I2C_MPU6050_I2C.c **** * Note:
  10:.\Generated_Source\PSoC4/I2C_MPU6050_I2C.c **** *
  11:.\Generated_Source\PSoC4/I2C_MPU6050_I2C.c **** *******************************************************************************
  12:.\Generated_Source\PSoC4/I2C_MPU6050_I2C.c **** * Copyright 2013-2014, Cypress Semiconductor Corporation.  All rights reserved.
  13:.\Generated_Source\PSoC4/I2C_MPU6050_I2C.c **** * You may use this file only in accordance with the license, terms, conditions,
  14:.\Generated_Source\PSoC4/I2C_MPU6050_I2C.c **** * disclaimers, and limitations in the end user license agreement accompanying
  15:.\Generated_Source\PSoC4/I2C_MPU6050_I2C.c **** * the software package with which this file was provided.
  16:.\Generated_Source\PSoC4/I2C_MPU6050_I2C.c **** *******************************************************************************/
  17:.\Generated_Source\PSoC4/I2C_MPU6050_I2C.c **** 
  18:.\Generated_Source\PSoC4/I2C_MPU6050_I2C.c **** #include "I2C_MPU6050_PVT.h"
  19:.\Generated_Source\PSoC4/I2C_MPU6050_I2C.c **** #include "I2C_MPU6050_I2C_PVT.h"
  20:.\Generated_Source\PSoC4/I2C_MPU6050_I2C.c **** 
  21:.\Generated_Source\PSoC4/I2C_MPU6050_I2C.c **** 
  22:.\Generated_Source\PSoC4/I2C_MPU6050_I2C.c **** /***************************************
  23:.\Generated_Source\PSoC4/I2C_MPU6050_I2C.c **** *      I2C Private Vars
  24:.\Generated_Source\PSoC4/I2C_MPU6050_I2C.c **** ***************************************/
  25:.\Generated_Source\PSoC4/I2C_MPU6050_I2C.c **** 
  26:.\Generated_Source\PSoC4/I2C_MPU6050_I2C.c **** volatile uint8 I2C_MPU6050_state;  /* Current state of I2C FSM */
  27:.\Generated_Source\PSoC4/I2C_MPU6050_I2C.c **** 
  28:.\Generated_Source\PSoC4/I2C_MPU6050_I2C.c **** #if(I2C_MPU6050_SCB_MODE_UNCONFIG_CONST_CFG)
  29:.\Generated_Source\PSoC4/I2C_MPU6050_I2C.c **** 
  30:.\Generated_Source\PSoC4/I2C_MPU6050_I2C.c ****     /***************************************
  31:.\Generated_Source\PSoC4/I2C_MPU6050_I2C.c ****     *  Configuration Structure Initialization
ARM GAS  C:\Users\CHRIST~1\AppData\Local\Temp\ccWRMeJR.s 			page 2


  32:.\Generated_Source\PSoC4/I2C_MPU6050_I2C.c ****     ***************************************/
  33:.\Generated_Source\PSoC4/I2C_MPU6050_I2C.c **** 
  34:.\Generated_Source\PSoC4/I2C_MPU6050_I2C.c ****     /* Constant configuration of I2C */
  35:.\Generated_Source\PSoC4/I2C_MPU6050_I2C.c ****     const I2C_MPU6050_I2C_INIT_STRUCT I2C_MPU6050_configI2C =
  36:.\Generated_Source\PSoC4/I2C_MPU6050_I2C.c ****     {
  37:.\Generated_Source\PSoC4/I2C_MPU6050_I2C.c ****         I2C_MPU6050_I2C_MODE,
  38:.\Generated_Source\PSoC4/I2C_MPU6050_I2C.c ****         I2C_MPU6050_I2C_OVS_FACTOR_LOW,
  39:.\Generated_Source\PSoC4/I2C_MPU6050_I2C.c ****         I2C_MPU6050_I2C_OVS_FACTOR_HIGH,
  40:.\Generated_Source\PSoC4/I2C_MPU6050_I2C.c ****         I2C_MPU6050_I2C_MEDIAN_FILTER_ENABLE,
  41:.\Generated_Source\PSoC4/I2C_MPU6050_I2C.c ****         I2C_MPU6050_I2C_SLAVE_ADDRESS,
  42:.\Generated_Source\PSoC4/I2C_MPU6050_I2C.c ****         I2C_MPU6050_I2C_SLAVE_ADDRESS_MASK,
  43:.\Generated_Source\PSoC4/I2C_MPU6050_I2C.c ****         I2C_MPU6050_I2C_ACCEPT_ADDRESS,
  44:.\Generated_Source\PSoC4/I2C_MPU6050_I2C.c ****         I2C_MPU6050_I2C_WAKE_ENABLE,
  45:.\Generated_Source\PSoC4/I2C_MPU6050_I2C.c ****         I2C_MPU6050_I2C_BYTE_MODE_ENABLE,
  46:.\Generated_Source\PSoC4/I2C_MPU6050_I2C.c ****         I2C_MPU6050_I2C_DATA_RATE,
  47:.\Generated_Source\PSoC4/I2C_MPU6050_I2C.c ****     };
  48:.\Generated_Source\PSoC4/I2C_MPU6050_I2C.c **** 
  49:.\Generated_Source\PSoC4/I2C_MPU6050_I2C.c ****     /*******************************************************************************
  50:.\Generated_Source\PSoC4/I2C_MPU6050_I2C.c ****     * Function Name: I2C_MPU6050_I2CInit
  51:.\Generated_Source\PSoC4/I2C_MPU6050_I2C.c ****     ********************************************************************************
  52:.\Generated_Source\PSoC4/I2C_MPU6050_I2C.c ****     *
  53:.\Generated_Source\PSoC4/I2C_MPU6050_I2C.c ****     * Summary:
  54:.\Generated_Source\PSoC4/I2C_MPU6050_I2C.c ****     *  Configures the SCB for I2C operation.
  55:.\Generated_Source\PSoC4/I2C_MPU6050_I2C.c ****     *
  56:.\Generated_Source\PSoC4/I2C_MPU6050_I2C.c ****     * Parameters:
  57:.\Generated_Source\PSoC4/I2C_MPU6050_I2C.c ****     *  config:  Pointer to a structure that contains the following ordered list of
  58:.\Generated_Source\PSoC4/I2C_MPU6050_I2C.c ****     *           fields. These fields match the selections available in the
  59:.\Generated_Source\PSoC4/I2C_MPU6050_I2C.c ****     *           customizer.
  60:.\Generated_Source\PSoC4/I2C_MPU6050_I2C.c ****     *
  61:.\Generated_Source\PSoC4/I2C_MPU6050_I2C.c ****     * Return:
  62:.\Generated_Source\PSoC4/I2C_MPU6050_I2C.c ****     *  None
  63:.\Generated_Source\PSoC4/I2C_MPU6050_I2C.c ****     *
  64:.\Generated_Source\PSoC4/I2C_MPU6050_I2C.c ****     *******************************************************************************/
  65:.\Generated_Source\PSoC4/I2C_MPU6050_I2C.c ****     void I2C_MPU6050_I2CInit(const I2C_MPU6050_I2C_INIT_STRUCT *config)
  66:.\Generated_Source\PSoC4/I2C_MPU6050_I2C.c ****     {
  67:.\Generated_Source\PSoC4/I2C_MPU6050_I2C.c ****         uint32 medianFilter;
  68:.\Generated_Source\PSoC4/I2C_MPU6050_I2C.c ****         uint32 locEnableWake;
  69:.\Generated_Source\PSoC4/I2C_MPU6050_I2C.c **** 
  70:.\Generated_Source\PSoC4/I2C_MPU6050_I2C.c ****         if(NULL == config)
  71:.\Generated_Source\PSoC4/I2C_MPU6050_I2C.c ****         {
  72:.\Generated_Source\PSoC4/I2C_MPU6050_I2C.c ****             CYASSERT(0u != 0u); /* Halt execution due to bad function parameter */
  73:.\Generated_Source\PSoC4/I2C_MPU6050_I2C.c ****         }
  74:.\Generated_Source\PSoC4/I2C_MPU6050_I2C.c ****         else
  75:.\Generated_Source\PSoC4/I2C_MPU6050_I2C.c ****         {
  76:.\Generated_Source\PSoC4/I2C_MPU6050_I2C.c ****             /* Configure pins */
  77:.\Generated_Source\PSoC4/I2C_MPU6050_I2C.c ****             I2C_MPU6050_SetPins(I2C_MPU6050_SCB_MODE_I2C, I2C_MPU6050_DUMMY_PARAM,
  78:.\Generated_Source\PSoC4/I2C_MPU6050_I2C.c ****                                                                     I2C_MPU6050_DUMMY_PARAM);
  79:.\Generated_Source\PSoC4/I2C_MPU6050_I2C.c **** 
  80:.\Generated_Source\PSoC4/I2C_MPU6050_I2C.c ****             /* Store internal configuration */
  81:.\Generated_Source\PSoC4/I2C_MPU6050_I2C.c ****             I2C_MPU6050_scbMode       = (uint8) I2C_MPU6050_SCB_MODE_I2C;
  82:.\Generated_Source\PSoC4/I2C_MPU6050_I2C.c ****             I2C_MPU6050_scbEnableWake = (uint8) config->enableWake;
  83:.\Generated_Source\PSoC4/I2C_MPU6050_I2C.c ****             I2C_MPU6050_scbEnableIntr = (uint8) I2C_MPU6050_SCB_IRQ_INTERNAL;
  84:.\Generated_Source\PSoC4/I2C_MPU6050_I2C.c **** 
  85:.\Generated_Source\PSoC4/I2C_MPU6050_I2C.c ****             I2C_MPU6050_mode          = (uint8) config->mode;
  86:.\Generated_Source\PSoC4/I2C_MPU6050_I2C.c ****             I2C_MPU6050_acceptAddr    = (uint8) config->acceptAddr;
  87:.\Generated_Source\PSoC4/I2C_MPU6050_I2C.c **** 
  88:.\Generated_Source\PSoC4/I2C_MPU6050_I2C.c ****         #if (I2C_MPU6050_CY_SCBIP_V0)
ARM GAS  C:\Users\CHRIST~1\AppData\Local\Temp\ccWRMeJR.s 			page 3


  89:.\Generated_Source\PSoC4/I2C_MPU6050_I2C.c ****             /* Adjust SDA filter settings. Ticket ID#150521 */
  90:.\Generated_Source\PSoC4/I2C_MPU6050_I2C.c ****             I2C_MPU6050_SET_I2C_CFG_SDA_FILT_TRIM(I2C_MPU6050_EC_AM_I2C_CFG_SDA_FILT_TRIM);
  91:.\Generated_Source\PSoC4/I2C_MPU6050_I2C.c ****         #endif /* (I2C_MPU6050_CY_SCBIP_V0) */
  92:.\Generated_Source\PSoC4/I2C_MPU6050_I2C.c **** 
  93:.\Generated_Source\PSoC4/I2C_MPU6050_I2C.c ****             /* Adjust AF and DF filter settings. Ticket ID#176179 */
  94:.\Generated_Source\PSoC4/I2C_MPU6050_I2C.c ****             if (((I2C_MPU6050_I2C_MODE_SLAVE != config->mode) &&
  95:.\Generated_Source\PSoC4/I2C_MPU6050_I2C.c ****                  (config->dataRate <= I2C_MPU6050_I2C_DATA_RATE_FS_MODE_MAX)) ||
  96:.\Generated_Source\PSoC4/I2C_MPU6050_I2C.c ****                  (I2C_MPU6050_I2C_MODE_SLAVE == config->mode))
  97:.\Generated_Source\PSoC4/I2C_MPU6050_I2C.c ****             {
  98:.\Generated_Source\PSoC4/I2C_MPU6050_I2C.c ****                 /* AF = 1, DF = 0 */
  99:.\Generated_Source\PSoC4/I2C_MPU6050_I2C.c ****                 I2C_MPU6050_I2C_CFG_ANALOG_FITER_ENABLE;
 100:.\Generated_Source\PSoC4/I2C_MPU6050_I2C.c ****                 medianFilter = I2C_MPU6050_DIGITAL_FILTER_DISABLE;
 101:.\Generated_Source\PSoC4/I2C_MPU6050_I2C.c ****             }
 102:.\Generated_Source\PSoC4/I2C_MPU6050_I2C.c ****             else
 103:.\Generated_Source\PSoC4/I2C_MPU6050_I2C.c ****             {
 104:.\Generated_Source\PSoC4/I2C_MPU6050_I2C.c ****                 /* AF = 0, DF = 1 */
 105:.\Generated_Source\PSoC4/I2C_MPU6050_I2C.c ****                 I2C_MPU6050_I2C_CFG_ANALOG_FITER_DISABLE;
 106:.\Generated_Source\PSoC4/I2C_MPU6050_I2C.c ****                 medianFilter = I2C_MPU6050_DIGITAL_FILTER_ENABLE;
 107:.\Generated_Source\PSoC4/I2C_MPU6050_I2C.c ****             }
 108:.\Generated_Source\PSoC4/I2C_MPU6050_I2C.c **** 
 109:.\Generated_Source\PSoC4/I2C_MPU6050_I2C.c ****         #if (!I2C_MPU6050_CY_SCBIP_V0)
 110:.\Generated_Source\PSoC4/I2C_MPU6050_I2C.c ****             locEnableWake = (I2C_MPU6050_I2C_MULTI_MASTER_SLAVE) ? (0u) : (config->enableWake);
 111:.\Generated_Source\PSoC4/I2C_MPU6050_I2C.c ****         #else
 112:.\Generated_Source\PSoC4/I2C_MPU6050_I2C.c ****             locEnableWake = config->enableWake;
 113:.\Generated_Source\PSoC4/I2C_MPU6050_I2C.c ****         #endif /* (!I2C_MPU6050_CY_SCBIP_V0) */
 114:.\Generated_Source\PSoC4/I2C_MPU6050_I2C.c **** 
 115:.\Generated_Source\PSoC4/I2C_MPU6050_I2C.c ****             /* Configure I2C interface */
 116:.\Generated_Source\PSoC4/I2C_MPU6050_I2C.c ****             I2C_MPU6050_CTRL_REG     = I2C_MPU6050_GET_CTRL_BYTE_MODE  (config->enableByteMode) |
 117:.\Generated_Source\PSoC4/I2C_MPU6050_I2C.c ****                                             I2C_MPU6050_GET_CTRL_ADDR_ACCEPT(config->acceptAddr)   
 118:.\Generated_Source\PSoC4/I2C_MPU6050_I2C.c ****                                             I2C_MPU6050_GET_CTRL_EC_AM_MODE (locEnableWake);
 119:.\Generated_Source\PSoC4/I2C_MPU6050_I2C.c **** 
 120:.\Generated_Source\PSoC4/I2C_MPU6050_I2C.c ****             I2C_MPU6050_I2C_CTRL_REG = I2C_MPU6050_GET_I2C_CTRL_HIGH_PHASE_OVS(config->oversampleHi
 121:.\Generated_Source\PSoC4/I2C_MPU6050_I2C.c ****                                             I2C_MPU6050_GET_I2C_CTRL_LOW_PHASE_OVS (config->oversam
 122:.\Generated_Source\PSoC4/I2C_MPU6050_I2C.c ****                                             I2C_MPU6050_GET_I2C_CTRL_SL_MSTR_MODE  (config->mode)  
 123:.\Generated_Source\PSoC4/I2C_MPU6050_I2C.c ****                                             I2C_MPU6050_I2C_CTRL;
 124:.\Generated_Source\PSoC4/I2C_MPU6050_I2C.c **** 
 125:.\Generated_Source\PSoC4/I2C_MPU6050_I2C.c **** 
 126:.\Generated_Source\PSoC4/I2C_MPU6050_I2C.c **** 
 127:.\Generated_Source\PSoC4/I2C_MPU6050_I2C.c ****             /* Configure RX direction */
 128:.\Generated_Source\PSoC4/I2C_MPU6050_I2C.c ****             I2C_MPU6050_RX_CTRL_REG      = I2C_MPU6050_GET_RX_CTRL_MEDIAN(medianFilter) |
 129:.\Generated_Source\PSoC4/I2C_MPU6050_I2C.c ****                                                 I2C_MPU6050_I2C_RX_CTRL;
 130:.\Generated_Source\PSoC4/I2C_MPU6050_I2C.c ****             I2C_MPU6050_RX_FIFO_CTRL_REG = I2C_MPU6050_CLEAR_REG;
 131:.\Generated_Source\PSoC4/I2C_MPU6050_I2C.c **** 
 132:.\Generated_Source\PSoC4/I2C_MPU6050_I2C.c ****             /* Set default address and mask */
 133:.\Generated_Source\PSoC4/I2C_MPU6050_I2C.c ****             I2C_MPU6050_RX_MATCH_REG    = ((I2C_MPU6050_I2C_SLAVE) ?
 134:.\Generated_Source\PSoC4/I2C_MPU6050_I2C.c ****                                                 (I2C_MPU6050_GET_I2C_8BIT_ADDRESS(config->slaveAddr
 135:.\Generated_Source\PSoC4/I2C_MPU6050_I2C.c ****                                                  I2C_MPU6050_GET_RX_MATCH_MASK(config->slaveAddrMas
 136:.\Generated_Source\PSoC4/I2C_MPU6050_I2C.c ****                                                 (I2C_MPU6050_CLEAR_REG));
 137:.\Generated_Source\PSoC4/I2C_MPU6050_I2C.c **** 
 138:.\Generated_Source\PSoC4/I2C_MPU6050_I2C.c **** 
 139:.\Generated_Source\PSoC4/I2C_MPU6050_I2C.c ****             /* Configure TX direction */
 140:.\Generated_Source\PSoC4/I2C_MPU6050_I2C.c ****             I2C_MPU6050_TX_CTRL_REG      = I2C_MPU6050_I2C_TX_CTRL;
 141:.\Generated_Source\PSoC4/I2C_MPU6050_I2C.c ****             I2C_MPU6050_TX_FIFO_CTRL_REG = I2C_MPU6050_CLEAR_REG;
 142:.\Generated_Source\PSoC4/I2C_MPU6050_I2C.c **** 
 143:.\Generated_Source\PSoC4/I2C_MPU6050_I2C.c ****             /* Configure interrupt with I2C handler but do not enable it */
 144:.\Generated_Source\PSoC4/I2C_MPU6050_I2C.c ****             CyIntDisable    (I2C_MPU6050_ISR_NUMBER);
 145:.\Generated_Source\PSoC4/I2C_MPU6050_I2C.c ****             CyIntSetPriority(I2C_MPU6050_ISR_NUMBER, I2C_MPU6050_ISR_PRIORITY);
ARM GAS  C:\Users\CHRIST~1\AppData\Local\Temp\ccWRMeJR.s 			page 4


 146:.\Generated_Source\PSoC4/I2C_MPU6050_I2C.c ****             (void) CyIntSetVector(I2C_MPU6050_ISR_NUMBER, &I2C_MPU6050_I2C_ISR);
 147:.\Generated_Source\PSoC4/I2C_MPU6050_I2C.c **** 
 148:.\Generated_Source\PSoC4/I2C_MPU6050_I2C.c ****             /* Configure interrupt sources */
 149:.\Generated_Source\PSoC4/I2C_MPU6050_I2C.c ****         #if(!I2C_MPU6050_CY_SCBIP_V1)
 150:.\Generated_Source\PSoC4/I2C_MPU6050_I2C.c ****             I2C_MPU6050_INTR_SPI_EC_MASK_REG = I2C_MPU6050_NO_INTR_SOURCES;
 151:.\Generated_Source\PSoC4/I2C_MPU6050_I2C.c ****         #endif /* (!I2C_MPU6050_CY_SCBIP_V1) */
 152:.\Generated_Source\PSoC4/I2C_MPU6050_I2C.c **** 
 153:.\Generated_Source\PSoC4/I2C_MPU6050_I2C.c ****             I2C_MPU6050_INTR_I2C_EC_MASK_REG = I2C_MPU6050_NO_INTR_SOURCES;
 154:.\Generated_Source\PSoC4/I2C_MPU6050_I2C.c ****             I2C_MPU6050_INTR_RX_MASK_REG     = I2C_MPU6050_NO_INTR_SOURCES;
 155:.\Generated_Source\PSoC4/I2C_MPU6050_I2C.c ****             I2C_MPU6050_INTR_TX_MASK_REG     = I2C_MPU6050_NO_INTR_SOURCES;
 156:.\Generated_Source\PSoC4/I2C_MPU6050_I2C.c **** 
 157:.\Generated_Source\PSoC4/I2C_MPU6050_I2C.c ****             I2C_MPU6050_INTR_SLAVE_MASK_REG  = ((I2C_MPU6050_I2C_SLAVE) ?
 158:.\Generated_Source\PSoC4/I2C_MPU6050_I2C.c ****                                                      (I2C_MPU6050_I2C_INTR_SLAVE_MASK) :
 159:.\Generated_Source\PSoC4/I2C_MPU6050_I2C.c ****                                                      (I2C_MPU6050_CLEAR_REG));
 160:.\Generated_Source\PSoC4/I2C_MPU6050_I2C.c **** 
 161:.\Generated_Source\PSoC4/I2C_MPU6050_I2C.c ****             I2C_MPU6050_INTR_MASTER_MASK_REG = ((I2C_MPU6050_I2C_MASTER) ?
 162:.\Generated_Source\PSoC4/I2C_MPU6050_I2C.c ****                                                      (I2C_MPU6050_I2C_INTR_MASTER_MASK) :
 163:.\Generated_Source\PSoC4/I2C_MPU6050_I2C.c ****                                                      (I2C_MPU6050_CLEAR_REG));
 164:.\Generated_Source\PSoC4/I2C_MPU6050_I2C.c **** 
 165:.\Generated_Source\PSoC4/I2C_MPU6050_I2C.c ****             /* Configure global variables */
 166:.\Generated_Source\PSoC4/I2C_MPU6050_I2C.c ****             I2C_MPU6050_state = I2C_MPU6050_I2C_FSM_IDLE;
 167:.\Generated_Source\PSoC4/I2C_MPU6050_I2C.c **** 
 168:.\Generated_Source\PSoC4/I2C_MPU6050_I2C.c ****             /* Internal slave variables */
 169:.\Generated_Source\PSoC4/I2C_MPU6050_I2C.c ****             I2C_MPU6050_slStatus        = 0u;
 170:.\Generated_Source\PSoC4/I2C_MPU6050_I2C.c ****             I2C_MPU6050_slRdBufIndex    = 0u;
 171:.\Generated_Source\PSoC4/I2C_MPU6050_I2C.c ****             I2C_MPU6050_slWrBufIndex    = 0u;
 172:.\Generated_Source\PSoC4/I2C_MPU6050_I2C.c ****             I2C_MPU6050_slOverFlowCount = 0u;
 173:.\Generated_Source\PSoC4/I2C_MPU6050_I2C.c **** 
 174:.\Generated_Source\PSoC4/I2C_MPU6050_I2C.c ****             /* Internal master variables */
 175:.\Generated_Source\PSoC4/I2C_MPU6050_I2C.c ****             I2C_MPU6050_mstrStatus     = 0u;
 176:.\Generated_Source\PSoC4/I2C_MPU6050_I2C.c ****             I2C_MPU6050_mstrRdBufIndex = 0u;
 177:.\Generated_Source\PSoC4/I2C_MPU6050_I2C.c ****             I2C_MPU6050_mstrWrBufIndex = 0u;
 178:.\Generated_Source\PSoC4/I2C_MPU6050_I2C.c ****         }
 179:.\Generated_Source\PSoC4/I2C_MPU6050_I2C.c ****     }
 180:.\Generated_Source\PSoC4/I2C_MPU6050_I2C.c **** 
 181:.\Generated_Source\PSoC4/I2C_MPU6050_I2C.c **** #else
 182:.\Generated_Source\PSoC4/I2C_MPU6050_I2C.c **** 
 183:.\Generated_Source\PSoC4/I2C_MPU6050_I2C.c ****     /*******************************************************************************
 184:.\Generated_Source\PSoC4/I2C_MPU6050_I2C.c ****     * Function Name: I2C_MPU6050_I2CInit
 185:.\Generated_Source\PSoC4/I2C_MPU6050_I2C.c ****     ********************************************************************************
 186:.\Generated_Source\PSoC4/I2C_MPU6050_I2C.c ****     *
 187:.\Generated_Source\PSoC4/I2C_MPU6050_I2C.c ****     * Summary:
 188:.\Generated_Source\PSoC4/I2C_MPU6050_I2C.c ****     *  Configures the SCB for the I2C operation.
 189:.\Generated_Source\PSoC4/I2C_MPU6050_I2C.c ****     *
 190:.\Generated_Source\PSoC4/I2C_MPU6050_I2C.c ****     * Parameters:
 191:.\Generated_Source\PSoC4/I2C_MPU6050_I2C.c ****     *  None
 192:.\Generated_Source\PSoC4/I2C_MPU6050_I2C.c ****     *
 193:.\Generated_Source\PSoC4/I2C_MPU6050_I2C.c ****     * Return:
 194:.\Generated_Source\PSoC4/I2C_MPU6050_I2C.c ****     *  None
 195:.\Generated_Source\PSoC4/I2C_MPU6050_I2C.c ****     *
 196:.\Generated_Source\PSoC4/I2C_MPU6050_I2C.c ****     *******************************************************************************/
 197:.\Generated_Source\PSoC4/I2C_MPU6050_I2C.c ****     void I2C_MPU6050_I2CInit(void)
 198:.\Generated_Source\PSoC4/I2C_MPU6050_I2C.c ****     {
  27              		.loc 1 198 0
  28              		.cfi_startproc
  29 0000 80B5     		push	{r7, lr}
  30              		.cfi_def_cfa_offset 8
ARM GAS  C:\Users\CHRIST~1\AppData\Local\Temp\ccWRMeJR.s 			page 5


  31              		.cfi_offset 7, -8
  32              		.cfi_offset 14, -4
  33 0002 00AF     		add	r7, sp, #0
  34              		.cfi_def_cfa_register 7
 199:.\Generated_Source\PSoC4/I2C_MPU6050_I2C.c ****     #if(I2C_MPU6050_CY_SCBIP_V0)
 200:.\Generated_Source\PSoC4/I2C_MPU6050_I2C.c ****         /* Adjust SDA filter settings. Ticket ID#150521 */
 201:.\Generated_Source\PSoC4/I2C_MPU6050_I2C.c ****         I2C_MPU6050_SET_I2C_CFG_SDA_FILT_TRIM(I2C_MPU6050_EC_AM_I2C_CFG_SDA_FILT_TRIM);
 202:.\Generated_Source\PSoC4/I2C_MPU6050_I2C.c ****     #endif /* (I2C_MPU6050_CY_SCBIP_V0) */
 203:.\Generated_Source\PSoC4/I2C_MPU6050_I2C.c **** 
 204:.\Generated_Source\PSoC4/I2C_MPU6050_I2C.c ****         /* Adjust AF and DF filter settings. Ticket ID#176179 */
 205:.\Generated_Source\PSoC4/I2C_MPU6050_I2C.c ****         I2C_MPU6050_I2C_CFG_ANALOG_FITER_ENABLE_ADJ;
 206:.\Generated_Source\PSoC4/I2C_MPU6050_I2C.c **** 
 207:.\Generated_Source\PSoC4/I2C_MPU6050_I2C.c ****         /* Configure I2C interface */
 208:.\Generated_Source\PSoC4/I2C_MPU6050_I2C.c ****         I2C_MPU6050_CTRL_REG     = I2C_MPU6050_I2C_DEFAULT_CTRL;
  35              		.loc 1 208 0
  36 0004 204B     		ldr	r3, .L2
  37 0006 0022     		mov	r2, #0
  38 0008 1A60     		str	r2, [r3]
 209:.\Generated_Source\PSoC4/I2C_MPU6050_I2C.c ****         I2C_MPU6050_I2C_CTRL_REG = I2C_MPU6050_I2C_DEFAULT_I2C_CTRL;
  39              		.loc 1 209 0
  40 000a 204B     		ldr	r3, .L2+4
  41 000c 204A     		ldr	r2, .L2+8
  42 000e 1A60     		str	r2, [r3]
 210:.\Generated_Source\PSoC4/I2C_MPU6050_I2C.c **** 
 211:.\Generated_Source\PSoC4/I2C_MPU6050_I2C.c ****         /* Configure RX direction */
 212:.\Generated_Source\PSoC4/I2C_MPU6050_I2C.c ****         I2C_MPU6050_RX_CTRL_REG      = I2C_MPU6050_I2C_DEFAULT_RX_CTRL;
  43              		.loc 1 212 0
  44 0010 204B     		ldr	r3, .L2+12
  45 0012 214A     		ldr	r2, .L2+16
  46 0014 1A60     		str	r2, [r3]
 213:.\Generated_Source\PSoC4/I2C_MPU6050_I2C.c ****         I2C_MPU6050_RX_FIFO_CTRL_REG = I2C_MPU6050_I2C_DEFAULT_RX_FIFO_CTRL;
  47              		.loc 1 213 0
  48 0016 214B     		ldr	r3, .L2+20
  49 0018 0022     		mov	r2, #0
  50 001a 1A60     		str	r2, [r3]
 214:.\Generated_Source\PSoC4/I2C_MPU6050_I2C.c **** 
 215:.\Generated_Source\PSoC4/I2C_MPU6050_I2C.c ****         /* Set default address and mask */
 216:.\Generated_Source\PSoC4/I2C_MPU6050_I2C.c ****         I2C_MPU6050_RX_MATCH_REG     = I2C_MPU6050_I2C_DEFAULT_RX_MATCH;
  51              		.loc 1 216 0
  52 001c 204B     		ldr	r3, .L2+24
  53 001e 0022     		mov	r2, #0
  54 0020 1A60     		str	r2, [r3]
 217:.\Generated_Source\PSoC4/I2C_MPU6050_I2C.c **** 
 218:.\Generated_Source\PSoC4/I2C_MPU6050_I2C.c ****         /* Configure TX direction */
 219:.\Generated_Source\PSoC4/I2C_MPU6050_I2C.c ****         I2C_MPU6050_TX_CTRL_REG      = I2C_MPU6050_I2C_DEFAULT_TX_CTRL;
  55              		.loc 1 219 0
  56 0022 204B     		ldr	r3, .L2+28
  57 0024 1C4A     		ldr	r2, .L2+16
  58 0026 1A60     		str	r2, [r3]
 220:.\Generated_Source\PSoC4/I2C_MPU6050_I2C.c ****         I2C_MPU6050_TX_FIFO_CTRL_REG = I2C_MPU6050_I2C_DEFAULT_TX_FIFO_CTRL;
  59              		.loc 1 220 0
  60 0028 1F4B     		ldr	r3, .L2+32
  61 002a 0022     		mov	r2, #0
  62 002c 1A60     		str	r2, [r3]
 221:.\Generated_Source\PSoC4/I2C_MPU6050_I2C.c **** 
 222:.\Generated_Source\PSoC4/I2C_MPU6050_I2C.c ****         /* Configure interrupt with I2C handler but do not enable it */
 223:.\Generated_Source\PSoC4/I2C_MPU6050_I2C.c ****         CyIntDisable    (I2C_MPU6050_ISR_NUMBER);
ARM GAS  C:\Users\CHRIST~1\AppData\Local\Temp\ccWRMeJR.s 			page 6


  63              		.loc 1 223 0
  64 002e 0A20     		mov	r0, #10
  65 0030 FFF7FEFF 		bl	CyIntDisable
 224:.\Generated_Source\PSoC4/I2C_MPU6050_I2C.c ****         CyIntSetPriority(I2C_MPU6050_ISR_NUMBER, I2C_MPU6050_ISR_PRIORITY);
  66              		.loc 1 224 0
  67 0034 0A20     		mov	r0, #10
  68 0036 0321     		mov	r1, #3
  69 0038 FFF7FEFF 		bl	CyIntSetPriority
 225:.\Generated_Source\PSoC4/I2C_MPU6050_I2C.c ****     #if(!I2C_MPU6050_I2C_EXTERN_INTR_HANDLER)
 226:.\Generated_Source\PSoC4/I2C_MPU6050_I2C.c ****         (void) CyIntSetVector(I2C_MPU6050_ISR_NUMBER, &I2C_MPU6050_I2C_ISR);
  70              		.loc 1 226 0
  71 003c 1B4B     		ldr	r3, .L2+36
  72 003e 0A20     		mov	r0, #10
  73 0040 191C     		mov	r1, r3
  74 0042 FFF7FEFF 		bl	CyIntSetVector
 227:.\Generated_Source\PSoC4/I2C_MPU6050_I2C.c ****     #endif /* (I2C_MPU6050_I2C_EXTERN_INTR_HANDLER) */
 228:.\Generated_Source\PSoC4/I2C_MPU6050_I2C.c **** 
 229:.\Generated_Source\PSoC4/I2C_MPU6050_I2C.c ****         /* Configure interrupt sources */
 230:.\Generated_Source\PSoC4/I2C_MPU6050_I2C.c ****     #if(!I2C_MPU6050_CY_SCBIP_V1)
 231:.\Generated_Source\PSoC4/I2C_MPU6050_I2C.c ****         I2C_MPU6050_INTR_SPI_EC_MASK_REG = I2C_MPU6050_I2C_DEFAULT_INTR_SPI_EC_MASK;
  75              		.loc 1 231 0
  76 0046 1A4B     		ldr	r3, .L2+40
  77 0048 0022     		mov	r2, #0
  78 004a 1A60     		str	r2, [r3]
 232:.\Generated_Source\PSoC4/I2C_MPU6050_I2C.c ****     #endif /* (!I2C_MPU6050_CY_SCBIP_V1) */
 233:.\Generated_Source\PSoC4/I2C_MPU6050_I2C.c **** 
 234:.\Generated_Source\PSoC4/I2C_MPU6050_I2C.c ****         I2C_MPU6050_INTR_I2C_EC_MASK_REG = I2C_MPU6050_I2C_DEFAULT_INTR_I2C_EC_MASK;
  79              		.loc 1 234 0
  80 004c 194B     		ldr	r3, .L2+44
  81 004e 0022     		mov	r2, #0
  82 0050 1A60     		str	r2, [r3]
 235:.\Generated_Source\PSoC4/I2C_MPU6050_I2C.c ****         I2C_MPU6050_INTR_SLAVE_MASK_REG  = I2C_MPU6050_I2C_DEFAULT_INTR_SLAVE_MASK;
  83              		.loc 1 235 0
  84 0052 194B     		ldr	r3, .L2+48
  85 0054 0022     		mov	r2, #0
  86 0056 1A60     		str	r2, [r3]
 236:.\Generated_Source\PSoC4/I2C_MPU6050_I2C.c ****         I2C_MPU6050_INTR_MASTER_MASK_REG = I2C_MPU6050_I2C_DEFAULT_INTR_MASTER_MASK;
  87              		.loc 1 236 0
  88 0058 184B     		ldr	r3, .L2+52
  89 005a 1422     		mov	r2, #20
  90 005c FF32     		add	r2, r2, #255
  91 005e 1A60     		str	r2, [r3]
 237:.\Generated_Source\PSoC4/I2C_MPU6050_I2C.c ****         I2C_MPU6050_INTR_RX_MASK_REG     = I2C_MPU6050_I2C_DEFAULT_INTR_RX_MASK;
  92              		.loc 1 237 0
  93 0060 174B     		ldr	r3, .L2+56
  94 0062 0022     		mov	r2, #0
  95 0064 1A60     		str	r2, [r3]
 238:.\Generated_Source\PSoC4/I2C_MPU6050_I2C.c ****         I2C_MPU6050_INTR_TX_MASK_REG     = I2C_MPU6050_I2C_DEFAULT_INTR_TX_MASK;
  96              		.loc 1 238 0
  97 0066 174B     		ldr	r3, .L2+60
  98 0068 0022     		mov	r2, #0
  99 006a 1A60     		str	r2, [r3]
 239:.\Generated_Source\PSoC4/I2C_MPU6050_I2C.c **** 
 240:.\Generated_Source\PSoC4/I2C_MPU6050_I2C.c ****         /* Configure global variables */
 241:.\Generated_Source\PSoC4/I2C_MPU6050_I2C.c ****         I2C_MPU6050_state = I2C_MPU6050_I2C_FSM_IDLE;
 100              		.loc 1 241 0
 101 006c 164B     		ldr	r3, .L2+64
ARM GAS  C:\Users\CHRIST~1\AppData\Local\Temp\ccWRMeJR.s 			page 7


 102 006e 1022     		mov	r2, #16
 103 0070 1A70     		strb	r2, [r3]
 242:.\Generated_Source\PSoC4/I2C_MPU6050_I2C.c **** 
 243:.\Generated_Source\PSoC4/I2C_MPU6050_I2C.c ****     #if(I2C_MPU6050_I2C_SLAVE)
 244:.\Generated_Source\PSoC4/I2C_MPU6050_I2C.c ****         /* Internal slave variable */
 245:.\Generated_Source\PSoC4/I2C_MPU6050_I2C.c ****         I2C_MPU6050_slStatus        = 0u;
 246:.\Generated_Source\PSoC4/I2C_MPU6050_I2C.c ****         I2C_MPU6050_slRdBufIndex    = 0u;
 247:.\Generated_Source\PSoC4/I2C_MPU6050_I2C.c ****         I2C_MPU6050_slWrBufIndex    = 0u;
 248:.\Generated_Source\PSoC4/I2C_MPU6050_I2C.c ****         I2C_MPU6050_slOverFlowCount = 0u;
 249:.\Generated_Source\PSoC4/I2C_MPU6050_I2C.c ****     #endif /* (I2C_MPU6050_I2C_SLAVE) */
 250:.\Generated_Source\PSoC4/I2C_MPU6050_I2C.c **** 
 251:.\Generated_Source\PSoC4/I2C_MPU6050_I2C.c ****     #if(I2C_MPU6050_I2C_MASTER)
 252:.\Generated_Source\PSoC4/I2C_MPU6050_I2C.c ****     /* Internal master variable */
 253:.\Generated_Source\PSoC4/I2C_MPU6050_I2C.c ****         I2C_MPU6050_mstrStatus     = 0u;
 104              		.loc 1 253 0
 105 0072 164B     		ldr	r3, .L2+68
 106 0074 0022     		mov	r2, #0
 107 0076 1A80     		strh	r2, [r3]
 254:.\Generated_Source\PSoC4/I2C_MPU6050_I2C.c ****         I2C_MPU6050_mstrRdBufIndex = 0u;
 108              		.loc 1 254 0
 109 0078 154B     		ldr	r3, .L2+72
 110 007a 0022     		mov	r2, #0
 111 007c 1A60     		str	r2, [r3]
 255:.\Generated_Source\PSoC4/I2C_MPU6050_I2C.c ****         I2C_MPU6050_mstrWrBufIndex = 0u;
 112              		.loc 1 255 0
 113 007e 154B     		ldr	r3, .L2+76
 114 0080 0022     		mov	r2, #0
 115 0082 1A60     		str	r2, [r3]
 256:.\Generated_Source\PSoC4/I2C_MPU6050_I2C.c ****     #endif /* (I2C_MPU6050_I2C_MASTER) */
 257:.\Generated_Source\PSoC4/I2C_MPU6050_I2C.c ****     }
 116              		.loc 1 257 0
 117 0084 BD46     		mov	sp, r7
 118              		@ sp needed
 119 0086 80BD     		pop	{r7, pc}
 120              	.L3:
 121              		.align	2
 122              	.L2:
 123 0088 00002540 		.word	1076166656
 124 008c 60002540 		.word	1076166752
 125 0090 77080080 		.word	-2147481481
 126 0094 00032540 		.word	1076167424
 127 0098 07010080 		.word	-2147483385
 128 009c 04032540 		.word	1076167428
 129 00a0 10032540 		.word	1076167440
 130 00a4 00022540 		.word	1076167168
 131 00a8 04022540 		.word	1076167172
 132 00ac 00000000 		.word	I2C_MPU6050_I2C_ISR
 133 00b0 C80E2540 		.word	1076170440
 134 00b4 880E2540 		.word	1076170376
 135 00b8 480F2540 		.word	1076170568
 136 00bc 080F2540 		.word	1076170504
 137 00c0 C80F2540 		.word	1076170696
 138 00c4 880F2540 		.word	1076170632
 139 00c8 00000000 		.word	I2C_MPU6050_state
 140 00cc 00000000 		.word	I2C_MPU6050_mstrStatus
 141 00d0 00000000 		.word	I2C_MPU6050_mstrRdBufIndex
 142 00d4 00000000 		.word	I2C_MPU6050_mstrWrBufIndex
ARM GAS  C:\Users\CHRIST~1\AppData\Local\Temp\ccWRMeJR.s 			page 8


 143              		.cfi_endproc
 144              	.LFE2:
 145              		.size	I2C_MPU6050_I2CInit, .-I2C_MPU6050_I2CInit
 146              		.section	.text.I2C_MPU6050_I2CStop,"ax",%progbits
 147              		.align	2
 148              		.global	I2C_MPU6050_I2CStop
 149              		.code	16
 150              		.thumb_func
 151              		.type	I2C_MPU6050_I2CStop, %function
 152              	I2C_MPU6050_I2CStop:
 153              	.LFB3:
 258:.\Generated_Source\PSoC4/I2C_MPU6050_I2C.c **** #endif /* (I2C_MPU6050_SCB_MODE_UNCONFIG_CONST_CFG) */
 259:.\Generated_Source\PSoC4/I2C_MPU6050_I2C.c **** 
 260:.\Generated_Source\PSoC4/I2C_MPU6050_I2C.c **** 
 261:.\Generated_Source\PSoC4/I2C_MPU6050_I2C.c **** /*******************************************************************************
 262:.\Generated_Source\PSoC4/I2C_MPU6050_I2C.c **** * Function Name: I2C_MPU6050_I2CStop
 263:.\Generated_Source\PSoC4/I2C_MPU6050_I2C.c **** ********************************************************************************
 264:.\Generated_Source\PSoC4/I2C_MPU6050_I2C.c **** *
 265:.\Generated_Source\PSoC4/I2C_MPU6050_I2C.c **** * Summary:
 266:.\Generated_Source\PSoC4/I2C_MPU6050_I2C.c **** *  Resets the I2C FSM into the default state and disables TX interrupt sources.
 267:.\Generated_Source\PSoC4/I2C_MPU6050_I2C.c **** *
 268:.\Generated_Source\PSoC4/I2C_MPU6050_I2C.c **** * Parameters:
 269:.\Generated_Source\PSoC4/I2C_MPU6050_I2C.c **** *  None
 270:.\Generated_Source\PSoC4/I2C_MPU6050_I2C.c **** *
 271:.\Generated_Source\PSoC4/I2C_MPU6050_I2C.c **** * Return:
 272:.\Generated_Source\PSoC4/I2C_MPU6050_I2C.c **** *  None
 273:.\Generated_Source\PSoC4/I2C_MPU6050_I2C.c **** *
 274:.\Generated_Source\PSoC4/I2C_MPU6050_I2C.c **** *******************************************************************************/
 275:.\Generated_Source\PSoC4/I2C_MPU6050_I2C.c **** void I2C_MPU6050_I2CStop(void)
 276:.\Generated_Source\PSoC4/I2C_MPU6050_I2C.c **** {
 154              		.loc 1 276 0
 155              		.cfi_startproc
 156 0000 80B5     		push	{r7, lr}
 157              		.cfi_def_cfa_offset 8
 158              		.cfi_offset 7, -8
 159              		.cfi_offset 14, -4
 160 0002 00AF     		add	r7, sp, #0
 161              		.cfi_def_cfa_register 7
 277:.\Generated_Source\PSoC4/I2C_MPU6050_I2C.c ****     /* Disable TX interrupt sources in order not to cause a false trigger.
 278:.\Generated_Source\PSoC4/I2C_MPU6050_I2C.c ****     * The incoming transaction will enable an appropriate TX interrupt.
 279:.\Generated_Source\PSoC4/I2C_MPU6050_I2C.c ****     */
 280:.\Generated_Source\PSoC4/I2C_MPU6050_I2C.c ****     I2C_MPU6050_SetTxInterruptMode(I2C_MPU6050_NO_INTR_SOURCES);
 162              		.loc 1 280 0
 163 0004 034B     		ldr	r3, .L5
 164 0006 0022     		mov	r2, #0
 165 0008 1A60     		str	r2, [r3]
 281:.\Generated_Source\PSoC4/I2C_MPU6050_I2C.c **** 
 282:.\Generated_Source\PSoC4/I2C_MPU6050_I2C.c **** #if(I2C_MPU6050_CY_SCBIP_V0)
 283:.\Generated_Source\PSoC4/I2C_MPU6050_I2C.c ****     /* Clear a pending interrupt as the TX FIFO becomes empty and the block does not gate
 284:.\Generated_Source\PSoC4/I2C_MPU6050_I2C.c ****     * an interrupt trigger when disabled.
 285:.\Generated_Source\PSoC4/I2C_MPU6050_I2C.c ****     */
 286:.\Generated_Source\PSoC4/I2C_MPU6050_I2C.c ****     I2C_MPU6050_ClearPendingInt();
 287:.\Generated_Source\PSoC4/I2C_MPU6050_I2C.c **** #endif /* (I2C_MPU6050_CY_SCBIP_V0) */
 288:.\Generated_Source\PSoC4/I2C_MPU6050_I2C.c **** 
 289:.\Generated_Source\PSoC4/I2C_MPU6050_I2C.c ****     I2C_MPU6050_state = I2C_MPU6050_I2C_FSM_IDLE;
 166              		.loc 1 289 0
 167 000a 034B     		ldr	r3, .L5+4
ARM GAS  C:\Users\CHRIST~1\AppData\Local\Temp\ccWRMeJR.s 			page 9


 168 000c 1022     		mov	r2, #16
 169 000e 1A70     		strb	r2, [r3]
 290:.\Generated_Source\PSoC4/I2C_MPU6050_I2C.c **** }
 170              		.loc 1 290 0
 171 0010 BD46     		mov	sp, r7
 172              		@ sp needed
 173 0012 80BD     		pop	{r7, pc}
 174              	.L6:
 175              		.align	2
 176              	.L5:
 177 0014 880F2540 		.word	1076170632
 178 0018 00000000 		.word	I2C_MPU6050_state
 179              		.cfi_endproc
 180              	.LFE3:
 181              		.size	I2C_MPU6050_I2CStop, .-I2C_MPU6050_I2CStop
 182              		.text
 183              	.Letext0:
 184              		.file 2 "Generated_Source\\PSoC4/cytypes.h"
 185              		.file 3 ".\\Generated_Source\\PSoC4\\I2C_MPU6050_I2C_PVT.h"
 186              		.section	.debug_info,"",%progbits
 187              	.Ldebug_info0:
 188 0000 15010000 		.4byte	0x115
 189 0004 0400     		.2byte	0x4
 190 0006 00000000 		.4byte	.Ldebug_abbrev0
 191 000a 04       		.byte	0x4
 192 000b 01       		.uleb128 0x1
 193 000c AF000000 		.4byte	.LASF23
 194 0010 01       		.byte	0x1
 195 0011 22000000 		.4byte	.LASF24
 196 0015 D3010000 		.4byte	.LASF25
 197 0019 00000000 		.4byte	.Ldebug_ranges0+0
 198 001d 00000000 		.4byte	0
 199 0021 00000000 		.4byte	.Ldebug_line0
 200 0025 02       		.uleb128 0x2
 201 0026 01       		.byte	0x1
 202 0027 06       		.byte	0x6
 203 0028 AD010000 		.4byte	.LASF0
 204 002c 02       		.uleb128 0x2
 205 002d 01       		.byte	0x1
 206 002e 08       		.byte	0x8
 207 002f 2B010000 		.4byte	.LASF1
 208 0033 02       		.uleb128 0x2
 209 0034 02       		.byte	0x2
 210 0035 05       		.byte	0x5
 211 0036 C2010000 		.4byte	.LASF2
 212 003a 02       		.uleb128 0x2
 213 003b 02       		.byte	0x2
 214 003c 07       		.byte	0x7
 215 003d 9A010000 		.4byte	.LASF3
 216 0041 02       		.uleb128 0x2
 217 0042 04       		.byte	0x4
 218 0043 05       		.byte	0x5
 219 0044 52010000 		.4byte	.LASF4
 220 0048 02       		.uleb128 0x2
 221 0049 04       		.byte	0x4
 222 004a 07       		.byte	0x7
 223 004b 53000000 		.4byte	.LASF5
ARM GAS  C:\Users\CHRIST~1\AppData\Local\Temp\ccWRMeJR.s 			page 10


 224 004f 02       		.uleb128 0x2
 225 0050 08       		.byte	0x8
 226 0051 05       		.byte	0x5
 227 0052 00000000 		.4byte	.LASF6
 228 0056 02       		.uleb128 0x2
 229 0057 08       		.byte	0x8
 230 0058 07       		.byte	0x7
 231 0059 65000000 		.4byte	.LASF7
 232 005d 03       		.uleb128 0x3
 233 005e 04       		.byte	0x4
 234 005f 05       		.byte	0x5
 235 0060 696E7400 		.ascii	"int\000"
 236 0064 02       		.uleb128 0x2
 237 0065 04       		.byte	0x4
 238 0066 07       		.byte	0x7
 239 0067 15000000 		.4byte	.LASF8
 240 006b 04       		.uleb128 0x4
 241 006c 4D000000 		.4byte	.LASF9
 242 0070 02       		.byte	0x2
 243 0071 A1       		.byte	0xa1
 244 0072 2C000000 		.4byte	0x2c
 245 0076 04       		.uleb128 0x4
 246 0077 CC010000 		.4byte	.LASF10
 247 007b 02       		.byte	0x2
 248 007c A2       		.byte	0xa2
 249 007d 3A000000 		.4byte	0x3a
 250 0081 04       		.uleb128 0x4
 251 0082 0E000000 		.4byte	.LASF11
 252 0086 02       		.byte	0x2
 253 0087 A3       		.byte	0xa3
 254 0088 48000000 		.4byte	0x48
 255 008c 02       		.uleb128 0x2
 256 008d 04       		.byte	0x4
 257 008e 04       		.byte	0x4
 258 008f 8E000000 		.4byte	.LASF12
 259 0093 02       		.uleb128 0x2
 260 0094 08       		.byte	0x8
 261 0095 04       		.byte	0x4
 262 0096 76010000 		.4byte	.LASF13
 263 009a 02       		.uleb128 0x2
 264 009b 01       		.byte	0x1
 265 009c 08       		.byte	0x8
 266 009d 39010000 		.4byte	.LASF14
 267 00a1 05       		.uleb128 0x5
 268 00a2 6B000000 		.4byte	0x6b
 269 00a6 05       		.uleb128 0x5
 270 00a7 76000000 		.4byte	0x76
 271 00ab 06       		.uleb128 0x6
 272 00ac 94010000 		.4byte	.LASF15
 273 00b0 02       		.byte	0x2
 274 00b1 4D01     		.2byte	0x14d
 275 00b3 B7000000 		.4byte	0xb7
 276 00b7 05       		.uleb128 0x5
 277 00b8 81000000 		.4byte	0x81
 278 00bc 02       		.uleb128 0x2
 279 00bd 04       		.byte	0x4
 280 00be 07       		.byte	0x7
ARM GAS  C:\Users\CHRIST~1\AppData\Local\Temp\ccWRMeJR.s 			page 11


 281 00bf B9010000 		.4byte	.LASF16
 282 00c3 07       		.uleb128 0x7
 283 00c4 38020000 		.4byte	.LASF17
 284 00c8 01       		.byte	0x1
 285 00c9 C5       		.byte	0xc5
 286 00ca 00000000 		.4byte	.LFB2
 287 00ce D8000000 		.4byte	.LFE2-.LFB2
 288 00d2 01       		.uleb128 0x1
 289 00d3 9C       		.byte	0x9c
 290 00d4 08       		.uleb128 0x8
 291 00d5 3E010000 		.4byte	.LASF18
 292 00d9 01       		.byte	0x1
 293 00da 1301     		.2byte	0x113
 294 00dc 00000000 		.4byte	.LFB3
 295 00e0 1C000000 		.4byte	.LFE3-.LFB3
 296 00e4 01       		.uleb128 0x1
 297 00e5 9C       		.byte	0x9c
 298 00e6 09       		.uleb128 0x9
 299 00e7 7C000000 		.4byte	.LASF19
 300 00eb 01       		.byte	0x1
 301 00ec 1A       		.byte	0x1a
 302 00ed A1000000 		.4byte	0xa1
 303 00f1 05       		.uleb128 0x5
 304 00f2 03       		.byte	0x3
 305 00f3 00000000 		.4byte	I2C_MPU6050_state
 306 00f7 0A       		.uleb128 0xa
 307 00f8 7D010000 		.4byte	.LASF20
 308 00fc 03       		.byte	0x3
 309 00fd 30       		.byte	0x30
 310 00fe A6000000 		.4byte	0xa6
 311 0102 0A       		.uleb128 0xa
 312 0103 5B010000 		.4byte	.LASF21
 313 0107 03       		.byte	0x3
 314 0108 36       		.byte	0x36
 315 0109 B7000000 		.4byte	0xb7
 316 010d 0A       		.uleb128 0xa
 317 010e 94000000 		.4byte	.LASF22
 318 0112 03       		.byte	0x3
 319 0113 3B       		.byte	0x3b
 320 0114 B7000000 		.4byte	0xb7
 321 0118 00       		.byte	0
 322              		.section	.debug_abbrev,"",%progbits
 323              	.Ldebug_abbrev0:
 324 0000 01       		.uleb128 0x1
 325 0001 11       		.uleb128 0x11
 326 0002 01       		.byte	0x1
 327 0003 25       		.uleb128 0x25
 328 0004 0E       		.uleb128 0xe
 329 0005 13       		.uleb128 0x13
 330 0006 0B       		.uleb128 0xb
 331 0007 03       		.uleb128 0x3
 332 0008 0E       		.uleb128 0xe
 333 0009 1B       		.uleb128 0x1b
 334 000a 0E       		.uleb128 0xe
 335 000b 55       		.uleb128 0x55
 336 000c 17       		.uleb128 0x17
 337 000d 11       		.uleb128 0x11
ARM GAS  C:\Users\CHRIST~1\AppData\Local\Temp\ccWRMeJR.s 			page 12


 338 000e 01       		.uleb128 0x1
 339 000f 10       		.uleb128 0x10
 340 0010 17       		.uleb128 0x17
 341 0011 00       		.byte	0
 342 0012 00       		.byte	0
 343 0013 02       		.uleb128 0x2
 344 0014 24       		.uleb128 0x24
 345 0015 00       		.byte	0
 346 0016 0B       		.uleb128 0xb
 347 0017 0B       		.uleb128 0xb
 348 0018 3E       		.uleb128 0x3e
 349 0019 0B       		.uleb128 0xb
 350 001a 03       		.uleb128 0x3
 351 001b 0E       		.uleb128 0xe
 352 001c 00       		.byte	0
 353 001d 00       		.byte	0
 354 001e 03       		.uleb128 0x3
 355 001f 24       		.uleb128 0x24
 356 0020 00       		.byte	0
 357 0021 0B       		.uleb128 0xb
 358 0022 0B       		.uleb128 0xb
 359 0023 3E       		.uleb128 0x3e
 360 0024 0B       		.uleb128 0xb
 361 0025 03       		.uleb128 0x3
 362 0026 08       		.uleb128 0x8
 363 0027 00       		.byte	0
 364 0028 00       		.byte	0
 365 0029 04       		.uleb128 0x4
 366 002a 16       		.uleb128 0x16
 367 002b 00       		.byte	0
 368 002c 03       		.uleb128 0x3
 369 002d 0E       		.uleb128 0xe
 370 002e 3A       		.uleb128 0x3a
 371 002f 0B       		.uleb128 0xb
 372 0030 3B       		.uleb128 0x3b
 373 0031 0B       		.uleb128 0xb
 374 0032 49       		.uleb128 0x49
 375 0033 13       		.uleb128 0x13
 376 0034 00       		.byte	0
 377 0035 00       		.byte	0
 378 0036 05       		.uleb128 0x5
 379 0037 35       		.uleb128 0x35
 380 0038 00       		.byte	0
 381 0039 49       		.uleb128 0x49
 382 003a 13       		.uleb128 0x13
 383 003b 00       		.byte	0
 384 003c 00       		.byte	0
 385 003d 06       		.uleb128 0x6
 386 003e 16       		.uleb128 0x16
 387 003f 00       		.byte	0
 388 0040 03       		.uleb128 0x3
 389 0041 0E       		.uleb128 0xe
 390 0042 3A       		.uleb128 0x3a
 391 0043 0B       		.uleb128 0xb
 392 0044 3B       		.uleb128 0x3b
 393 0045 05       		.uleb128 0x5
 394 0046 49       		.uleb128 0x49
ARM GAS  C:\Users\CHRIST~1\AppData\Local\Temp\ccWRMeJR.s 			page 13


 395 0047 13       		.uleb128 0x13
 396 0048 00       		.byte	0
 397 0049 00       		.byte	0
 398 004a 07       		.uleb128 0x7
 399 004b 2E       		.uleb128 0x2e
 400 004c 00       		.byte	0
 401 004d 3F       		.uleb128 0x3f
 402 004e 19       		.uleb128 0x19
 403 004f 03       		.uleb128 0x3
 404 0050 0E       		.uleb128 0xe
 405 0051 3A       		.uleb128 0x3a
 406 0052 0B       		.uleb128 0xb
 407 0053 3B       		.uleb128 0x3b
 408 0054 0B       		.uleb128 0xb
 409 0055 27       		.uleb128 0x27
 410 0056 19       		.uleb128 0x19
 411 0057 11       		.uleb128 0x11
 412 0058 01       		.uleb128 0x1
 413 0059 12       		.uleb128 0x12
 414 005a 06       		.uleb128 0x6
 415 005b 40       		.uleb128 0x40
 416 005c 18       		.uleb128 0x18
 417 005d 9642     		.uleb128 0x2116
 418 005f 19       		.uleb128 0x19
 419 0060 00       		.byte	0
 420 0061 00       		.byte	0
 421 0062 08       		.uleb128 0x8
 422 0063 2E       		.uleb128 0x2e
 423 0064 00       		.byte	0
 424 0065 3F       		.uleb128 0x3f
 425 0066 19       		.uleb128 0x19
 426 0067 03       		.uleb128 0x3
 427 0068 0E       		.uleb128 0xe
 428 0069 3A       		.uleb128 0x3a
 429 006a 0B       		.uleb128 0xb
 430 006b 3B       		.uleb128 0x3b
 431 006c 05       		.uleb128 0x5
 432 006d 27       		.uleb128 0x27
 433 006e 19       		.uleb128 0x19
 434 006f 11       		.uleb128 0x11
 435 0070 01       		.uleb128 0x1
 436 0071 12       		.uleb128 0x12
 437 0072 06       		.uleb128 0x6
 438 0073 40       		.uleb128 0x40
 439 0074 18       		.uleb128 0x18
 440 0075 9742     		.uleb128 0x2117
 441 0077 19       		.uleb128 0x19
 442 0078 00       		.byte	0
 443 0079 00       		.byte	0
 444 007a 09       		.uleb128 0x9
 445 007b 34       		.uleb128 0x34
 446 007c 00       		.byte	0
 447 007d 03       		.uleb128 0x3
 448 007e 0E       		.uleb128 0xe
 449 007f 3A       		.uleb128 0x3a
 450 0080 0B       		.uleb128 0xb
 451 0081 3B       		.uleb128 0x3b
ARM GAS  C:\Users\CHRIST~1\AppData\Local\Temp\ccWRMeJR.s 			page 14


 452 0082 0B       		.uleb128 0xb
 453 0083 49       		.uleb128 0x49
 454 0084 13       		.uleb128 0x13
 455 0085 3F       		.uleb128 0x3f
 456 0086 19       		.uleb128 0x19
 457 0087 02       		.uleb128 0x2
 458 0088 18       		.uleb128 0x18
 459 0089 00       		.byte	0
 460 008a 00       		.byte	0
 461 008b 0A       		.uleb128 0xa
 462 008c 34       		.uleb128 0x34
 463 008d 00       		.byte	0
 464 008e 03       		.uleb128 0x3
 465 008f 0E       		.uleb128 0xe
 466 0090 3A       		.uleb128 0x3a
 467 0091 0B       		.uleb128 0xb
 468 0092 3B       		.uleb128 0x3b
 469 0093 0B       		.uleb128 0xb
 470 0094 49       		.uleb128 0x49
 471 0095 13       		.uleb128 0x13
 472 0096 3F       		.uleb128 0x3f
 473 0097 19       		.uleb128 0x19
 474 0098 3C       		.uleb128 0x3c
 475 0099 19       		.uleb128 0x19
 476 009a 00       		.byte	0
 477 009b 00       		.byte	0
 478 009c 00       		.byte	0
 479              		.section	.debug_aranges,"",%progbits
 480 0000 24000000 		.4byte	0x24
 481 0004 0200     		.2byte	0x2
 482 0006 00000000 		.4byte	.Ldebug_info0
 483 000a 04       		.byte	0x4
 484 000b 00       		.byte	0
 485 000c 0000     		.2byte	0
 486 000e 0000     		.2byte	0
 487 0010 00000000 		.4byte	.LFB2
 488 0014 D8000000 		.4byte	.LFE2-.LFB2
 489 0018 00000000 		.4byte	.LFB3
 490 001c 1C000000 		.4byte	.LFE3-.LFB3
 491 0020 00000000 		.4byte	0
 492 0024 00000000 		.4byte	0
 493              		.section	.debug_ranges,"",%progbits
 494              	.Ldebug_ranges0:
 495 0000 00000000 		.4byte	.LFB2
 496 0004 D8000000 		.4byte	.LFE2
 497 0008 00000000 		.4byte	.LFB3
 498 000c 1C000000 		.4byte	.LFE3
 499 0010 00000000 		.4byte	0
 500 0014 00000000 		.4byte	0
 501              		.section	.debug_line,"",%progbits
 502              	.Ldebug_line0:
 503 0000 C2000000 		.section	.debug_str,"MS",%progbits,1
 503      02007E00 
 503      00000201 
 503      FB0E0D00 
 503      01010101 
 504              	.LASF6:
ARM GAS  C:\Users\CHRIST~1\AppData\Local\Temp\ccWRMeJR.s 			page 15


 505 0000 6C6F6E67 		.ascii	"long long int\000"
 505      206C6F6E 
 505      6720696E 
 505      7400
 506              	.LASF11:
 507 000e 75696E74 		.ascii	"uint32\000"
 507      333200
 508              	.LASF8:
 509 0015 756E7369 		.ascii	"unsigned int\000"
 509      676E6564 
 509      20696E74 
 509      00
 510              	.LASF24:
 511 0022 2E5C4765 		.ascii	".\\Generated_Source\\PSoC4\\I2C_MPU6050_I2C.c\000"
 511      6E657261 
 511      7465645F 
 511      536F7572 
 511      63655C50 
 512              	.LASF9:
 513 004d 75696E74 		.ascii	"uint8\000"
 513      3800
 514              	.LASF5:
 515 0053 6C6F6E67 		.ascii	"long unsigned int\000"
 515      20756E73 
 515      69676E65 
 515      6420696E 
 515      7400
 516              	.LASF7:
 517 0065 6C6F6E67 		.ascii	"long long unsigned int\000"
 517      206C6F6E 
 517      6720756E 
 517      7369676E 
 517      65642069 
 518              	.LASF19:
 519 007c 4932435F 		.ascii	"I2C_MPU6050_state\000"
 519      4D505536 
 519      3035305F 
 519      73746174 
 519      6500
 520              	.LASF12:
 521 008e 666C6F61 		.ascii	"float\000"
 521      7400
 522              	.LASF22:
 523 0094 4932435F 		.ascii	"I2C_MPU6050_mstrWrBufIndex\000"
 523      4D505536 
 523      3035305F 
 523      6D737472 
 523      57724275 
 524              	.LASF23:
 525 00af 474E5520 		.ascii	"GNU C 4.8.4 20140526 (release) [ARM/embedded-4_8-br"
 525      4320342E 
 525      382E3420 
 525      32303134 
 525      30353236 
 526 00e2 616E6368 		.ascii	"anch revision 211358] -mcpu=cortex-m0 -mthumb -g -O"
 526      20726576 
 526      6973696F 
ARM GAS  C:\Users\CHRIST~1\AppData\Local\Temp\ccWRMeJR.s 			page 16


 526      6E203231 
 526      31333538 
 527 0115 30202D66 		.ascii	"0 -ffunction-sections\000"
 527      66756E63 
 527      74696F6E 
 527      2D736563 
 527      74696F6E 
 528              	.LASF1:
 529 012b 756E7369 		.ascii	"unsigned char\000"
 529      676E6564 
 529      20636861 
 529      7200
 530              	.LASF14:
 531 0139 63686172 		.ascii	"char\000"
 531      00
 532              	.LASF18:
 533 013e 4932435F 		.ascii	"I2C_MPU6050_I2CStop\000"
 533      4D505536 
 533      3035305F 
 533      49324353 
 533      746F7000 
 534              	.LASF4:
 535 0152 6C6F6E67 		.ascii	"long int\000"
 535      20696E74 
 535      00
 536              	.LASF21:
 537 015b 4932435F 		.ascii	"I2C_MPU6050_mstrRdBufIndex\000"
 537      4D505536 
 537      3035305F 
 537      6D737472 
 537      52644275 
 538              	.LASF13:
 539 0176 646F7562 		.ascii	"double\000"
 539      6C6500
 540              	.LASF20:
 541 017d 4932435F 		.ascii	"I2C_MPU6050_mstrStatus\000"
 541      4D505536 
 541      3035305F 
 541      6D737472 
 541      53746174 
 542              	.LASF15:
 543 0194 72656733 		.ascii	"reg32\000"
 543      3200
 544              	.LASF3:
 545 019a 73686F72 		.ascii	"short unsigned int\000"
 545      7420756E 
 545      7369676E 
 545      65642069 
 545      6E7400
 546              	.LASF0:
 547 01ad 7369676E 		.ascii	"signed char\000"
 547      65642063 
 547      68617200 
 548              	.LASF16:
 549 01b9 73697A65 		.ascii	"sizetype\000"
 549      74797065 
 549      00
ARM GAS  C:\Users\CHRIST~1\AppData\Local\Temp\ccWRMeJR.s 			page 17


 550              	.LASF2:
 551 01c2 73686F72 		.ascii	"short int\000"
 551      7420696E 
 551      7400
 552              	.LASF10:
 553 01cc 75696E74 		.ascii	"uint16\000"
 553      313600
 554              	.LASF25:
 555 01d3 433A5C55 		.ascii	"C:\\Users\\Christina\\Documents\\For_fun\\GitHub\\D"
 555      73657273 
 555      5C436872 
 555      69737469 
 555      6E615C44 
 556 0200 65707265 		.ascii	"eprecated\\Corner-Module\\CornerModule\\CornerModul"
 556      63617465 
 556      645C436F 
 556      726E6572 
 556      2D4D6F64 
 557 0230 652E6379 		.ascii	"e.cydsn\000"
 557      64736E00 
 558              	.LASF17:
 559 0238 4932435F 		.ascii	"I2C_MPU6050_I2CInit\000"
 559      4D505536 
 559      3035305F 
 559      49324349 
 559      6E697400 
 560              		.ident	"GCC: (GNU Tools for ARM Embedded Processors) 4.8.4 20140526 (release) [ARM/embedded-4_8-br
