ARM GAS  C:\Users\Eric\AppData\Local\Temp\ccUEtfcp.s 			page 1


   1              		.cpu cortex-m0
   2              		.fpu softvfp
   3              		.eabi_attribute 20, 1
   4              		.eabi_attribute 21, 1
   5              		.eabi_attribute 23, 3
   6              		.eabi_attribute 24, 1
   7              		.eabi_attribute 25, 1
   8              		.eabi_attribute 26, 1
   9              		.eabi_attribute 30, 6
  10              		.eabi_attribute 34, 0
  11              		.eabi_attribute 18, 4
  12              		.code	16
  13              		.file	"main.c"
  14              		.text
  15              	.Ltext0:
  16              		.cfi_sections	.debug_frame
  17              		.comm	devAddr,1,1
  18              		.comm	buffer,22,4
  19              		.section	.text.I2CReadBytes,"ax",%progbits
  20              		.align	2
  21              		.global	I2CReadBytes
  22              		.code	16
  23              		.thumb_func
  24              		.type	I2CReadBytes, %function
  25              	I2CReadBytes:
  26              	.LFB33:
  27              		.file 1 ".\\main.c"
   1:.\main.c      **** /* ========================================
   2:.\main.c      ****  *
   3:.\main.c      ****  * Copyright YOUR COMPANY, THE YEAR
   4:.\main.c      ****  * All Rights Reserved
   5:.\main.c      ****  * UNPUBLISHED, LICENSED SOFTWARE.
   6:.\main.c      ****  *
   7:.\main.c      ****  * CONFIDENTIAL AND PROPRIETARY INFORMATION
   8:.\main.c      ****  * WHICH IS THE PROPERTY OF your company.
   9:.\main.c      ****  *
  10:.\main.c      ****  * ========================================
  11:.\main.c      **** */
  12:.\main.c      **** #include <project.h>
  13:.\main.c      **** #include <stdio.h>
  14:.\main.c      **** #include "mpu6050.h"
  15:.\main.c      **** 
  16:.\main.c      **** void I2CReadBytes(uint8_t devAddr, uint8_t regAddr, uint8_t length, uint8_t *value) {
  28              		.loc 1 16 0
  29              		.cfi_startproc
  30 0000 90B5     		push	{r4, r7, lr}
  31              		.cfi_def_cfa_offset 12
  32              		.cfi_offset 4, -12
  33              		.cfi_offset 7, -8
  34              		.cfi_offset 14, -4
  35 0002 85B0     		sub	sp, sp, #20
  36              		.cfi_def_cfa_offset 32
  37 0004 00AF     		add	r7, sp, #0
  38              		.cfi_def_cfa_register 7
  39 0006 3B60     		str	r3, [r7]
  40 0008 FB1D     		add	r3, r7, #7
  41 000a 1870     		strb	r0, [r3]
ARM GAS  C:\Users\Eric\AppData\Local\Temp\ccUEtfcp.s 			page 2


  42 000c BB1D     		add	r3, r7, #6
  43 000e 1970     		strb	r1, [r3]
  44 0010 7B1D     		add	r3, r7, #5
  45 0012 1A70     		strb	r2, [r3]
  17:.\main.c      **** 	uint8_t i=0;
  46              		.loc 1 17 0
  47 0014 3B1C     		mov	r3, r7
  48 0016 0F33     		add	r3, r3, #15
  49 0018 0022     		mov	r2, #0
  50 001a 1A70     		strb	r2, [r3]
  18:.\main.c      **** 	I2C_MPU6050_I2CMasterSendStart(devAddr, I2C_MPU6050_I2C_WRITE_XFER_MODE);
  51              		.loc 1 18 0
  52 001c FB1D     		add	r3, r7, #7
  53 001e 1B78     		ldrb	r3, [r3]
  54 0020 181C     		mov	r0, r3
  55 0022 0021     		mov	r1, #0
  56 0024 FFF7FEFF 		bl	I2C_MPU6050_I2CMasterSendStart
  19:.\main.c      **** 	I2C_MPU6050_I2CMasterWriteByte(regAddr);
  57              		.loc 1 19 0
  58 0028 BB1D     		add	r3, r7, #6
  59 002a 1B78     		ldrb	r3, [r3]
  60 002c 181C     		mov	r0, r3
  61 002e FFF7FEFF 		bl	I2C_MPU6050_I2CMasterWriteByte
  20:.\main.c      **** 	I2C_MPU6050_I2CMasterSendRestart(devAddr, I2C_MPU6050_I2C_READ_XFER_MODE);
  62              		.loc 1 20 0
  63 0032 FB1D     		add	r3, r7, #7
  64 0034 1B78     		ldrb	r3, [r3]
  65 0036 181C     		mov	r0, r3
  66 0038 0121     		mov	r1, #1
  67 003a FFF7FEFF 		bl	I2C_MPU6050_I2CMasterSendRestart
  21:.\main.c      **** 	while (i++ < (length-1)) {
  68              		.loc 1 21 0
  69 003e 08E0     		b	.L2
  70              	.L3:
  22:.\main.c      **** 		*value++ = I2C_MPU6050_I2CMasterReadByte(I2C_MPU6050_I2C_ACK_DATA);
  71              		.loc 1 22 0
  72 0040 3C68     		ldr	r4, [r7]
  73 0042 631C     		add	r3, r4, #1
  74 0044 3B60     		str	r3, [r7]
  75 0046 0020     		mov	r0, #0
  76 0048 FFF7FEFF 		bl	I2C_MPU6050_I2CMasterReadByte
  77 004c 031C     		mov	r3, r0
  78 004e DBB2     		uxtb	r3, r3
  79 0050 2370     		strb	r3, [r4]
  80              	.L2:
  21:.\main.c      **** 	while (i++ < (length-1)) {
  81              		.loc 1 21 0 discriminator 1
  82 0052 3B1C     		mov	r3, r7
  83 0054 0F33     		add	r3, r3, #15
  84 0056 1B78     		ldrb	r3, [r3]
  85 0058 3A1C     		mov	r2, r7
  86 005a 0F32     		add	r2, r2, #15
  87 005c 591C     		add	r1, r3, #1
  88 005e 1170     		strb	r1, [r2]
  89 0060 1A1C     		mov	r2, r3
  90 0062 7B1D     		add	r3, r7, #5
  91 0064 1B78     		ldrb	r3, [r3]
ARM GAS  C:\Users\Eric\AppData\Local\Temp\ccUEtfcp.s 			page 3


  92 0066 013B     		sub	r3, r3, #1
  93 0068 9A42     		cmp	r2, r3
  94 006a E9DB     		blt	.L3
  23:.\main.c      **** 	}
  24:.\main.c      **** 	*value = I2C_MPU6050_I2CMasterReadByte(I2C_MPU6050_I2C_NAK_DATA);
  95              		.loc 1 24 0
  96 006c 0120     		mov	r0, #1
  97 006e FFF7FEFF 		bl	I2C_MPU6050_I2CMasterReadByte
  98 0072 031C     		mov	r3, r0
  99 0074 DAB2     		uxtb	r2, r3
 100 0076 3B68     		ldr	r3, [r7]
 101 0078 1A70     		strb	r2, [r3]
  25:.\main.c      **** 	I2C_MPU6050_I2CMasterSendStop();	
 102              		.loc 1 25 0
 103 007a FFF7FEFF 		bl	I2C_MPU6050_I2CMasterSendStop
  26:.\main.c      **** }
 104              		.loc 1 26 0
 105 007e BD46     		mov	sp, r7
 106 0080 05B0     		add	sp, sp, #20
 107              		@ sp needed
 108 0082 90BD     		pop	{r4, r7, pc}
 109              		.cfi_endproc
 110              	.LFE33:
 111              		.size	I2CReadBytes, .-I2CReadBytes
 112              		.section	.text.I2CReadByte,"ax",%progbits
 113              		.align	2
 114              		.global	I2CReadByte
 115              		.code	16
 116              		.thumb_func
 117              		.type	I2CReadByte, %function
 118              	I2CReadByte:
 119              	.LFB34:
  27:.\main.c      **** 
  28:.\main.c      **** void I2CReadByte(uint8_t devAddr, uint8_t regAddr, uint8_t *value) {
 120              		.loc 1 28 0
 121              		.cfi_startproc
 122 0000 80B5     		push	{r7, lr}
 123              		.cfi_def_cfa_offset 8
 124              		.cfi_offset 7, -8
 125              		.cfi_offset 14, -4
 126 0002 82B0     		sub	sp, sp, #8
 127              		.cfi_def_cfa_offset 16
 128 0004 00AF     		add	r7, sp, #0
 129              		.cfi_def_cfa_register 7
 130 0006 3A60     		str	r2, [r7]
 131 0008 FB1D     		add	r3, r7, #7
 132 000a 021C     		add	r2, r0, #0
 133 000c 1A70     		strb	r2, [r3]
 134 000e BB1D     		add	r3, r7, #6
 135 0010 0A1C     		add	r2, r1, #0
 136 0012 1A70     		strb	r2, [r3]
  29:.\main.c      **** 	I2CReadBytes(devAddr, regAddr, 1, value);
 137              		.loc 1 29 0
 138 0014 FB1D     		add	r3, r7, #7
 139 0016 1978     		ldrb	r1, [r3]
 140 0018 BB1D     		add	r3, r7, #6
 141 001a 1A78     		ldrb	r2, [r3]
ARM GAS  C:\Users\Eric\AppData\Local\Temp\ccUEtfcp.s 			page 4


 142 001c 3B68     		ldr	r3, [r7]
 143 001e 081C     		mov	r0, r1
 144 0020 111C     		mov	r1, r2
 145 0022 0122     		mov	r2, #1
 146 0024 FFF7FEFF 		bl	I2CReadBytes
  30:.\main.c      **** }
 147              		.loc 1 30 0
 148 0028 BD46     		mov	sp, r7
 149 002a 02B0     		add	sp, sp, #8
 150              		@ sp needed
 151 002c 80BD     		pop	{r7, pc}
 152              		.cfi_endproc
 153              	.LFE34:
 154              		.size	I2CReadByte, .-I2CReadByte
 155 002e C046     		.section	.text.I2CReadBits,"ax",%progbits
 156              		.align	2
 157              		.global	I2CReadBits
 158              		.code	16
 159              		.thumb_func
 160              		.type	I2CReadBits, %function
 161              	I2CReadBits:
 162              	.LFB35:
  31:.\main.c      **** 
  32:.\main.c      **** void I2CReadBits(uint8_t devAddr, uint8_t regAddr, uint8_t bitStart, uint8_t length, uint8_t *value
 163              		.loc 1 32 0
 164              		.cfi_startproc
 165 0000 90B5     		push	{r4, r7, lr}
 166              		.cfi_def_cfa_offset 12
 167              		.cfi_offset 4, -12
 168              		.cfi_offset 7, -8
 169              		.cfi_offset 14, -4
 170 0002 85B0     		sub	sp, sp, #20
 171              		.cfi_def_cfa_offset 32
 172 0004 00AF     		add	r7, sp, #0
 173              		.cfi_def_cfa_register 7
 174 0006 041C     		mov	r4, r0
 175 0008 081C     		mov	r0, r1
 176 000a 111C     		mov	r1, r2
 177 000c 1A1C     		mov	r2, r3
 178 000e FB1D     		add	r3, r7, #7
 179 0010 1C70     		strb	r4, [r3]
 180 0012 BB1D     		add	r3, r7, #6
 181 0014 1870     		strb	r0, [r3]
 182 0016 7B1D     		add	r3, r7, #5
 183 0018 1970     		strb	r1, [r3]
 184 001a 3B1D     		add	r3, r7, #4
 185 001c 1A70     		strb	r2, [r3]
  33:.\main.c      ****    	uint8_t mask = ((1 << length) - 1) << (bitStart - length + 1);
 186              		.loc 1 33 0
 187 001e 3B1D     		add	r3, r7, #4
 188 0020 1B78     		ldrb	r3, [r3]
 189 0022 0122     		mov	r2, #1
 190 0024 111C     		mov	r1, r2
 191 0026 9940     		lsl	r1, r1, r3
 192 0028 0B1C     		mov	r3, r1
 193 002a 5A1E     		sub	r2, r3, #1
 194 002c 7B1D     		add	r3, r7, #5
ARM GAS  C:\Users\Eric\AppData\Local\Temp\ccUEtfcp.s 			page 5


 195 002e 1978     		ldrb	r1, [r3]
 196 0030 3B1D     		add	r3, r7, #4
 197 0032 1B78     		ldrb	r3, [r3]
 198 0034 CB1A     		sub	r3, r1, r3
 199 0036 0133     		add	r3, r3, #1
 200 0038 9A40     		lsl	r2, r2, r3
 201 003a 3B1C     		mov	r3, r7
 202 003c 0F33     		add	r3, r3, #15
 203 003e 1A70     		strb	r2, [r3]
  34:.\main.c      ****     I2CReadByte(devAddr, regAddr, value);
 204              		.loc 1 34 0
 205 0040 FB1D     		add	r3, r7, #7
 206 0042 1978     		ldrb	r1, [r3]
 207 0044 BB1D     		add	r3, r7, #6
 208 0046 1A78     		ldrb	r2, [r3]
 209 0048 3B6A     		ldr	r3, [r7, #32]
 210 004a 081C     		mov	r0, r1
 211 004c 111C     		mov	r1, r2
 212 004e 1A1C     		mov	r2, r3
 213 0050 FFF7FEFF 		bl	I2CReadByte
  35:.\main.c      ****     *value &= mask;
 214              		.loc 1 35 0
 215 0054 3B6A     		ldr	r3, [r7, #32]
 216 0056 1B78     		ldrb	r3, [r3]
 217 0058 3A1C     		mov	r2, r7
 218 005a 0F32     		add	r2, r2, #15
 219 005c 1278     		ldrb	r2, [r2]
 220 005e 1340     		and	r3, r2
 221 0060 DAB2     		uxtb	r2, r3
 222 0062 3B6A     		ldr	r3, [r7, #32]
 223 0064 1A70     		strb	r2, [r3]
  36:.\main.c      ****     *value >>= (bitStart - length + 1);
 224              		.loc 1 36 0
 225 0066 3B6A     		ldr	r3, [r7, #32]
 226 0068 1B78     		ldrb	r3, [r3]
 227 006a 1A1C     		mov	r2, r3
 228 006c 7B1D     		add	r3, r7, #5
 229 006e 1978     		ldrb	r1, [r3]
 230 0070 3B1D     		add	r3, r7, #4
 231 0072 1B78     		ldrb	r3, [r3]
 232 0074 CB1A     		sub	r3, r1, r3
 233 0076 0133     		add	r3, r3, #1
 234 0078 111C     		mov	r1, r2
 235 007a 1941     		asr	r1, r1, r3
 236 007c 0B1C     		mov	r3, r1
 237 007e DAB2     		uxtb	r2, r3
 238 0080 3B6A     		ldr	r3, [r7, #32]
 239 0082 1A70     		strb	r2, [r3]
  37:.\main.c      **** }
 240              		.loc 1 37 0
 241 0084 BD46     		mov	sp, r7
 242 0086 05B0     		add	sp, sp, #20
 243              		@ sp needed
 244 0088 90BD     		pop	{r4, r7, pc}
 245              		.cfi_endproc
 246              	.LFE35:
 247              		.size	I2CReadBits, .-I2CReadBits
ARM GAS  C:\Users\Eric\AppData\Local\Temp\ccUEtfcp.s 			page 6


 248 008a C046     		.section	.text.I2CReadBit,"ax",%progbits
 249              		.align	2
 250              		.global	I2CReadBit
 251              		.code	16
 252              		.thumb_func
 253              		.type	I2CReadBit, %function
 254              	I2CReadBit:
 255              	.LFB36:
  38:.\main.c      **** 
  39:.\main.c      **** void I2CReadBit(uint8_t devAddr, uint8_t regAddr, uint8_t bitNum, uint8_t *value) {
 256              		.loc 1 39 0
 257              		.cfi_startproc
 258 0000 80B5     		push	{r7, lr}
 259              		.cfi_def_cfa_offset 8
 260              		.cfi_offset 7, -8
 261              		.cfi_offset 14, -4
 262 0002 82B0     		sub	sp, sp, #8
 263              		.cfi_def_cfa_offset 16
 264 0004 00AF     		add	r7, sp, #0
 265              		.cfi_def_cfa_register 7
 266 0006 3B60     		str	r3, [r7]
 267 0008 FB1D     		add	r3, r7, #7
 268 000a 1870     		strb	r0, [r3]
 269 000c BB1D     		add	r3, r7, #6
 270 000e 1970     		strb	r1, [r3]
 271 0010 7B1D     		add	r3, r7, #5
 272 0012 1A70     		strb	r2, [r3]
  40:.\main.c      **** 	I2CReadByte(devAddr, regAddr, value);
 273              		.loc 1 40 0
 274 0014 FB1D     		add	r3, r7, #7
 275 0016 1978     		ldrb	r1, [r3]
 276 0018 BB1D     		add	r3, r7, #6
 277 001a 1A78     		ldrb	r2, [r3]
 278 001c 3B68     		ldr	r3, [r7]
 279 001e 081C     		mov	r0, r1
 280 0020 111C     		mov	r1, r2
 281 0022 1A1C     		mov	r2, r3
 282 0024 FFF7FEFF 		bl	I2CReadByte
  41:.\main.c      **** 	*value = *value & (1 << bitNum);
 283              		.loc 1 41 0
 284 0028 3B68     		ldr	r3, [r7]
 285 002a 1B78     		ldrb	r3, [r3]
 286 002c DBB2     		uxtb	r3, r3
 287 002e 7A1D     		add	r2, r7, #5
 288 0030 1278     		ldrb	r2, [r2]
 289 0032 0121     		mov	r1, #1
 290 0034 081C     		mov	r0, r1
 291 0036 9040     		lsl	r0, r0, r2
 292 0038 021C     		mov	r2, r0
 293 003a D2B2     		uxtb	r2, r2
 294 003c 1340     		and	r3, r2
 295 003e DBB2     		uxtb	r3, r3
 296 0040 DAB2     		uxtb	r2, r3
 297 0042 3B68     		ldr	r3, [r7]
 298 0044 1A70     		strb	r2, [r3]
  42:.\main.c      **** }
 299              		.loc 1 42 0
ARM GAS  C:\Users\Eric\AppData\Local\Temp\ccUEtfcp.s 			page 7


 300 0046 BD46     		mov	sp, r7
 301 0048 02B0     		add	sp, sp, #8
 302              		@ sp needed
 303 004a 80BD     		pop	{r7, pc}
 304              		.cfi_endproc
 305              	.LFE36:
 306              		.size	I2CReadBit, .-I2CReadBit
 307              		.section	.text.I2CWriteBytes,"ax",%progbits
 308              		.align	2
 309              		.global	I2CWriteBytes
 310              		.code	16
 311              		.thumb_func
 312              		.type	I2CWriteBytes, %function
 313              	I2CWriteBytes:
 314              	.LFB37:
  43:.\main.c      **** 	
  44:.\main.c      **** void I2CWriteBytes(uint8_t devAddr, uint8_t regAddr, uint8_t length, uint8_t *value) {
 315              		.loc 1 44 0
 316              		.cfi_startproc
 317 0000 80B5     		push	{r7, lr}
 318              		.cfi_def_cfa_offset 8
 319              		.cfi_offset 7, -8
 320              		.cfi_offset 14, -4
 321 0002 84B0     		sub	sp, sp, #16
 322              		.cfi_def_cfa_offset 24
 323 0004 00AF     		add	r7, sp, #0
 324              		.cfi_def_cfa_register 7
 325 0006 3B60     		str	r3, [r7]
 326 0008 FB1D     		add	r3, r7, #7
 327 000a 1870     		strb	r0, [r3]
 328 000c BB1D     		add	r3, r7, #6
 329 000e 1970     		strb	r1, [r3]
 330 0010 7B1D     		add	r3, r7, #5
 331 0012 1A70     		strb	r2, [r3]
  45:.\main.c      **** 	uint8_t i=0;
 332              		.loc 1 45 0
 333 0014 3B1C     		mov	r3, r7
 334 0016 0F33     		add	r3, r3, #15
 335 0018 0022     		mov	r2, #0
 336 001a 1A70     		strb	r2, [r3]
  46:.\main.c      **** 	I2C_MPU6050_I2CMasterSendStart(devAddr, I2C_MPU6050_I2C_WRITE_XFER_MODE);
 337              		.loc 1 46 0
 338 001c FB1D     		add	r3, r7, #7
 339 001e 1B78     		ldrb	r3, [r3]
 340 0020 181C     		mov	r0, r3
 341 0022 0021     		mov	r1, #0
 342 0024 FFF7FEFF 		bl	I2C_MPU6050_I2CMasterSendStart
  47:.\main.c      **** 	I2C_MPU6050_I2CMasterWriteByte(regAddr);
 343              		.loc 1 47 0
 344 0028 BB1D     		add	r3, r7, #6
 345 002a 1B78     		ldrb	r3, [r3]
 346 002c 181C     		mov	r0, r3
 347 002e FFF7FEFF 		bl	I2C_MPU6050_I2CMasterWriteByte
  48:.\main.c      **** 	while (i++ < length) {
 348              		.loc 1 48 0
 349 0032 06E0     		b	.L8
 350              	.L9:
ARM GAS  C:\Users\Eric\AppData\Local\Temp\ccUEtfcp.s 			page 8


  49:.\main.c      **** 		I2C_MPU6050_I2CMasterWriteByte(*value++);
 351              		.loc 1 49 0
 352 0034 3B68     		ldr	r3, [r7]
 353 0036 5A1C     		add	r2, r3, #1
 354 0038 3A60     		str	r2, [r7]
 355 003a 1B78     		ldrb	r3, [r3]
 356 003c 181C     		mov	r0, r3
 357 003e FFF7FEFF 		bl	I2C_MPU6050_I2CMasterWriteByte
 358              	.L8:
  48:.\main.c      **** 	while (i++ < length) {
 359              		.loc 1 48 0 discriminator 1
 360 0042 3B1C     		mov	r3, r7
 361 0044 0F33     		add	r3, r3, #15
 362 0046 1B78     		ldrb	r3, [r3]
 363 0048 3A1C     		mov	r2, r7
 364 004a 0F32     		add	r2, r2, #15
 365 004c 591C     		add	r1, r3, #1
 366 004e 1170     		strb	r1, [r2]
 367 0050 7A1D     		add	r2, r7, #5
 368 0052 1278     		ldrb	r2, [r2]
 369 0054 9A42     		cmp	r2, r3
 370 0056 EDD8     		bhi	.L9
  50:.\main.c      **** 	}
  51:.\main.c      **** 	I2C_MPU6050_I2CMasterSendStop();	
 371              		.loc 1 51 0
 372 0058 FFF7FEFF 		bl	I2C_MPU6050_I2CMasterSendStop
  52:.\main.c      **** }
 373              		.loc 1 52 0
 374 005c BD46     		mov	sp, r7
 375 005e 04B0     		add	sp, sp, #16
 376              		@ sp needed
 377 0060 80BD     		pop	{r7, pc}
 378              		.cfi_endproc
 379              	.LFE37:
 380              		.size	I2CWriteBytes, .-I2CWriteBytes
 381 0062 C046     		.section	.text.I2CWriteByte,"ax",%progbits
 382              		.align	2
 383              		.global	I2CWriteByte
 384              		.code	16
 385              		.thumb_func
 386              		.type	I2CWriteByte, %function
 387              	I2CWriteByte:
 388              	.LFB38:
  53:.\main.c      **** 
  54:.\main.c      **** void I2CWriteByte(uint8_t devAddr, uint8_t regAddr, uint8_t value) {
 389              		.loc 1 54 0
 390              		.cfi_startproc
 391 0000 80B5     		push	{r7, lr}
 392              		.cfi_def_cfa_offset 8
 393              		.cfi_offset 7, -8
 394              		.cfi_offset 14, -4
 395 0002 82B0     		sub	sp, sp, #8
 396              		.cfi_def_cfa_offset 16
 397 0004 00AF     		add	r7, sp, #0
 398              		.cfi_def_cfa_register 7
 399 0006 FB1D     		add	r3, r7, #7
 400 0008 1870     		strb	r0, [r3]
ARM GAS  C:\Users\Eric\AppData\Local\Temp\ccUEtfcp.s 			page 9


 401 000a BB1D     		add	r3, r7, #6
 402 000c 1970     		strb	r1, [r3]
 403 000e 7B1D     		add	r3, r7, #5
 404 0010 1A70     		strb	r2, [r3]
  55:.\main.c      **** 	I2CWriteBytes(devAddr, regAddr, 1, &value);
 405              		.loc 1 55 0
 406 0012 FB1D     		add	r3, r7, #7
 407 0014 1978     		ldrb	r1, [r3]
 408 0016 BB1D     		add	r3, r7, #6
 409 0018 1A78     		ldrb	r2, [r3]
 410 001a 7B1D     		add	r3, r7, #5
 411 001c 081C     		mov	r0, r1
 412 001e 111C     		mov	r1, r2
 413 0020 0122     		mov	r2, #1
 414 0022 FFF7FEFF 		bl	I2CWriteBytes
  56:.\main.c      **** }
 415              		.loc 1 56 0
 416 0026 BD46     		mov	sp, r7
 417 0028 02B0     		add	sp, sp, #8
 418              		@ sp needed
 419 002a 80BD     		pop	{r7, pc}
 420              		.cfi_endproc
 421              	.LFE38:
 422              		.size	I2CWriteByte, .-I2CWriteByte
 423              		.section	.text.I2CWriteBits,"ax",%progbits
 424              		.align	2
 425              		.global	I2CWriteBits
 426              		.code	16
 427              		.thumb_func
 428              		.type	I2CWriteBits, %function
 429              	I2CWriteBits:
 430              	.LFB39:
  57:.\main.c      **** 
  58:.\main.c      **** void I2CWriteBits(uint8_t devAddr, uint8_t regAddr, uint8_t bitStart, uint8_t length, uint8_t value
 431              		.loc 1 58 0
 432              		.cfi_startproc
 433 0000 90B5     		push	{r4, r7, lr}
 434              		.cfi_def_cfa_offset 12
 435              		.cfi_offset 4, -12
 436              		.cfi_offset 7, -8
 437              		.cfi_offset 14, -4
 438 0002 85B0     		sub	sp, sp, #20
 439              		.cfi_def_cfa_offset 32
 440 0004 00AF     		add	r7, sp, #0
 441              		.cfi_def_cfa_register 7
 442 0006 041C     		mov	r4, r0
 443 0008 081C     		mov	r0, r1
 444 000a 111C     		mov	r1, r2
 445 000c 1A1C     		mov	r2, r3
 446 000e FB1D     		add	r3, r7, #7
 447 0010 1C70     		strb	r4, [r3]
 448 0012 BB1D     		add	r3, r7, #6
 449 0014 1870     		strb	r0, [r3]
 450 0016 7B1D     		add	r3, r7, #5
 451 0018 1970     		strb	r1, [r3]
 452 001a 3B1D     		add	r3, r7, #4
 453 001c 1A70     		strb	r2, [r3]
ARM GAS  C:\Users\Eric\AppData\Local\Temp\ccUEtfcp.s 			page 10


  59:.\main.c      **** 	uint8_t b;
  60:.\main.c      **** 	uint8_t mask = ((1 << length) - 1) << (bitStart - length + 1);
 454              		.loc 1 60 0
 455 001e 3B1D     		add	r3, r7, #4
 456 0020 1B78     		ldrb	r3, [r3]
 457 0022 0122     		mov	r2, #1
 458 0024 111C     		mov	r1, r2
 459 0026 9940     		lsl	r1, r1, r3
 460 0028 0B1C     		mov	r3, r1
 461 002a 5A1E     		sub	r2, r3, #1
 462 002c 7B1D     		add	r3, r7, #5
 463 002e 1978     		ldrb	r1, [r3]
 464 0030 3B1D     		add	r3, r7, #4
 465 0032 1B78     		ldrb	r3, [r3]
 466 0034 CB1A     		sub	r3, r1, r3
 467 0036 0133     		add	r3, r3, #1
 468 0038 9A40     		lsl	r2, r2, r3
 469 003a 3B1C     		mov	r3, r7
 470 003c 0F33     		add	r3, r3, #15
 471 003e 1A70     		strb	r2, [r3]
  61:.\main.c      **** 	I2CReadByte(devAddr, regAddr, &b);
 472              		.loc 1 61 0
 473 0040 FB1D     		add	r3, r7, #7
 474 0042 1978     		ldrb	r1, [r3]
 475 0044 BB1D     		add	r3, r7, #6
 476 0046 1A78     		ldrb	r2, [r3]
 477 0048 3B1C     		mov	r3, r7
 478 004a 0E33     		add	r3, r3, #14
 479 004c 081C     		mov	r0, r1
 480 004e 111C     		mov	r1, r2
 481 0050 1A1C     		mov	r2, r3
 482 0052 FFF7FEFF 		bl	I2CReadByte
  62:.\main.c      **** 	value <<= (bitStart - length + 1);
 483              		.loc 1 62 0
 484 0056 3B1C     		mov	r3, r7
 485 0058 2033     		add	r3, r3, #32
 486 005a 1A78     		ldrb	r2, [r3]
 487 005c 7B1D     		add	r3, r7, #5
 488 005e 1978     		ldrb	r1, [r3]
 489 0060 3B1D     		add	r3, r7, #4
 490 0062 1B78     		ldrb	r3, [r3]
 491 0064 CB1A     		sub	r3, r1, r3
 492 0066 0133     		add	r3, r3, #1
 493 0068 9A40     		lsl	r2, r2, r3
 494 006a 3B1C     		mov	r3, r7
 495 006c 2033     		add	r3, r3, #32
 496 006e 1A70     		strb	r2, [r3]
  63:.\main.c      **** 	value &= mask;
 497              		.loc 1 63 0
 498 0070 3B1C     		mov	r3, r7
 499 0072 2033     		add	r3, r3, #32
 500 0074 3A1C     		mov	r2, r7
 501 0076 2032     		add	r2, r2, #32
 502 0078 391C     		mov	r1, r7
 503 007a 0F31     		add	r1, r1, #15
 504 007c 1278     		ldrb	r2, [r2]
 505 007e 0978     		ldrb	r1, [r1]
ARM GAS  C:\Users\Eric\AppData\Local\Temp\ccUEtfcp.s 			page 11


 506 0080 0A40     		and	r2, r1
 507 0082 1A70     		strb	r2, [r3]
  64:.\main.c      **** 	b &= ~(mask);
 508              		.loc 1 64 0
 509 0084 3B1C     		mov	r3, r7
 510 0086 0F33     		add	r3, r3, #15
 511 0088 1B78     		ldrb	r3, [r3]
 512 008a DB43     		mvn	r3, r3
 513 008c DBB2     		uxtb	r3, r3
 514 008e 3A1C     		mov	r2, r7
 515 0090 0E32     		add	r2, r2, #14
 516 0092 1278     		ldrb	r2, [r2]
 517 0094 D2B2     		uxtb	r2, r2
 518 0096 1340     		and	r3, r2
 519 0098 DBB2     		uxtb	r3, r3
 520 009a DAB2     		uxtb	r2, r3
 521 009c 3B1C     		mov	r3, r7
 522 009e 0E33     		add	r3, r3, #14
 523 00a0 1A70     		strb	r2, [r3]
  65:.\main.c      **** 	b |= value;
 524              		.loc 1 65 0
 525 00a2 3B1C     		mov	r3, r7
 526 00a4 0E33     		add	r3, r3, #14
 527 00a6 1A78     		ldrb	r2, [r3]
 528 00a8 3B1C     		mov	r3, r7
 529 00aa 2033     		add	r3, r3, #32
 530 00ac 1B78     		ldrb	r3, [r3]
 531 00ae 1343     		orr	r3, r2
 532 00b0 DAB2     		uxtb	r2, r3
 533 00b2 3B1C     		mov	r3, r7
 534 00b4 0E33     		add	r3, r3, #14
 535 00b6 1A70     		strb	r2, [r3]
  66:.\main.c      **** 	I2CWriteByte(devAddr, regAddr, b);	
 536              		.loc 1 66 0
 537 00b8 3B1C     		mov	r3, r7
 538 00ba 0E33     		add	r3, r3, #14
 539 00bc 1B78     		ldrb	r3, [r3]
 540 00be FA1D     		add	r2, r7, #7
 541 00c0 1178     		ldrb	r1, [r2]
 542 00c2 BA1D     		add	r2, r7, #6
 543 00c4 1278     		ldrb	r2, [r2]
 544 00c6 081C     		mov	r0, r1
 545 00c8 111C     		mov	r1, r2
 546 00ca 1A1C     		mov	r2, r3
 547 00cc FFF7FEFF 		bl	I2CWriteByte
  67:.\main.c      **** }
 548              		.loc 1 67 0
 549 00d0 BD46     		mov	sp, r7
 550 00d2 05B0     		add	sp, sp, #20
 551              		@ sp needed
 552 00d4 90BD     		pop	{r4, r7, pc}
 553              		.cfi_endproc
 554              	.LFE39:
 555              		.size	I2CWriteBits, .-I2CWriteBits
 556 00d6 C046     		.section	.text.I2CWriteBit,"ax",%progbits
 557              		.align	2
 558              		.global	I2CWriteBit
ARM GAS  C:\Users\Eric\AppData\Local\Temp\ccUEtfcp.s 			page 12


 559              		.code	16
 560              		.thumb_func
 561              		.type	I2CWriteBit, %function
 562              	I2CWriteBit:
 563              	.LFB40:
  68:.\main.c      **** 
  69:.\main.c      **** void I2CWriteBit(uint8_t devAddr, uint8_t regAddr, uint8_t bitNum, uint8_t value) {
 564              		.loc 1 69 0
 565              		.cfi_startproc
 566 0000 90B5     		push	{r4, r7, lr}
 567              		.cfi_def_cfa_offset 12
 568              		.cfi_offset 4, -12
 569              		.cfi_offset 7, -8
 570              		.cfi_offset 14, -4
 571 0002 85B0     		sub	sp, sp, #20
 572              		.cfi_def_cfa_offset 32
 573 0004 00AF     		add	r7, sp, #0
 574              		.cfi_def_cfa_register 7
 575 0006 041C     		mov	r4, r0
 576 0008 081C     		mov	r0, r1
 577 000a 111C     		mov	r1, r2
 578 000c 1A1C     		mov	r2, r3
 579 000e FB1D     		add	r3, r7, #7
 580 0010 1C70     		strb	r4, [r3]
 581 0012 BB1D     		add	r3, r7, #6
 582 0014 1870     		strb	r0, [r3]
 583 0016 7B1D     		add	r3, r7, #5
 584 0018 1970     		strb	r1, [r3]
 585 001a 3B1D     		add	r3, r7, #4
 586 001c 1A70     		strb	r2, [r3]
  70:.\main.c      **** 	uint8_t b;
  71:.\main.c      **** 	I2CReadByte(devAddr, regAddr, &b);
 587              		.loc 1 71 0
 588 001e FB1D     		add	r3, r7, #7
 589 0020 1978     		ldrb	r1, [r3]
 590 0022 BB1D     		add	r3, r7, #6
 591 0024 1A78     		ldrb	r2, [r3]
 592 0026 3B1C     		mov	r3, r7
 593 0028 0F33     		add	r3, r3, #15
 594 002a 081C     		mov	r0, r1
 595 002c 111C     		mov	r1, r2
 596 002e 1A1C     		mov	r2, r3
 597 0030 FFF7FEFF 		bl	I2CReadByte
  72:.\main.c      **** 	b = (value != 0) ? (b | (1 << bitNum)) : (b & ~(1 << bitNum));
 598              		.loc 1 72 0
 599 0034 3B1D     		add	r3, r7, #4
 600 0036 1B78     		ldrb	r3, [r3]
 601 0038 002B     		cmp	r3, #0
 602 003a 0ED0     		beq	.L13
 603              		.loc 1 72 0 is_stmt 0 discriminator 1
 604 003c 7B1D     		add	r3, r7, #5
 605 003e 1B78     		ldrb	r3, [r3]
 606 0040 0122     		mov	r2, #1
 607 0042 111C     		mov	r1, r2
 608 0044 9940     		lsl	r1, r1, r3
 609 0046 0B1C     		mov	r3, r1
 610 0048 DAB2     		uxtb	r2, r3
ARM GAS  C:\Users\Eric\AppData\Local\Temp\ccUEtfcp.s 			page 13


 611 004a 3B1C     		mov	r3, r7
 612 004c 0F33     		add	r3, r3, #15
 613 004e 1B78     		ldrb	r3, [r3]
 614 0050 DBB2     		uxtb	r3, r3
 615 0052 1343     		orr	r3, r2
 616 0054 DBB2     		uxtb	r3, r3
 617 0056 DBB2     		uxtb	r3, r3
 618 0058 0FE0     		b	.L14
 619              	.L13:
 620              		.loc 1 72 0 discriminator 2
 621 005a 7B1D     		add	r3, r7, #5
 622 005c 1B78     		ldrb	r3, [r3]
 623 005e 0122     		mov	r2, #1
 624 0060 111C     		mov	r1, r2
 625 0062 9940     		lsl	r1, r1, r3
 626 0064 0B1C     		mov	r3, r1
 627 0066 DBB2     		uxtb	r3, r3
 628 0068 DB43     		mvn	r3, r3
 629 006a DBB2     		uxtb	r3, r3
 630 006c 3A1C     		mov	r2, r7
 631 006e 0F32     		add	r2, r2, #15
 632 0070 1278     		ldrb	r2, [r2]
 633 0072 D2B2     		uxtb	r2, r2
 634 0074 1340     		and	r3, r2
 635 0076 DBB2     		uxtb	r3, r3
 636 0078 DBB2     		uxtb	r3, r3
 637              	.L14:
 638              		.loc 1 72 0 discriminator 3
 639 007a 3A1C     		mov	r2, r7
 640 007c 0F32     		add	r2, r2, #15
 641 007e 1370     		strb	r3, [r2]
  73:.\main.c      **** 	I2CWriteByte(devAddr, regAddr, b);
 642              		.loc 1 73 0 is_stmt 1 discriminator 3
 643 0080 3B1C     		mov	r3, r7
 644 0082 0F33     		add	r3, r3, #15
 645 0084 1B78     		ldrb	r3, [r3]
 646 0086 FA1D     		add	r2, r7, #7
 647 0088 1178     		ldrb	r1, [r2]
 648 008a BA1D     		add	r2, r7, #6
 649 008c 1278     		ldrb	r2, [r2]
 650 008e 081C     		mov	r0, r1
 651 0090 111C     		mov	r1, r2
 652 0092 1A1C     		mov	r2, r3
 653 0094 FFF7FEFF 		bl	I2CWriteByte
  74:.\main.c      **** }
 654              		.loc 1 74 0 discriminator 3
 655 0098 BD46     		mov	sp, r7
 656 009a 05B0     		add	sp, sp, #20
 657              		@ sp needed
 658 009c 90BD     		pop	{r4, r7, pc}
 659              		.cfi_endproc
 660              	.LFE40:
 661              		.size	I2CWriteBit, .-I2CWriteBit
 662 009e C046     		.section	.text.I2CWriteWords,"ax",%progbits
 663              		.align	2
 664              		.global	I2CWriteWords
 665              		.code	16
ARM GAS  C:\Users\Eric\AppData\Local\Temp\ccUEtfcp.s 			page 14


 666              		.thumb_func
 667              		.type	I2CWriteWords, %function
 668              	I2CWriteWords:
 669              	.LFB41:
  75:.\main.c      **** 
  76:.\main.c      **** void I2CWriteWords(uint8_t devAddr, uint8_t regAddr, uint8_t length, uint16_t *value) {
 670              		.loc 1 76 0
 671              		.cfi_startproc
 672 0000 80B5     		push	{r7, lr}
 673              		.cfi_def_cfa_offset 8
 674              		.cfi_offset 7, -8
 675              		.cfi_offset 14, -4
 676 0002 84B0     		sub	sp, sp, #16
 677              		.cfi_def_cfa_offset 24
 678 0004 00AF     		add	r7, sp, #0
 679              		.cfi_def_cfa_register 7
 680 0006 3B60     		str	r3, [r7]
 681 0008 FB1D     		add	r3, r7, #7
 682 000a 1870     		strb	r0, [r3]
 683 000c BB1D     		add	r3, r7, #6
 684 000e 1970     		strb	r1, [r3]
 685 0010 7B1D     		add	r3, r7, #5
 686 0012 1A70     		strb	r2, [r3]
  77:.\main.c      **** 	uint8_t i=0;
 687              		.loc 1 77 0
 688 0014 3B1C     		mov	r3, r7
 689 0016 0F33     		add	r3, r3, #15
 690 0018 0022     		mov	r2, #0
 691 001a 1A70     		strb	r2, [r3]
  78:.\main.c      **** 	I2C_MPU6050_I2CMasterSendStart(devAddr, I2C_MPU6050_I2C_WRITE_XFER_MODE);
 692              		.loc 1 78 0
 693 001c FB1D     		add	r3, r7, #7
 694 001e 1B78     		ldrb	r3, [r3]
 695 0020 181C     		mov	r0, r3
 696 0022 0021     		mov	r1, #0
 697 0024 FFF7FEFF 		bl	I2C_MPU6050_I2CMasterSendStart
  79:.\main.c      **** 	I2C_MPU6050_I2CMasterWriteByte(regAddr);
 698              		.loc 1 79 0
 699 0028 BB1D     		add	r3, r7, #6
 700 002a 1B78     		ldrb	r3, [r3]
 701 002c 181C     		mov	r0, r3
 702 002e FFF7FEFF 		bl	I2C_MPU6050_I2CMasterWriteByte
  80:.\main.c      **** 	while (i++ < length) {
 703              		.loc 1 80 0
 704 0032 0EE0     		b	.L16
 705              	.L17:
  81:.\main.c      **** 		I2C_MPU6050_I2CMasterWriteByte(((uint8_t)*value) >> 8);
 706              		.loc 1 81 0
 707 0034 3B68     		ldr	r3, [r7]
 708 0036 1B88     		ldrh	r3, [r3]
 709 0038 DBB2     		uxtb	r3, r3
 710 003a 1B12     		asr	r3, r3, #8
 711 003c 181C     		mov	r0, r3
 712 003e FFF7FEFF 		bl	I2C_MPU6050_I2CMasterWriteByte
  82:.\main.c      **** 		I2C_MPU6050_I2CMasterWriteByte((uint8_t)*value++);
 713              		.loc 1 82 0
 714 0042 3B68     		ldr	r3, [r7]
ARM GAS  C:\Users\Eric\AppData\Local\Temp\ccUEtfcp.s 			page 15


 715 0044 9A1C     		add	r2, r3, #2
 716 0046 3A60     		str	r2, [r7]
 717 0048 1B88     		ldrh	r3, [r3]
 718 004a DBB2     		uxtb	r3, r3
 719 004c 181C     		mov	r0, r3
 720 004e FFF7FEFF 		bl	I2C_MPU6050_I2CMasterWriteByte
 721              	.L16:
  80:.\main.c      **** 	while (i++ < length) {
 722              		.loc 1 80 0 discriminator 1
 723 0052 3B1C     		mov	r3, r7
 724 0054 0F33     		add	r3, r3, #15
 725 0056 1B78     		ldrb	r3, [r3]
 726 0058 3A1C     		mov	r2, r7
 727 005a 0F32     		add	r2, r2, #15
 728 005c 591C     		add	r1, r3, #1
 729 005e 1170     		strb	r1, [r2]
 730 0060 7A1D     		add	r2, r7, #5
 731 0062 1278     		ldrb	r2, [r2]
 732 0064 9A42     		cmp	r2, r3
 733 0066 E5D8     		bhi	.L17
  83:.\main.c      **** 	}
  84:.\main.c      **** 	I2C_MPU6050_I2CMasterSendStop();		
 734              		.loc 1 84 0
 735 0068 FFF7FEFF 		bl	I2C_MPU6050_I2CMasterSendStop
  85:.\main.c      **** }
 736              		.loc 1 85 0
 737 006c BD46     		mov	sp, r7
 738 006e 04B0     		add	sp, sp, #16
 739              		@ sp needed
 740 0070 80BD     		pop	{r7, pc}
 741              		.cfi_endproc
 742              	.LFE41:
 743              		.size	I2CWriteWords, .-I2CWriteWords
 744 0072 C046     		.section	.text.I2CWriteWord,"ax",%progbits
 745              		.align	2
 746              		.global	I2CWriteWord
 747              		.code	16
 748              		.thumb_func
 749              		.type	I2CWriteWord, %function
 750              	I2CWriteWord:
 751              	.LFB42:
  86:.\main.c      **** 
  87:.\main.c      **** void I2CWriteWord(uint8_t devAddr, uint8_t regAddr, uint16_t value) {
 752              		.loc 1 87 0
 753              		.cfi_startproc
 754 0000 80B5     		push	{r7, lr}
 755              		.cfi_def_cfa_offset 8
 756              		.cfi_offset 7, -8
 757              		.cfi_offset 14, -4
 758 0002 82B0     		sub	sp, sp, #8
 759              		.cfi_def_cfa_offset 16
 760 0004 00AF     		add	r7, sp, #0
 761              		.cfi_def_cfa_register 7
 762 0006 FB1D     		add	r3, r7, #7
 763 0008 1870     		strb	r0, [r3]
 764 000a BB1D     		add	r3, r7, #6
 765 000c 1970     		strb	r1, [r3]
ARM GAS  C:\Users\Eric\AppData\Local\Temp\ccUEtfcp.s 			page 16


 766 000e 3B1D     		add	r3, r7, #4
 767 0010 1A80     		strh	r2, [r3]
  88:.\main.c      **** 	I2CWriteWords(devAddr, regAddr, 1, &value);
 768              		.loc 1 88 0
 769 0012 FB1D     		add	r3, r7, #7
 770 0014 1978     		ldrb	r1, [r3]
 771 0016 BB1D     		add	r3, r7, #6
 772 0018 1A78     		ldrb	r2, [r3]
 773 001a 3B1D     		add	r3, r7, #4
 774 001c 081C     		mov	r0, r1
 775 001e 111C     		mov	r1, r2
 776 0020 0122     		mov	r2, #1
 777 0022 FFF7FEFF 		bl	I2CWriteWords
  89:.\main.c      **** }
 778              		.loc 1 89 0
 779 0026 BD46     		mov	sp, r7
 780 0028 02B0     		add	sp, sp, #8
 781              		@ sp needed
 782 002a 80BD     		pop	{r7, pc}
 783              		.cfi_endproc
 784              	.LFE42:
 785              		.size	I2CWriteWord, .-I2CWriteWord
 786              		.comm	sendData,28,4
 787              		.section	.text.main,"ax",%progbits
 788              		.align	2
 789              		.global	main
 790              		.code	16
 791              		.thumb_func
 792              		.type	main, %function
 793              	main:
 794              	.LFB43:
  90:.\main.c      **** 
  91:.\main.c      **** 
  92:.\main.c      **** 
  93:.\main.c      **** union data
  94:.\main.c      **** {
  95:.\main.c      ****     struct sensorDataInternals
  96:.\main.c      ****     {
  97:.\main.c      ****         char beginPad[5];
  98:.\main.c      ****         int16_t ax;
  99:.\main.c      ****         char pad0;
 100:.\main.c      ****         int16_t ay;
 101:.\main.c      ****         char pad1;
 102:.\main.c      ****         int16_t az;
 103:.\main.c      ****         char pad2;
 104:.\main.c      ****         int16_t gx;
 105:.\main.c      ****         char pad3;
 106:.\main.c      ****         int16_t gy;
 107:.\main.c      ****         char pad4;
 108:.\main.c      ****         int16_t gz;
 109:.\main.c      ****     } sensorData;
 110:.\main.c      ****     unsigned char buffer[sizeof(struct sensorDataInternals)];
 111:.\main.c      **** } sendData;
 112:.\main.c      **** 
 113:.\main.c      **** int main()
 114:.\main.c      **** {
 795              		.loc 1 114 0
ARM GAS  C:\Users\Eric\AppData\Local\Temp\ccUEtfcp.s 			page 17


 796              		.cfi_startproc
 797 0000 90B5     		push	{r4, r7, lr}
 798              		.cfi_def_cfa_offset 12
 799              		.cfi_offset 4, -12
 800              		.cfi_offset 7, -8
 801              		.cfi_offset 14, -4
 802 0002 83B0     		sub	sp, sp, #12
 803              		.cfi_def_cfa_offset 24
 804 0004 02AF     		add	r7, sp, #8
 805              		.cfi_def_cfa 7, 16
 115:.\main.c      ****     CyGlobalIntEnable;
 806              		.loc 1 115 0
 807              	@ 115 ".\main.c" 1
 808 0006 62B6     		CPSIE   i
 809              	@ 0 "" 2
 116:.\main.c      ****     static char temp[5] = {0, 1, 2, 3, 4};
 117:.\main.c      ****     memcpy(sendData.sensorData.beginPad, temp, 5);
 810              		.loc 1 117 0
 811              		.code	16
 812 0008 174B     		ldr	r3, .L21
 813 000a 184A     		ldr	r2, .L21+4
 814 000c 1168     		ldr	r1, [r2]
 815 000e 1960     		str	r1, [r3]
 816 0010 1279     		ldrb	r2, [r2, #4]
 817 0012 1A71     		strb	r2, [r3, #4]
 118:.\main.c      ****     sendData.sensorData.pad0 = 0;
 818              		.loc 1 118 0
 819 0014 144B     		ldr	r3, .L21
 820 0016 0022     		mov	r2, #0
 821 0018 1A72     		strb	r2, [r3, #8]
 119:.\main.c      ****     sendData.sensorData.pad1 = 0;
 822              		.loc 1 119 0
 823 001a 134B     		ldr	r3, .L21
 824 001c 0022     		mov	r2, #0
 825 001e 1A73     		strb	r2, [r3, #12]
 120:.\main.c      ****     sendData.sensorData.pad2 = 0;
 826              		.loc 1 120 0
 827 0020 114B     		ldr	r3, .L21
 828 0022 0022     		mov	r2, #0
 829 0024 1A74     		strb	r2, [r3, #16]
 121:.\main.c      ****     sendData.sensorData.pad3 = 0;
 830              		.loc 1 121 0
 831 0026 104B     		ldr	r3, .L21
 832 0028 0022     		mov	r2, #0
 833 002a 1A75     		strb	r2, [r3, #20]
 122:.\main.c      ****     sendData.sensorData.pad4 = 0;
 834              		.loc 1 122 0
 835 002c 0E4B     		ldr	r3, .L21
 836 002e 0022     		mov	r2, #0
 837 0030 1A76     		strb	r2, [r3, #24]
 123:.\main.c      ****     CyDelay(10);
 838              		.loc 1 123 0
 839 0032 0A20     		mov	r0, #10
 840 0034 FFF7FEFF 		bl	CyDelay
 124:.\main.c      **** 	I2C_MPU6050_Start();
 841              		.loc 1 124 0
 842 0038 FFF7FEFF 		bl	I2C_MPU6050_Start
ARM GAS  C:\Users\Eric\AppData\Local\Temp\ccUEtfcp.s 			page 18


 125:.\main.c      ****     UART_1_Start();
 843              		.loc 1 125 0
 844 003c FFF7FEFF 		bl	UART_1_Start
 126:.\main.c      **** 	
 127:.\main.c      ****     
 128:.\main.c      **** 
 129:.\main.c      **** 	MPU6050_init();
 845              		.loc 1 129 0
 846 0040 FFF7FEFF 		bl	MPU6050_init
 130:.\main.c      **** 	MPU6050_initialize();
 847              		.loc 1 130 0
 848 0044 FFF7FEFF 		bl	MPU6050_initialize
 849              	.L20:
 131:.\main.c      **** 	
 132:.\main.c      ****     for(;;)
 133:.\main.c      ****     {
 134:.\main.c      **** 	  MPU6050_getMotion6(&sendData.sensorData.ax, &sendData.sensorData.ay, &sendData.sensorData.az, &s
 850              		.loc 1 134 0 discriminator 1
 851 0048 0948     		ldr	r0, .L21+8
 852 004a 0A49     		ldr	r1, .L21+12
 853 004c 0A4A     		ldr	r2, .L21+16
 854 004e 0B4B     		ldr	r3, .L21+20
 855 0050 0B4C     		ldr	r4, .L21+24
 856 0052 0094     		str	r4, [sp]
 857 0054 0B4C     		ldr	r4, .L21+28
 858 0056 0194     		str	r4, [sp, #4]
 859 0058 FFF7FEFF 		bl	MPU6050_getMotion6
 135:.\main.c      ****       UART_1_PutArray(sendData.buffer, sizeof(sendData.buffer));
 860              		.loc 1 135 0 discriminator 1
 861 005c 024B     		ldr	r3, .L21
 862 005e 181C     		mov	r0, r3
 863 0060 1C21     		mov	r1, #28
 864 0062 FFF7FEFF 		bl	UART_1_PutArray
 136:.\main.c      **** 	}
 865              		.loc 1 136 0 discriminator 1
 866 0066 EFE7     		b	.L20
 867              	.L22:
 868              		.align	2
 869              	.L21:
 870 0068 00000000 		.word	sendData
 871 006c 00000000 		.word	temp.6412
 872 0070 06000000 		.word	sendData+6
 873 0074 0A000000 		.word	sendData+10
 874 0078 0E000000 		.word	sendData+14
 875 007c 12000000 		.word	sendData+18
 876 0080 16000000 		.word	sendData+22
 877 0084 1A000000 		.word	sendData+26
 878              		.cfi_endproc
 879              	.LFE43:
 880              		.size	main, .-main
 881              		.data
 882              		.align	2
 883              		.type	temp.6412, %object
 884              		.size	temp.6412, 5
 885              	temp.6412:
 886 0000 00       		.byte	0
 887 0001 01       		.byte	1
ARM GAS  C:\Users\Eric\AppData\Local\Temp\ccUEtfcp.s 			page 19


 888 0002 02       		.byte	2
 889 0003 03       		.byte	3
 890 0004 04       		.byte	4
 891 0005 000000   		.text
 892              	.Letext0:
 893              		.file 2 "e:\\program files (x86)\\cypress\\psoc creator\\3.1\\psoc creator\\import\\gnu_cs\\arm\\4
 894              		.file 3 "e:\\program files (x86)\\cypress\\psoc creator\\3.1\\psoc creator\\import\\gnu_cs\\arm\\4
 895              		.file 4 ".\\mpu6050.h"
 896              		.section	.debug_info,"",%progbits
 897              	.Ldebug_info0:
 898 0000 72050000 		.4byte	0x572
 899 0004 0400     		.2byte	0x4
 900 0006 00000000 		.4byte	.Ldebug_abbrev0
 901 000a 04       		.byte	0x4
 902 000b 01       		.uleb128 0x1
 903 000c 37020000 		.4byte	.LASF47
 904 0010 01       		.byte	0x1
 905 0011 1D010000 		.4byte	.LASF48
 906 0015 19000000 		.4byte	.LASF49
 907 0019 00000000 		.4byte	.Ldebug_ranges0+0
 908 001d 00000000 		.4byte	0
 909 0021 00000000 		.4byte	.Ldebug_line0
 910 0025 02       		.uleb128 0x2
 911 0026 01       		.byte	0x1
 912 0027 06       		.byte	0x6
 913 0028 1E020000 		.4byte	.LASF0
 914 002c 03       		.uleb128 0x3
 915 002d 0F000000 		.4byte	.LASF2
 916 0031 02       		.byte	0x2
 917 0032 1C       		.byte	0x1c
 918 0033 37000000 		.4byte	0x37
 919 0037 02       		.uleb128 0x2
 920 0038 01       		.byte	0x1
 921 0039 08       		.byte	0x8
 922 003a BA000000 		.4byte	.LASF1
 923 003e 03       		.uleb128 0x3
 924 003f 66000000 		.4byte	.LASF3
 925 0043 02       		.byte	0x2
 926 0044 25       		.byte	0x25
 927 0045 49000000 		.4byte	0x49
 928 0049 02       		.uleb128 0x2
 929 004a 02       		.byte	0x2
 930 004b 05       		.byte	0x5
 931 004c CA010000 		.4byte	.LASF4
 932 0050 03       		.uleb128 0x3
 933 0051 26010000 		.4byte	.LASF5
 934 0055 02       		.byte	0x2
 935 0056 26       		.byte	0x26
 936 0057 5B000000 		.4byte	0x5b
 937 005b 02       		.uleb128 0x2
 938 005c 02       		.byte	0x2
 939 005d 07       		.byte	0x7
 940 005e FF000000 		.4byte	.LASF6
 941 0062 02       		.uleb128 0x2
 942 0063 04       		.byte	0x4
 943 0064 05       		.byte	0x5
 944 0065 03020000 		.4byte	.LASF7
ARM GAS  C:\Users\Eric\AppData\Local\Temp\ccUEtfcp.s 			page 20


 945 0069 02       		.uleb128 0x2
 946 006a 04       		.byte	0x4
 947 006b 07       		.byte	0x7
 948 006c E8000000 		.4byte	.LASF8
 949 0070 02       		.uleb128 0x2
 950 0071 08       		.byte	0x8
 951 0072 05       		.byte	0x5
 952 0073 B7010000 		.4byte	.LASF9
 953 0077 02       		.uleb128 0x2
 954 0078 08       		.byte	0x8
 955 0079 07       		.byte	0x7
 956 007a 73010000 		.4byte	.LASF10
 957 007e 04       		.uleb128 0x4
 958 007f 04       		.byte	0x4
 959 0080 05       		.byte	0x5
 960 0081 696E7400 		.ascii	"int\000"
 961 0085 02       		.uleb128 0x2
 962 0086 04       		.byte	0x4
 963 0087 07       		.byte	0x7
 964 0088 52010000 		.4byte	.LASF11
 965 008c 03       		.uleb128 0x3
 966 008d 8A010000 		.4byte	.LASF12
 967 0091 03       		.byte	0x3
 968 0092 2A       		.byte	0x2a
 969 0093 2C000000 		.4byte	0x2c
 970 0097 03       		.uleb128 0x3
 971 0098 92010000 		.4byte	.LASF13
 972 009c 03       		.byte	0x3
 973 009d 35       		.byte	0x35
 974 009e 3E000000 		.4byte	0x3e
 975 00a2 03       		.uleb128 0x3
 976 00a3 E3010000 		.4byte	.LASF14
 977 00a7 03       		.byte	0x3
 978 00a8 36       		.byte	0x36
 979 00a9 50000000 		.4byte	0x50
 980 00ad 02       		.uleb128 0x2
 981 00ae 04       		.byte	0x4
 982 00af 04       		.byte	0x4
 983 00b0 AF000000 		.4byte	.LASF15
 984 00b4 02       		.uleb128 0x2
 985 00b5 08       		.byte	0x8
 986 00b6 04       		.byte	0x4
 987 00b7 31010000 		.4byte	.LASF16
 988 00bb 02       		.uleb128 0x2
 989 00bc 01       		.byte	0x1
 990 00bd 08       		.byte	0x8
 991 00be 0C020000 		.4byte	.LASF17
 992 00c2 02       		.uleb128 0x2
 993 00c3 04       		.byte	0x4
 994 00c4 07       		.byte	0x7
 995 00c5 A7010000 		.4byte	.LASF18
 996 00c9 05       		.uleb128 0x5
 997 00ca 5F010000 		.4byte	.LASF50
 998 00ce 1C       		.byte	0x1c
 999 00cf 01       		.byte	0x1
 1000 00d0 5F       		.byte	0x5f
 1001 00d1 60010000 		.4byte	0x160
ARM GAS  C:\Users\Eric\AppData\Local\Temp\ccUEtfcp.s 			page 21


 1002 00d5 06       		.uleb128 0x6
 1003 00d6 84000000 		.4byte	.LASF19
 1004 00da 01       		.byte	0x1
 1005 00db 61       		.byte	0x61
 1006 00dc 60010000 		.4byte	0x160
 1007 00e0 00       		.byte	0
 1008 00e1 07       		.uleb128 0x7
 1009 00e2 617800   		.ascii	"ax\000"
 1010 00e5 01       		.byte	0x1
 1011 00e6 62       		.byte	0x62
 1012 00e7 97000000 		.4byte	0x97
 1013 00eb 06       		.byte	0x6
 1014 00ec 06       		.uleb128 0x6
 1015 00ed 00000000 		.4byte	.LASF20
 1016 00f1 01       		.byte	0x1
 1017 00f2 63       		.byte	0x63
 1018 00f3 BB000000 		.4byte	0xbb
 1019 00f7 08       		.byte	0x8
 1020 00f8 07       		.uleb128 0x7
 1021 00f9 617900   		.ascii	"ay\000"
 1022 00fc 01       		.byte	0x1
 1023 00fd 64       		.byte	0x64
 1024 00fe 97000000 		.4byte	0x97
 1025 0102 0A       		.byte	0xa
 1026 0103 06       		.uleb128 0x6
 1027 0104 99000000 		.4byte	.LASF21
 1028 0108 01       		.byte	0x1
 1029 0109 65       		.byte	0x65
 1030 010a BB000000 		.4byte	0xbb
 1031 010e 0C       		.byte	0xc
 1032 010f 07       		.uleb128 0x7
 1033 0110 617A00   		.ascii	"az\000"
 1034 0113 01       		.byte	0x1
 1035 0114 66       		.byte	0x66
 1036 0115 97000000 		.4byte	0x97
 1037 0119 0E       		.byte	0xe
 1038 011a 06       		.uleb128 0x6
 1039 011b 05000000 		.4byte	.LASF22
 1040 011f 01       		.byte	0x1
 1041 0120 67       		.byte	0x67
 1042 0121 BB000000 		.4byte	0xbb
 1043 0125 10       		.byte	0x10
 1044 0126 07       		.uleb128 0x7
 1045 0127 677800   		.ascii	"gx\000"
 1046 012a 01       		.byte	0x1
 1047 012b 68       		.byte	0x68
 1048 012c 97000000 		.4byte	0x97
 1049 0130 12       		.byte	0x12
 1050 0131 06       		.uleb128 0x6
 1051 0132 0A000000 		.4byte	.LASF23
 1052 0136 01       		.byte	0x1
 1053 0137 69       		.byte	0x69
 1054 0138 BB000000 		.4byte	0xbb
 1055 013c 14       		.byte	0x14
 1056 013d 07       		.uleb128 0x7
 1057 013e 677900   		.ascii	"gy\000"
 1058 0141 01       		.byte	0x1
ARM GAS  C:\Users\Eric\AppData\Local\Temp\ccUEtfcp.s 			page 22


 1059 0142 6A       		.byte	0x6a
 1060 0143 97000000 		.4byte	0x97
 1061 0147 16       		.byte	0x16
 1062 0148 06       		.uleb128 0x6
 1063 0149 AA000000 		.4byte	.LASF24
 1064 014d 01       		.byte	0x1
 1065 014e 6B       		.byte	0x6b
 1066 014f BB000000 		.4byte	0xbb
 1067 0153 18       		.byte	0x18
 1068 0154 07       		.uleb128 0x7
 1069 0155 677A00   		.ascii	"gz\000"
 1070 0158 01       		.byte	0x1
 1071 0159 6C       		.byte	0x6c
 1072 015a 97000000 		.4byte	0x97
 1073 015e 1A       		.byte	0x1a
 1074 015f 00       		.byte	0
 1075 0160 08       		.uleb128 0x8
 1076 0161 BB000000 		.4byte	0xbb
 1077 0165 70010000 		.4byte	0x170
 1078 0169 09       		.uleb128 0x9
 1079 016a C2000000 		.4byte	0xc2
 1080 016e 04       		.byte	0x4
 1081 016f 00       		.byte	0
 1082 0170 0A       		.uleb128 0xa
 1083 0171 B5000000 		.4byte	.LASF51
 1084 0175 1C       		.byte	0x1c
 1085 0176 01       		.byte	0x1
 1086 0177 5D       		.byte	0x5d
 1087 0178 93010000 		.4byte	0x193
 1088 017c 0B       		.uleb128 0xb
 1089 017d 12010000 		.4byte	.LASF25
 1090 0181 01       		.byte	0x1
 1091 0182 6D       		.byte	0x6d
 1092 0183 C9000000 		.4byte	0xc9
 1093 0187 0B       		.uleb128 0xb
 1094 0188 DC010000 		.4byte	.LASF26
 1095 018c 01       		.byte	0x1
 1096 018d 6E       		.byte	0x6e
 1097 018e 93010000 		.4byte	0x193
 1098 0192 00       		.byte	0
 1099 0193 08       		.uleb128 0x8
 1100 0194 37000000 		.4byte	0x37
 1101 0198 A3010000 		.4byte	0x1a3
 1102 019c 09       		.uleb128 0x9
 1103 019d C2000000 		.4byte	0xc2
 1104 01a1 1B       		.byte	0x1b
 1105 01a2 00       		.byte	0
 1106 01a3 0C       		.uleb128 0xc
 1107 01a4 11020000 		.4byte	.LASF31
 1108 01a8 01       		.byte	0x1
 1109 01a9 10       		.byte	0x10
 1110 01aa 00000000 		.4byte	.LFB33
 1111 01ae 84000000 		.4byte	.LFE33-.LFB33
 1112 01b2 01       		.uleb128 0x1
 1113 01b3 9C       		.byte	0x9c
 1114 01b4 FD010000 		.4byte	0x1fd
 1115 01b8 0D       		.uleb128 0xd
ARM GAS  C:\Users\Eric\AppData\Local\Temp\ccUEtfcp.s 			page 23


 1116 01b9 D4010000 		.4byte	.LASF27
 1117 01bd 01       		.byte	0x1
 1118 01be 10       		.byte	0x10
 1119 01bf 8C000000 		.4byte	0x8c
 1120 01c3 02       		.uleb128 0x2
 1121 01c4 91       		.byte	0x91
 1122 01c5 67       		.sleb128 -25
 1123 01c6 0D       		.uleb128 0xd
 1124 01c7 E0000000 		.4byte	.LASF28
 1125 01cb 01       		.byte	0x1
 1126 01cc 10       		.byte	0x10
 1127 01cd 8C000000 		.4byte	0x8c
 1128 01d1 02       		.uleb128 0x2
 1129 01d2 91       		.byte	0x91
 1130 01d3 66       		.sleb128 -26
 1131 01d4 0D       		.uleb128 0xd
 1132 01d5 B3020000 		.4byte	.LASF29
 1133 01d9 01       		.byte	0x1
 1134 01da 10       		.byte	0x10
 1135 01db 8C000000 		.4byte	0x8c
 1136 01df 02       		.uleb128 0x2
 1137 01e0 91       		.byte	0x91
 1138 01e1 65       		.sleb128 -27
 1139 01e2 0D       		.uleb128 0xd
 1140 01e3 7E000000 		.4byte	.LASF30
 1141 01e7 01       		.byte	0x1
 1142 01e8 10       		.byte	0x10
 1143 01e9 FD010000 		.4byte	0x1fd
 1144 01ed 02       		.uleb128 0x2
 1145 01ee 91       		.byte	0x91
 1146 01ef 60       		.sleb128 -32
 1147 01f0 0E       		.uleb128 0xe
 1148 01f1 6900     		.ascii	"i\000"
 1149 01f3 01       		.byte	0x1
 1150 01f4 11       		.byte	0x11
 1151 01f5 8C000000 		.4byte	0x8c
 1152 01f9 02       		.uleb128 0x2
 1153 01fa 91       		.byte	0x91
 1154 01fb 6F       		.sleb128 -17
 1155 01fc 00       		.byte	0
 1156 01fd 0F       		.uleb128 0xf
 1157 01fe 04       		.byte	0x4
 1158 01ff 8C000000 		.4byte	0x8c
 1159 0203 0C       		.uleb128 0xc
 1160 0204 8D000000 		.4byte	.LASF32
 1161 0208 01       		.byte	0x1
 1162 0209 1C       		.byte	0x1c
 1163 020a 00000000 		.4byte	.LFB34
 1164 020e 2E000000 		.4byte	.LFE34-.LFB34
 1165 0212 01       		.uleb128 0x1
 1166 0213 9C       		.byte	0x9c
 1167 0214 43020000 		.4byte	0x243
 1168 0218 0D       		.uleb128 0xd
 1169 0219 D4010000 		.4byte	.LASF27
 1170 021d 01       		.byte	0x1
 1171 021e 1C       		.byte	0x1c
 1172 021f 8C000000 		.4byte	0x8c
ARM GAS  C:\Users\Eric\AppData\Local\Temp\ccUEtfcp.s 			page 24


 1173 0223 02       		.uleb128 0x2
 1174 0224 91       		.byte	0x91
 1175 0225 77       		.sleb128 -9
 1176 0226 0D       		.uleb128 0xd
 1177 0227 E0000000 		.4byte	.LASF28
 1178 022b 01       		.byte	0x1
 1179 022c 1C       		.byte	0x1c
 1180 022d 8C000000 		.4byte	0x8c
 1181 0231 02       		.uleb128 0x2
 1182 0232 91       		.byte	0x91
 1183 0233 76       		.sleb128 -10
 1184 0234 0D       		.uleb128 0xd
 1185 0235 7E000000 		.4byte	.LASF30
 1186 0239 01       		.byte	0x1
 1187 023a 1C       		.byte	0x1c
 1188 023b FD010000 		.4byte	0x1fd
 1189 023f 02       		.uleb128 0x2
 1190 0240 91       		.byte	0x91
 1191 0241 70       		.sleb128 -16
 1192 0242 00       		.byte	0
 1193 0243 0C       		.uleb128 0xc
 1194 0244 9E000000 		.4byte	.LASF33
 1195 0248 01       		.byte	0x1
 1196 0249 20       		.byte	0x20
 1197 024a 00000000 		.4byte	.LFB35
 1198 024e 8A000000 		.4byte	.LFE35-.LFB35
 1199 0252 01       		.uleb128 0x1
 1200 0253 9C       		.byte	0x9c
 1201 0254 AD020000 		.4byte	0x2ad
 1202 0258 0D       		.uleb128 0xd
 1203 0259 D4010000 		.4byte	.LASF27
 1204 025d 01       		.byte	0x1
 1205 025e 20       		.byte	0x20
 1206 025f 8C000000 		.4byte	0x8c
 1207 0263 02       		.uleb128 0x2
 1208 0264 91       		.byte	0x91
 1209 0265 67       		.sleb128 -25
 1210 0266 0D       		.uleb128 0xd
 1211 0267 E0000000 		.4byte	.LASF28
 1212 026b 01       		.byte	0x1
 1213 026c 20       		.byte	0x20
 1214 026d 8C000000 		.4byte	0x8c
 1215 0271 02       		.uleb128 0x2
 1216 0272 91       		.byte	0x91
 1217 0273 66       		.sleb128 -26
 1218 0274 0D       		.uleb128 0xd
 1219 0275 38010000 		.4byte	.LASF34
 1220 0279 01       		.byte	0x1
 1221 027a 20       		.byte	0x20
 1222 027b 8C000000 		.4byte	0x8c
 1223 027f 02       		.uleb128 0x2
 1224 0280 91       		.byte	0x91
 1225 0281 65       		.sleb128 -27
 1226 0282 0D       		.uleb128 0xd
 1227 0283 B3020000 		.4byte	.LASF29
 1228 0287 01       		.byte	0x1
 1229 0288 20       		.byte	0x20
ARM GAS  C:\Users\Eric\AppData\Local\Temp\ccUEtfcp.s 			page 25


 1230 0289 8C000000 		.4byte	0x8c
 1231 028d 02       		.uleb128 0x2
 1232 028e 91       		.byte	0x91
 1233 028f 64       		.sleb128 -28
 1234 0290 0D       		.uleb128 0xd
 1235 0291 7E000000 		.4byte	.LASF30
 1236 0295 01       		.byte	0x1
 1237 0296 20       		.byte	0x20
 1238 0297 FD010000 		.4byte	0x1fd
 1239 029b 02       		.uleb128 0x2
 1240 029c 91       		.byte	0x91
 1241 029d 00       		.sleb128 0
 1242 029e 10       		.uleb128 0x10
 1243 029f C5010000 		.4byte	.LASF35
 1244 02a3 01       		.byte	0x1
 1245 02a4 21       		.byte	0x21
 1246 02a5 8C000000 		.4byte	0x8c
 1247 02a9 02       		.uleb128 0x2
 1248 02aa 91       		.byte	0x91
 1249 02ab 6F       		.sleb128 -17
 1250 02ac 00       		.byte	0
 1251 02ad 0C       		.uleb128 0xc
 1252 02ae D5000000 		.4byte	.LASF36
 1253 02b2 01       		.byte	0x1
 1254 02b3 27       		.byte	0x27
 1255 02b4 00000000 		.4byte	.LFB36
 1256 02b8 4C000000 		.4byte	.LFE36-.LFB36
 1257 02bc 01       		.uleb128 0x1
 1258 02bd 9C       		.byte	0x9c
 1259 02be FB020000 		.4byte	0x2fb
 1260 02c2 0D       		.uleb128 0xd
 1261 02c3 D4010000 		.4byte	.LASF27
 1262 02c7 01       		.byte	0x1
 1263 02c8 27       		.byte	0x27
 1264 02c9 8C000000 		.4byte	0x8c
 1265 02cd 02       		.uleb128 0x2
 1266 02ce 91       		.byte	0x91
 1267 02cf 77       		.sleb128 -9
 1268 02d0 0D       		.uleb128 0xd
 1269 02d1 E0000000 		.4byte	.LASF28
 1270 02d5 01       		.byte	0x1
 1271 02d6 27       		.byte	0x27
 1272 02d7 8C000000 		.4byte	0x8c
 1273 02db 02       		.uleb128 0x2
 1274 02dc 91       		.byte	0x91
 1275 02dd 76       		.sleb128 -10
 1276 02de 0D       		.uleb128 0xd
 1277 02df B0010000 		.4byte	.LASF37
 1278 02e3 01       		.byte	0x1
 1279 02e4 27       		.byte	0x27
 1280 02e5 8C000000 		.4byte	0x8c
 1281 02e9 02       		.uleb128 0x2
 1282 02ea 91       		.byte	0x91
 1283 02eb 75       		.sleb128 -11
 1284 02ec 0D       		.uleb128 0xd
 1285 02ed 7E000000 		.4byte	.LASF30
 1286 02f1 01       		.byte	0x1
ARM GAS  C:\Users\Eric\AppData\Local\Temp\ccUEtfcp.s 			page 26


 1287 02f2 27       		.byte	0x27
 1288 02f3 FD010000 		.4byte	0x1fd
 1289 02f7 02       		.uleb128 0x2
 1290 02f8 91       		.byte	0x91
 1291 02f9 70       		.sleb128 -16
 1292 02fa 00       		.byte	0
 1293 02fb 0C       		.uleb128 0xc
 1294 02fc 70000000 		.4byte	.LASF38
 1295 0300 01       		.byte	0x1
 1296 0301 2C       		.byte	0x2c
 1297 0302 00000000 		.4byte	.LFB37
 1298 0306 62000000 		.4byte	.LFE37-.LFB37
 1299 030a 01       		.uleb128 0x1
 1300 030b 9C       		.byte	0x9c
 1301 030c 55030000 		.4byte	0x355
 1302 0310 0D       		.uleb128 0xd
 1303 0311 D4010000 		.4byte	.LASF27
 1304 0315 01       		.byte	0x1
 1305 0316 2C       		.byte	0x2c
 1306 0317 8C000000 		.4byte	0x8c
 1307 031b 02       		.uleb128 0x2
 1308 031c 91       		.byte	0x91
 1309 031d 6F       		.sleb128 -17
 1310 031e 0D       		.uleb128 0xd
 1311 031f E0000000 		.4byte	.LASF28
 1312 0323 01       		.byte	0x1
 1313 0324 2C       		.byte	0x2c
 1314 0325 8C000000 		.4byte	0x8c
 1315 0329 02       		.uleb128 0x2
 1316 032a 91       		.byte	0x91
 1317 032b 6E       		.sleb128 -18
 1318 032c 0D       		.uleb128 0xd
 1319 032d B3020000 		.4byte	.LASF29
 1320 0331 01       		.byte	0x1
 1321 0332 2C       		.byte	0x2c
 1322 0333 8C000000 		.4byte	0x8c
 1323 0337 02       		.uleb128 0x2
 1324 0338 91       		.byte	0x91
 1325 0339 6D       		.sleb128 -19
 1326 033a 0D       		.uleb128 0xd
 1327 033b 7E000000 		.4byte	.LASF30
 1328 033f 01       		.byte	0x1
 1329 0340 2C       		.byte	0x2c
 1330 0341 FD010000 		.4byte	0x1fd
 1331 0345 02       		.uleb128 0x2
 1332 0346 91       		.byte	0x91
 1333 0347 68       		.sleb128 -24
 1334 0348 0E       		.uleb128 0xe
 1335 0349 6900     		.ascii	"i\000"
 1336 034b 01       		.byte	0x1
 1337 034c 2D       		.byte	0x2d
 1338 034d 8C000000 		.4byte	0x8c
 1339 0351 02       		.uleb128 0x2
 1340 0352 91       		.byte	0x91
 1341 0353 77       		.sleb128 -9
 1342 0354 00       		.byte	0
 1343 0355 0C       		.uleb128 0xc
ARM GAS  C:\Users\Eric\AppData\Local\Temp\ccUEtfcp.s 			page 27


 1344 0356 9A010000 		.4byte	.LASF39
 1345 035a 01       		.byte	0x1
 1346 035b 36       		.byte	0x36
 1347 035c 00000000 		.4byte	.LFB38
 1348 0360 2C000000 		.4byte	.LFE38-.LFB38
 1349 0364 01       		.uleb128 0x1
 1350 0365 9C       		.byte	0x9c
 1351 0366 95030000 		.4byte	0x395
 1352 036a 0D       		.uleb128 0xd
 1353 036b D4010000 		.4byte	.LASF27
 1354 036f 01       		.byte	0x1
 1355 0370 36       		.byte	0x36
 1356 0371 8C000000 		.4byte	0x8c
 1357 0375 02       		.uleb128 0x2
 1358 0376 91       		.byte	0x91
 1359 0377 77       		.sleb128 -9
 1360 0378 0D       		.uleb128 0xd
 1361 0379 E0000000 		.4byte	.LASF28
 1362 037d 01       		.byte	0x1
 1363 037e 36       		.byte	0x36
 1364 037f 8C000000 		.4byte	0x8c
 1365 0383 02       		.uleb128 0x2
 1366 0384 91       		.byte	0x91
 1367 0385 76       		.sleb128 -10
 1368 0386 0D       		.uleb128 0xd
 1369 0387 7E000000 		.4byte	.LASF30
 1370 038b 01       		.byte	0x1
 1371 038c 36       		.byte	0x36
 1372 038d 8C000000 		.4byte	0x8c
 1373 0391 02       		.uleb128 0x2
 1374 0392 91       		.byte	0x91
 1375 0393 75       		.sleb128 -11
 1376 0394 00       		.byte	0
 1377 0395 0C       		.uleb128 0xc
 1378 0396 2A020000 		.4byte	.LASF40
 1379 039a 01       		.byte	0x1
 1380 039b 3A       		.byte	0x3a
 1381 039c 00000000 		.4byte	.LFB39
 1382 03a0 D6000000 		.4byte	.LFE39-.LFB39
 1383 03a4 01       		.uleb128 0x1
 1384 03a5 9C       		.byte	0x9c
 1385 03a6 0B040000 		.4byte	0x40b
 1386 03aa 0D       		.uleb128 0xd
 1387 03ab D4010000 		.4byte	.LASF27
 1388 03af 01       		.byte	0x1
 1389 03b0 3A       		.byte	0x3a
 1390 03b1 8C000000 		.4byte	0x8c
 1391 03b5 02       		.uleb128 0x2
 1392 03b6 91       		.byte	0x91
 1393 03b7 67       		.sleb128 -25
 1394 03b8 0D       		.uleb128 0xd
 1395 03b9 E0000000 		.4byte	.LASF28
 1396 03bd 01       		.byte	0x1
 1397 03be 3A       		.byte	0x3a
 1398 03bf 8C000000 		.4byte	0x8c
 1399 03c3 02       		.uleb128 0x2
 1400 03c4 91       		.byte	0x91
ARM GAS  C:\Users\Eric\AppData\Local\Temp\ccUEtfcp.s 			page 28


 1401 03c5 66       		.sleb128 -26
 1402 03c6 0D       		.uleb128 0xd
 1403 03c7 38010000 		.4byte	.LASF34
 1404 03cb 01       		.byte	0x1
 1405 03cc 3A       		.byte	0x3a
 1406 03cd 8C000000 		.4byte	0x8c
 1407 03d1 02       		.uleb128 0x2
 1408 03d2 91       		.byte	0x91
 1409 03d3 65       		.sleb128 -27
 1410 03d4 0D       		.uleb128 0xd
 1411 03d5 B3020000 		.4byte	.LASF29
 1412 03d9 01       		.byte	0x1
 1413 03da 3A       		.byte	0x3a
 1414 03db 8C000000 		.4byte	0x8c
 1415 03df 02       		.uleb128 0x2
 1416 03e0 91       		.byte	0x91
 1417 03e1 64       		.sleb128 -28
 1418 03e2 0D       		.uleb128 0xd
 1419 03e3 7E000000 		.4byte	.LASF30
 1420 03e7 01       		.byte	0x1
 1421 03e8 3A       		.byte	0x3a
 1422 03e9 8C000000 		.4byte	0x8c
 1423 03ed 02       		.uleb128 0x2
 1424 03ee 91       		.byte	0x91
 1425 03ef 00       		.sleb128 0
 1426 03f0 0E       		.uleb128 0xe
 1427 03f1 6200     		.ascii	"b\000"
 1428 03f3 01       		.byte	0x1
 1429 03f4 3B       		.byte	0x3b
 1430 03f5 8C000000 		.4byte	0x8c
 1431 03f9 02       		.uleb128 0x2
 1432 03fa 91       		.byte	0x91
 1433 03fb 6E       		.sleb128 -18
 1434 03fc 10       		.uleb128 0x10
 1435 03fd C5010000 		.4byte	.LASF35
 1436 0401 01       		.byte	0x1
 1437 0402 3C       		.byte	0x3c
 1438 0403 8C000000 		.4byte	0x8c
 1439 0407 02       		.uleb128 0x2
 1440 0408 91       		.byte	0x91
 1441 0409 6F       		.sleb128 -17
 1442 040a 00       		.byte	0
 1443 040b 0C       		.uleb128 0xc
 1444 040c 41010000 		.4byte	.LASF41
 1445 0410 01       		.byte	0x1
 1446 0411 45       		.byte	0x45
 1447 0412 00000000 		.4byte	.LFB40
 1448 0416 9E000000 		.4byte	.LFE40-.LFB40
 1449 041a 01       		.uleb128 0x1
 1450 041b 9C       		.byte	0x9c
 1451 041c 65040000 		.4byte	0x465
 1452 0420 0D       		.uleb128 0xd
 1453 0421 D4010000 		.4byte	.LASF27
 1454 0425 01       		.byte	0x1
 1455 0426 45       		.byte	0x45
 1456 0427 8C000000 		.4byte	0x8c
 1457 042b 02       		.uleb128 0x2
ARM GAS  C:\Users\Eric\AppData\Local\Temp\ccUEtfcp.s 			page 29


 1458 042c 91       		.byte	0x91
 1459 042d 67       		.sleb128 -25
 1460 042e 0D       		.uleb128 0xd
 1461 042f E0000000 		.4byte	.LASF28
 1462 0433 01       		.byte	0x1
 1463 0434 45       		.byte	0x45
 1464 0435 8C000000 		.4byte	0x8c
 1465 0439 02       		.uleb128 0x2
 1466 043a 91       		.byte	0x91
 1467 043b 66       		.sleb128 -26
 1468 043c 0D       		.uleb128 0xd
 1469 043d B0010000 		.4byte	.LASF37
 1470 0441 01       		.byte	0x1
 1471 0442 45       		.byte	0x45
 1472 0443 8C000000 		.4byte	0x8c
 1473 0447 02       		.uleb128 0x2
 1474 0448 91       		.byte	0x91
 1475 0449 65       		.sleb128 -27
 1476 044a 0D       		.uleb128 0xd
 1477 044b 7E000000 		.4byte	.LASF30
 1478 044f 01       		.byte	0x1
 1479 0450 45       		.byte	0x45
 1480 0451 8C000000 		.4byte	0x8c
 1481 0455 02       		.uleb128 0x2
 1482 0456 91       		.byte	0x91
 1483 0457 64       		.sleb128 -28
 1484 0458 0E       		.uleb128 0xe
 1485 0459 6200     		.ascii	"b\000"
 1486 045b 01       		.byte	0x1
 1487 045c 46       		.byte	0x46
 1488 045d 8C000000 		.4byte	0x8c
 1489 0461 02       		.uleb128 0x2
 1490 0462 91       		.byte	0x91
 1491 0463 6F       		.sleb128 -17
 1492 0464 00       		.byte	0
 1493 0465 0C       		.uleb128 0xc
 1494 0466 F5010000 		.4byte	.LASF42
 1495 046a 01       		.byte	0x1
 1496 046b 4C       		.byte	0x4c
 1497 046c 00000000 		.4byte	.LFB41
 1498 0470 72000000 		.4byte	.LFE41-.LFB41
 1499 0474 01       		.uleb128 0x1
 1500 0475 9C       		.byte	0x9c
 1501 0476 BF040000 		.4byte	0x4bf
 1502 047a 0D       		.uleb128 0xd
 1503 047b D4010000 		.4byte	.LASF27
 1504 047f 01       		.byte	0x1
 1505 0480 4C       		.byte	0x4c
 1506 0481 8C000000 		.4byte	0x8c
 1507 0485 02       		.uleb128 0x2
 1508 0486 91       		.byte	0x91
 1509 0487 6F       		.sleb128 -17
 1510 0488 0D       		.uleb128 0xd
 1511 0489 E0000000 		.4byte	.LASF28
 1512 048d 01       		.byte	0x1
 1513 048e 4C       		.byte	0x4c
 1514 048f 8C000000 		.4byte	0x8c
ARM GAS  C:\Users\Eric\AppData\Local\Temp\ccUEtfcp.s 			page 30


 1515 0493 02       		.uleb128 0x2
 1516 0494 91       		.byte	0x91
 1517 0495 6E       		.sleb128 -18
 1518 0496 0D       		.uleb128 0xd
 1519 0497 B3020000 		.4byte	.LASF29
 1520 049b 01       		.byte	0x1
 1521 049c 4C       		.byte	0x4c
 1522 049d 8C000000 		.4byte	0x8c
 1523 04a1 02       		.uleb128 0x2
 1524 04a2 91       		.byte	0x91
 1525 04a3 6D       		.sleb128 -19
 1526 04a4 0D       		.uleb128 0xd
 1527 04a5 7E000000 		.4byte	.LASF30
 1528 04a9 01       		.byte	0x1
 1529 04aa 4C       		.byte	0x4c
 1530 04ab BF040000 		.4byte	0x4bf
 1531 04af 02       		.uleb128 0x2
 1532 04b0 91       		.byte	0x91
 1533 04b1 68       		.sleb128 -24
 1534 04b2 0E       		.uleb128 0xe
 1535 04b3 6900     		.ascii	"i\000"
 1536 04b5 01       		.byte	0x1
 1537 04b6 4D       		.byte	0x4d
 1538 04b7 8C000000 		.4byte	0x8c
 1539 04bb 02       		.uleb128 0x2
 1540 04bc 91       		.byte	0x91
 1541 04bd 77       		.sleb128 -9
 1542 04be 00       		.byte	0
 1543 04bf 0F       		.uleb128 0xf
 1544 04c0 04       		.byte	0x4
 1545 04c1 A2000000 		.4byte	0xa2
 1546 04c5 0C       		.uleb128 0xc
 1547 04c6 C8000000 		.4byte	.LASF43
 1548 04ca 01       		.byte	0x1
 1549 04cb 57       		.byte	0x57
 1550 04cc 00000000 		.4byte	.LFB42
 1551 04d0 2C000000 		.4byte	.LFE42-.LFB42
 1552 04d4 01       		.uleb128 0x1
 1553 04d5 9C       		.byte	0x9c
 1554 04d6 05050000 		.4byte	0x505
 1555 04da 0D       		.uleb128 0xd
 1556 04db D4010000 		.4byte	.LASF27
 1557 04df 01       		.byte	0x1
 1558 04e0 57       		.byte	0x57
 1559 04e1 8C000000 		.4byte	0x8c
 1560 04e5 02       		.uleb128 0x2
 1561 04e6 91       		.byte	0x91
 1562 04e7 77       		.sleb128 -9
 1563 04e8 0D       		.uleb128 0xd
 1564 04e9 E0000000 		.4byte	.LASF28
 1565 04ed 01       		.byte	0x1
 1566 04ee 57       		.byte	0x57
 1567 04ef 8C000000 		.4byte	0x8c
 1568 04f3 02       		.uleb128 0x2
 1569 04f4 91       		.byte	0x91
 1570 04f5 76       		.sleb128 -10
 1571 04f6 0D       		.uleb128 0xd
ARM GAS  C:\Users\Eric\AppData\Local\Temp\ccUEtfcp.s 			page 31


 1572 04f7 7E000000 		.4byte	.LASF30
 1573 04fb 01       		.byte	0x1
 1574 04fc 57       		.byte	0x57
 1575 04fd A2000000 		.4byte	0xa2
 1576 0501 02       		.uleb128 0x2
 1577 0502 91       		.byte	0x91
 1578 0503 74       		.sleb128 -12
 1579 0504 00       		.byte	0
 1580 0505 11       		.uleb128 0x11
 1581 0506 4D010000 		.4byte	.LASF44
 1582 050a 01       		.byte	0x1
 1583 050b 71       		.byte	0x71
 1584 050c 7E000000 		.4byte	0x7e
 1585 0510 00000000 		.4byte	.LFB43
 1586 0514 88000000 		.4byte	.LFE43-.LFB43
 1587 0518 01       		.uleb128 0x1
 1588 0519 9C       		.byte	0x9c
 1589 051a 30050000 		.4byte	0x530
 1590 051e 10       		.uleb128 0x10
 1591 051f FA000000 		.4byte	.LASF45
 1592 0523 01       		.byte	0x1
 1593 0524 74       		.byte	0x74
 1594 0525 60010000 		.4byte	0x160
 1595 0529 05       		.uleb128 0x5
 1596 052a 03       		.byte	0x3
 1597 052b 00000000 		.4byte	temp.6412
 1598 052f 00       		.byte	0
 1599 0530 12       		.uleb128 0x12
 1600 0531 D4010000 		.4byte	.LASF27
 1601 0535 04       		.byte	0x4
 1602 0536 9101     		.2byte	0x191
 1603 0538 8C000000 		.4byte	0x8c
 1604 053c 05       		.uleb128 0x5
 1605 053d 03       		.byte	0x3
 1606 053e 00000000 		.4byte	devAddr
 1607 0542 08       		.uleb128 0x8
 1608 0543 8C000000 		.4byte	0x8c
 1609 0547 52050000 		.4byte	0x552
 1610 054b 09       		.uleb128 0x9
 1611 054c C2000000 		.4byte	0xc2
 1612 0550 15       		.byte	0x15
 1613 0551 00       		.byte	0
 1614 0552 12       		.uleb128 0x12
 1615 0553 DC010000 		.4byte	.LASF26
 1616 0557 04       		.byte	0x4
 1617 0558 9201     		.2byte	0x192
 1618 055a 42050000 		.4byte	0x542
 1619 055e 05       		.uleb128 0x5
 1620 055f 03       		.byte	0x3
 1621 0560 00000000 		.4byte	buffer
 1622 0564 13       		.uleb128 0x13
 1623 0565 EC010000 		.4byte	.LASF46
 1624 0569 01       		.byte	0x1
 1625 056a 6F       		.byte	0x6f
 1626 056b 70010000 		.4byte	0x170
 1627 056f 05       		.uleb128 0x5
 1628 0570 03       		.byte	0x3
ARM GAS  C:\Users\Eric\AppData\Local\Temp\ccUEtfcp.s 			page 32


 1629 0571 00000000 		.4byte	sendData
 1630 0575 00       		.byte	0
 1631              		.section	.debug_abbrev,"",%progbits
 1632              	.Ldebug_abbrev0:
 1633 0000 01       		.uleb128 0x1
 1634 0001 11       		.uleb128 0x11
 1635 0002 01       		.byte	0x1
 1636 0003 25       		.uleb128 0x25
 1637 0004 0E       		.uleb128 0xe
 1638 0005 13       		.uleb128 0x13
 1639 0006 0B       		.uleb128 0xb
 1640 0007 03       		.uleb128 0x3
 1641 0008 0E       		.uleb128 0xe
 1642 0009 1B       		.uleb128 0x1b
 1643 000a 0E       		.uleb128 0xe
 1644 000b 55       		.uleb128 0x55
 1645 000c 17       		.uleb128 0x17
 1646 000d 11       		.uleb128 0x11
 1647 000e 01       		.uleb128 0x1
 1648 000f 10       		.uleb128 0x10
 1649 0010 17       		.uleb128 0x17
 1650 0011 00       		.byte	0
 1651 0012 00       		.byte	0
 1652 0013 02       		.uleb128 0x2
 1653 0014 24       		.uleb128 0x24
 1654 0015 00       		.byte	0
 1655 0016 0B       		.uleb128 0xb
 1656 0017 0B       		.uleb128 0xb
 1657 0018 3E       		.uleb128 0x3e
 1658 0019 0B       		.uleb128 0xb
 1659 001a 03       		.uleb128 0x3
 1660 001b 0E       		.uleb128 0xe
 1661 001c 00       		.byte	0
 1662 001d 00       		.byte	0
 1663 001e 03       		.uleb128 0x3
 1664 001f 16       		.uleb128 0x16
 1665 0020 00       		.byte	0
 1666 0021 03       		.uleb128 0x3
 1667 0022 0E       		.uleb128 0xe
 1668 0023 3A       		.uleb128 0x3a
 1669 0024 0B       		.uleb128 0xb
 1670 0025 3B       		.uleb128 0x3b
 1671 0026 0B       		.uleb128 0xb
 1672 0027 49       		.uleb128 0x49
 1673 0028 13       		.uleb128 0x13
 1674 0029 00       		.byte	0
 1675 002a 00       		.byte	0
 1676 002b 04       		.uleb128 0x4
 1677 002c 24       		.uleb128 0x24
 1678 002d 00       		.byte	0
 1679 002e 0B       		.uleb128 0xb
 1680 002f 0B       		.uleb128 0xb
 1681 0030 3E       		.uleb128 0x3e
 1682 0031 0B       		.uleb128 0xb
 1683 0032 03       		.uleb128 0x3
 1684 0033 08       		.uleb128 0x8
 1685 0034 00       		.byte	0
ARM GAS  C:\Users\Eric\AppData\Local\Temp\ccUEtfcp.s 			page 33


 1686 0035 00       		.byte	0
 1687 0036 05       		.uleb128 0x5
 1688 0037 13       		.uleb128 0x13
 1689 0038 01       		.byte	0x1
 1690 0039 03       		.uleb128 0x3
 1691 003a 0E       		.uleb128 0xe
 1692 003b 0B       		.uleb128 0xb
 1693 003c 0B       		.uleb128 0xb
 1694 003d 3A       		.uleb128 0x3a
 1695 003e 0B       		.uleb128 0xb
 1696 003f 3B       		.uleb128 0x3b
 1697 0040 0B       		.uleb128 0xb
 1698 0041 01       		.uleb128 0x1
 1699 0042 13       		.uleb128 0x13
 1700 0043 00       		.byte	0
 1701 0044 00       		.byte	0
 1702 0045 06       		.uleb128 0x6
 1703 0046 0D       		.uleb128 0xd
 1704 0047 00       		.byte	0
 1705 0048 03       		.uleb128 0x3
 1706 0049 0E       		.uleb128 0xe
 1707 004a 3A       		.uleb128 0x3a
 1708 004b 0B       		.uleb128 0xb
 1709 004c 3B       		.uleb128 0x3b
 1710 004d 0B       		.uleb128 0xb
 1711 004e 49       		.uleb128 0x49
 1712 004f 13       		.uleb128 0x13
 1713 0050 38       		.uleb128 0x38
 1714 0051 0B       		.uleb128 0xb
 1715 0052 00       		.byte	0
 1716 0053 00       		.byte	0
 1717 0054 07       		.uleb128 0x7
 1718 0055 0D       		.uleb128 0xd
 1719 0056 00       		.byte	0
 1720 0057 03       		.uleb128 0x3
 1721 0058 08       		.uleb128 0x8
 1722 0059 3A       		.uleb128 0x3a
 1723 005a 0B       		.uleb128 0xb
 1724 005b 3B       		.uleb128 0x3b
 1725 005c 0B       		.uleb128 0xb
 1726 005d 49       		.uleb128 0x49
 1727 005e 13       		.uleb128 0x13
 1728 005f 38       		.uleb128 0x38
 1729 0060 0B       		.uleb128 0xb
 1730 0061 00       		.byte	0
 1731 0062 00       		.byte	0
 1732 0063 08       		.uleb128 0x8
 1733 0064 01       		.uleb128 0x1
 1734 0065 01       		.byte	0x1
 1735 0066 49       		.uleb128 0x49
 1736 0067 13       		.uleb128 0x13
 1737 0068 01       		.uleb128 0x1
 1738 0069 13       		.uleb128 0x13
 1739 006a 00       		.byte	0
 1740 006b 00       		.byte	0
 1741 006c 09       		.uleb128 0x9
 1742 006d 21       		.uleb128 0x21
ARM GAS  C:\Users\Eric\AppData\Local\Temp\ccUEtfcp.s 			page 34


 1743 006e 00       		.byte	0
 1744 006f 49       		.uleb128 0x49
 1745 0070 13       		.uleb128 0x13
 1746 0071 2F       		.uleb128 0x2f
 1747 0072 0B       		.uleb128 0xb
 1748 0073 00       		.byte	0
 1749 0074 00       		.byte	0
 1750 0075 0A       		.uleb128 0xa
 1751 0076 17       		.uleb128 0x17
 1752 0077 01       		.byte	0x1
 1753 0078 03       		.uleb128 0x3
 1754 0079 0E       		.uleb128 0xe
 1755 007a 0B       		.uleb128 0xb
 1756 007b 0B       		.uleb128 0xb
 1757 007c 3A       		.uleb128 0x3a
 1758 007d 0B       		.uleb128 0xb
 1759 007e 3B       		.uleb128 0x3b
 1760 007f 0B       		.uleb128 0xb
 1761 0080 01       		.uleb128 0x1
 1762 0081 13       		.uleb128 0x13
 1763 0082 00       		.byte	0
 1764 0083 00       		.byte	0
 1765 0084 0B       		.uleb128 0xb
 1766 0085 0D       		.uleb128 0xd
 1767 0086 00       		.byte	0
 1768 0087 03       		.uleb128 0x3
 1769 0088 0E       		.uleb128 0xe
 1770 0089 3A       		.uleb128 0x3a
 1771 008a 0B       		.uleb128 0xb
 1772 008b 3B       		.uleb128 0x3b
 1773 008c 0B       		.uleb128 0xb
 1774 008d 49       		.uleb128 0x49
 1775 008e 13       		.uleb128 0x13
 1776 008f 00       		.byte	0
 1777 0090 00       		.byte	0
 1778 0091 0C       		.uleb128 0xc
 1779 0092 2E       		.uleb128 0x2e
 1780 0093 01       		.byte	0x1
 1781 0094 3F       		.uleb128 0x3f
 1782 0095 19       		.uleb128 0x19
 1783 0096 03       		.uleb128 0x3
 1784 0097 0E       		.uleb128 0xe
 1785 0098 3A       		.uleb128 0x3a
 1786 0099 0B       		.uleb128 0xb
 1787 009a 3B       		.uleb128 0x3b
 1788 009b 0B       		.uleb128 0xb
 1789 009c 27       		.uleb128 0x27
 1790 009d 19       		.uleb128 0x19
 1791 009e 11       		.uleb128 0x11
 1792 009f 01       		.uleb128 0x1
 1793 00a0 12       		.uleb128 0x12
 1794 00a1 06       		.uleb128 0x6
 1795 00a2 40       		.uleb128 0x40
 1796 00a3 18       		.uleb128 0x18
 1797 00a4 9642     		.uleb128 0x2116
 1798 00a6 19       		.uleb128 0x19
 1799 00a7 01       		.uleb128 0x1
ARM GAS  C:\Users\Eric\AppData\Local\Temp\ccUEtfcp.s 			page 35


 1800 00a8 13       		.uleb128 0x13
 1801 00a9 00       		.byte	0
 1802 00aa 00       		.byte	0
 1803 00ab 0D       		.uleb128 0xd
 1804 00ac 05       		.uleb128 0x5
 1805 00ad 00       		.byte	0
 1806 00ae 03       		.uleb128 0x3
 1807 00af 0E       		.uleb128 0xe
 1808 00b0 3A       		.uleb128 0x3a
 1809 00b1 0B       		.uleb128 0xb
 1810 00b2 3B       		.uleb128 0x3b
 1811 00b3 0B       		.uleb128 0xb
 1812 00b4 49       		.uleb128 0x49
 1813 00b5 13       		.uleb128 0x13
 1814 00b6 02       		.uleb128 0x2
 1815 00b7 18       		.uleb128 0x18
 1816 00b8 00       		.byte	0
 1817 00b9 00       		.byte	0
 1818 00ba 0E       		.uleb128 0xe
 1819 00bb 34       		.uleb128 0x34
 1820 00bc 00       		.byte	0
 1821 00bd 03       		.uleb128 0x3
 1822 00be 08       		.uleb128 0x8
 1823 00bf 3A       		.uleb128 0x3a
 1824 00c0 0B       		.uleb128 0xb
 1825 00c1 3B       		.uleb128 0x3b
 1826 00c2 0B       		.uleb128 0xb
 1827 00c3 49       		.uleb128 0x49
 1828 00c4 13       		.uleb128 0x13
 1829 00c5 02       		.uleb128 0x2
 1830 00c6 18       		.uleb128 0x18
 1831 00c7 00       		.byte	0
 1832 00c8 00       		.byte	0
 1833 00c9 0F       		.uleb128 0xf
 1834 00ca 0F       		.uleb128 0xf
 1835 00cb 00       		.byte	0
 1836 00cc 0B       		.uleb128 0xb
 1837 00cd 0B       		.uleb128 0xb
 1838 00ce 49       		.uleb128 0x49
 1839 00cf 13       		.uleb128 0x13
 1840 00d0 00       		.byte	0
 1841 00d1 00       		.byte	0
 1842 00d2 10       		.uleb128 0x10
 1843 00d3 34       		.uleb128 0x34
 1844 00d4 00       		.byte	0
 1845 00d5 03       		.uleb128 0x3
 1846 00d6 0E       		.uleb128 0xe
 1847 00d7 3A       		.uleb128 0x3a
 1848 00d8 0B       		.uleb128 0xb
 1849 00d9 3B       		.uleb128 0x3b
 1850 00da 0B       		.uleb128 0xb
 1851 00db 49       		.uleb128 0x49
 1852 00dc 13       		.uleb128 0x13
 1853 00dd 02       		.uleb128 0x2
 1854 00de 18       		.uleb128 0x18
 1855 00df 00       		.byte	0
 1856 00e0 00       		.byte	0
ARM GAS  C:\Users\Eric\AppData\Local\Temp\ccUEtfcp.s 			page 36


 1857 00e1 11       		.uleb128 0x11
 1858 00e2 2E       		.uleb128 0x2e
 1859 00e3 01       		.byte	0x1
 1860 00e4 3F       		.uleb128 0x3f
 1861 00e5 19       		.uleb128 0x19
 1862 00e6 03       		.uleb128 0x3
 1863 00e7 0E       		.uleb128 0xe
 1864 00e8 3A       		.uleb128 0x3a
 1865 00e9 0B       		.uleb128 0xb
 1866 00ea 3B       		.uleb128 0x3b
 1867 00eb 0B       		.uleb128 0xb
 1868 00ec 49       		.uleb128 0x49
 1869 00ed 13       		.uleb128 0x13
 1870 00ee 11       		.uleb128 0x11
 1871 00ef 01       		.uleb128 0x1
 1872 00f0 12       		.uleb128 0x12
 1873 00f1 06       		.uleb128 0x6
 1874 00f2 40       		.uleb128 0x40
 1875 00f3 18       		.uleb128 0x18
 1876 00f4 9642     		.uleb128 0x2116
 1877 00f6 19       		.uleb128 0x19
 1878 00f7 01       		.uleb128 0x1
 1879 00f8 13       		.uleb128 0x13
 1880 00f9 00       		.byte	0
 1881 00fa 00       		.byte	0
 1882 00fb 12       		.uleb128 0x12
 1883 00fc 34       		.uleb128 0x34
 1884 00fd 00       		.byte	0
 1885 00fe 03       		.uleb128 0x3
 1886 00ff 0E       		.uleb128 0xe
 1887 0100 3A       		.uleb128 0x3a
 1888 0101 0B       		.uleb128 0xb
 1889 0102 3B       		.uleb128 0x3b
 1890 0103 05       		.uleb128 0x5
 1891 0104 49       		.uleb128 0x49
 1892 0105 13       		.uleb128 0x13
 1893 0106 3F       		.uleb128 0x3f
 1894 0107 19       		.uleb128 0x19
 1895 0108 02       		.uleb128 0x2
 1896 0109 18       		.uleb128 0x18
 1897 010a 00       		.byte	0
 1898 010b 00       		.byte	0
 1899 010c 13       		.uleb128 0x13
 1900 010d 34       		.uleb128 0x34
 1901 010e 00       		.byte	0
 1902 010f 03       		.uleb128 0x3
 1903 0110 0E       		.uleb128 0xe
 1904 0111 3A       		.uleb128 0x3a
 1905 0112 0B       		.uleb128 0xb
 1906 0113 3B       		.uleb128 0x3b
 1907 0114 0B       		.uleb128 0xb
 1908 0115 49       		.uleb128 0x49
 1909 0116 13       		.uleb128 0x13
 1910 0117 3F       		.uleb128 0x3f
 1911 0118 19       		.uleb128 0x19
 1912 0119 02       		.uleb128 0x2
 1913 011a 18       		.uleb128 0x18
ARM GAS  C:\Users\Eric\AppData\Local\Temp\ccUEtfcp.s 			page 37


 1914 011b 00       		.byte	0
 1915 011c 00       		.byte	0
 1916 011d 00       		.byte	0
 1917              		.section	.debug_aranges,"",%progbits
 1918 0000 6C000000 		.4byte	0x6c
 1919 0004 0200     		.2byte	0x2
 1920 0006 00000000 		.4byte	.Ldebug_info0
 1921 000a 04       		.byte	0x4
 1922 000b 00       		.byte	0
 1923 000c 0000     		.2byte	0
 1924 000e 0000     		.2byte	0
 1925 0010 00000000 		.4byte	.LFB33
 1926 0014 84000000 		.4byte	.LFE33-.LFB33
 1927 0018 00000000 		.4byte	.LFB34
 1928 001c 2E000000 		.4byte	.LFE34-.LFB34
 1929 0020 00000000 		.4byte	.LFB35
 1930 0024 8A000000 		.4byte	.LFE35-.LFB35
 1931 0028 00000000 		.4byte	.LFB36
 1932 002c 4C000000 		.4byte	.LFE36-.LFB36
 1933 0030 00000000 		.4byte	.LFB37
 1934 0034 62000000 		.4byte	.LFE37-.LFB37
 1935 0038 00000000 		.4byte	.LFB38
 1936 003c 2C000000 		.4byte	.LFE38-.LFB38
 1937 0040 00000000 		.4byte	.LFB39
 1938 0044 D6000000 		.4byte	.LFE39-.LFB39
 1939 0048 00000000 		.4byte	.LFB40
 1940 004c 9E000000 		.4byte	.LFE40-.LFB40
 1941 0050 00000000 		.4byte	.LFB41
 1942 0054 72000000 		.4byte	.LFE41-.LFB41
 1943 0058 00000000 		.4byte	.LFB42
 1944 005c 2C000000 		.4byte	.LFE42-.LFB42
 1945 0060 00000000 		.4byte	.LFB43
 1946 0064 88000000 		.4byte	.LFE43-.LFB43
 1947 0068 00000000 		.4byte	0
 1948 006c 00000000 		.4byte	0
 1949              		.section	.debug_ranges,"",%progbits
 1950              	.Ldebug_ranges0:
 1951 0000 00000000 		.4byte	.LFB33
 1952 0004 84000000 		.4byte	.LFE33
 1953 0008 00000000 		.4byte	.LFB34
 1954 000c 2E000000 		.4byte	.LFE34
 1955 0010 00000000 		.4byte	.LFB35
 1956 0014 8A000000 		.4byte	.LFE35
 1957 0018 00000000 		.4byte	.LFB36
 1958 001c 4C000000 		.4byte	.LFE36
 1959 0020 00000000 		.4byte	.LFB37
 1960 0024 62000000 		.4byte	.LFE37
 1961 0028 00000000 		.4byte	.LFB38
 1962 002c 2C000000 		.4byte	.LFE38
 1963 0030 00000000 		.4byte	.LFB39
 1964 0034 D6000000 		.4byte	.LFE39
 1965 0038 00000000 		.4byte	.LFB40
 1966 003c 9E000000 		.4byte	.LFE40
 1967 0040 00000000 		.4byte	.LFB41
 1968 0044 72000000 		.4byte	.LFE41
 1969 0048 00000000 		.4byte	.LFB42
 1970 004c 2C000000 		.4byte	.LFE42
ARM GAS  C:\Users\Eric\AppData\Local\Temp\ccUEtfcp.s 			page 38


 1971 0050 00000000 		.4byte	.LFB43
 1972 0054 88000000 		.4byte	.LFE43
 1973 0058 00000000 		.4byte	0
 1974 005c 00000000 		.4byte	0
 1975              		.section	.debug_line,"",%progbits
 1976              	.Ldebug_line0:
 1977 0000 51020000 		.section	.debug_str,"MS",%progbits,1
 1977      02002C01 
 1977      00000201 
 1977      FB0E0D00 
 1977      01010101 
 1978              	.LASF20:
 1979 0000 70616430 		.ascii	"pad0\000"
 1979      00
 1980              	.LASF22:
 1981 0005 70616432 		.ascii	"pad2\000"
 1981      00
 1982              	.LASF23:
 1983 000a 70616433 		.ascii	"pad3\000"
 1983      00
 1984              	.LASF2:
 1985 000f 5F5F7569 		.ascii	"__uint8_t\000"
 1985      6E74385F 
 1985      7400
 1986              	.LASF49:
 1987 0019 433A5C55 		.ascii	"C:\\Users\\Eric\\Documents\\GitHub\\Corner-Module\\"
 1987      73657273 
 1987      5C457269 
 1987      635C446F 
 1987      63756D65 
 1988 0046 436F726E 		.ascii	"CornerModule\\CornerModule.cydsn\000"
 1988      65724D6F 
 1988      64756C65 
 1988      5C436F72 
 1988      6E65724D 
 1989              	.LASF3:
 1990 0066 5F5F696E 		.ascii	"__int16_t\000"
 1990      7431365F 
 1990      7400
 1991              	.LASF38:
 1992 0070 49324357 		.ascii	"I2CWriteBytes\000"
 1992      72697465 
 1992      42797465 
 1992      7300
 1993              	.LASF30:
 1994 007e 76616C75 		.ascii	"value\000"
 1994      6500
 1995              	.LASF19:
 1996 0084 62656769 		.ascii	"beginPad\000"
 1996      6E506164 
 1996      00
 1997              	.LASF32:
 1998 008d 49324352 		.ascii	"I2CReadByte\000"
 1998      65616442 
 1998      79746500 
 1999              	.LASF21:
 2000 0099 70616431 		.ascii	"pad1\000"
ARM GAS  C:\Users\Eric\AppData\Local\Temp\ccUEtfcp.s 			page 39


 2000      00
 2001              	.LASF33:
 2002 009e 49324352 		.ascii	"I2CReadBits\000"
 2002      65616442 
 2002      69747300 
 2003              	.LASF24:
 2004 00aa 70616434 		.ascii	"pad4\000"
 2004      00
 2005              	.LASF15:
 2006 00af 666C6F61 		.ascii	"float\000"
 2006      7400
 2007              	.LASF51:
 2008 00b5 64617461 		.ascii	"data\000"
 2008      00
 2009              	.LASF1:
 2010 00ba 756E7369 		.ascii	"unsigned char\000"
 2010      676E6564 
 2010      20636861 
 2010      7200
 2011              	.LASF43:
 2012 00c8 49324357 		.ascii	"I2CWriteWord\000"
 2012      72697465 
 2012      576F7264 
 2012      00
 2013              	.LASF36:
 2014 00d5 49324352 		.ascii	"I2CReadBit\000"
 2014      65616442 
 2014      697400
 2015              	.LASF28:
 2016 00e0 72656741 		.ascii	"regAddr\000"
 2016      64647200 
 2017              	.LASF8:
 2018 00e8 6C6F6E67 		.ascii	"long unsigned int\000"
 2018      20756E73 
 2018      69676E65 
 2018      6420696E 
 2018      7400
 2019              	.LASF45:
 2020 00fa 74656D70 		.ascii	"temp\000"
 2020      00
 2021              	.LASF6:
 2022 00ff 73686F72 		.ascii	"short unsigned int\000"
 2022      7420756E 
 2022      7369676E 
 2022      65642069 
 2022      6E7400
 2023              	.LASF25:
 2024 0112 73656E73 		.ascii	"sensorData\000"
 2024      6F724461 
 2024      746100
 2025              	.LASF48:
 2026 011d 2E5C6D61 		.ascii	".\\main.c\000"
 2026      696E2E63 
 2026      00
 2027              	.LASF5:
 2028 0126 5F5F7569 		.ascii	"__uint16_t\000"
 2028      6E743136 
ARM GAS  C:\Users\Eric\AppData\Local\Temp\ccUEtfcp.s 			page 40


 2028      5F7400
 2029              	.LASF16:
 2030 0131 646F7562 		.ascii	"double\000"
 2030      6C6500
 2031              	.LASF34:
 2032 0138 62697453 		.ascii	"bitStart\000"
 2032      74617274 
 2032      00
 2033              	.LASF41:
 2034 0141 49324357 		.ascii	"I2CWriteBit\000"
 2034      72697465 
 2034      42697400 
 2035              	.LASF44:
 2036 014d 6D61696E 		.ascii	"main\000"
 2036      00
 2037              	.LASF11:
 2038 0152 756E7369 		.ascii	"unsigned int\000"
 2038      676E6564 
 2038      20696E74 
 2038      00
 2039              	.LASF50:
 2040 015f 73656E73 		.ascii	"sensorDataInternals\000"
 2040      6F724461 
 2040      7461496E 
 2040      7465726E 
 2040      616C7300 
 2041              	.LASF10:
 2042 0173 6C6F6E67 		.ascii	"long long unsigned int\000"
 2042      206C6F6E 
 2042      6720756E 
 2042      7369676E 
 2042      65642069 
 2043              	.LASF12:
 2044 018a 75696E74 		.ascii	"uint8_t\000"
 2044      385F7400 
 2045              	.LASF13:
 2046 0192 696E7431 		.ascii	"int16_t\000"
 2046      365F7400 
 2047              	.LASF39:
 2048 019a 49324357 		.ascii	"I2CWriteByte\000"
 2048      72697465 
 2048      42797465 
 2048      00
 2049              	.LASF18:
 2050 01a7 73697A65 		.ascii	"sizetype\000"
 2050      74797065 
 2050      00
 2051              	.LASF37:
 2052 01b0 6269744E 		.ascii	"bitNum\000"
 2052      756D00
 2053              	.LASF9:
 2054 01b7 6C6F6E67 		.ascii	"long long int\000"
 2054      206C6F6E 
 2054      6720696E 
 2054      7400
 2055              	.LASF35:
 2056 01c5 6D61736B 		.ascii	"mask\000"
ARM GAS  C:\Users\Eric\AppData\Local\Temp\ccUEtfcp.s 			page 41


 2056      00
 2057              	.LASF4:
 2058 01ca 73686F72 		.ascii	"short int\000"
 2058      7420696E 
 2058      7400
 2059              	.LASF27:
 2060 01d4 64657641 		.ascii	"devAddr\000"
 2060      64647200 
 2061              	.LASF26:
 2062 01dc 62756666 		.ascii	"buffer\000"
 2062      657200
 2063              	.LASF14:
 2064 01e3 75696E74 		.ascii	"uint16_t\000"
 2064      31365F74 
 2064      00
 2065              	.LASF46:
 2066 01ec 73656E64 		.ascii	"sendData\000"
 2066      44617461 
 2066      00
 2067              	.LASF42:
 2068 01f5 49324357 		.ascii	"I2CWriteWords\000"
 2068      72697465 
 2068      576F7264 
 2068      7300
 2069              	.LASF7:
 2070 0203 6C6F6E67 		.ascii	"long int\000"
 2070      20696E74 
 2070      00
 2071              	.LASF17:
 2072 020c 63686172 		.ascii	"char\000"
 2072      00
 2073              	.LASF31:
 2074 0211 49324352 		.ascii	"I2CReadBytes\000"
 2074      65616442 
 2074      79746573 
 2074      00
 2075              	.LASF0:
 2076 021e 7369676E 		.ascii	"signed char\000"
 2076      65642063 
 2076      68617200 
 2077              	.LASF40:
 2078 022a 49324357 		.ascii	"I2CWriteBits\000"
 2078      72697465 
 2078      42697473 
 2078      00
 2079              	.LASF47:
 2080 0237 474E5520 		.ascii	"GNU C 4.8.4 20140526 (release) [ARM/embedded-4_8-br"
 2080      4320342E 
 2080      382E3420 
 2080      32303134 
 2080      30353236 
 2081 026a 616E6368 		.ascii	"anch revision 211358] -mcpu=cortex-m0 -mthumb -g -O"
 2081      20726576 
 2081      6973696F 
 2081      6E203231 
 2081      31333538 
 2082 029d 30202D66 		.ascii	"0 -ffunction-sections\000"
ARM GAS  C:\Users\Eric\AppData\Local\Temp\ccUEtfcp.s 			page 42


 2082      66756E63 
 2082      74696F6E 
 2082      2D736563 
 2082      74696F6E 
 2083              	.LASF29:
 2084 02b3 6C656E67 		.ascii	"length\000"
 2084      746800
 2085              		.ident	"GCC: (GNU Tools for ARM Embedded Processors) 4.8.4 20140526 (release) [ARM/embedded-4_8-br
