ARM GAS  C:\Users\Eric\AppData\Local\Temp\ccJs4FpB.s 			page 1


   1              		.cpu cortex-m0
   2              		.fpu softvfp
   3              		.eabi_attribute 20, 1
   4              		.eabi_attribute 21, 1
   5              		.eabi_attribute 23, 3
   6              		.eabi_attribute 24, 1
   7              		.eabi_attribute 25, 1
   8              		.eabi_attribute 26, 1
   9              		.eabi_attribute 30, 6
  10              		.eabi_attribute 34, 0
  11              		.eabi_attribute 18, 4
  12              		.code	16
  13              		.file	"cyfitter_cfg.c"
  14              		.text
  15              	.Ltext0:
  16              		.cfi_sections	.debug_frame
  17              		.section	.text.CYMEMZERO,"ax",%progbits
  18              		.align	2
  19              		.code	16
  20              		.thumb_func
  21              		.type	CYMEMZERO, %function
  22              	CYMEMZERO:
  23              	.LFB0:
  24              		.file 1 ".\\Generated_Source\\PSoC4\\cyfitter_cfg.c"
   1:.\Generated_Source\PSoC4/cyfitter_cfg.c **** /*******************************************************************************
   2:.\Generated_Source\PSoC4/cyfitter_cfg.c **** * FILENAME: cyfitter_cfg.c
   3:.\Generated_Source\PSoC4/cyfitter_cfg.c **** * PSoC Creator  3.1 SP3
   4:.\Generated_Source\PSoC4/cyfitter_cfg.c **** *
   5:.\Generated_Source\PSoC4/cyfitter_cfg.c **** * Description:
   6:.\Generated_Source\PSoC4/cyfitter_cfg.c **** * This file is automatically generated by PSoC Creator with device 
   7:.\Generated_Source\PSoC4/cyfitter_cfg.c **** * initialization code.  Except for the user defined sections in
   8:.\Generated_Source\PSoC4/cyfitter_cfg.c **** * CyClockStartupError(), this file should not be modified.
   9:.\Generated_Source\PSoC4/cyfitter_cfg.c **** *
  10:.\Generated_Source\PSoC4/cyfitter_cfg.c **** ********************************************************************************
  11:.\Generated_Source\PSoC4/cyfitter_cfg.c **** * Copyright 2013, Cypress Semiconductor Corporation.  All rights reserved.
  12:.\Generated_Source\PSoC4/cyfitter_cfg.c **** * You may use this file only in accordance with the license, terms, conditions, 
  13:.\Generated_Source\PSoC4/cyfitter_cfg.c **** * disclaimers, and limitations in the end user license agreement accompanying 
  14:.\Generated_Source\PSoC4/cyfitter_cfg.c **** * the software package with which this file was provided.
  15:.\Generated_Source\PSoC4/cyfitter_cfg.c **** ********************************************************************************/
  16:.\Generated_Source\PSoC4/cyfitter_cfg.c **** 
  17:.\Generated_Source\PSoC4/cyfitter_cfg.c **** #include <string.h>
  18:.\Generated_Source\PSoC4/cyfitter_cfg.c **** #include <cytypes.h>
  19:.\Generated_Source\PSoC4/cyfitter_cfg.c **** #include <cydevice_trm.h>
  20:.\Generated_Source\PSoC4/cyfitter_cfg.c **** #include <cyfitter.h>
  21:.\Generated_Source\PSoC4/cyfitter_cfg.c **** #include <CyLib.h>
  22:.\Generated_Source\PSoC4/cyfitter_cfg.c **** #include <cyfitter_cfg.h>
  23:.\Generated_Source\PSoC4/cyfitter_cfg.c **** 
  24:.\Generated_Source\PSoC4/cyfitter_cfg.c **** 
  25:.\Generated_Source\PSoC4/cyfitter_cfg.c **** #if defined(__GNUC__) || defined(__ARMCC_VERSION)
  26:.\Generated_Source\PSoC4/cyfitter_cfg.c ****     #define CYPACKED 
  27:.\Generated_Source\PSoC4/cyfitter_cfg.c ****     #define CYPACKED_ATTR __attribute__ ((packed))
  28:.\Generated_Source\PSoC4/cyfitter_cfg.c ****     #define CYALIGNED __attribute__ ((aligned))
  29:.\Generated_Source\PSoC4/cyfitter_cfg.c ****     #define CY_CFG_UNUSED __attribute__ ((unused))
  30:.\Generated_Source\PSoC4/cyfitter_cfg.c ****     #define CY_CFG_SECTION __attribute__ ((section(".psocinit")))
  31:.\Generated_Source\PSoC4/cyfitter_cfg.c ****     
  32:.\Generated_Source\PSoC4/cyfitter_cfg.c ****     #if defined(__ARMCC_VERSION)
  33:.\Generated_Source\PSoC4/cyfitter_cfg.c ****         #define CY_CFG_MEMORY_BARRIER() __memory_changed()
ARM GAS  C:\Users\Eric\AppData\Local\Temp\ccJs4FpB.s 			page 2


  34:.\Generated_Source\PSoC4/cyfitter_cfg.c ****     #else
  35:.\Generated_Source\PSoC4/cyfitter_cfg.c ****         #define CY_CFG_MEMORY_BARRIER() __sync_synchronize()
  36:.\Generated_Source\PSoC4/cyfitter_cfg.c ****     #endif
  37:.\Generated_Source\PSoC4/cyfitter_cfg.c ****     
  38:.\Generated_Source\PSoC4/cyfitter_cfg.c **** #elif defined(__ICCARM__)
  39:.\Generated_Source\PSoC4/cyfitter_cfg.c ****     #include <intrinsics.h>
  40:.\Generated_Source\PSoC4/cyfitter_cfg.c **** 
  41:.\Generated_Source\PSoC4/cyfitter_cfg.c ****     #define CYPACKED __packed
  42:.\Generated_Source\PSoC4/cyfitter_cfg.c ****     #define CYPACKED_ATTR 
  43:.\Generated_Source\PSoC4/cyfitter_cfg.c ****     #define CYALIGNED _Pragma("data_alignment=4")
  44:.\Generated_Source\PSoC4/cyfitter_cfg.c ****     #define CY_CFG_UNUSED _Pragma("diag_suppress=Pe177")
  45:.\Generated_Source\PSoC4/cyfitter_cfg.c ****     #define CY_CFG_SECTION _Pragma("location=\".psocinit\"")
  46:.\Generated_Source\PSoC4/cyfitter_cfg.c ****     
  47:.\Generated_Source\PSoC4/cyfitter_cfg.c ****     #define CY_CFG_MEMORY_BARRIER() __DMB()
  48:.\Generated_Source\PSoC4/cyfitter_cfg.c ****     
  49:.\Generated_Source\PSoC4/cyfitter_cfg.c **** #else
  50:.\Generated_Source\PSoC4/cyfitter_cfg.c ****     #error Unsupported toolchain
  51:.\Generated_Source\PSoC4/cyfitter_cfg.c **** #endif
  52:.\Generated_Source\PSoC4/cyfitter_cfg.c **** 
  53:.\Generated_Source\PSoC4/cyfitter_cfg.c **** 
  54:.\Generated_Source\PSoC4/cyfitter_cfg.c **** CY_CFG_UNUSED
  55:.\Generated_Source\PSoC4/cyfitter_cfg.c **** static void CYMEMZERO(void *s, size_t n);
  56:.\Generated_Source\PSoC4/cyfitter_cfg.c **** CY_CFG_UNUSED
  57:.\Generated_Source\PSoC4/cyfitter_cfg.c **** static void CYMEMZERO(void *s, size_t n)
  58:.\Generated_Source\PSoC4/cyfitter_cfg.c **** {
  25              		.loc 1 58 0
  26              		.cfi_startproc
  27 0000 80B5     		push	{r7, lr}
  28              		.cfi_def_cfa_offset 8
  29              		.cfi_offset 7, -8
  30              		.cfi_offset 14, -4
  31 0002 82B0     		sub	sp, sp, #8
  32              		.cfi_def_cfa_offset 16
  33 0004 00AF     		add	r7, sp, #0
  34              		.cfi_def_cfa_register 7
  35 0006 7860     		str	r0, [r7, #4]
  36 0008 3960     		str	r1, [r7]
  59:.\Generated_Source\PSoC4/cyfitter_cfg.c **** 	(void)memset(s, 0, n);
  37              		.loc 1 59 0
  38 000a 7A68     		ldr	r2, [r7, #4]
  39 000c 3B68     		ldr	r3, [r7]
  40 000e 101C     		mov	r0, r2
  41 0010 0021     		mov	r1, #0
  42 0012 1A1C     		mov	r2, r3
  43 0014 FFF7FEFF 		bl	memset
  60:.\Generated_Source\PSoC4/cyfitter_cfg.c **** }
  44              		.loc 1 60 0
  45 0018 BD46     		mov	sp, r7
  46 001a 02B0     		add	sp, sp, #8
  47              		@ sp needed
  48 001c 80BD     		pop	{r7, pc}
  49              		.cfi_endproc
  50              	.LFE0:
  51              		.size	CYMEMZERO, .-CYMEMZERO
  52 001e C046     		.section	.text.CYCONFIGCPY,"ax",%progbits
  53              		.align	2
  54              		.code	16
ARM GAS  C:\Users\Eric\AppData\Local\Temp\ccJs4FpB.s 			page 3


  55              		.thumb_func
  56              		.type	CYCONFIGCPY, %function
  57              	CYCONFIGCPY:
  58              	.LFB1:
  61:.\Generated_Source\PSoC4/cyfitter_cfg.c **** CY_CFG_UNUSED
  62:.\Generated_Source\PSoC4/cyfitter_cfg.c **** static void CYCONFIGCPY(void *dest, const void *src, size_t n);
  63:.\Generated_Source\PSoC4/cyfitter_cfg.c **** CY_CFG_UNUSED
  64:.\Generated_Source\PSoC4/cyfitter_cfg.c **** static void CYCONFIGCPY(void *dest, const void *src, size_t n)
  65:.\Generated_Source\PSoC4/cyfitter_cfg.c **** {
  59              		.loc 1 65 0
  60              		.cfi_startproc
  61 0000 80B5     		push	{r7, lr}
  62              		.cfi_def_cfa_offset 8
  63              		.cfi_offset 7, -8
  64              		.cfi_offset 14, -4
  65 0002 84B0     		sub	sp, sp, #16
  66              		.cfi_def_cfa_offset 24
  67 0004 00AF     		add	r7, sp, #0
  68              		.cfi_def_cfa_register 7
  69 0006 F860     		str	r0, [r7, #12]
  70 0008 B960     		str	r1, [r7, #8]
  71 000a 7A60     		str	r2, [r7, #4]
  66:.\Generated_Source\PSoC4/cyfitter_cfg.c **** 	(void)memcpy(dest, src, n);
  72              		.loc 1 66 0
  73 000c F968     		ldr	r1, [r7, #12]
  74 000e BA68     		ldr	r2, [r7, #8]
  75 0010 7B68     		ldr	r3, [r7, #4]
  76 0012 081C     		mov	r0, r1
  77 0014 111C     		mov	r1, r2
  78 0016 1A1C     		mov	r2, r3
  79 0018 FFF7FEFF 		bl	memcpy
  67:.\Generated_Source\PSoC4/cyfitter_cfg.c **** }
  80              		.loc 1 67 0
  81 001c BD46     		mov	sp, r7
  82 001e 04B0     		add	sp, sp, #16
  83              		@ sp needed
  84 0020 80BD     		pop	{r7, pc}
  85              		.cfi_endproc
  86              	.LFE1:
  87              		.size	CYCONFIGCPY, .-CYCONFIGCPY
  88 0022 C046     		.section	.text.CYCONFIGCPYCODE,"ax",%progbits
  89              		.align	2
  90              		.code	16
  91              		.thumb_func
  92              		.type	CYCONFIGCPYCODE, %function
  93              	CYCONFIGCPYCODE:
  94              	.LFB2:
  68:.\Generated_Source\PSoC4/cyfitter_cfg.c **** CY_CFG_UNUSED
  69:.\Generated_Source\PSoC4/cyfitter_cfg.c **** static void CYCONFIGCPYCODE(void *dest, const void *src, size_t n);
  70:.\Generated_Source\PSoC4/cyfitter_cfg.c **** CY_CFG_UNUSED
  71:.\Generated_Source\PSoC4/cyfitter_cfg.c **** static void CYCONFIGCPYCODE(void *dest, const void *src, size_t n)
  72:.\Generated_Source\PSoC4/cyfitter_cfg.c **** {
  95              		.loc 1 72 0
  96              		.cfi_startproc
  97 0000 80B5     		push	{r7, lr}
  98              		.cfi_def_cfa_offset 8
  99              		.cfi_offset 7, -8
ARM GAS  C:\Users\Eric\AppData\Local\Temp\ccJs4FpB.s 			page 4


 100              		.cfi_offset 14, -4
 101 0002 84B0     		sub	sp, sp, #16
 102              		.cfi_def_cfa_offset 24
 103 0004 00AF     		add	r7, sp, #0
 104              		.cfi_def_cfa_register 7
 105 0006 F860     		str	r0, [r7, #12]
 106 0008 B960     		str	r1, [r7, #8]
 107 000a 7A60     		str	r2, [r7, #4]
  73:.\Generated_Source\PSoC4/cyfitter_cfg.c **** 	(void)memcpy(dest, src, n);
 108              		.loc 1 73 0
 109 000c F968     		ldr	r1, [r7, #12]
 110 000e BA68     		ldr	r2, [r7, #8]
 111 0010 7B68     		ldr	r3, [r7, #4]
 112 0012 081C     		mov	r0, r1
 113 0014 111C     		mov	r1, r2
 114 0016 1A1C     		mov	r2, r3
 115 0018 FFF7FEFF 		bl	memcpy
  74:.\Generated_Source\PSoC4/cyfitter_cfg.c **** }
 116              		.loc 1 74 0
 117 001c BD46     		mov	sp, r7
 118 001e 04B0     		add	sp, sp, #16
 119              		@ sp needed
 120 0020 80BD     		pop	{r7, pc}
 121              		.cfi_endproc
 122              	.LFE2:
 123              		.size	CYCONFIGCPYCODE, .-CYCONFIGCPYCODE
 124 0022 C046     		.section	.text.cfg_write_bytes32,"ax",%progbits
 125              		.align	2
 126              		.code	16
 127              		.thumb_func
 128              		.type	cfg_write_bytes32, %function
 129              	cfg_write_bytes32:
 130              	.LFB3:
  75:.\Generated_Source\PSoC4/cyfitter_cfg.c **** 
  76:.\Generated_Source\PSoC4/cyfitter_cfg.c **** 
  77:.\Generated_Source\PSoC4/cyfitter_cfg.c **** 
  78:.\Generated_Source\PSoC4/cyfitter_cfg.c **** /* Clock startup error codes                                                   */
  79:.\Generated_Source\PSoC4/cyfitter_cfg.c **** #define CYCLOCKSTART_NO_ERROR    0u
  80:.\Generated_Source\PSoC4/cyfitter_cfg.c **** #define CYCLOCKSTART_XTAL_ERROR  1u
  81:.\Generated_Source\PSoC4/cyfitter_cfg.c **** #define CYCLOCKSTART_32KHZ_ERROR 2u
  82:.\Generated_Source\PSoC4/cyfitter_cfg.c **** #define CYCLOCKSTART_PLL_ERROR   3u
  83:.\Generated_Source\PSoC4/cyfitter_cfg.c **** 
  84:.\Generated_Source\PSoC4/cyfitter_cfg.c **** #ifdef CY_NEED_CYCLOCKSTARTUPERROR
  85:.\Generated_Source\PSoC4/cyfitter_cfg.c **** /*******************************************************************************
  86:.\Generated_Source\PSoC4/cyfitter_cfg.c **** * Function Name: CyClockStartupError
  87:.\Generated_Source\PSoC4/cyfitter_cfg.c **** ********************************************************************************
  88:.\Generated_Source\PSoC4/cyfitter_cfg.c **** * Summary:
  89:.\Generated_Source\PSoC4/cyfitter_cfg.c **** *  If an error is encountered during clock configuration (crystal startup error,
  90:.\Generated_Source\PSoC4/cyfitter_cfg.c **** *  PLL lock error, etc.), the system will end up here.  Unless reimplemented by
  91:.\Generated_Source\PSoC4/cyfitter_cfg.c **** *  the customer, this function will stop in an infinite loop.
  92:.\Generated_Source\PSoC4/cyfitter_cfg.c **** *
  93:.\Generated_Source\PSoC4/cyfitter_cfg.c **** * Parameters:
  94:.\Generated_Source\PSoC4/cyfitter_cfg.c **** *   void
  95:.\Generated_Source\PSoC4/cyfitter_cfg.c **** *
  96:.\Generated_Source\PSoC4/cyfitter_cfg.c **** * Return:
  97:.\Generated_Source\PSoC4/cyfitter_cfg.c **** *   void
  98:.\Generated_Source\PSoC4/cyfitter_cfg.c **** *
ARM GAS  C:\Users\Eric\AppData\Local\Temp\ccJs4FpB.s 			page 5


  99:.\Generated_Source\PSoC4/cyfitter_cfg.c **** *******************************************************************************/
 100:.\Generated_Source\PSoC4/cyfitter_cfg.c **** CY_CFG_UNUSED
 101:.\Generated_Source\PSoC4/cyfitter_cfg.c **** static void CyClockStartupError(uint8 errorCode);
 102:.\Generated_Source\PSoC4/cyfitter_cfg.c **** CY_CFG_UNUSED
 103:.\Generated_Source\PSoC4/cyfitter_cfg.c **** static void CyClockStartupError(uint8 errorCode)
 104:.\Generated_Source\PSoC4/cyfitter_cfg.c **** {
 105:.\Generated_Source\PSoC4/cyfitter_cfg.c ****     /* To remove the compiler warning if errorCode not used.                */
 106:.\Generated_Source\PSoC4/cyfitter_cfg.c ****     errorCode = errorCode;
 107:.\Generated_Source\PSoC4/cyfitter_cfg.c **** 
 108:.\Generated_Source\PSoC4/cyfitter_cfg.c ****     /* `#START CyClockStartupError` */
 109:.\Generated_Source\PSoC4/cyfitter_cfg.c **** 
 110:.\Generated_Source\PSoC4/cyfitter_cfg.c ****     /* If we have a clock startup error (bad MHz crystal, PLL lock, etc.),  */
 111:.\Generated_Source\PSoC4/cyfitter_cfg.c ****     /* we will end up here to allow the customer to implement something to  */
 112:.\Generated_Source\PSoC4/cyfitter_cfg.c ****     /* deal with the clock condition.                                       */
 113:.\Generated_Source\PSoC4/cyfitter_cfg.c **** 
 114:.\Generated_Source\PSoC4/cyfitter_cfg.c ****     /* `#END` */
 115:.\Generated_Source\PSoC4/cyfitter_cfg.c **** 
 116:.\Generated_Source\PSoC4/cyfitter_cfg.c ****     /* If nothing else, stop here since the clocks have not started         */
 117:.\Generated_Source\PSoC4/cyfitter_cfg.c ****     /* correctly.                                                           */
 118:.\Generated_Source\PSoC4/cyfitter_cfg.c ****     while(1) {}
 119:.\Generated_Source\PSoC4/cyfitter_cfg.c **** }
 120:.\Generated_Source\PSoC4/cyfitter_cfg.c **** #endif
 121:.\Generated_Source\PSoC4/cyfitter_cfg.c **** 
 122:.\Generated_Source\PSoC4/cyfitter_cfg.c **** #define CY_CFG_BASE_ADDR_COUNT 1u
 123:.\Generated_Source\PSoC4/cyfitter_cfg.c **** CYPACKED typedef struct
 124:.\Generated_Source\PSoC4/cyfitter_cfg.c **** {
 125:.\Generated_Source\PSoC4/cyfitter_cfg.c **** 	uint8 offset;
 126:.\Generated_Source\PSoC4/cyfitter_cfg.c **** 	uint8 value;
 127:.\Generated_Source\PSoC4/cyfitter_cfg.c **** } CYPACKED_ATTR cy_cfg_addrvalue_t;
 128:.\Generated_Source\PSoC4/cyfitter_cfg.c **** 
 129:.\Generated_Source\PSoC4/cyfitter_cfg.c **** 
 130:.\Generated_Source\PSoC4/cyfitter_cfg.c **** 
 131:.\Generated_Source\PSoC4/cyfitter_cfg.c **** /*******************************************************************************
 132:.\Generated_Source\PSoC4/cyfitter_cfg.c **** * Function Name: cfg_write_bytes32
 133:.\Generated_Source\PSoC4/cyfitter_cfg.c **** ********************************************************************************
 134:.\Generated_Source\PSoC4/cyfitter_cfg.c **** * Summary:
 135:.\Generated_Source\PSoC4/cyfitter_cfg.c **** *  This function is used for setting up the chip configuration areas that
 136:.\Generated_Source\PSoC4/cyfitter_cfg.c **** *  contain relatively sparse data.
 137:.\Generated_Source\PSoC4/cyfitter_cfg.c **** *
 138:.\Generated_Source\PSoC4/cyfitter_cfg.c **** * Parameters:
 139:.\Generated_Source\PSoC4/cyfitter_cfg.c **** *   void
 140:.\Generated_Source\PSoC4/cyfitter_cfg.c **** *
 141:.\Generated_Source\PSoC4/cyfitter_cfg.c **** * Return:
 142:.\Generated_Source\PSoC4/cyfitter_cfg.c **** *   void
 143:.\Generated_Source\PSoC4/cyfitter_cfg.c **** *
 144:.\Generated_Source\PSoC4/cyfitter_cfg.c **** *******************************************************************************/
 145:.\Generated_Source\PSoC4/cyfitter_cfg.c **** static void cfg_write_bytes32(const uint32 addr_table[], const cy_cfg_addrvalue_t data_table[]);
 146:.\Generated_Source\PSoC4/cyfitter_cfg.c **** static void cfg_write_bytes32(const uint32 addr_table[], const cy_cfg_addrvalue_t data_table[])
 147:.\Generated_Source\PSoC4/cyfitter_cfg.c **** {
 131              		.loc 1 147 0
 132              		.cfi_startproc
 133 0000 80B5     		push	{r7, lr}
 134              		.cfi_def_cfa_offset 8
 135              		.cfi_offset 7, -8
 136              		.cfi_offset 14, -4
 137 0002 86B0     		sub	sp, sp, #24
 138              		.cfi_def_cfa_offset 32
ARM GAS  C:\Users\Eric\AppData\Local\Temp\ccJs4FpB.s 			page 6


 139 0004 00AF     		add	r7, sp, #0
 140              		.cfi_def_cfa_register 7
 141 0006 7860     		str	r0, [r7, #4]
 142 0008 3960     		str	r1, [r7]
 148:.\Generated_Source\PSoC4/cyfitter_cfg.c **** 	/* For 32-bit little-endian architectures */
 149:.\Generated_Source\PSoC4/cyfitter_cfg.c **** 	uint32 i, j = 0u;
 143              		.loc 1 149 0
 144 000a 0023     		mov	r3, #0
 145 000c 3B61     		str	r3, [r7, #16]
 150:.\Generated_Source\PSoC4/cyfitter_cfg.c **** 	for (i = 0u; i < CY_CFG_BASE_ADDR_COUNT; i++)
 146              		.loc 1 150 0
 147 000e 0023     		mov	r3, #0
 148 0010 7B61     		str	r3, [r7, #20]
 149 0012 2EE0     		b	.L5
 150              	.L8:
 151              	.LBB2:
 151:.\Generated_Source\PSoC4/cyfitter_cfg.c **** 	{
 152:.\Generated_Source\PSoC4/cyfitter_cfg.c **** 		uint32 baseAddr = addr_table[i];
 152              		.loc 1 152 0
 153 0014 7B69     		ldr	r3, [r7, #20]
 154 0016 9B00     		lsl	r3, r3, #2
 155 0018 7A68     		ldr	r2, [r7, #4]
 156 001a D318     		add	r3, r2, r3
 157 001c 1B68     		ldr	r3, [r3]
 158 001e BB60     		str	r3, [r7, #8]
 153:.\Generated_Source\PSoC4/cyfitter_cfg.c **** 		uint8 count = (uint8)baseAddr;
 159              		.loc 1 153 0
 160 0020 3B1C     		mov	r3, r7
 161 0022 0F33     		add	r3, r3, #15
 162 0024 BA68     		ldr	r2, [r7, #8]
 163 0026 1A70     		strb	r2, [r3]
 154:.\Generated_Source\PSoC4/cyfitter_cfg.c **** 		baseAddr &= 0xFFFFFF00u;
 164              		.loc 1 154 0
 165 0028 BB68     		ldr	r3, [r7, #8]
 166 002a FF22     		mov	r2, #255
 167 002c 9343     		bic	r3, r2
 168 002e BB60     		str	r3, [r7, #8]
 155:.\Generated_Source\PSoC4/cyfitter_cfg.c **** 		while (count != 0u)
 169              		.loc 1 155 0
 170 0030 17E0     		b	.L6
 171              	.L7:
 156:.\Generated_Source\PSoC4/cyfitter_cfg.c **** 		{
 157:.\Generated_Source\PSoC4/cyfitter_cfg.c **** 			CY_SET_XTND_REG8((void CYFAR *)(baseAddr + data_table[j].offset), data_table[j].value);
 172              		.loc 1 157 0
 173 0032 3B69     		ldr	r3, [r7, #16]
 174 0034 5B00     		lsl	r3, r3, #1
 175 0036 3A68     		ldr	r2, [r7]
 176 0038 D318     		add	r3, r2, r3
 177 003a 1B78     		ldrb	r3, [r3]
 178 003c 1A1C     		mov	r2, r3
 179 003e BB68     		ldr	r3, [r7, #8]
 180 0040 D318     		add	r3, r2, r3
 181 0042 3A69     		ldr	r2, [r7, #16]
 182 0044 5200     		lsl	r2, r2, #1
 183 0046 3968     		ldr	r1, [r7]
 184 0048 8A18     		add	r2, r1, r2
 185 004a 5278     		ldrb	r2, [r2, #1]
ARM GAS  C:\Users\Eric\AppData\Local\Temp\ccJs4FpB.s 			page 7


 186 004c 1A70     		strb	r2, [r3]
 158:.\Generated_Source\PSoC4/cyfitter_cfg.c **** 			j++;
 187              		.loc 1 158 0
 188 004e 3B69     		ldr	r3, [r7, #16]
 189 0050 0133     		add	r3, r3, #1
 190 0052 3B61     		str	r3, [r7, #16]
 159:.\Generated_Source\PSoC4/cyfitter_cfg.c **** 			count--;
 191              		.loc 1 159 0
 192 0054 3B1C     		mov	r3, r7
 193 0056 0F33     		add	r3, r3, #15
 194 0058 1A78     		ldrb	r2, [r3]
 195 005a 3B1C     		mov	r3, r7
 196 005c 0F33     		add	r3, r3, #15
 197 005e 013A     		sub	r2, r2, #1
 198 0060 1A70     		strb	r2, [r3]
 199              	.L6:
 155:.\Generated_Source\PSoC4/cyfitter_cfg.c **** 		while (count != 0u)
 200              		.loc 1 155 0 discriminator 1
 201 0062 3B1C     		mov	r3, r7
 202 0064 0F33     		add	r3, r3, #15
 203 0066 1B78     		ldrb	r3, [r3]
 204 0068 002B     		cmp	r3, #0
 205 006a E2D1     		bne	.L7
 206              	.LBE2:
 150:.\Generated_Source\PSoC4/cyfitter_cfg.c **** 	for (i = 0u; i < CY_CFG_BASE_ADDR_COUNT; i++)
 207              		.loc 1 150 0
 208 006c 7B69     		ldr	r3, [r7, #20]
 209 006e 0133     		add	r3, r3, #1
 210 0070 7B61     		str	r3, [r7, #20]
 211              	.L5:
 150:.\Generated_Source\PSoC4/cyfitter_cfg.c **** 	for (i = 0u; i < CY_CFG_BASE_ADDR_COUNT; i++)
 212              		.loc 1 150 0 is_stmt 0 discriminator 1
 213 0072 7B69     		ldr	r3, [r7, #20]
 214 0074 002B     		cmp	r3, #0
 215 0076 CDD0     		beq	.L8
 160:.\Generated_Source\PSoC4/cyfitter_cfg.c **** 		}
 161:.\Generated_Source\PSoC4/cyfitter_cfg.c **** 	}
 162:.\Generated_Source\PSoC4/cyfitter_cfg.c **** }
 216              		.loc 1 162 0 is_stmt 1
 217 0078 BD46     		mov	sp, r7
 218 007a 06B0     		add	sp, sp, #24
 219              		@ sp needed
 220 007c 80BD     		pop	{r7, pc}
 221              		.cfi_endproc
 222              	.LFE3:
 223              		.size	cfg_write_bytes32, .-cfg_write_bytes32
 224 007e C046     		.section	.psocinit,"ax",%progbits
 225              		.align	2
 226              		.code	16
 227              		.thumb_func
 228              		.type	SetIMOBGTrims, %function
 229              	SetIMOBGTrims:
 230              	.LFB4:
 163:.\Generated_Source\PSoC4/cyfitter_cfg.c **** 
 164:.\Generated_Source\PSoC4/cyfitter_cfg.c **** /*******************************************************************************
 165:.\Generated_Source\PSoC4/cyfitter_cfg.c **** * Function Name: SetIMOBGTrims
 166:.\Generated_Source\PSoC4/cyfitter_cfg.c **** ********************************************************************************
ARM GAS  C:\Users\Eric\AppData\Local\Temp\ccJs4FpB.s 			page 8


 167:.\Generated_Source\PSoC4/cyfitter_cfg.c **** *
 168:.\Generated_Source\PSoC4/cyfitter_cfg.c **** * Summary:
 169:.\Generated_Source\PSoC4/cyfitter_cfg.c **** *   Performs the configuration of the bandgap trim for the IMO based on the given
 170:.\Generated_Source\PSoC4/cyfitter_cfg.c **** *   expected frequency of the IMO. 
 171:.\Generated_Source\PSoC4/cyfitter_cfg.c **** *
 172:.\Generated_Source\PSoC4/cyfitter_cfg.c **** * Parameters:
 173:.\Generated_Source\PSoC4/cyfitter_cfg.c **** *   imoFreq: Frequency for operation of the IMO.
 174:.\Generated_Source\PSoC4/cyfitter_cfg.c **** *
 175:.\Generated_Source\PSoC4/cyfitter_cfg.c **** * Return:
 176:.\Generated_Source\PSoC4/cyfitter_cfg.c **** *   void
 177:.\Generated_Source\PSoC4/cyfitter_cfg.c **** *
 178:.\Generated_Source\PSoC4/cyfitter_cfg.c **** *******************************************************************************/
 179:.\Generated_Source\PSoC4/cyfitter_cfg.c **** static void SetIMOBGTrims(uint8 imoFreq);
 180:.\Generated_Source\PSoC4/cyfitter_cfg.c **** CY_CFG_SECTION
 181:.\Generated_Source\PSoC4/cyfitter_cfg.c **** static void SetIMOBGTrims(uint8 imoFreq)
 182:.\Generated_Source\PSoC4/cyfitter_cfg.c **** {
 231              		.loc 1 182 0
 232              		.cfi_startproc
 233 0000 80B5     		push	{r7, lr}
 234              		.cfi_def_cfa_offset 8
 235              		.cfi_offset 7, -8
 236              		.cfi_offset 14, -4
 237 0002 84B0     		sub	sp, sp, #16
 238              		.cfi_def_cfa_offset 24
 239 0004 00AF     		add	r7, sp, #0
 240              		.cfi_def_cfa_register 7
 241 0006 021C     		mov	r2, r0
 242 0008 FB1D     		add	r3, r7, #7
 243 000a 1A70     		strb	r2, [r3]
 183:.\Generated_Source\PSoC4/cyfitter_cfg.c **** 	CYPACKED typedef struct {
 184:.\Generated_Source\PSoC4/cyfitter_cfg.c **** 		uint8 freq;
 185:.\Generated_Source\PSoC4/cyfitter_cfg.c **** 		uint8 absolute;
 186:.\Generated_Source\PSoC4/cyfitter_cfg.c **** 		uint8 tmpco;
 187:.\Generated_Source\PSoC4/cyfitter_cfg.c **** 	} CYPACKED_ATTR imo_trim_entry_t;
 188:.\Generated_Source\PSoC4/cyfitter_cfg.c **** 
 189:.\Generated_Source\PSoC4/cyfitter_cfg.c **** 	CYPACKED typedef struct {
 190:.\Generated_Source\PSoC4/cyfitter_cfg.c **** 		imo_trim_entry_t entries[4];
 191:.\Generated_Source\PSoC4/cyfitter_cfg.c **** 	} CYPACKED_ATTR imo_trim_table_t;
 192:.\Generated_Source\PSoC4/cyfitter_cfg.c **** 
 193:.\Generated_Source\PSoC4/cyfitter_cfg.c **** 	static const imo_trim_table_t *imo_trim_table = (const imo_trim_table_t *)CYREG_SFLASH_IMO_MAXF0;
 194:.\Generated_Source\PSoC4/cyfitter_cfg.c **** 	static const uint32 IMO_TRIM_FREQ_TABLE_ENTRIES = sizeof(imo_trim_table->entries)/sizeof(imo_trim_
 195:.\Generated_Source\PSoC4/cyfitter_cfg.c **** 
 196:.\Generated_Source\PSoC4/cyfitter_cfg.c **** 	int32 imoTrimIndex;
 197:.\Generated_Source\PSoC4/cyfitter_cfg.c **** 	uint8 setAbs;
 198:.\Generated_Source\PSoC4/cyfitter_cfg.c **** 	uint8 setTmpCo;
 199:.\Generated_Source\PSoC4/cyfitter_cfg.c **** 
 200:.\Generated_Source\PSoC4/cyfitter_cfg.c **** 	/* Traverse the SFLASH IMO frequency-dependent bandgap trim table to
 201:.\Generated_Source\PSoC4/cyfitter_cfg.c **** 	 * locate the appropriate value to trim the IMO bandgap based on freq. */
 202:.\Generated_Source\PSoC4/cyfitter_cfg.c **** 	setAbs = CY_GET_REG8((const void *)CYREG_SFLASH_IMO_ABS4);
 244              		.loc 1 202 0
 245 000c 204A     		ldr	r2, .L13
 246 000e 3B1C     		mov	r3, r7
 247 0010 0B33     		add	r3, r3, #11
 248 0012 1278     		ldrb	r2, [r2]
 249 0014 1A70     		strb	r2, [r3]
 203:.\Generated_Source\PSoC4/cyfitter_cfg.c **** 	setTmpCo = CY_GET_REG8((const void *)CYREG_SFLASH_IMO_TMPCO4);
 250              		.loc 1 203 0
ARM GAS  C:\Users\Eric\AppData\Local\Temp\ccJs4FpB.s 			page 9


 251 0016 1F4A     		ldr	r2, .L13+4
 252 0018 3B1C     		mov	r3, r7
 253 001a 0A33     		add	r3, r3, #10
 254 001c 1278     		ldrb	r2, [r2]
 255 001e 1A70     		strb	r2, [r3]
 204:.\Generated_Source\PSoC4/cyfitter_cfg.c **** 	for (imoTrimIndex = ((int32)IMO_TRIM_FREQ_TABLE_ENTRIES)-1;
 256              		.loc 1 204 0
 257 0020 0423     		mov	r3, #4
 258 0022 013B     		sub	r3, r3, #1
 259 0024 FB60     		str	r3, [r7, #12]
 260 0026 18E0     		b	.L10
 261              	.L12:
 205:.\Generated_Source\PSoC4/cyfitter_cfg.c **** 	     (imoTrimIndex >= 0) && (imoFreq <= imo_trim_table->entries[imoTrimIndex].freq);
 206:.\Generated_Source\PSoC4/cyfitter_cfg.c **** 	     imoTrimIndex--)
 207:.\Generated_Source\PSoC4/cyfitter_cfg.c **** 	{
 208:.\Generated_Source\PSoC4/cyfitter_cfg.c **** 		setAbs = imo_trim_table->entries[imoTrimIndex].absolute;
 262              		.loc 1 208 0
 263 0028 1B4B     		ldr	r3, .L13+8
 264 002a 1868     		ldr	r0, [r3]
 265 002c 391C     		mov	r1, r7
 266 002e 0B31     		add	r1, r1, #11
 267 0030 FA68     		ldr	r2, [r7, #12]
 268 0032 131C     		mov	r3, r2
 269 0034 5B00     		lsl	r3, r3, #1
 270 0036 9B18     		add	r3, r3, r2
 271 0038 C318     		add	r3, r0, r3
 272 003a 5B78     		ldrb	r3, [r3, #1]
 273 003c 0B70     		strb	r3, [r1]
 209:.\Generated_Source\PSoC4/cyfitter_cfg.c **** 		setTmpCo = imo_trim_table->entries[imoTrimIndex].tmpco;
 274              		.loc 1 209 0
 275 003e 164B     		ldr	r3, .L13+8
 276 0040 1868     		ldr	r0, [r3]
 277 0042 391C     		mov	r1, r7
 278 0044 0A31     		add	r1, r1, #10
 279 0046 FA68     		ldr	r2, [r7, #12]
 280 0048 131C     		mov	r3, r2
 281 004a 5B00     		lsl	r3, r3, #1
 282 004c 9B18     		add	r3, r3, r2
 283 004e C318     		add	r3, r0, r3
 284 0050 9B78     		ldrb	r3, [r3, #2]
 285 0052 0B70     		strb	r3, [r1]
 206:.\Generated_Source\PSoC4/cyfitter_cfg.c **** 	     imoTrimIndex--)
 286              		.loc 1 206 0
 287 0054 FB68     		ldr	r3, [r7, #12]
 288 0056 013B     		sub	r3, r3, #1
 289 0058 FB60     		str	r3, [r7, #12]
 290              	.L10:
 204:.\Generated_Source\PSoC4/cyfitter_cfg.c **** 	for (imoTrimIndex = ((int32)IMO_TRIM_FREQ_TABLE_ENTRIES)-1;
 291              		.loc 1 204 0 discriminator 1
 292 005a FB68     		ldr	r3, [r7, #12]
 293 005c 002B     		cmp	r3, #0
 294 005e 0ADB     		blt	.L11
 205:.\Generated_Source\PSoC4/cyfitter_cfg.c **** 	     (imoTrimIndex >= 0) && (imoFreq <= imo_trim_table->entries[imoTrimIndex].freq);
 295              		.loc 1 205 0
 296 0060 0D4B     		ldr	r3, .L13+8
 297 0062 1968     		ldr	r1, [r3]
 298 0064 FA68     		ldr	r2, [r7, #12]
ARM GAS  C:\Users\Eric\AppData\Local\Temp\ccJs4FpB.s 			page 10


 299 0066 131C     		mov	r3, r2
 300 0068 5B00     		lsl	r3, r3, #1
 301 006a 9B18     		add	r3, r3, r2
 302 006c 5B5C     		ldrb	r3, [r3, r1]
 303 006e FA1D     		add	r2, r7, #7
 304 0070 1278     		ldrb	r2, [r2]
 305 0072 9A42     		cmp	r2, r3
 306 0074 D8D9     		bls	.L12
 307              	.L11:
 210:.\Generated_Source\PSoC4/cyfitter_cfg.c **** 	}
 211:.\Generated_Source\PSoC4/cyfitter_cfg.c **** 
 212:.\Generated_Source\PSoC4/cyfitter_cfg.c **** 	CY_SET_REG32((void *)CYREG_PWR_BG_TRIM4, setAbs);
 308              		.loc 1 212 0
 309 0076 094B     		ldr	r3, .L13+12
 310 0078 3A1C     		mov	r2, r7
 311 007a 0B32     		add	r2, r2, #11
 312 007c 1278     		ldrb	r2, [r2]
 313 007e 1A60     		str	r2, [r3]
 213:.\Generated_Source\PSoC4/cyfitter_cfg.c **** 	CY_SET_REG32((void *)CYREG_PWR_BG_TRIM5, setTmpCo);
 314              		.loc 1 213 0
 315 0080 074B     		ldr	r3, .L13+16
 316 0082 3A1C     		mov	r2, r7
 317 0084 0A32     		add	r2, r2, #10
 318 0086 1278     		ldrb	r2, [r2]
 319 0088 1A60     		str	r2, [r3]
 214:.\Generated_Source\PSoC4/cyfitter_cfg.c **** }
 320              		.loc 1 214 0
 321 008a BD46     		mov	sp, r7
 322 008c 04B0     		add	sp, sp, #16
 323              		@ sp needed
 324 008e 80BD     		pop	{r7, pc}
 325              	.L14:
 326              		.align	2
 327              	.L13:
 328 0090 CCF1FF0F 		.word	268431820
 329 0094 CDF1FF0F 		.word	268431821
 330 0098 00000000 		.word	imo_trim_table.4708
 331 009c 1CFF0B40 		.word	1074528028
 332 00a0 20FF0B40 		.word	1074528032
 333              		.cfi_endproc
 334              	.LFE4:
 335              		.size	SetIMOBGTrims, .-SetIMOBGTrims
 336              		.align	2
 337              		.code	16
 338              		.thumb_func
 339              		.type	ClockSetup, %function
 340              	ClockSetup:
 341              	.LFB5:
 215:.\Generated_Source\PSoC4/cyfitter_cfg.c **** 
 216:.\Generated_Source\PSoC4/cyfitter_cfg.c **** 
 217:.\Generated_Source\PSoC4/cyfitter_cfg.c **** 
 218:.\Generated_Source\PSoC4/cyfitter_cfg.c **** /*******************************************************************************
 219:.\Generated_Source\PSoC4/cyfitter_cfg.c **** * Function Name: ClockSetup
 220:.\Generated_Source\PSoC4/cyfitter_cfg.c **** ********************************************************************************
 221:.\Generated_Source\PSoC4/cyfitter_cfg.c **** *
 222:.\Generated_Source\PSoC4/cyfitter_cfg.c **** * Summary:
 223:.\Generated_Source\PSoC4/cyfitter_cfg.c **** *   Performs the initialization of all of the clocks in the device based on the
ARM GAS  C:\Users\Eric\AppData\Local\Temp\ccJs4FpB.s 			page 11


 224:.\Generated_Source\PSoC4/cyfitter_cfg.c **** *   settings in the Clock tab of the DWR.  This includes enabling the requested
 225:.\Generated_Source\PSoC4/cyfitter_cfg.c **** *   clocks and setting the necessary dividers to produce the desired frequency. 
 226:.\Generated_Source\PSoC4/cyfitter_cfg.c **** *
 227:.\Generated_Source\PSoC4/cyfitter_cfg.c **** * Parameters:
 228:.\Generated_Source\PSoC4/cyfitter_cfg.c **** *   void
 229:.\Generated_Source\PSoC4/cyfitter_cfg.c **** *
 230:.\Generated_Source\PSoC4/cyfitter_cfg.c **** * Return:
 231:.\Generated_Source\PSoC4/cyfitter_cfg.c **** *   void
 232:.\Generated_Source\PSoC4/cyfitter_cfg.c **** *
 233:.\Generated_Source\PSoC4/cyfitter_cfg.c **** *******************************************************************************/
 234:.\Generated_Source\PSoC4/cyfitter_cfg.c **** static void ClockSetup(void);
 235:.\Generated_Source\PSoC4/cyfitter_cfg.c **** CY_CFG_SECTION
 236:.\Generated_Source\PSoC4/cyfitter_cfg.c **** static void ClockSetup(void)
 237:.\Generated_Source\PSoC4/cyfitter_cfg.c **** {
 342              		.loc 1 237 0
 343              		.cfi_startproc
 344 00a4 80B5     		push	{r7, lr}
 345              		.cfi_def_cfa_offset 8
 346              		.cfi_offset 7, -8
 347              		.cfi_offset 14, -4
 348 00a6 00AF     		add	r7, sp, #0
 349              		.cfi_def_cfa_register 7
 238:.\Generated_Source\PSoC4/cyfitter_cfg.c **** 	/* Enable HALF_EN before trimming for the flash accelerator. */
 239:.\Generated_Source\PSoC4/cyfitter_cfg.c **** 	CY_SET_REG32((void CYXDATA *)(CYREG_CLK_SELECT), (CY_GET_REG32((void *)CYREG_CLK_SELECT) | 0x00040
 350              		.loc 1 239 0
 351 00a8 134B     		ldr	r3, .L16
 352 00aa 134A     		ldr	r2, .L16
 353 00ac 1268     		ldr	r2, [r2]
 354 00ae 8021     		mov	r1, #128
 355 00b0 C902     		lsl	r1, r1, #11
 356 00b2 0A43     		orr	r2, r1
 357 00b4 1A60     		str	r2, [r3]
 240:.\Generated_Source\PSoC4/cyfitter_cfg.c **** 
 241:.\Generated_Source\PSoC4/cyfitter_cfg.c **** 	/* Trim IMO BG based on desired frequency. */
 242:.\Generated_Source\PSoC4/cyfitter_cfg.c **** 	SetIMOBGTrims(24u);
 358              		.loc 1 242 0
 359 00b6 1820     		mov	r0, #24
 360 00b8 FFF7A2FF 		bl	SetIMOBGTrims
 243:.\Generated_Source\PSoC4/cyfitter_cfg.c **** 
 244:.\Generated_Source\PSoC4/cyfitter_cfg.c **** 	/* Going less than or equal to 24MHz, so update the clock speed then adjust trim value. */
 245:.\Generated_Source\PSoC4/cyfitter_cfg.c **** 	CY_SET_REG32((void CYXDATA *)(CYREG_CLK_IMO_TRIM2), (25u));
 361              		.loc 1 245 0
 362 00bc 0F4B     		ldr	r3, .L16+4
 363 00be 1922     		mov	r2, #25
 364 00c0 1A60     		str	r2, [r3]
 246:.\Generated_Source\PSoC4/cyfitter_cfg.c **** 	CyDelayCycles(5u);
 365              		.loc 1 246 0
 366 00c2 0520     		mov	r0, #5
 367 00c4 FFF7FEFF 		bl	CyDelayCycles
 247:.\Generated_Source\PSoC4/cyfitter_cfg.c **** 	CY_SET_REG32((void CYXDATA *)(CYREG_CLK_IMO_TRIM1), (CY_GET_REG8((void *)CYREG_SFLASH_IMO_TRIM21))
 368              		.loc 1 247 0
 369 00c8 0D4B     		ldr	r3, .L16+8
 370 00ca 0E4A     		ldr	r2, .L16+12
 371 00cc 1278     		ldrb	r2, [r2]
 372 00ce D2B2     		uxtb	r2, r2
 373 00d0 1A60     		str	r2, [r3]
 248:.\Generated_Source\PSoC4/cyfitter_cfg.c **** 	CyDelayUs(5u);
ARM GAS  C:\Users\Eric\AppData\Local\Temp\ccJs4FpB.s 			page 12


 374              		.loc 1 248 0
 375 00d2 0520     		mov	r0, #5
 376 00d4 FFF7FEFF 		bl	CyDelayUs
 249:.\Generated_Source\PSoC4/cyfitter_cfg.c **** 
 250:.\Generated_Source\PSoC4/cyfitter_cfg.c **** 	/* Disable HALF_EN since it is not required at this IMO frequency. */
 251:.\Generated_Source\PSoC4/cyfitter_cfg.c **** 	CY_SET_REG32((void CYXDATA *)(CYREG_CLK_SELECT), (CY_GET_REG32((void *)CYREG_CLK_SELECT) & 0xFFFBF
 377              		.loc 1 251 0
 378 00d8 074B     		ldr	r3, .L16
 379 00da 074A     		ldr	r2, .L16
 380 00dc 1168     		ldr	r1, [r2]
 381 00de 0A4A     		ldr	r2, .L16+16
 382 00e0 0A40     		and	r2, r1
 383 00e2 1A60     		str	r2, [r3]
 252:.\Generated_Source\PSoC4/cyfitter_cfg.c **** 	/* CYDEV_CLK_ILO_CONFIG Starting address: CYDEV_CLK_ILO_CONFIG */
 253:.\Generated_Source\PSoC4/cyfitter_cfg.c **** 	CY_SET_XTND_REG32((void CYFAR *)(CYREG_CLK_ILO_CONFIG), 0x80000006u);
 384              		.loc 1 253 0
 385 00e4 094B     		ldr	r3, .L16+20
 386 00e6 0A4A     		ldr	r2, .L16+24
 387 00e8 1A60     		str	r2, [r3]
 254:.\Generated_Source\PSoC4/cyfitter_cfg.c **** 
 255:.\Generated_Source\PSoC4/cyfitter_cfg.c **** 
 256:.\Generated_Source\PSoC4/cyfitter_cfg.c **** 	/* CYDEV_CLK_IMO_CONFIG Starting address: CYDEV_CLK_IMO_CONFIG */
 257:.\Generated_Source\PSoC4/cyfitter_cfg.c **** 	CY_SET_XTND_REG32((void CYFAR *)(CYREG_CLK_IMO_CONFIG), 0x80000000u);
 388              		.loc 1 257 0
 389 00ea 0A4B     		ldr	r3, .L16+28
 390 00ec 8022     		mov	r2, #128
 391 00ee 1206     		lsl	r2, r2, #24
 392 00f0 1A60     		str	r2, [r3]
 258:.\Generated_Source\PSoC4/cyfitter_cfg.c **** 
 259:.\Generated_Source\PSoC4/cyfitter_cfg.c **** }
 393              		.loc 1 259 0
 394 00f2 BD46     		mov	sp, r7
 395              		@ sp needed
 396 00f4 80BD     		pop	{r7, pc}
 397              	.L17:
 398 00f6 C046     		.align	2
 399              	.L16:
 400 00f8 00010B40 		.word	1074462976
 401 00fc 2CFF0B40 		.word	1074528044
 402 0100 28FF0B40 		.word	1074528040
 403 0104 E5F1FF0F 		.word	268431845
 404 0108 FFFFFBFF 		.word	-262145
 405 010c 04010B40 		.word	1074462980
 406 0110 06000080 		.word	-2147483642
 407 0114 08010B40 		.word	1074462984
 408              		.cfi_endproc
 409              	.LFE5:
 410              		.size	ClockSetup, .-ClockSetup
 411              		.section	.text.AnalogSetDefault,"ax",%progbits
 412              		.align	2
 413              		.code	16
 414              		.thumb_func
 415              		.type	AnalogSetDefault, %function
 416              	AnalogSetDefault:
 417              	.LFB6:
 260:.\Generated_Source\PSoC4/cyfitter_cfg.c **** 
 261:.\Generated_Source\PSoC4/cyfitter_cfg.c **** 
ARM GAS  C:\Users\Eric\AppData\Local\Temp\ccJs4FpB.s 			page 13


 262:.\Generated_Source\PSoC4/cyfitter_cfg.c **** /* Analog API Functions */
 263:.\Generated_Source\PSoC4/cyfitter_cfg.c **** 
 264:.\Generated_Source\PSoC4/cyfitter_cfg.c **** 
 265:.\Generated_Source\PSoC4/cyfitter_cfg.c **** /*******************************************************************************
 266:.\Generated_Source\PSoC4/cyfitter_cfg.c **** * Function Name: AnalogSetDefault
 267:.\Generated_Source\PSoC4/cyfitter_cfg.c **** ********************************************************************************
 268:.\Generated_Source\PSoC4/cyfitter_cfg.c **** *
 269:.\Generated_Source\PSoC4/cyfitter_cfg.c **** * Summary:
 270:.\Generated_Source\PSoC4/cyfitter_cfg.c **** *  Sets up the analog portions of the chip to default values based on chip
 271:.\Generated_Source\PSoC4/cyfitter_cfg.c **** *  configuration options from the project.
 272:.\Generated_Source\PSoC4/cyfitter_cfg.c **** *
 273:.\Generated_Source\PSoC4/cyfitter_cfg.c **** * Parameters:
 274:.\Generated_Source\PSoC4/cyfitter_cfg.c **** *  void
 275:.\Generated_Source\PSoC4/cyfitter_cfg.c **** *
 276:.\Generated_Source\PSoC4/cyfitter_cfg.c **** * Return:
 277:.\Generated_Source\PSoC4/cyfitter_cfg.c **** *  void
 278:.\Generated_Source\PSoC4/cyfitter_cfg.c **** *
 279:.\Generated_Source\PSoC4/cyfitter_cfg.c **** *******************************************************************************/
 280:.\Generated_Source\PSoC4/cyfitter_cfg.c **** static void AnalogSetDefault(void);
 281:.\Generated_Source\PSoC4/cyfitter_cfg.c **** static void AnalogSetDefault(void)
 282:.\Generated_Source\PSoC4/cyfitter_cfg.c **** {
 418              		.loc 1 282 0
 419              		.cfi_startproc
 420 0000 80B5     		push	{r7, lr}
 421              		.cfi_def_cfa_offset 8
 422              		.cfi_offset 7, -8
 423              		.cfi_offset 14, -4
 424 0002 00AF     		add	r7, sp, #0
 425              		.cfi_def_cfa_register 7
 283:.\Generated_Source\PSoC4/cyfitter_cfg.c **** }
 426              		.loc 1 283 0
 427 0004 BD46     		mov	sp, r7
 428              		@ sp needed
 429 0006 80BD     		pop	{r7, pc}
 430              		.cfi_endproc
 431              	.LFE6:
 432              		.size	AnalogSetDefault, .-AnalogSetDefault
 433              		.section	.psocinit
 434              		.align	2
 435              		.global	cyfitter_cfg
 436              		.code	16
 437              		.thumb_func
 438              		.type	cyfitter_cfg, %function
 439              	cyfitter_cfg:
 440              	.LFB7:
 284:.\Generated_Source\PSoC4/cyfitter_cfg.c **** 
 285:.\Generated_Source\PSoC4/cyfitter_cfg.c **** #define CY_AMUX_UNUSED CYREG_CM0_ROM_DWT
 286:.\Generated_Source\PSoC4/cyfitter_cfg.c **** 
 287:.\Generated_Source\PSoC4/cyfitter_cfg.c **** 
 288:.\Generated_Source\PSoC4/cyfitter_cfg.c **** /*******************************************************************************
 289:.\Generated_Source\PSoC4/cyfitter_cfg.c **** * Function Name: cyfitter_cfg
 290:.\Generated_Source\PSoC4/cyfitter_cfg.c **** ********************************************************************************
 291:.\Generated_Source\PSoC4/cyfitter_cfg.c **** * Summary:
 292:.\Generated_Source\PSoC4/cyfitter_cfg.c **** *  This function is called by the start-up code for the selected device. It
 293:.\Generated_Source\PSoC4/cyfitter_cfg.c **** *  performs all of the necessary device configuration based on the design
 294:.\Generated_Source\PSoC4/cyfitter_cfg.c **** *  settings.  This includes settings from the Design Wide Resources (DWR) such
 295:.\Generated_Source\PSoC4/cyfitter_cfg.c **** *  as Clocks and Pins as well as any component configuration that is necessary.
ARM GAS  C:\Users\Eric\AppData\Local\Temp\ccJs4FpB.s 			page 14


 296:.\Generated_Source\PSoC4/cyfitter_cfg.c **** *
 297:.\Generated_Source\PSoC4/cyfitter_cfg.c **** * Parameters:  
 298:.\Generated_Source\PSoC4/cyfitter_cfg.c **** *   void
 299:.\Generated_Source\PSoC4/cyfitter_cfg.c **** *
 300:.\Generated_Source\PSoC4/cyfitter_cfg.c **** * Return:
 301:.\Generated_Source\PSoC4/cyfitter_cfg.c **** *   void
 302:.\Generated_Source\PSoC4/cyfitter_cfg.c **** *
 303:.\Generated_Source\PSoC4/cyfitter_cfg.c **** *******************************************************************************/
 304:.\Generated_Source\PSoC4/cyfitter_cfg.c **** CY_CFG_SECTION
 305:.\Generated_Source\PSoC4/cyfitter_cfg.c **** void cyfitter_cfg(void)
 306:.\Generated_Source\PSoC4/cyfitter_cfg.c **** {
 441              		.loc 1 306 0
 442              		.cfi_startproc
 443 0118 80B5     		push	{r7, lr}
 444              		.cfi_def_cfa_offset 8
 445              		.cfi_offset 7, -8
 446              		.cfi_offset 14, -4
 447 011a 82B0     		sub	sp, sp, #8
 448              		.cfi_def_cfa_offset 16
 449 011c 00AF     		add	r7, sp, #0
 450              		.cfi_def_cfa_register 7
 307:.\Generated_Source\PSoC4/cyfitter_cfg.c **** 	/* Disable interrupts by default. Let user enable if/when they want. */
 308:.\Generated_Source\PSoC4/cyfitter_cfg.c **** 	CyGlobalIntDisable;
 451              		.loc 1 308 0
 452              	@ 308 ".\Generated_Source\PSoC4\cyfitter_cfg.c" 1
 453 011e 72B6     		CPSID   i
 454              	@ 0 "" 2
 455              		.code	16
 456              	.LBB3:
 309:.\Generated_Source\PSoC4/cyfitter_cfg.c **** 
 310:.\Generated_Source\PSoC4/cyfitter_cfg.c **** 	{
 311:.\Generated_Source\PSoC4/cyfitter_cfg.c **** 		static const uint32 CYCODE cy_cfg_addr_table[] = {
 312:.\Generated_Source\PSoC4/cyfitter_cfg.c **** 			0x400F6002u, /* Base address: 0x400F6000 Count: 2 */
 313:.\Generated_Source\PSoC4/cyfitter_cfg.c **** 		};
 314:.\Generated_Source\PSoC4/cyfitter_cfg.c **** 
 315:.\Generated_Source\PSoC4/cyfitter_cfg.c **** 		static const cy_cfg_addrvalue_t CYCODE cy_cfg_data_table[] = {
 316:.\Generated_Source\PSoC4/cyfitter_cfg.c **** 			{0x02u, 0x01u},
 317:.\Generated_Source\PSoC4/cyfitter_cfg.c **** 			{0x11u, 0x01u},
 318:.\Generated_Source\PSoC4/cyfitter_cfg.c **** 		};
 319:.\Generated_Source\PSoC4/cyfitter_cfg.c **** 
 320:.\Generated_Source\PSoC4/cyfitter_cfg.c **** 
 321:.\Generated_Source\PSoC4/cyfitter_cfg.c **** 
 322:.\Generated_Source\PSoC4/cyfitter_cfg.c **** 		CYPACKED typedef struct {
 323:.\Generated_Source\PSoC4/cyfitter_cfg.c **** 			void CYFAR *address;
 324:.\Generated_Source\PSoC4/cyfitter_cfg.c **** 			uint16 size;
 325:.\Generated_Source\PSoC4/cyfitter_cfg.c **** 		} CYPACKED_ATTR cfg_memset_t;
 326:.\Generated_Source\PSoC4/cyfitter_cfg.c **** 
 327:.\Generated_Source\PSoC4/cyfitter_cfg.c **** 		static const cfg_memset_t CYCODE cfg_memset_list [] = {
 328:.\Generated_Source\PSoC4/cyfitter_cfg.c **** 			/* address, size */
 329:.\Generated_Source\PSoC4/cyfitter_cfg.c **** 			{(void CYFAR *)(CYDEV_UDB_P0_U0_BASE), 1024u},
 330:.\Generated_Source\PSoC4/cyfitter_cfg.c **** 			{(void CYFAR *)(CYDEV_UDB_DSI0_BASE), 1024u},
 331:.\Generated_Source\PSoC4/cyfitter_cfg.c **** 		};
 332:.\Generated_Source\PSoC4/cyfitter_cfg.c **** 
 333:.\Generated_Source\PSoC4/cyfitter_cfg.c **** 		uint8 CYDATA i;
 334:.\Generated_Source\PSoC4/cyfitter_cfg.c **** 
 335:.\Generated_Source\PSoC4/cyfitter_cfg.c **** 		/* Zero out critical memory blocks before beginning configuration */
 336:.\Generated_Source\PSoC4/cyfitter_cfg.c **** 		for (i = 0u; i < (sizeof(cfg_memset_list)/sizeof(cfg_memset_list[0])); i++)
ARM GAS  C:\Users\Eric\AppData\Local\Temp\ccJs4FpB.s 			page 15


 457              		.loc 1 336 0
 458 0120 FB1D     		add	r3, r7, #7
 459 0122 0022     		mov	r2, #0
 460 0124 1A70     		strb	r2, [r3]
 461 0126 23E0     		b	.L20
 462              	.L21:
 463              	.LBB4:
 337:.\Generated_Source\PSoC4/cyfitter_cfg.c **** 		{
 338:.\Generated_Source\PSoC4/cyfitter_cfg.c **** 			const cfg_memset_t CYCODE * CYDATA ms = &cfg_memset_list[i];
 464              		.loc 1 338 0 discriminator 2
 465 0128 FB1D     		add	r3, r7, #7
 466 012a 1A78     		ldrb	r2, [r3]
 467 012c 131C     		mov	r3, r2
 468 012e 5B00     		lsl	r3, r3, #1
 469 0130 9B18     		add	r3, r3, r2
 470 0132 5B00     		lsl	r3, r3, #1
 471 0134 314A     		ldr	r2, .L22
 472 0136 9B18     		add	r3, r3, r2
 473 0138 3B60     		str	r3, [r7]
 339:.\Generated_Source\PSoC4/cyfitter_cfg.c **** 			CYMEMZERO(ms->address, (size_t)(uint32)(ms->size));
 474              		.loc 1 339 0 discriminator 2
 475 013a 3B68     		ldr	r3, [r7]
 476 013c 1A78     		ldrb	r2, [r3]
 477 013e 5978     		ldrb	r1, [r3, #1]
 478 0140 0902     		lsl	r1, r1, #8
 479 0142 0A43     		orr	r2, r1
 480 0144 9978     		ldrb	r1, [r3, #2]
 481 0146 0904     		lsl	r1, r1, #16
 482 0148 0A43     		orr	r2, r1
 483 014a DB78     		ldrb	r3, [r3, #3]
 484 014c 1B06     		lsl	r3, r3, #24
 485 014e 1343     		orr	r3, r2
 486 0150 1A1C     		mov	r2, r3
 487 0152 3B68     		ldr	r3, [r7]
 488 0154 1979     		ldrb	r1, [r3, #4]
 489 0156 5B79     		ldrb	r3, [r3, #5]
 490 0158 1B02     		lsl	r3, r3, #8
 491 015a 0B43     		orr	r3, r1
 492 015c 9BB2     		uxth	r3, r3
 493 015e 101C     		mov	r0, r2
 494 0160 191C     		mov	r1, r3
 495 0162 FFF7FEFF 		bl	CYMEMZERO
 496              	.LBE4:
 336:.\Generated_Source\PSoC4/cyfitter_cfg.c **** 		for (i = 0u; i < (sizeof(cfg_memset_list)/sizeof(cfg_memset_list[0])); i++)
 497              		.loc 1 336 0 discriminator 2
 498 0166 FB1D     		add	r3, r7, #7
 499 0168 1A78     		ldrb	r2, [r3]
 500 016a FB1D     		add	r3, r7, #7
 501 016c 0132     		add	r2, r2, #1
 502 016e 1A70     		strb	r2, [r3]
 503              	.L20:
 336:.\Generated_Source\PSoC4/cyfitter_cfg.c **** 		for (i = 0u; i < (sizeof(cfg_memset_list)/sizeof(cfg_memset_list[0])); i++)
 504              		.loc 1 336 0 is_stmt 0 discriminator 1
 505 0170 FB1D     		add	r3, r7, #7
 506 0172 1B78     		ldrb	r3, [r3]
 507 0174 012B     		cmp	r3, #1
 508 0176 D7D9     		bls	.L21
ARM GAS  C:\Users\Eric\AppData\Local\Temp\ccJs4FpB.s 			page 16


 340:.\Generated_Source\PSoC4/cyfitter_cfg.c **** 		}
 341:.\Generated_Source\PSoC4/cyfitter_cfg.c **** 
 342:.\Generated_Source\PSoC4/cyfitter_cfg.c **** 		cfg_write_bytes32(cy_cfg_addr_table, cy_cfg_data_table);
 509              		.loc 1 342 0 is_stmt 1
 510 0178 214A     		ldr	r2, .L22+4
 511 017a 224B     		ldr	r3, .L22+8
 512 017c 101C     		mov	r0, r2
 513 017e 191C     		mov	r1, r3
 514 0180 FFF7FEFF 		bl	cfg_write_bytes32
 343:.\Generated_Source\PSoC4/cyfitter_cfg.c **** 
 344:.\Generated_Source\PSoC4/cyfitter_cfg.c **** 		/* HSIOM Starting address: CYDEV_HSIOM_BASE */
 345:.\Generated_Source\PSoC4/cyfitter_cfg.c **** 		CY_SET_XTND_REG32((void CYFAR *)(CYREG_HSIOM_PORT_SEL3), 0x0000EE00u);
 515              		.loc 1 345 0
 516 0184 204B     		ldr	r3, .L22+12
 517 0186 EE22     		mov	r2, #238
 518 0188 1202     		lsl	r2, r2, #8
 519 018a 1A60     		str	r2, [r3]
 346:.\Generated_Source\PSoC4/cyfitter_cfg.c **** 
 347:.\Generated_Source\PSoC4/cyfitter_cfg.c **** 		/* IOPINS0_0 Starting address: CYDEV_PRT0_DR */
 348:.\Generated_Source\PSoC4/cyfitter_cfg.c **** 		CY_SET_XTND_REG32((void CYFAR *)(CYREG_PRT0_PC), 0x00201240u);
 520              		.loc 1 348 0
 521 018c 1F4B     		ldr	r3, .L22+16
 522 018e 204A     		ldr	r2, .L22+20
 523 0190 1A60     		str	r2, [r3]
 349:.\Generated_Source\PSoC4/cyfitter_cfg.c **** 
 350:.\Generated_Source\PSoC4/cyfitter_cfg.c **** 		/* IOPINS0_3 Starting address: CYDEV_PRT3_DR */
 351:.\Generated_Source\PSoC4/cyfitter_cfg.c **** 		CY_SET_XTND_REG32((void CYFAR *)(CYREG_PRT3_PC), 0x00000D80u);
 524              		.loc 1 351 0
 525 0192 204B     		ldr	r3, .L22+24
 526 0194 D822     		mov	r2, #216
 527 0196 1201     		lsl	r2, r2, #4
 528 0198 1A60     		str	r2, [r3]
 352:.\Generated_Source\PSoC4/cyfitter_cfg.c **** 
 353:.\Generated_Source\PSoC4/cyfitter_cfg.c **** 		/* IOPINS0_4 Starting address: CYDEV_PRT4_DR */
 354:.\Generated_Source\PSoC4/cyfitter_cfg.c **** 		CY_SET_XTND_REG32((void CYFAR *)(CYREG_PRT4_PC), 0x00000C36u);
 529              		.loc 1 354 0
 530 019a 1F4B     		ldr	r3, .L22+28
 531 019c 1F4A     		ldr	r2, .L22+32
 532 019e 1A60     		str	r2, [r3]
 355:.\Generated_Source\PSoC4/cyfitter_cfg.c **** 
 356:.\Generated_Source\PSoC4/cyfitter_cfg.c **** 		/* UDB_PA_0 Starting address: CYDEV_UDB_PA0_BASE */
 357:.\Generated_Source\PSoC4/cyfitter_cfg.c **** 		CY_SET_XTND_REG32((void CYFAR *)(CYDEV_UDB_PA0_BASE), 0x00990000u);
 533              		.loc 1 357 0
 534 01a0 1F4B     		ldr	r3, .L22+36
 535 01a2 9922     		mov	r2, #153
 536 01a4 1204     		lsl	r2, r2, #16
 537 01a6 1A60     		str	r2, [r3]
 358:.\Generated_Source\PSoC4/cyfitter_cfg.c **** 		CY_SET_XTND_REG32((void CYFAR *)(CYREG_UDB_PA0_CFG4), 0x82A00000u);
 538              		.loc 1 358 0
 539 01a8 1E4B     		ldr	r3, .L22+40
 540 01aa 1F4A     		ldr	r2, .L22+44
 541 01ac 1A60     		str	r2, [r3]
 359:.\Generated_Source\PSoC4/cyfitter_cfg.c **** 
 360:.\Generated_Source\PSoC4/cyfitter_cfg.c **** 		/* UDB_PA_3 Starting address: CYDEV_UDB_PA3_BASE */
 361:.\Generated_Source\PSoC4/cyfitter_cfg.c **** 		CY_SET_XTND_REG32((void CYFAR *)(CYDEV_UDB_PA3_BASE), 0x00990000u);
 542              		.loc 1 361 0
 543 01ae 1F4B     		ldr	r3, .L22+48
ARM GAS  C:\Users\Eric\AppData\Local\Temp\ccJs4FpB.s 			page 17


 544 01b0 9922     		mov	r2, #153
 545 01b2 1204     		lsl	r2, r2, #16
 546 01b4 1A60     		str	r2, [r3]
 362:.\Generated_Source\PSoC4/cyfitter_cfg.c **** 
 363:.\Generated_Source\PSoC4/cyfitter_cfg.c **** 		/* Enable digital routing */
 364:.\Generated_Source\PSoC4/cyfitter_cfg.c **** 		CY_SET_XTND_REG8((void *)CYREG_UDB_UDBIF_BANK_CTL, CY_GET_XTND_REG8((void *)CYREG_UDB_UDBIF_BANK_
 547              		.loc 1 364 0
 548 01b6 1E4B     		ldr	r3, .L22+52
 549 01b8 1D4A     		ldr	r2, .L22+52
 550 01ba 1278     		ldrb	r2, [r2]
 551 01bc D2B2     		uxtb	r2, r2
 552 01be 0221     		mov	r1, #2
 553 01c0 0A43     		orr	r2, r1
 554 01c2 D2B2     		uxtb	r2, r2
 555 01c4 1A70     		strb	r2, [r3]
 365:.\Generated_Source\PSoC4/cyfitter_cfg.c **** 
 366:.\Generated_Source\PSoC4/cyfitter_cfg.c **** 		/* Enable UDB array */
 367:.\Generated_Source\PSoC4/cyfitter_cfg.c **** 		CY_SET_XTND_REG8((void *)CYREG_UDB_UDBIF_WAIT_CFG, (uint8)((CY_GET_XTND_REG8((void *)CYREG_UDB_UD
 556              		.loc 1 367 0
 557 01c6 1B4B     		ldr	r3, .L22+56
 558 01c8 1A4A     		ldr	r2, .L22+56
 559 01ca 1278     		ldrb	r2, [r2]
 560 01cc D2B2     		uxtb	r2, r2
 561 01ce 3C21     		mov	r1, #60
 562 01d0 8A43     		bic	r2, r1
 563 01d2 D2B2     		uxtb	r2, r2
 564 01d4 1421     		mov	r1, #20
 565 01d6 0A43     		orr	r2, r1
 566 01d8 D2B2     		uxtb	r2, r2
 567 01da 1A70     		strb	r2, [r3]
 368:.\Generated_Source\PSoC4/cyfitter_cfg.c **** 		CY_SET_XTND_REG8((void *)CYREG_UDB_UDBIF_BANK_CTL, (uint8)(CY_GET_XTND_REG8((void *)CYREG_UDB_UDB
 568              		.loc 1 368 0
 569 01dc 144B     		ldr	r3, .L22+52
 570 01de 144A     		ldr	r2, .L22+52
 571 01e0 1278     		ldrb	r2, [r2]
 572 01e2 D2B2     		uxtb	r2, r2
 573 01e4 1621     		mov	r1, #22
 574 01e6 0A43     		orr	r2, r1
 575 01e8 D2B2     		uxtb	r2, r2
 576 01ea 1A70     		strb	r2, [r3]
 577              	.LBE3:
 369:.\Generated_Source\PSoC4/cyfitter_cfg.c **** 	}
 370:.\Generated_Source\PSoC4/cyfitter_cfg.c **** 
 371:.\Generated_Source\PSoC4/cyfitter_cfg.c **** 	/* Setup clocks based on selections from Clock DWR */
 372:.\Generated_Source\PSoC4/cyfitter_cfg.c **** 	ClockSetup();
 578              		.loc 1 372 0
 579 01ec FFF75AFF 		bl	ClockSetup
 373:.\Generated_Source\PSoC4/cyfitter_cfg.c **** 
 374:.\Generated_Source\PSoC4/cyfitter_cfg.c **** 	/* Perform basic analog initialization to defaults */
 375:.\Generated_Source\PSoC4/cyfitter_cfg.c **** 	AnalogSetDefault();
 580              		.loc 1 375 0
 581 01f0 FFF7FEFF 		bl	AnalogSetDefault
 376:.\Generated_Source\PSoC4/cyfitter_cfg.c **** 
 377:.\Generated_Source\PSoC4/cyfitter_cfg.c **** }
 582              		.loc 1 377 0
 583 01f4 BD46     		mov	sp, r7
 584 01f6 02B0     		add	sp, sp, #8
ARM GAS  C:\Users\Eric\AppData\Local\Temp\ccJs4FpB.s 			page 18


 585              		@ sp needed
 586 01f8 80BD     		pop	{r7, pc}
 587              	.L23:
 588 01fa C046     		.align	2
 589              	.L22:
 590 01fc 04000000 		.word	cfg_memset_list.4735
 591 0200 10000000 		.word	cy_cfg_addr_table.4729
 592 0204 14000000 		.word	cy_cfg_data_table.4730
 593 0208 0C000140 		.word	1073807372
 594 020c 08000440 		.word	1074003976
 595 0210 40122000 		.word	2101824
 596 0214 08030440 		.word	1074004744
 597 0218 08040440 		.word	1074005000
 598 021c 360C0000 		.word	3126
 599 0220 00500F40 		.word	1074745344
 600 0224 04500F40 		.word	1074745348
 601 0228 0000A082 		.word	-2103443456
 602 022c 30500F40 		.word	1074745392
 603 0230 00700F40 		.word	1074753536
 604 0234 01700F40 		.word	1074753537
 605              		.cfi_endproc
 606              	.LFE7:
 607              		.size	cyfitter_cfg, .-cyfitter_cfg
 608              		.data
 609              		.align	2
 610              		.type	imo_trim_table.4708, %object
 611              		.size	imo_trim_table.4708, 4
 612              	imo_trim_table.4708:
 613 0000 C0F1FF0F 		.word	268431808
 614              		.section	.rodata
 615              		.align	2
 616              		.type	IMO_TRIM_FREQ_TABLE_ENTRIES.4709, %object
 617              		.size	IMO_TRIM_FREQ_TABLE_ENTRIES.4709, 4
 618              	IMO_TRIM_FREQ_TABLE_ENTRIES.4709:
 619 0000 04000000 		.word	4
 620              		.align	2
 621              		.type	cfg_memset_list.4735, %object
 622              		.size	cfg_memset_list.4735, 12
 623              	cfg_memset_list.4735:
 624 0004 00300F40 		.word	1074737152
 625 0008 0004     		.short	1024
 626 000a 00400F40 		.4byte	1074741248
 627 000e 0004     		.short	1024
 628              		.align	2
 629              		.type	cy_cfg_addr_table.4729, %object
 630              		.size	cy_cfg_addr_table.4729, 4
 631              	cy_cfg_addr_table.4729:
 632 0010 02600F40 		.word	1074749442
 633              		.align	2
 634              		.type	cy_cfg_data_table.4730, %object
 635              		.size	cy_cfg_data_table.4730, 4
 636              	cy_cfg_data_table.4730:
 637 0014 02       		.byte	2
 638 0015 01       		.byte	1
 639 0016 11       		.byte	17
 640 0017 01       		.byte	1
 641              		.text
ARM GAS  C:\Users\Eric\AppData\Local\Temp\ccJs4FpB.s 			page 19


 642              	.Letext0:
 643              		.file 2 "c:\\program files (x86)\\cypress\\psoc creator\\3.1\\psoc creator\\import\\gnu_cs\\arm\\4
 644              		.file 3 ".\\Generated_Source\\PSoC4/cytypes.h"
 645              		.section	.debug_info,"",%progbits
 646              	.Ldebug_info0:
 647 0000 3E040000 		.4byte	0x43e
 648 0004 0400     		.2byte	0x4
 649 0006 00000000 		.4byte	.Ldebug_abbrev0
 650 000a 04       		.byte	0x4
 651 000b 01       		.uleb128 0x1
 652 000c 59020000 		.4byte	.LASF53
 653 0010 01       		.byte	0x1
 654 0011 2B020000 		.4byte	.LASF54
 655 0015 09010000 		.4byte	.LASF55
 656 0019 00000000 		.4byte	.Ldebug_ranges0+0
 657 001d 00000000 		.4byte	0
 658 0021 00000000 		.4byte	.Ldebug_line0
 659 0025 02       		.uleb128 0x2
 660 0026 04       		.byte	0x4
 661 0027 05       		.byte	0x5
 662 0028 696E7400 		.ascii	"int\000"
 663 002c 03       		.uleb128 0x3
 664 002d 10000000 		.4byte	.LASF11
 665 0031 02       		.byte	0x2
 666 0032 D4       		.byte	0xd4
 667 0033 37000000 		.4byte	0x37
 668 0037 04       		.uleb128 0x4
 669 0038 04       		.byte	0x4
 670 0039 07       		.byte	0x7
 671 003a D1000000 		.4byte	.LASF0
 672 003e 04       		.uleb128 0x4
 673 003f 01       		.byte	0x1
 674 0040 06       		.byte	0x6
 675 0041 7C000000 		.4byte	.LASF1
 676 0045 04       		.uleb128 0x4
 677 0046 01       		.byte	0x1
 678 0047 08       		.byte	0x8
 679 0048 DA020000 		.4byte	.LASF2
 680 004c 04       		.uleb128 0x4
 681 004d 02       		.byte	0x2
 682 004e 05       		.byte	0x5
 683 004f EE020000 		.4byte	.LASF3
 684 0053 04       		.uleb128 0x4
 685 0054 02       		.byte	0x2
 686 0055 07       		.byte	0x7
 687 0056 75010000 		.4byte	.LASF4
 688 005a 04       		.uleb128 0x4
 689 005b 04       		.byte	0x4
 690 005c 05       		.byte	0x5
 691 005d A8000000 		.4byte	.LASF5
 692 0061 04       		.uleb128 0x4
 693 0062 04       		.byte	0x4
 694 0063 07       		.byte	0x7
 695 0064 F7000000 		.4byte	.LASF6
 696 0068 04       		.uleb128 0x4
 697 0069 08       		.byte	0x8
 698 006a 05       		.byte	0x5
ARM GAS  C:\Users\Eric\AppData\Local\Temp\ccJs4FpB.s 			page 20


 699 006b 6E000000 		.4byte	.LASF7
 700 006f 04       		.uleb128 0x4
 701 0070 08       		.byte	0x8
 702 0071 07       		.byte	0x7
 703 0072 29000000 		.4byte	.LASF8
 704 0076 04       		.uleb128 0x4
 705 0077 04       		.byte	0x4
 706 0078 07       		.byte	0x7
 707 0079 BC010000 		.4byte	.LASF9
 708 007d 05       		.uleb128 0x5
 709 007e 04       		.byte	0x4
 710 007f 04       		.uleb128 0x4
 711 0080 01       		.byte	0x1
 712 0081 08       		.byte	0x8
 713 0082 0B030000 		.4byte	.LASF10
 714 0086 03       		.uleb128 0x3
 715 0087 B1000000 		.4byte	.LASF12
 716 008b 03       		.byte	0x3
 717 008c A1       		.byte	0xa1
 718 008d 45000000 		.4byte	0x45
 719 0091 03       		.uleb128 0x3
 720 0092 00000000 		.4byte	.LASF13
 721 0096 03       		.byte	0x3
 722 0097 A2       		.byte	0xa2
 723 0098 53000000 		.4byte	0x53
 724 009c 03       		.uleb128 0x3
 725 009d BE000000 		.4byte	.LASF14
 726 00a1 03       		.byte	0x3
 727 00a2 A3       		.byte	0xa3
 728 00a3 61000000 		.4byte	0x61
 729 00a7 03       		.uleb128 0x3
 730 00a8 97000000 		.4byte	.LASF15
 731 00ac 03       		.byte	0x3
 732 00ad A6       		.byte	0xa6
 733 00ae 5A000000 		.4byte	0x5a
 734 00b2 04       		.uleb128 0x4
 735 00b3 04       		.byte	0x4
 736 00b4 04       		.byte	0x4
 737 00b5 53020000 		.4byte	.LASF16
 738 00b9 04       		.uleb128 0x4
 739 00ba 08       		.byte	0x8
 740 00bb 04       		.byte	0x4
 741 00bc B7000000 		.4byte	.LASF17
 742 00c0 06       		.uleb128 0x6
 743 00c1 D5020000 		.4byte	.LASF18
 744 00c5 03       		.byte	0x3
 745 00c6 4B01     		.2byte	0x14b
 746 00c8 CC000000 		.4byte	0xcc
 747 00cc 07       		.uleb128 0x7
 748 00cd 86000000 		.4byte	0x86
 749 00d1 06       		.uleb128 0x6
 750 00d2 9E010000 		.4byte	.LASF19
 751 00d6 03       		.byte	0x3
 752 00d7 4D01     		.2byte	0x14d
 753 00d9 DD000000 		.4byte	0xdd
 754 00dd 07       		.uleb128 0x7
 755 00de 9C000000 		.4byte	0x9c
ARM GAS  C:\Users\Eric\AppData\Local\Temp\ccJs4FpB.s 			page 21


 756 00e2 08       		.uleb128 0x8
 757 00e3 02       		.byte	0x2
 758 00e4 01       		.byte	0x1
 759 00e5 7B       		.byte	0x7b
 760 00e6 03010000 		.4byte	0x103
 761 00ea 09       		.uleb128 0x9
 762 00eb 22030000 		.4byte	.LASF20
 763 00ef 01       		.byte	0x1
 764 00f0 7D       		.byte	0x7d
 765 00f1 86000000 		.4byte	0x86
 766 00f5 00       		.byte	0
 767 00f6 09       		.uleb128 0x9
 768 00f7 CB000000 		.4byte	.LASF21
 769 00fb 01       		.byte	0x1
 770 00fc 7E       		.byte	0x7e
 771 00fd 86000000 		.4byte	0x86
 772 0101 01       		.byte	0x1
 773 0102 00       		.byte	0
 774 0103 03       		.uleb128 0x3
 775 0104 F8020000 		.4byte	.LASF22
 776 0108 01       		.byte	0x1
 777 0109 7F       		.byte	0x7f
 778 010a E2000000 		.4byte	0xe2
 779 010e 0A       		.uleb128 0xa
 780 010f 8D000000 		.4byte	.LASF23
 781 0113 01       		.byte	0x1
 782 0114 39       		.byte	0x39
 783 0115 00000000 		.4byte	.LFB0
 784 0119 1E000000 		.4byte	.LFE0-.LFB0
 785 011d 01       		.uleb128 0x1
 786 011e 9C       		.byte	0x9c
 787 011f 3C010000 		.4byte	0x13c
 788 0123 0B       		.uleb128 0xb
 789 0124 7300     		.ascii	"s\000"
 790 0126 01       		.byte	0x1
 791 0127 39       		.byte	0x39
 792 0128 7D000000 		.4byte	0x7d
 793 012c 02       		.uleb128 0x2
 794 012d 91       		.byte	0x91
 795 012e 74       		.sleb128 -12
 796 012f 0B       		.uleb128 0xb
 797 0130 6E00     		.ascii	"n\000"
 798 0132 01       		.byte	0x1
 799 0133 39       		.byte	0x39
 800 0134 2C000000 		.4byte	0x2c
 801 0138 02       		.uleb128 0x2
 802 0139 91       		.byte	0x91
 803 013a 70       		.sleb128 -16
 804 013b 00       		.byte	0
 805 013c 0A       		.uleb128 0xa
 806 013d 29030000 		.4byte	.LASF24
 807 0141 01       		.byte	0x1
 808 0142 40       		.byte	0x40
 809 0143 00000000 		.4byte	.LFB1
 810 0147 22000000 		.4byte	.LFE1-.LFB1
 811 014b 01       		.uleb128 0x1
 812 014c 9C       		.byte	0x9c
ARM GAS  C:\Users\Eric\AppData\Local\Temp\ccJs4FpB.s 			page 22


 813 014d 7A010000 		.4byte	0x17a
 814 0151 0C       		.uleb128 0xc
 815 0152 26020000 		.4byte	.LASF25
 816 0156 01       		.byte	0x1
 817 0157 40       		.byte	0x40
 818 0158 7D000000 		.4byte	0x7d
 819 015c 02       		.uleb128 0x2
 820 015d 91       		.byte	0x91
 821 015e 74       		.sleb128 -12
 822 015f 0B       		.uleb128 0xb
 823 0160 73726300 		.ascii	"src\000"
 824 0164 01       		.byte	0x1
 825 0165 40       		.byte	0x40
 826 0166 7A010000 		.4byte	0x17a
 827 016a 02       		.uleb128 0x2
 828 016b 91       		.byte	0x91
 829 016c 70       		.sleb128 -16
 830 016d 0B       		.uleb128 0xb
 831 016e 6E00     		.ascii	"n\000"
 832 0170 01       		.byte	0x1
 833 0171 40       		.byte	0x40
 834 0172 2C000000 		.4byte	0x2c
 835 0176 02       		.uleb128 0x2
 836 0177 91       		.byte	0x91
 837 0178 6C       		.sleb128 -20
 838 0179 00       		.byte	0
 839 017a 0D       		.uleb128 0xd
 840 017b 04       		.byte	0x4
 841 017c 80010000 		.4byte	0x180
 842 0180 0E       		.uleb128 0xe
 843 0181 0A       		.uleb128 0xa
 844 0182 A4010000 		.4byte	.LASF26
 845 0186 01       		.byte	0x1
 846 0187 47       		.byte	0x47
 847 0188 00000000 		.4byte	.LFB2
 848 018c 22000000 		.4byte	.LFE2-.LFB2
 849 0190 01       		.uleb128 0x1
 850 0191 9C       		.byte	0x9c
 851 0192 BF010000 		.4byte	0x1bf
 852 0196 0C       		.uleb128 0xc
 853 0197 26020000 		.4byte	.LASF25
 854 019b 01       		.byte	0x1
 855 019c 47       		.byte	0x47
 856 019d 7D000000 		.4byte	0x7d
 857 01a1 02       		.uleb128 0x2
 858 01a2 91       		.byte	0x91
 859 01a3 74       		.sleb128 -12
 860 01a4 0B       		.uleb128 0xb
 861 01a5 73726300 		.ascii	"src\000"
 862 01a9 01       		.byte	0x1
 863 01aa 47       		.byte	0x47
 864 01ab 7A010000 		.4byte	0x17a
 865 01af 02       		.uleb128 0x2
 866 01b0 91       		.byte	0x91
 867 01b1 70       		.sleb128 -16
 868 01b2 0B       		.uleb128 0xb
 869 01b3 6E00     		.ascii	"n\000"
ARM GAS  C:\Users\Eric\AppData\Local\Temp\ccJs4FpB.s 			page 23


 870 01b5 01       		.byte	0x1
 871 01b6 47       		.byte	0x47
 872 01b7 2C000000 		.4byte	0x2c
 873 01bb 02       		.uleb128 0x2
 874 01bc 91       		.byte	0x91
 875 01bd 6C       		.sleb128 -20
 876 01be 00       		.byte	0
 877 01bf 0F       		.uleb128 0xf
 878 01c0 5E010000 		.4byte	.LASF27
 879 01c4 01       		.byte	0x1
 880 01c5 92       		.byte	0x92
 881 01c6 00000000 		.4byte	.LFB3
 882 01ca 7E000000 		.4byte	.LFE3-.LFB3
 883 01ce 01       		.uleb128 0x1
 884 01cf 9C       		.byte	0x9c
 885 01d0 2F020000 		.4byte	0x22f
 886 01d4 0C       		.uleb128 0xc
 887 01d5 40000000 		.4byte	.LASF28
 888 01d9 01       		.byte	0x1
 889 01da 92       		.byte	0x92
 890 01db 2F020000 		.4byte	0x22f
 891 01df 02       		.uleb128 0x2
 892 01e0 91       		.byte	0x91
 893 01e1 64       		.sleb128 -28
 894 01e2 0C       		.uleb128 0xc
 895 01e3 1E000000 		.4byte	.LASF29
 896 01e7 01       		.byte	0x1
 897 01e8 92       		.byte	0x92
 898 01e9 3A020000 		.4byte	0x23a
 899 01ed 02       		.uleb128 0x2
 900 01ee 91       		.byte	0x91
 901 01ef 60       		.sleb128 -32
 902 01f0 10       		.uleb128 0x10
 903 01f1 6900     		.ascii	"i\000"
 904 01f3 01       		.byte	0x1
 905 01f4 95       		.byte	0x95
 906 01f5 9C000000 		.4byte	0x9c
 907 01f9 02       		.uleb128 0x2
 908 01fa 91       		.byte	0x91
 909 01fb 74       		.sleb128 -12
 910 01fc 10       		.uleb128 0x10
 911 01fd 6A00     		.ascii	"j\000"
 912 01ff 01       		.byte	0x1
 913 0200 95       		.byte	0x95
 914 0201 9C000000 		.4byte	0x9c
 915 0205 02       		.uleb128 0x2
 916 0206 91       		.byte	0x91
 917 0207 70       		.sleb128 -16
 918 0208 11       		.uleb128 0x11
 919 0209 14000000 		.4byte	.LBB2
 920 020d 58000000 		.4byte	.LBE2-.LBB2
 921 0211 12       		.uleb128 0x12
 922 0212 07000000 		.4byte	.LASF30
 923 0216 01       		.byte	0x1
 924 0217 98       		.byte	0x98
 925 0218 9C000000 		.4byte	0x9c
 926 021c 02       		.uleb128 0x2
ARM GAS  C:\Users\Eric\AppData\Local\Temp\ccJs4FpB.s 			page 24


 927 021d 91       		.byte	0x91
 928 021e 68       		.sleb128 -24
 929 021f 12       		.uleb128 0x12
 930 0220 C5000000 		.4byte	.LASF31
 931 0224 01       		.byte	0x1
 932 0225 99       		.byte	0x99
 933 0226 86000000 		.4byte	0x86
 934 022a 02       		.uleb128 0x2
 935 022b 91       		.byte	0x91
 936 022c 6F       		.sleb128 -17
 937 022d 00       		.byte	0
 938 022e 00       		.byte	0
 939 022f 0D       		.uleb128 0xd
 940 0230 04       		.byte	0x4
 941 0231 35020000 		.4byte	0x235
 942 0235 13       		.uleb128 0x13
 943 0236 9C000000 		.4byte	0x9c
 944 023a 0D       		.uleb128 0xd
 945 023b 04       		.byte	0x4
 946 023c 40020000 		.4byte	0x240
 947 0240 13       		.uleb128 0x13
 948 0241 03010000 		.4byte	0x103
 949 0245 0F       		.uleb128 0xf
 950 0246 4B030000 		.4byte	.LASF32
 951 024a 01       		.byte	0x1
 952 024b B5       		.byte	0xb5
 953 024c 00000000 		.4byte	.LFB4
 954 0250 A4000000 		.4byte	.LFE4-.LFB4
 955 0254 01       		.uleb128 0x1
 956 0255 9C       		.byte	0x9c
 957 0256 28030000 		.4byte	0x328
 958 025a 0C       		.uleb128 0xc
 959 025b EF000000 		.4byte	.LASF33
 960 025f 01       		.byte	0x1
 961 0260 B5       		.byte	0xb5
 962 0261 86000000 		.4byte	0x86
 963 0265 02       		.uleb128 0x2
 964 0266 91       		.byte	0x91
 965 0267 6F       		.sleb128 -17
 966 0268 08       		.uleb128 0x8
 967 0269 03       		.byte	0x3
 968 026a 01       		.byte	0x1
 969 026b B7       		.byte	0xb7
 970 026c 95020000 		.4byte	0x295
 971 0270 09       		.uleb128 0x9
 972 0271 88000000 		.4byte	.LASF34
 973 0275 01       		.byte	0x1
 974 0276 B8       		.byte	0xb8
 975 0277 86000000 		.4byte	0x86
 976 027b 00       		.byte	0
 977 027c 09       		.uleb128 0x9
 978 027d 88010000 		.4byte	.LASF35
 979 0281 01       		.byte	0x1
 980 0282 B9       		.byte	0xb9
 981 0283 86000000 		.4byte	0x86
 982 0287 01       		.byte	0x1
 983 0288 09       		.uleb128 0x9
ARM GAS  C:\Users\Eric\AppData\Local\Temp\ccJs4FpB.s 			page 25


 984 0289 E8020000 		.4byte	.LASF36
 985 028d 01       		.byte	0x1
 986 028e BA       		.byte	0xba
 987 028f 86000000 		.4byte	0x86
 988 0293 02       		.byte	0x2
 989 0294 00       		.byte	0
 990 0295 03       		.uleb128 0x3
 991 0296 DE000000 		.4byte	.LASF37
 992 029a 01       		.byte	0x1
 993 029b BB       		.byte	0xbb
 994 029c 68020000 		.4byte	0x268
 995 02a0 08       		.uleb128 0x8
 996 02a1 0C       		.byte	0xc
 997 02a2 01       		.byte	0x1
 998 02a3 BD       		.byte	0xbd
 999 02a4 C5020000 		.4byte	0x2c5
 1000 02a8 14       		.uleb128 0x14
 1001 02a9 95020000 		.4byte	0x295
 1002 02ad B8020000 		.4byte	0x2b8
 1003 02b1 15       		.uleb128 0x15
 1004 02b2 76000000 		.4byte	0x76
 1005 02b6 03       		.byte	0x3
 1006 02b7 00       		.byte	0
 1007 02b8 09       		.uleb128 0x9
 1008 02b9 B4010000 		.4byte	.LASF38
 1009 02bd 01       		.byte	0x1
 1010 02be BE       		.byte	0xbe
 1011 02bf A8020000 		.4byte	0x2a8
 1012 02c3 00       		.byte	0
 1013 02c4 00       		.byte	0
 1014 02c5 03       		.uleb128 0x3
 1015 02c6 DC010000 		.4byte	.LASF39
 1016 02ca 01       		.byte	0x1
 1017 02cb BF       		.byte	0xbf
 1018 02cc A0020000 		.4byte	0x2a0
 1019 02d0 12       		.uleb128 0x12
 1020 02d1 C5010000 		.4byte	.LASF40
 1021 02d5 01       		.byte	0x1
 1022 02d6 C1       		.byte	0xc1
 1023 02d7 E1020000 		.4byte	0x2e1
 1024 02db 05       		.uleb128 0x5
 1025 02dc 03       		.byte	0x3
 1026 02dd 00000000 		.4byte	imo_trim_table.4708
 1027 02e1 0D       		.uleb128 0xd
 1028 02e2 04       		.byte	0x4
 1029 02e3 E7020000 		.4byte	0x2e7
 1030 02e7 13       		.uleb128 0x13
 1031 02e8 C5020000 		.4byte	0x2c5
 1032 02ec 12       		.uleb128 0x12
 1033 02ed FA010000 		.4byte	.LASF41
 1034 02f1 01       		.byte	0x1
 1035 02f2 C2       		.byte	0xc2
 1036 02f3 35020000 		.4byte	0x235
 1037 02f7 05       		.uleb128 0x5
 1038 02f8 03       		.byte	0x3
 1039 02f9 00000000 		.4byte	IMO_TRIM_FREQ_TABLE_ENTRIES.4709
 1040 02fd 12       		.uleb128 0x12
ARM GAS  C:\Users\Eric\AppData\Local\Temp\ccJs4FpB.s 			page 26


 1041 02fe 91010000 		.4byte	.LASF42
 1042 0302 01       		.byte	0x1
 1043 0303 C4       		.byte	0xc4
 1044 0304 A7000000 		.4byte	0xa7
 1045 0308 02       		.uleb128 0x2
 1046 0309 91       		.byte	0x91
 1047 030a 74       		.sleb128 -12
 1048 030b 12       		.uleb128 0x12
 1049 030c 17000000 		.4byte	.LASF43
 1050 0310 01       		.byte	0x1
 1051 0311 C5       		.byte	0xc5
 1052 0312 86000000 		.4byte	0x86
 1053 0316 02       		.uleb128 0x2
 1054 0317 91       		.byte	0x91
 1055 0318 73       		.sleb128 -13
 1056 0319 12       		.uleb128 0x12
 1057 031a 35030000 		.4byte	.LASF44
 1058 031e 01       		.byte	0x1
 1059 031f C6       		.byte	0xc6
 1060 0320 86000000 		.4byte	0x86
 1061 0324 02       		.uleb128 0x2
 1062 0325 91       		.byte	0x91
 1063 0326 72       		.sleb128 -14
 1064 0327 00       		.byte	0
 1065 0328 16       		.uleb128 0x16
 1066 0329 9D000000 		.4byte	.LASF45
 1067 032d 01       		.byte	0x1
 1068 032e EC       		.byte	0xec
 1069 032f A4000000 		.4byte	.LFB5
 1070 0333 74000000 		.4byte	.LFE5-.LFB5
 1071 0337 01       		.uleb128 0x1
 1072 0338 9C       		.byte	0x9c
 1073 0339 17       		.uleb128 0x17
 1074 033a 5D000000 		.4byte	.LASF46
 1075 033e 01       		.byte	0x1
 1076 033f 1901     		.2byte	0x119
 1077 0341 00000000 		.4byte	.LFB6
 1078 0345 08000000 		.4byte	.LFE6-.LFB6
 1079 0349 01       		.uleb128 0x1
 1080 034a 9C       		.byte	0x9c
 1081 034b 18       		.uleb128 0x18
 1082 034c 3E030000 		.4byte	.LASF56
 1083 0350 01       		.byte	0x1
 1084 0351 3101     		.2byte	0x131
 1085 0353 18010000 		.4byte	.LFB7
 1086 0357 20010000 		.4byte	.LFE7-.LFB7
 1087 035b 01       		.uleb128 0x1
 1088 035c 9C       		.byte	0x9c
 1089 035d 17040000 		.4byte	0x417
 1090 0361 11       		.uleb128 0x11
 1091 0362 20010000 		.4byte	.LBB3
 1092 0366 CC000000 		.4byte	.LBE3-.LBB3
 1093 036a 19       		.uleb128 0x19
 1094 036b 10030000 		.4byte	.LASF47
 1095 036f 01       		.byte	0x1
 1096 0370 3701     		.2byte	0x137
 1097 0372 27040000 		.4byte	0x427
ARM GAS  C:\Users\Eric\AppData\Local\Temp\ccJs4FpB.s 			page 27


 1098 0376 05       		.uleb128 0x5
 1099 0377 03       		.byte	0x3
 1100 0378 10000000 		.4byte	cy_cfg_addr_table.4729
 1101 037c 19       		.uleb128 0x19
 1102 037d 4B000000 		.4byte	.LASF48
 1103 0381 01       		.byte	0x1
 1104 0382 3B01     		.2byte	0x13b
 1105 0384 3C040000 		.4byte	0x43c
 1106 0388 05       		.uleb128 0x5
 1107 0389 03       		.byte	0x3
 1108 038a 14000000 		.4byte	cy_cfg_data_table.4730
 1109 038e 1A       		.uleb128 0x1a
 1110 038f 06       		.byte	0x6
 1111 0390 01       		.byte	0x1
 1112 0391 4201     		.2byte	0x142
 1113 0393 B2030000 		.4byte	0x3b2
 1114 0397 1B       		.uleb128 0x1b
 1115 0398 D4010000 		.4byte	.LASF49
 1116 039c 01       		.byte	0x1
 1117 039d 4301     		.2byte	0x143
 1118 039f 7D000000 		.4byte	0x7d
 1119 03a3 00       		.byte	0
 1120 03a4 1B       		.uleb128 0x1b
 1121 03a5 70010000 		.4byte	.LASF50
 1122 03a9 01       		.byte	0x1
 1123 03aa 4401     		.2byte	0x144
 1124 03ac 91000000 		.4byte	0x91
 1125 03b0 04       		.byte	0x4
 1126 03b1 00       		.byte	0
 1127 03b2 06       		.uleb128 0x6
 1128 03b3 ED010000 		.4byte	.LASF51
 1129 03b7 01       		.byte	0x1
 1130 03b8 4501     		.2byte	0x145
 1131 03ba 8E030000 		.4byte	0x38e
 1132 03be 14       		.uleb128 0x14
 1133 03bf B2030000 		.4byte	0x3b2
 1134 03c3 CE030000 		.4byte	0x3ce
 1135 03c7 15       		.uleb128 0x15
 1136 03c8 76000000 		.4byte	0x76
 1137 03cc 01       		.byte	0x1
 1138 03cd 00       		.byte	0
 1139 03ce 19       		.uleb128 0x19
 1140 03cf 16020000 		.4byte	.LASF52
 1141 03d3 01       		.byte	0x1
 1142 03d4 4701     		.2byte	0x147
 1143 03d6 E0030000 		.4byte	0x3e0
 1144 03da 05       		.uleb128 0x5
 1145 03db 03       		.byte	0x3
 1146 03dc 04000000 		.4byte	cfg_memset_list.4735
 1147 03e0 13       		.uleb128 0x13
 1148 03e1 BE030000 		.4byte	0x3be
 1149 03e5 1C       		.uleb128 0x1c
 1150 03e6 6900     		.ascii	"i\000"
 1151 03e8 01       		.byte	0x1
 1152 03e9 4D01     		.2byte	0x14d
 1153 03eb 86000000 		.4byte	0x86
 1154 03ef 02       		.uleb128 0x2
ARM GAS  C:\Users\Eric\AppData\Local\Temp\ccJs4FpB.s 			page 28


 1155 03f0 91       		.byte	0x91
 1156 03f1 77       		.sleb128 -9
 1157 03f2 11       		.uleb128 0x11
 1158 03f3 28010000 		.4byte	.LBB4
 1159 03f7 3E000000 		.4byte	.LBE4-.LBB4
 1160 03fb 1C       		.uleb128 0x1c
 1161 03fc 6D7300   		.ascii	"ms\000"
 1162 03ff 01       		.byte	0x1
 1163 0400 5201     		.2byte	0x152
 1164 0402 09040000 		.4byte	0x409
 1165 0406 02       		.uleb128 0x2
 1166 0407 91       		.byte	0x91
 1167 0408 70       		.sleb128 -16
 1168 0409 0D       		.uleb128 0xd
 1169 040a 04       		.byte	0x4
 1170 040b 0F040000 		.4byte	0x40f
 1171 040f 13       		.uleb128 0x13
 1172 0410 B2030000 		.4byte	0x3b2
 1173 0414 00       		.byte	0
 1174 0415 00       		.byte	0
 1175 0416 00       		.byte	0
 1176 0417 14       		.uleb128 0x14
 1177 0418 9C000000 		.4byte	0x9c
 1178 041c 27040000 		.4byte	0x427
 1179 0420 15       		.uleb128 0x15
 1180 0421 76000000 		.4byte	0x76
 1181 0425 00       		.byte	0
 1182 0426 00       		.byte	0
 1183 0427 13       		.uleb128 0x13
 1184 0428 17040000 		.4byte	0x417
 1185 042c 14       		.uleb128 0x14
 1186 042d 03010000 		.4byte	0x103
 1187 0431 3C040000 		.4byte	0x43c
 1188 0435 15       		.uleb128 0x15
 1189 0436 76000000 		.4byte	0x76
 1190 043a 01       		.byte	0x1
 1191 043b 00       		.byte	0
 1192 043c 13       		.uleb128 0x13
 1193 043d 2C040000 		.4byte	0x42c
 1194 0441 00       		.byte	0
 1195              		.section	.debug_abbrev,"",%progbits
 1196              	.Ldebug_abbrev0:
 1197 0000 01       		.uleb128 0x1
 1198 0001 11       		.uleb128 0x11
 1199 0002 01       		.byte	0x1
 1200 0003 25       		.uleb128 0x25
 1201 0004 0E       		.uleb128 0xe
 1202 0005 13       		.uleb128 0x13
 1203 0006 0B       		.uleb128 0xb
 1204 0007 03       		.uleb128 0x3
 1205 0008 0E       		.uleb128 0xe
 1206 0009 1B       		.uleb128 0x1b
 1207 000a 0E       		.uleb128 0xe
 1208 000b 55       		.uleb128 0x55
 1209 000c 17       		.uleb128 0x17
 1210 000d 11       		.uleb128 0x11
 1211 000e 01       		.uleb128 0x1
ARM GAS  C:\Users\Eric\AppData\Local\Temp\ccJs4FpB.s 			page 29


 1212 000f 10       		.uleb128 0x10
 1213 0010 17       		.uleb128 0x17
 1214 0011 00       		.byte	0
 1215 0012 00       		.byte	0
 1216 0013 02       		.uleb128 0x2
 1217 0014 24       		.uleb128 0x24
 1218 0015 00       		.byte	0
 1219 0016 0B       		.uleb128 0xb
 1220 0017 0B       		.uleb128 0xb
 1221 0018 3E       		.uleb128 0x3e
 1222 0019 0B       		.uleb128 0xb
 1223 001a 03       		.uleb128 0x3
 1224 001b 08       		.uleb128 0x8
 1225 001c 00       		.byte	0
 1226 001d 00       		.byte	0
 1227 001e 03       		.uleb128 0x3
 1228 001f 16       		.uleb128 0x16
 1229 0020 00       		.byte	0
 1230 0021 03       		.uleb128 0x3
 1231 0022 0E       		.uleb128 0xe
 1232 0023 3A       		.uleb128 0x3a
 1233 0024 0B       		.uleb128 0xb
 1234 0025 3B       		.uleb128 0x3b
 1235 0026 0B       		.uleb128 0xb
 1236 0027 49       		.uleb128 0x49
 1237 0028 13       		.uleb128 0x13
 1238 0029 00       		.byte	0
 1239 002a 00       		.byte	0
 1240 002b 04       		.uleb128 0x4
 1241 002c 24       		.uleb128 0x24
 1242 002d 00       		.byte	0
 1243 002e 0B       		.uleb128 0xb
 1244 002f 0B       		.uleb128 0xb
 1245 0030 3E       		.uleb128 0x3e
 1246 0031 0B       		.uleb128 0xb
 1247 0032 03       		.uleb128 0x3
 1248 0033 0E       		.uleb128 0xe
 1249 0034 00       		.byte	0
 1250 0035 00       		.byte	0
 1251 0036 05       		.uleb128 0x5
 1252 0037 0F       		.uleb128 0xf
 1253 0038 00       		.byte	0
 1254 0039 0B       		.uleb128 0xb
 1255 003a 0B       		.uleb128 0xb
 1256 003b 00       		.byte	0
 1257 003c 00       		.byte	0
 1258 003d 06       		.uleb128 0x6
 1259 003e 16       		.uleb128 0x16
 1260 003f 00       		.byte	0
 1261 0040 03       		.uleb128 0x3
 1262 0041 0E       		.uleb128 0xe
 1263 0042 3A       		.uleb128 0x3a
 1264 0043 0B       		.uleb128 0xb
 1265 0044 3B       		.uleb128 0x3b
 1266 0045 05       		.uleb128 0x5
 1267 0046 49       		.uleb128 0x49
 1268 0047 13       		.uleb128 0x13
ARM GAS  C:\Users\Eric\AppData\Local\Temp\ccJs4FpB.s 			page 30


 1269 0048 00       		.byte	0
 1270 0049 00       		.byte	0
 1271 004a 07       		.uleb128 0x7
 1272 004b 35       		.uleb128 0x35
 1273 004c 00       		.byte	0
 1274 004d 49       		.uleb128 0x49
 1275 004e 13       		.uleb128 0x13
 1276 004f 00       		.byte	0
 1277 0050 00       		.byte	0
 1278 0051 08       		.uleb128 0x8
 1279 0052 13       		.uleb128 0x13
 1280 0053 01       		.byte	0x1
 1281 0054 0B       		.uleb128 0xb
 1282 0055 0B       		.uleb128 0xb
 1283 0056 3A       		.uleb128 0x3a
 1284 0057 0B       		.uleb128 0xb
 1285 0058 3B       		.uleb128 0x3b
 1286 0059 0B       		.uleb128 0xb
 1287 005a 01       		.uleb128 0x1
 1288 005b 13       		.uleb128 0x13
 1289 005c 00       		.byte	0
 1290 005d 00       		.byte	0
 1291 005e 09       		.uleb128 0x9
 1292 005f 0D       		.uleb128 0xd
 1293 0060 00       		.byte	0
 1294 0061 03       		.uleb128 0x3
 1295 0062 0E       		.uleb128 0xe
 1296 0063 3A       		.uleb128 0x3a
 1297 0064 0B       		.uleb128 0xb
 1298 0065 3B       		.uleb128 0x3b
 1299 0066 0B       		.uleb128 0xb
 1300 0067 49       		.uleb128 0x49
 1301 0068 13       		.uleb128 0x13
 1302 0069 38       		.uleb128 0x38
 1303 006a 0B       		.uleb128 0xb
 1304 006b 00       		.byte	0
 1305 006c 00       		.byte	0
 1306 006d 0A       		.uleb128 0xa
 1307 006e 2E       		.uleb128 0x2e
 1308 006f 01       		.byte	0x1
 1309 0070 03       		.uleb128 0x3
 1310 0071 0E       		.uleb128 0xe
 1311 0072 3A       		.uleb128 0x3a
 1312 0073 0B       		.uleb128 0xb
 1313 0074 3B       		.uleb128 0x3b
 1314 0075 0B       		.uleb128 0xb
 1315 0076 27       		.uleb128 0x27
 1316 0077 19       		.uleb128 0x19
 1317 0078 11       		.uleb128 0x11
 1318 0079 01       		.uleb128 0x1
 1319 007a 12       		.uleb128 0x12
 1320 007b 06       		.uleb128 0x6
 1321 007c 40       		.uleb128 0x40
 1322 007d 18       		.uleb128 0x18
 1323 007e 9642     		.uleb128 0x2116
 1324 0080 19       		.uleb128 0x19
 1325 0081 01       		.uleb128 0x1
ARM GAS  C:\Users\Eric\AppData\Local\Temp\ccJs4FpB.s 			page 31


 1326 0082 13       		.uleb128 0x13
 1327 0083 00       		.byte	0
 1328 0084 00       		.byte	0
 1329 0085 0B       		.uleb128 0xb
 1330 0086 05       		.uleb128 0x5
 1331 0087 00       		.byte	0
 1332 0088 03       		.uleb128 0x3
 1333 0089 08       		.uleb128 0x8
 1334 008a 3A       		.uleb128 0x3a
 1335 008b 0B       		.uleb128 0xb
 1336 008c 3B       		.uleb128 0x3b
 1337 008d 0B       		.uleb128 0xb
 1338 008e 49       		.uleb128 0x49
 1339 008f 13       		.uleb128 0x13
 1340 0090 02       		.uleb128 0x2
 1341 0091 18       		.uleb128 0x18
 1342 0092 00       		.byte	0
 1343 0093 00       		.byte	0
 1344 0094 0C       		.uleb128 0xc
 1345 0095 05       		.uleb128 0x5
 1346 0096 00       		.byte	0
 1347 0097 03       		.uleb128 0x3
 1348 0098 0E       		.uleb128 0xe
 1349 0099 3A       		.uleb128 0x3a
 1350 009a 0B       		.uleb128 0xb
 1351 009b 3B       		.uleb128 0x3b
 1352 009c 0B       		.uleb128 0xb
 1353 009d 49       		.uleb128 0x49
 1354 009e 13       		.uleb128 0x13
 1355 009f 02       		.uleb128 0x2
 1356 00a0 18       		.uleb128 0x18
 1357 00a1 00       		.byte	0
 1358 00a2 00       		.byte	0
 1359 00a3 0D       		.uleb128 0xd
 1360 00a4 0F       		.uleb128 0xf
 1361 00a5 00       		.byte	0
 1362 00a6 0B       		.uleb128 0xb
 1363 00a7 0B       		.uleb128 0xb
 1364 00a8 49       		.uleb128 0x49
 1365 00a9 13       		.uleb128 0x13
 1366 00aa 00       		.byte	0
 1367 00ab 00       		.byte	0
 1368 00ac 0E       		.uleb128 0xe
 1369 00ad 26       		.uleb128 0x26
 1370 00ae 00       		.byte	0
 1371 00af 00       		.byte	0
 1372 00b0 00       		.byte	0
 1373 00b1 0F       		.uleb128 0xf
 1374 00b2 2E       		.uleb128 0x2e
 1375 00b3 01       		.byte	0x1
 1376 00b4 03       		.uleb128 0x3
 1377 00b5 0E       		.uleb128 0xe
 1378 00b6 3A       		.uleb128 0x3a
 1379 00b7 0B       		.uleb128 0xb
 1380 00b8 3B       		.uleb128 0x3b
 1381 00b9 0B       		.uleb128 0xb
 1382 00ba 27       		.uleb128 0x27
ARM GAS  C:\Users\Eric\AppData\Local\Temp\ccJs4FpB.s 			page 32


 1383 00bb 19       		.uleb128 0x19
 1384 00bc 11       		.uleb128 0x11
 1385 00bd 01       		.uleb128 0x1
 1386 00be 12       		.uleb128 0x12
 1387 00bf 06       		.uleb128 0x6
 1388 00c0 40       		.uleb128 0x40
 1389 00c1 18       		.uleb128 0x18
 1390 00c2 9742     		.uleb128 0x2117
 1391 00c4 19       		.uleb128 0x19
 1392 00c5 01       		.uleb128 0x1
 1393 00c6 13       		.uleb128 0x13
 1394 00c7 00       		.byte	0
 1395 00c8 00       		.byte	0
 1396 00c9 10       		.uleb128 0x10
 1397 00ca 34       		.uleb128 0x34
 1398 00cb 00       		.byte	0
 1399 00cc 03       		.uleb128 0x3
 1400 00cd 08       		.uleb128 0x8
 1401 00ce 3A       		.uleb128 0x3a
 1402 00cf 0B       		.uleb128 0xb
 1403 00d0 3B       		.uleb128 0x3b
 1404 00d1 0B       		.uleb128 0xb
 1405 00d2 49       		.uleb128 0x49
 1406 00d3 13       		.uleb128 0x13
 1407 00d4 02       		.uleb128 0x2
 1408 00d5 18       		.uleb128 0x18
 1409 00d6 00       		.byte	0
 1410 00d7 00       		.byte	0
 1411 00d8 11       		.uleb128 0x11
 1412 00d9 0B       		.uleb128 0xb
 1413 00da 01       		.byte	0x1
 1414 00db 11       		.uleb128 0x11
 1415 00dc 01       		.uleb128 0x1
 1416 00dd 12       		.uleb128 0x12
 1417 00de 06       		.uleb128 0x6
 1418 00df 00       		.byte	0
 1419 00e0 00       		.byte	0
 1420 00e1 12       		.uleb128 0x12
 1421 00e2 34       		.uleb128 0x34
 1422 00e3 00       		.byte	0
 1423 00e4 03       		.uleb128 0x3
 1424 00e5 0E       		.uleb128 0xe
 1425 00e6 3A       		.uleb128 0x3a
 1426 00e7 0B       		.uleb128 0xb
 1427 00e8 3B       		.uleb128 0x3b
 1428 00e9 0B       		.uleb128 0xb
 1429 00ea 49       		.uleb128 0x49
 1430 00eb 13       		.uleb128 0x13
 1431 00ec 02       		.uleb128 0x2
 1432 00ed 18       		.uleb128 0x18
 1433 00ee 00       		.byte	0
 1434 00ef 00       		.byte	0
 1435 00f0 13       		.uleb128 0x13
 1436 00f1 26       		.uleb128 0x26
 1437 00f2 00       		.byte	0
 1438 00f3 49       		.uleb128 0x49
 1439 00f4 13       		.uleb128 0x13
ARM GAS  C:\Users\Eric\AppData\Local\Temp\ccJs4FpB.s 			page 33


 1440 00f5 00       		.byte	0
 1441 00f6 00       		.byte	0
 1442 00f7 14       		.uleb128 0x14
 1443 00f8 01       		.uleb128 0x1
 1444 00f9 01       		.byte	0x1
 1445 00fa 49       		.uleb128 0x49
 1446 00fb 13       		.uleb128 0x13
 1447 00fc 01       		.uleb128 0x1
 1448 00fd 13       		.uleb128 0x13
 1449 00fe 00       		.byte	0
 1450 00ff 00       		.byte	0
 1451 0100 15       		.uleb128 0x15
 1452 0101 21       		.uleb128 0x21
 1453 0102 00       		.byte	0
 1454 0103 49       		.uleb128 0x49
 1455 0104 13       		.uleb128 0x13
 1456 0105 2F       		.uleb128 0x2f
 1457 0106 0B       		.uleb128 0xb
 1458 0107 00       		.byte	0
 1459 0108 00       		.byte	0
 1460 0109 16       		.uleb128 0x16
 1461 010a 2E       		.uleb128 0x2e
 1462 010b 00       		.byte	0
 1463 010c 03       		.uleb128 0x3
 1464 010d 0E       		.uleb128 0xe
 1465 010e 3A       		.uleb128 0x3a
 1466 010f 0B       		.uleb128 0xb
 1467 0110 3B       		.uleb128 0x3b
 1468 0111 0B       		.uleb128 0xb
 1469 0112 27       		.uleb128 0x27
 1470 0113 19       		.uleb128 0x19
 1471 0114 11       		.uleb128 0x11
 1472 0115 01       		.uleb128 0x1
 1473 0116 12       		.uleb128 0x12
 1474 0117 06       		.uleb128 0x6
 1475 0118 40       		.uleb128 0x40
 1476 0119 18       		.uleb128 0x18
 1477 011a 9642     		.uleb128 0x2116
 1478 011c 19       		.uleb128 0x19
 1479 011d 00       		.byte	0
 1480 011e 00       		.byte	0
 1481 011f 17       		.uleb128 0x17
 1482 0120 2E       		.uleb128 0x2e
 1483 0121 00       		.byte	0
 1484 0122 03       		.uleb128 0x3
 1485 0123 0E       		.uleb128 0xe
 1486 0124 3A       		.uleb128 0x3a
 1487 0125 0B       		.uleb128 0xb
 1488 0126 3B       		.uleb128 0x3b
 1489 0127 05       		.uleb128 0x5
 1490 0128 27       		.uleb128 0x27
 1491 0129 19       		.uleb128 0x19
 1492 012a 11       		.uleb128 0x11
 1493 012b 01       		.uleb128 0x1
 1494 012c 12       		.uleb128 0x12
 1495 012d 06       		.uleb128 0x6
 1496 012e 40       		.uleb128 0x40
ARM GAS  C:\Users\Eric\AppData\Local\Temp\ccJs4FpB.s 			page 34


 1497 012f 18       		.uleb128 0x18
 1498 0130 9742     		.uleb128 0x2117
 1499 0132 19       		.uleb128 0x19
 1500 0133 00       		.byte	0
 1501 0134 00       		.byte	0
 1502 0135 18       		.uleb128 0x18
 1503 0136 2E       		.uleb128 0x2e
 1504 0137 01       		.byte	0x1
 1505 0138 3F       		.uleb128 0x3f
 1506 0139 19       		.uleb128 0x19
 1507 013a 03       		.uleb128 0x3
 1508 013b 0E       		.uleb128 0xe
 1509 013c 3A       		.uleb128 0x3a
 1510 013d 0B       		.uleb128 0xb
 1511 013e 3B       		.uleb128 0x3b
 1512 013f 05       		.uleb128 0x5
 1513 0140 27       		.uleb128 0x27
 1514 0141 19       		.uleb128 0x19
 1515 0142 11       		.uleb128 0x11
 1516 0143 01       		.uleb128 0x1
 1517 0144 12       		.uleb128 0x12
 1518 0145 06       		.uleb128 0x6
 1519 0146 40       		.uleb128 0x40
 1520 0147 18       		.uleb128 0x18
 1521 0148 9642     		.uleb128 0x2116
 1522 014a 19       		.uleb128 0x19
 1523 014b 01       		.uleb128 0x1
 1524 014c 13       		.uleb128 0x13
 1525 014d 00       		.byte	0
 1526 014e 00       		.byte	0
 1527 014f 19       		.uleb128 0x19
 1528 0150 34       		.uleb128 0x34
 1529 0151 00       		.byte	0
 1530 0152 03       		.uleb128 0x3
 1531 0153 0E       		.uleb128 0xe
 1532 0154 3A       		.uleb128 0x3a
 1533 0155 0B       		.uleb128 0xb
 1534 0156 3B       		.uleb128 0x3b
 1535 0157 05       		.uleb128 0x5
 1536 0158 49       		.uleb128 0x49
 1537 0159 13       		.uleb128 0x13
 1538 015a 02       		.uleb128 0x2
 1539 015b 18       		.uleb128 0x18
 1540 015c 00       		.byte	0
 1541 015d 00       		.byte	0
 1542 015e 1A       		.uleb128 0x1a
 1543 015f 13       		.uleb128 0x13
 1544 0160 01       		.byte	0x1
 1545 0161 0B       		.uleb128 0xb
 1546 0162 0B       		.uleb128 0xb
 1547 0163 3A       		.uleb128 0x3a
 1548 0164 0B       		.uleb128 0xb
 1549 0165 3B       		.uleb128 0x3b
 1550 0166 05       		.uleb128 0x5
 1551 0167 01       		.uleb128 0x1
 1552 0168 13       		.uleb128 0x13
 1553 0169 00       		.byte	0
ARM GAS  C:\Users\Eric\AppData\Local\Temp\ccJs4FpB.s 			page 35


 1554 016a 00       		.byte	0
 1555 016b 1B       		.uleb128 0x1b
 1556 016c 0D       		.uleb128 0xd
 1557 016d 00       		.byte	0
 1558 016e 03       		.uleb128 0x3
 1559 016f 0E       		.uleb128 0xe
 1560 0170 3A       		.uleb128 0x3a
 1561 0171 0B       		.uleb128 0xb
 1562 0172 3B       		.uleb128 0x3b
 1563 0173 05       		.uleb128 0x5
 1564 0174 49       		.uleb128 0x49
 1565 0175 13       		.uleb128 0x13
 1566 0176 38       		.uleb128 0x38
 1567 0177 0B       		.uleb128 0xb
 1568 0178 00       		.byte	0
 1569 0179 00       		.byte	0
 1570 017a 1C       		.uleb128 0x1c
 1571 017b 34       		.uleb128 0x34
 1572 017c 00       		.byte	0
 1573 017d 03       		.uleb128 0x3
 1574 017e 08       		.uleb128 0x8
 1575 017f 3A       		.uleb128 0x3a
 1576 0180 0B       		.uleb128 0xb
 1577 0181 3B       		.uleb128 0x3b
 1578 0182 05       		.uleb128 0x5
 1579 0183 49       		.uleb128 0x49
 1580 0184 13       		.uleb128 0x13
 1581 0185 02       		.uleb128 0x2
 1582 0186 18       		.uleb128 0x18
 1583 0187 00       		.byte	0
 1584 0188 00       		.byte	0
 1585 0189 00       		.byte	0
 1586              		.section	.debug_aranges,"",%progbits
 1587 0000 54000000 		.4byte	0x54
 1588 0004 0200     		.2byte	0x2
 1589 0006 00000000 		.4byte	.Ldebug_info0
 1590 000a 04       		.byte	0x4
 1591 000b 00       		.byte	0
 1592 000c 0000     		.2byte	0
 1593 000e 0000     		.2byte	0
 1594 0010 00000000 		.4byte	.LFB0
 1595 0014 1E000000 		.4byte	.LFE0-.LFB0
 1596 0018 00000000 		.4byte	.LFB1
 1597 001c 22000000 		.4byte	.LFE1-.LFB1
 1598 0020 00000000 		.4byte	.LFB2
 1599 0024 22000000 		.4byte	.LFE2-.LFB2
 1600 0028 00000000 		.4byte	.LFB3
 1601 002c 7E000000 		.4byte	.LFE3-.LFB3
 1602 0030 00000000 		.4byte	.LFB4
 1603 0034 A4000000 		.4byte	.LFE4-.LFB4
 1604 0038 A4000000 		.4byte	.LFB5
 1605 003c 74000000 		.4byte	.LFE5-.LFB5
 1606 0040 00000000 		.4byte	.LFB6
 1607 0044 08000000 		.4byte	.LFE6-.LFB6
 1608 0048 18010000 		.4byte	.LFB7
 1609 004c 20010000 		.4byte	.LFE7-.LFB7
 1610 0050 00000000 		.4byte	0
ARM GAS  C:\Users\Eric\AppData\Local\Temp\ccJs4FpB.s 			page 36


 1611 0054 00000000 		.4byte	0
 1612              		.section	.debug_ranges,"",%progbits
 1613              	.Ldebug_ranges0:
 1614 0000 00000000 		.4byte	.LFB0
 1615 0004 1E000000 		.4byte	.LFE0
 1616 0008 00000000 		.4byte	.LFB1
 1617 000c 22000000 		.4byte	.LFE1
 1618 0010 00000000 		.4byte	.LFB2
 1619 0014 22000000 		.4byte	.LFE2
 1620 0018 00000000 		.4byte	.LFB3
 1621 001c 7E000000 		.4byte	.LFE3
 1622 0020 00000000 		.4byte	.LFB4
 1623 0024 A4000000 		.4byte	.LFE4
 1624 0028 A4000000 		.4byte	.LFB5
 1625 002c 18010000 		.4byte	.LFE5
 1626 0030 00000000 		.4byte	.LFB6
 1627 0034 08000000 		.4byte	.LFE6
 1628 0038 18010000 		.4byte	.LFB7
 1629 003c 38020000 		.4byte	.LFE7
 1630 0040 00000000 		.4byte	0
 1631 0044 00000000 		.4byte	0
 1632              		.section	.debug_line,"",%progbits
 1633              	.Ldebug_line0:
 1634 0000 A0010000 		.section	.debug_str,"MS",%progbits,1
 1634      0200D000 
 1634      00000201 
 1634      FB0E0D00 
 1634      01010101 
 1635              	.LASF13:
 1636 0000 75696E74 		.ascii	"uint16\000"
 1636      313600
 1637              	.LASF30:
 1638 0007 62617365 		.ascii	"baseAddr\000"
 1638      41646472 
 1638      00
 1639              	.LASF11:
 1640 0010 73697A65 		.ascii	"size_t\000"
 1640      5F7400
 1641              	.LASF43:
 1642 0017 73657441 		.ascii	"setAbs\000"
 1642      627300
 1643              	.LASF29:
 1644 001e 64617461 		.ascii	"data_table\000"
 1644      5F746162 
 1644      6C6500
 1645              	.LASF8:
 1646 0029 6C6F6E67 		.ascii	"long long unsigned int\000"
 1646      206C6F6E 
 1646      6720756E 
 1646      7369676E 
 1646      65642069 
 1647              	.LASF28:
 1648 0040 61646472 		.ascii	"addr_table\000"
 1648      5F746162 
 1648      6C6500
 1649              	.LASF48:
 1650 004b 63795F63 		.ascii	"cy_cfg_data_table\000"
ARM GAS  C:\Users\Eric\AppData\Local\Temp\ccJs4FpB.s 			page 37


 1650      66675F64 
 1650      6174615F 
 1650      7461626C 
 1650      6500
 1651              	.LASF46:
 1652 005d 416E616C 		.ascii	"AnalogSetDefault\000"
 1652      6F675365 
 1652      74446566 
 1652      61756C74 
 1652      00
 1653              	.LASF7:
 1654 006e 6C6F6E67 		.ascii	"long long int\000"
 1654      206C6F6E 
 1654      6720696E 
 1654      7400
 1655              	.LASF1:
 1656 007c 7369676E 		.ascii	"signed char\000"
 1656      65642063 
 1656      68617200 
 1657              	.LASF34:
 1658 0088 66726571 		.ascii	"freq\000"
 1658      00
 1659              	.LASF23:
 1660 008d 43594D45 		.ascii	"CYMEMZERO\000"
 1660      4D5A4552 
 1660      4F00
 1661              	.LASF15:
 1662 0097 696E7433 		.ascii	"int32\000"
 1662      3200
 1663              	.LASF45:
 1664 009d 436C6F63 		.ascii	"ClockSetup\000"
 1664      6B536574 
 1664      757000
 1665              	.LASF5:
 1666 00a8 6C6F6E67 		.ascii	"long int\000"
 1666      20696E74 
 1666      00
 1667              	.LASF12:
 1668 00b1 75696E74 		.ascii	"uint8\000"
 1668      3800
 1669              	.LASF17:
 1670 00b7 646F7562 		.ascii	"double\000"
 1670      6C6500
 1671              	.LASF14:
 1672 00be 75696E74 		.ascii	"uint32\000"
 1672      333200
 1673              	.LASF31:
 1674 00c5 636F756E 		.ascii	"count\000"
 1674      7400
 1675              	.LASF21:
 1676 00cb 76616C75 		.ascii	"value\000"
 1676      6500
 1677              	.LASF0:
 1678 00d1 756E7369 		.ascii	"unsigned int\000"
 1678      676E6564 
 1678      20696E74 
 1678      00
ARM GAS  C:\Users\Eric\AppData\Local\Temp\ccJs4FpB.s 			page 38


 1679              	.LASF37:
 1680 00de 696D6F5F 		.ascii	"imo_trim_entry_t\000"
 1680      7472696D 
 1680      5F656E74 
 1680      72795F74 
 1680      00
 1681              	.LASF33:
 1682 00ef 696D6F46 		.ascii	"imoFreq\000"
 1682      72657100 
 1683              	.LASF6:
 1684 00f7 6C6F6E67 		.ascii	"long unsigned int\000"
 1684      20756E73 
 1684      69676E65 
 1684      6420696E 
 1684      7400
 1685              	.LASF55:
 1686 0109 433A5C55 		.ascii	"C:\\Users\\Eric\\Development\\PSoC\\ShiftingStandal"
 1686      73657273 
 1686      5C457269 
 1686      635C4465 
 1686      76656C6F 
 1687 0137 6F6E654E 		.ascii	"oneNoise\\ShiftingStandaloneNoise.cydsn\000"
 1687      6F697365 
 1687      5C536869 
 1687      6674696E 
 1687      67537461 
 1688              	.LASF27:
 1689 015e 6366675F 		.ascii	"cfg_write_bytes32\000"
 1689      77726974 
 1689      655F6279 
 1689      74657333 
 1689      3200
 1690              	.LASF50:
 1691 0170 73697A65 		.ascii	"size\000"
 1691      00
 1692              	.LASF4:
 1693 0175 73686F72 		.ascii	"short unsigned int\000"
 1693      7420756E 
 1693      7369676E 
 1693      65642069 
 1693      6E7400
 1694              	.LASF35:
 1695 0188 6162736F 		.ascii	"absolute\000"
 1695      6C757465 
 1695      00
 1696              	.LASF42:
 1697 0191 696D6F54 		.ascii	"imoTrimIndex\000"
 1697      72696D49 
 1697      6E646578 
 1697      00
 1698              	.LASF19:
 1699 019e 72656733 		.ascii	"reg32\000"
 1699      3200
 1700              	.LASF26:
 1701 01a4 4359434F 		.ascii	"CYCONFIGCPYCODE\000"
 1701      4E464947 
 1701      43505943 
ARM GAS  C:\Users\Eric\AppData\Local\Temp\ccJs4FpB.s 			page 39


 1701      4F444500 
 1702              	.LASF38:
 1703 01b4 656E7472 		.ascii	"entries\000"
 1703      69657300 
 1704              	.LASF9:
 1705 01bc 73697A65 		.ascii	"sizetype\000"
 1705      74797065 
 1705      00
 1706              	.LASF40:
 1707 01c5 696D6F5F 		.ascii	"imo_trim_table\000"
 1707      7472696D 
 1707      5F746162 
 1707      6C6500
 1708              	.LASF49:
 1709 01d4 61646472 		.ascii	"address\000"
 1709      65737300 
 1710              	.LASF39:
 1711 01dc 696D6F5F 		.ascii	"imo_trim_table_t\000"
 1711      7472696D 
 1711      5F746162 
 1711      6C655F74 
 1711      00
 1712              	.LASF51:
 1713 01ed 6366675F 		.ascii	"cfg_memset_t\000"
 1713      6D656D73 
 1713      65745F74 
 1713      00
 1714              	.LASF41:
 1715 01fa 494D4F5F 		.ascii	"IMO_TRIM_FREQ_TABLE_ENTRIES\000"
 1715      5452494D 
 1715      5F465245 
 1715      515F5441 
 1715      424C455F 
 1716              	.LASF52:
 1717 0216 6366675F 		.ascii	"cfg_memset_list\000"
 1717      6D656D73 
 1717      65745F6C 
 1717      69737400 
 1718              	.LASF25:
 1719 0226 64657374 		.ascii	"dest\000"
 1719      00
 1720              	.LASF54:
 1721 022b 2E5C4765 		.ascii	".\\Generated_Source\\PSoC4\\cyfitter_cfg.c\000"
 1721      6E657261 
 1721      7465645F 
 1721      536F7572 
 1721      63655C50 
 1722              	.LASF16:
 1723 0253 666C6F61 		.ascii	"float\000"
 1723      7400
 1724              	.LASF53:
 1725 0259 474E5520 		.ascii	"GNU C 4.8.4 20140526 (release) [ARM/embedded-4_8-br"
 1725      4320342E 
 1725      382E3420 
 1725      32303134 
 1725      30353236 
 1726 028c 616E6368 		.ascii	"anch revision 211358] -mcpu=cortex-m0 -mthumb -g -O"
ARM GAS  C:\Users\Eric\AppData\Local\Temp\ccJs4FpB.s 			page 40


 1726      20726576 
 1726      6973696F 
 1726      6E203231 
 1726      31333538 
 1727 02bf 30202D66 		.ascii	"0 -ffunction-sections\000"
 1727      66756E63 
 1727      74696F6E 
 1727      2D736563 
 1727      74696F6E 
 1728              	.LASF18:
 1729 02d5 72656738 		.ascii	"reg8\000"
 1729      00
 1730              	.LASF2:
 1731 02da 756E7369 		.ascii	"unsigned char\000"
 1731      676E6564 
 1731      20636861 
 1731      7200
 1732              	.LASF36:
 1733 02e8 746D7063 		.ascii	"tmpco\000"
 1733      6F00
 1734              	.LASF3:
 1735 02ee 73686F72 		.ascii	"short int\000"
 1735      7420696E 
 1735      7400
 1736              	.LASF22:
 1737 02f8 63795F63 		.ascii	"cy_cfg_addrvalue_t\000"
 1737      66675F61 
 1737      64647276 
 1737      616C7565 
 1737      5F7400
 1738              	.LASF10:
 1739 030b 63686172 		.ascii	"char\000"
 1739      00
 1740              	.LASF47:
 1741 0310 63795F63 		.ascii	"cy_cfg_addr_table\000"
 1741      66675F61 
 1741      6464725F 
 1741      7461626C 
 1741      6500
 1742              	.LASF20:
 1743 0322 6F666673 		.ascii	"offset\000"
 1743      657400
 1744              	.LASF24:
 1745 0329 4359434F 		.ascii	"CYCONFIGCPY\000"
 1745      4E464947 
 1745      43505900 
 1746              	.LASF44:
 1747 0335 73657454 		.ascii	"setTmpCo\000"
 1747      6D70436F 
 1747      00
 1748              	.LASF56:
 1749 033e 63796669 		.ascii	"cyfitter_cfg\000"
 1749      74746572 
 1749      5F636667 
 1749      00
 1750              	.LASF32:
 1751 034b 53657449 		.ascii	"SetIMOBGTrims\000"
ARM GAS  C:\Users\Eric\AppData\Local\Temp\ccJs4FpB.s 			page 41


 1751      4D4F4247 
 1751      5472696D 
 1751      7300
 1752              		.ident	"GCC: (GNU Tools for ARM Embedded Processors) 4.8.4 20140526 (release) [ARM/embedded-4_8-br
