--------------- Clean Started: 05/26/2015 22:21:07 Project: ShiftingStandaloneNoise, Configuration: ARM GCC 4.8.4 Debug ---------------
Deleting file ".\CortexM0\ARM_GCC_484\Debug\main.o"
Deleting file ".\CortexM0\ARM_GCC_484\Debug\cyfitter_cfg.o"
Deleting file ".\CortexM0\ARM_GCC_484\Debug\cymetadata.o"
Deleting file ".\CortexM0\ARM_GCC_484\Debug\Pin_1.o"
Deleting file ".\CortexM0\ARM_GCC_484\Debug\Engage_Clutch.o"
Deleting file ".\CortexM0\ARM_GCC_484\Debug\Down_Shift_Air.o"
Deleting file ".\CortexM0\ARM_GCC_484\Debug\Up_Shift_Air.o"
Deleting file ".\CortexM0\ARM_GCC_484\Debug\Cm0Start.o"
Deleting file ".\CortexM0\ARM_GCC_484\Debug\CyBootAsmGnu.o"
Deleting file ".\CortexM0\ARM_GCC_484\Debug\CyFlash.o"
Deleting file ".\CortexM0\ARM_GCC_484\Debug\CyLib.o"
Deleting file ".\CortexM0\ARM_GCC_484\Debug\cyPm.o"
Deleting file ".\CortexM0\ARM_GCC_484\Debug\cyutils.o"
Deleting file ".\CortexM0\ARM_GCC_484\Debug\Steering_Wheel.o"
Deleting file ".\CortexM0\ARM_GCC_484\Debug\ShiftingStandaloneNoise.hex"
Deleting file ".\CortexM0\ARM_GCC_484\Debug\ShiftingStandaloneNoise.elf"
Deleting file ".\CortexM0\ARM_GCC_484\Debug\ShiftingStandaloneNoise.map"
Deleting file ".\ShiftingStandaloneNoise.cycdx"
Deleting file ".\ShiftingStandaloneNoise.rpt"
Deleting file ".\ShiftingStandaloneNoise_timing.html"
Deleting file ".\CortexM0\ARM_GCC_484\Debug\.deps\C_FILE.P"
Deleting file ".\CortexM0\ARM_GCC_484\Debug\.deps\ARM_C_FILE.P"
Deleting file ".\CortexM0\ARM_GCC_484\Debug\.deps\GNU_ARM_ASM_FILE.P"
--------------- Clean Succeeded: 05/26/2015 22:21:07 ---------------
