ARM GAS  C:\Users\Eric\AppData\Local\Temp\ccWdiZTN.s 			page 1


   1              		.cpu cortex-m0
   2              		.fpu softvfp
   3              		.eabi_attribute 20, 1
   4              		.eabi_attribute 21, 1
   5              		.eabi_attribute 23, 3
   6              		.eabi_attribute 24, 1
   7              		.eabi_attribute 25, 1
   8              		.eabi_attribute 26, 1
   9              		.eabi_attribute 30, 6
  10              		.eabi_attribute 34, 0
  11              		.eabi_attribute 18, 4
  12              		.code	16
  13              		.file	"Steering_Wheel.c"
  14              		.text
  15              	.Ltext0:
  16              		.cfi_sections	.debug_frame
  17              		.section	.text.Steering_Wheel_Write,"ax",%progbits
  18              		.align	2
  19              		.global	Steering_Wheel_Write
  20              		.code	16
  21              		.thumb_func
  22              		.type	Steering_Wheel_Write, %function
  23              	Steering_Wheel_Write:
  24              	.LFB0:
  25              		.file 1 ".\\Generated_Source\\PSoC4\\Steering_Wheel.c"
   1:.\Generated_Source\PSoC4/Steering_Wheel.c **** /*******************************************************************************
   2:.\Generated_Source\PSoC4/Steering_Wheel.c **** * File Name: Steering_Wheel.c  
   3:.\Generated_Source\PSoC4/Steering_Wheel.c **** * Version 2.10
   4:.\Generated_Source\PSoC4/Steering_Wheel.c **** *
   5:.\Generated_Source\PSoC4/Steering_Wheel.c **** * Description:
   6:.\Generated_Source\PSoC4/Steering_Wheel.c **** *  This file contains API to enable firmware control of a Pins component.
   7:.\Generated_Source\PSoC4/Steering_Wheel.c **** *
   8:.\Generated_Source\PSoC4/Steering_Wheel.c **** * Note:
   9:.\Generated_Source\PSoC4/Steering_Wheel.c **** *
  10:.\Generated_Source\PSoC4/Steering_Wheel.c **** ********************************************************************************
  11:.\Generated_Source\PSoC4/Steering_Wheel.c **** * Copyright 2008-2014, Cypress Semiconductor Corporation.  All rights reserved.
  12:.\Generated_Source\PSoC4/Steering_Wheel.c **** * You may use this file only in accordance with the license, terms, conditions, 
  13:.\Generated_Source\PSoC4/Steering_Wheel.c **** * disclaimers, and limitations in the end user license agreement accompanying 
  14:.\Generated_Source\PSoC4/Steering_Wheel.c **** * the software package with which this file was provided.
  15:.\Generated_Source\PSoC4/Steering_Wheel.c **** *******************************************************************************/
  16:.\Generated_Source\PSoC4/Steering_Wheel.c **** 
  17:.\Generated_Source\PSoC4/Steering_Wheel.c **** #include "cytypes.h"
  18:.\Generated_Source\PSoC4/Steering_Wheel.c **** #include "Steering_Wheel.h"
  19:.\Generated_Source\PSoC4/Steering_Wheel.c **** 
  20:.\Generated_Source\PSoC4/Steering_Wheel.c **** #define SetP4PinDriveMode(shift, mode)  \
  21:.\Generated_Source\PSoC4/Steering_Wheel.c ****     do { \
  22:.\Generated_Source\PSoC4/Steering_Wheel.c ****         Steering_Wheel_PC =   (Steering_Wheel_PC & \
  23:.\Generated_Source\PSoC4/Steering_Wheel.c ****                                 (uint32)(~(uint32)(Steering_Wheel_DRIVE_MODE_IND_MASK << (Steering_
  24:.\Generated_Source\PSoC4/Steering_Wheel.c ****                                 (uint32)((uint32)(mode) << (Steering_Wheel_DRIVE_MODE_BITS * (shift
  25:.\Generated_Source\PSoC4/Steering_Wheel.c ****     } while (0)
  26:.\Generated_Source\PSoC4/Steering_Wheel.c **** 
  27:.\Generated_Source\PSoC4/Steering_Wheel.c **** 
  28:.\Generated_Source\PSoC4/Steering_Wheel.c **** /*******************************************************************************
  29:.\Generated_Source\PSoC4/Steering_Wheel.c **** * Function Name: Steering_Wheel_Write
  30:.\Generated_Source\PSoC4/Steering_Wheel.c **** ********************************************************************************
  31:.\Generated_Source\PSoC4/Steering_Wheel.c **** *
  32:.\Generated_Source\PSoC4/Steering_Wheel.c **** * Summary:
ARM GAS  C:\Users\Eric\AppData\Local\Temp\ccWdiZTN.s 			page 2


  33:.\Generated_Source\PSoC4/Steering_Wheel.c **** *  Assign a new value to the digital port's data output register.  
  34:.\Generated_Source\PSoC4/Steering_Wheel.c **** *
  35:.\Generated_Source\PSoC4/Steering_Wheel.c **** * Parameters:  
  36:.\Generated_Source\PSoC4/Steering_Wheel.c **** *  prtValue:  The value to be assigned to the Digital Port. 
  37:.\Generated_Source\PSoC4/Steering_Wheel.c **** *
  38:.\Generated_Source\PSoC4/Steering_Wheel.c **** * Return: 
  39:.\Generated_Source\PSoC4/Steering_Wheel.c **** *  None 
  40:.\Generated_Source\PSoC4/Steering_Wheel.c **** *  
  41:.\Generated_Source\PSoC4/Steering_Wheel.c **** *******************************************************************************/
  42:.\Generated_Source\PSoC4/Steering_Wheel.c **** void Steering_Wheel_Write(uint8 value) 
  43:.\Generated_Source\PSoC4/Steering_Wheel.c **** {
  26              		.loc 1 43 0
  27              		.cfi_startproc
  28 0000 80B5     		push	{r7, lr}
  29              		.cfi_def_cfa_offset 8
  30              		.cfi_offset 7, -8
  31              		.cfi_offset 14, -4
  32 0002 84B0     		sub	sp, sp, #16
  33              		.cfi_def_cfa_offset 24
  34 0004 00AF     		add	r7, sp, #0
  35              		.cfi_def_cfa_register 7
  36 0006 021C     		mov	r2, r0
  37 0008 FB1D     		add	r3, r7, #7
  38 000a 1A70     		strb	r2, [r3]
  44:.\Generated_Source\PSoC4/Steering_Wheel.c ****     uint8 drVal = (uint8)(Steering_Wheel_DR & (uint8)(~Steering_Wheel_MASK));
  39              		.loc 1 44 0
  40 000c 0E4B     		ldr	r3, .L2
  41 000e 1B68     		ldr	r3, [r3]
  42 0010 DAB2     		uxtb	r2, r3
  43 0012 3B1C     		mov	r3, r7
  44 0014 0F33     		add	r3, r3, #15
  45 0016 1C21     		mov	r1, #28
  46 0018 8A43     		bic	r2, r1
  47 001a 1A70     		strb	r2, [r3]
  45:.\Generated_Source\PSoC4/Steering_Wheel.c ****     drVal = (drVal | ((uint8)(value << Steering_Wheel_SHIFT) & Steering_Wheel_MASK));
  48              		.loc 1 45 0
  49 001c FB1D     		add	r3, r7, #7
  50 001e 1B78     		ldrb	r3, [r3]
  51 0020 9B00     		lsl	r3, r3, #2
  52 0022 DAB2     		uxtb	r2, r3
  53 0024 1C23     		mov	r3, #28
  54 0026 1340     		and	r3, r2
  55 0028 D9B2     		uxtb	r1, r3
  56 002a 3B1C     		mov	r3, r7
  57 002c 0F33     		add	r3, r3, #15
  58 002e 3A1C     		mov	r2, r7
  59 0030 0F32     		add	r2, r2, #15
  60 0032 1278     		ldrb	r2, [r2]
  61 0034 0A43     		orr	r2, r1
  62 0036 1A70     		strb	r2, [r3]
  46:.\Generated_Source\PSoC4/Steering_Wheel.c ****     Steering_Wheel_DR = (uint32)drVal;
  63              		.loc 1 46 0
  64 0038 034B     		ldr	r3, .L2
  65 003a 3A1C     		mov	r2, r7
  66 003c 0F32     		add	r2, r2, #15
  67 003e 1278     		ldrb	r2, [r2]
  68 0040 1A60     		str	r2, [r3]
ARM GAS  C:\Users\Eric\AppData\Local\Temp\ccWdiZTN.s 			page 3


  47:.\Generated_Source\PSoC4/Steering_Wheel.c **** }
  69              		.loc 1 47 0
  70 0042 BD46     		mov	sp, r7
  71 0044 04B0     		add	sp, sp, #16
  72              		@ sp needed
  73 0046 80BD     		pop	{r7, pc}
  74              	.L3:
  75              		.align	2
  76              	.L2:
  77 0048 00000440 		.word	1074003968
  78              		.cfi_endproc
  79              	.LFE0:
  80              		.size	Steering_Wheel_Write, .-Steering_Wheel_Write
  81              		.section	.text.Steering_Wheel_SetDriveMode,"ax",%progbits
  82              		.align	2
  83              		.global	Steering_Wheel_SetDriveMode
  84              		.code	16
  85              		.thumb_func
  86              		.type	Steering_Wheel_SetDriveMode, %function
  87              	Steering_Wheel_SetDriveMode:
  88              	.LFB1:
  48:.\Generated_Source\PSoC4/Steering_Wheel.c **** 
  49:.\Generated_Source\PSoC4/Steering_Wheel.c **** 
  50:.\Generated_Source\PSoC4/Steering_Wheel.c **** /*******************************************************************************
  51:.\Generated_Source\PSoC4/Steering_Wheel.c **** * Function Name: Steering_Wheel_SetDriveMode
  52:.\Generated_Source\PSoC4/Steering_Wheel.c **** ********************************************************************************
  53:.\Generated_Source\PSoC4/Steering_Wheel.c **** *
  54:.\Generated_Source\PSoC4/Steering_Wheel.c **** * Summary:
  55:.\Generated_Source\PSoC4/Steering_Wheel.c **** *  Change the drive mode on the pins of the port.
  56:.\Generated_Source\PSoC4/Steering_Wheel.c **** * 
  57:.\Generated_Source\PSoC4/Steering_Wheel.c **** * Parameters:  
  58:.\Generated_Source\PSoC4/Steering_Wheel.c **** *  mode:  Change the pins to one of the following drive modes.
  59:.\Generated_Source\PSoC4/Steering_Wheel.c **** *
  60:.\Generated_Source\PSoC4/Steering_Wheel.c **** *  Steering_Wheel_DM_STRONG     Strong Drive 
  61:.\Generated_Source\PSoC4/Steering_Wheel.c **** *  Steering_Wheel_DM_OD_HI      Open Drain, Drives High 
  62:.\Generated_Source\PSoC4/Steering_Wheel.c **** *  Steering_Wheel_DM_OD_LO      Open Drain, Drives Low 
  63:.\Generated_Source\PSoC4/Steering_Wheel.c **** *  Steering_Wheel_DM_RES_UP     Resistive Pull Up 
  64:.\Generated_Source\PSoC4/Steering_Wheel.c **** *  Steering_Wheel_DM_RES_DWN    Resistive Pull Down 
  65:.\Generated_Source\PSoC4/Steering_Wheel.c **** *  Steering_Wheel_DM_RES_UPDWN  Resistive Pull Up/Down 
  66:.\Generated_Source\PSoC4/Steering_Wheel.c **** *  Steering_Wheel_DM_DIG_HIZ    High Impedance Digital 
  67:.\Generated_Source\PSoC4/Steering_Wheel.c **** *  Steering_Wheel_DM_ALG_HIZ    High Impedance Analog 
  68:.\Generated_Source\PSoC4/Steering_Wheel.c **** *
  69:.\Generated_Source\PSoC4/Steering_Wheel.c **** * Return: 
  70:.\Generated_Source\PSoC4/Steering_Wheel.c **** *  None
  71:.\Generated_Source\PSoC4/Steering_Wheel.c **** *
  72:.\Generated_Source\PSoC4/Steering_Wheel.c **** *******************************************************************************/
  73:.\Generated_Source\PSoC4/Steering_Wheel.c **** void Steering_Wheel_SetDriveMode(uint8 mode) 
  74:.\Generated_Source\PSoC4/Steering_Wheel.c **** {
  89              		.loc 1 74 0
  90              		.cfi_startproc
  91 0000 80B5     		push	{r7, lr}
  92              		.cfi_def_cfa_offset 8
  93              		.cfi_offset 7, -8
  94              		.cfi_offset 14, -4
  95 0002 82B0     		sub	sp, sp, #8
  96              		.cfi_def_cfa_offset 16
  97 0004 00AF     		add	r7, sp, #0
ARM GAS  C:\Users\Eric\AppData\Local\Temp\ccWdiZTN.s 			page 4


  98              		.cfi_def_cfa_register 7
  99 0006 021C     		mov	r2, r0
 100 0008 FB1D     		add	r3, r7, #7
 101 000a 1A70     		strb	r2, [r3]
  75:.\Generated_Source\PSoC4/Steering_Wheel.c **** 	SetP4PinDriveMode(Steering_Wheel__0__SHIFT, mode);
 102              		.loc 1 75 0
 103 000c 104B     		ldr	r3, .L5
 104 000e 104A     		ldr	r2, .L5
 105 0010 1168     		ldr	r1, [r2]
 106 0012 104A     		ldr	r2, .L5+4
 107 0014 1140     		and	r1, r2
 108 0016 FA1D     		add	r2, r7, #7
 109 0018 1278     		ldrb	r2, [r2]
 110 001a 9201     		lsl	r2, r2, #6
 111 001c 0A43     		orr	r2, r1
 112 001e 1A60     		str	r2, [r3]
  76:.\Generated_Source\PSoC4/Steering_Wheel.c **** 	SetP4PinDriveMode(Steering_Wheel__1__SHIFT, mode);
 113              		.loc 1 76 0
 114 0020 0B4B     		ldr	r3, .L5
 115 0022 0B4A     		ldr	r2, .L5
 116 0024 1168     		ldr	r1, [r2]
 117 0026 0C4A     		ldr	r2, .L5+8
 118 0028 1140     		and	r1, r2
 119 002a FA1D     		add	r2, r7, #7
 120 002c 1278     		ldrb	r2, [r2]
 121 002e 5202     		lsl	r2, r2, #9
 122 0030 0A43     		orr	r2, r1
 123 0032 1A60     		str	r2, [r3]
  77:.\Generated_Source\PSoC4/Steering_Wheel.c **** 	SetP4PinDriveMode(Steering_Wheel__2__SHIFT, mode);
 124              		.loc 1 77 0
 125 0034 064B     		ldr	r3, .L5
 126 0036 064A     		ldr	r2, .L5
 127 0038 1168     		ldr	r1, [r2]
 128 003a 084A     		ldr	r2, .L5+12
 129 003c 1140     		and	r1, r2
 130 003e FA1D     		add	r2, r7, #7
 131 0040 1278     		ldrb	r2, [r2]
 132 0042 1203     		lsl	r2, r2, #12
 133 0044 0A43     		orr	r2, r1
 134 0046 1A60     		str	r2, [r3]
  78:.\Generated_Source\PSoC4/Steering_Wheel.c **** }
 135              		.loc 1 78 0
 136 0048 BD46     		mov	sp, r7
 137 004a 02B0     		add	sp, sp, #8
 138              		@ sp needed
 139 004c 80BD     		pop	{r7, pc}
 140              	.L6:
 141 004e C046     		.align	2
 142              	.L5:
 143 0050 08000440 		.word	1074003976
 144 0054 3FFEFFFF 		.word	-449
 145 0058 FFF1FFFF 		.word	-3585
 146 005c FF8FFFFF 		.word	-28673
 147              		.cfi_endproc
 148              	.LFE1:
 149              		.size	Steering_Wheel_SetDriveMode, .-Steering_Wheel_SetDriveMode
 150              		.section	.text.Steering_Wheel_Read,"ax",%progbits
ARM GAS  C:\Users\Eric\AppData\Local\Temp\ccWdiZTN.s 			page 5


 151              		.align	2
 152              		.global	Steering_Wheel_Read
 153              		.code	16
 154              		.thumb_func
 155              		.type	Steering_Wheel_Read, %function
 156              	Steering_Wheel_Read:
 157              	.LFB2:
  79:.\Generated_Source\PSoC4/Steering_Wheel.c **** 
  80:.\Generated_Source\PSoC4/Steering_Wheel.c **** 
  81:.\Generated_Source\PSoC4/Steering_Wheel.c **** /*******************************************************************************
  82:.\Generated_Source\PSoC4/Steering_Wheel.c **** * Function Name: Steering_Wheel_Read
  83:.\Generated_Source\PSoC4/Steering_Wheel.c **** ********************************************************************************
  84:.\Generated_Source\PSoC4/Steering_Wheel.c **** *
  85:.\Generated_Source\PSoC4/Steering_Wheel.c **** * Summary:
  86:.\Generated_Source\PSoC4/Steering_Wheel.c **** *  Read the current value on the pins of the Digital Port in right justified 
  87:.\Generated_Source\PSoC4/Steering_Wheel.c **** *  form.
  88:.\Generated_Source\PSoC4/Steering_Wheel.c **** *
  89:.\Generated_Source\PSoC4/Steering_Wheel.c **** * Parameters:  
  90:.\Generated_Source\PSoC4/Steering_Wheel.c **** *  None 
  91:.\Generated_Source\PSoC4/Steering_Wheel.c **** *
  92:.\Generated_Source\PSoC4/Steering_Wheel.c **** * Return: 
  93:.\Generated_Source\PSoC4/Steering_Wheel.c **** *  Returns the current value of the Digital Port as a right justified number
  94:.\Generated_Source\PSoC4/Steering_Wheel.c **** *  
  95:.\Generated_Source\PSoC4/Steering_Wheel.c **** * Note:
  96:.\Generated_Source\PSoC4/Steering_Wheel.c **** *  Macro Steering_Wheel_ReadPS calls this function. 
  97:.\Generated_Source\PSoC4/Steering_Wheel.c **** *  
  98:.\Generated_Source\PSoC4/Steering_Wheel.c **** *******************************************************************************/
  99:.\Generated_Source\PSoC4/Steering_Wheel.c **** uint8 Steering_Wheel_Read(void) 
 100:.\Generated_Source\PSoC4/Steering_Wheel.c **** {
 158              		.loc 1 100 0
 159              		.cfi_startproc
 160 0000 80B5     		push	{r7, lr}
 161              		.cfi_def_cfa_offset 8
 162              		.cfi_offset 7, -8
 163              		.cfi_offset 14, -4
 164 0002 00AF     		add	r7, sp, #0
 165              		.cfi_def_cfa_register 7
 101:.\Generated_Source\PSoC4/Steering_Wheel.c ****     return (uint8)((Steering_Wheel_PS & Steering_Wheel_MASK) >> Steering_Wheel_SHIFT);
 166              		.loc 1 101 0
 167 0004 044B     		ldr	r3, .L9
 168 0006 1A68     		ldr	r2, [r3]
 169 0008 1C23     		mov	r3, #28
 170 000a 1340     		and	r3, r2
 171 000c 9B08     		lsr	r3, r3, #2
 172 000e DBB2     		uxtb	r3, r3
 102:.\Generated_Source\PSoC4/Steering_Wheel.c **** }
 173              		.loc 1 102 0
 174 0010 181C     		mov	r0, r3
 175 0012 BD46     		mov	sp, r7
 176              		@ sp needed
 177 0014 80BD     		pop	{r7, pc}
 178              	.L10:
 179 0016 C046     		.align	2
 180              	.L9:
 181 0018 04000440 		.word	1074003972
 182              		.cfi_endproc
 183              	.LFE2:
ARM GAS  C:\Users\Eric\AppData\Local\Temp\ccWdiZTN.s 			page 6


 184              		.size	Steering_Wheel_Read, .-Steering_Wheel_Read
 185              		.section	.text.Steering_Wheel_ReadDataReg,"ax",%progbits
 186              		.align	2
 187              		.global	Steering_Wheel_ReadDataReg
 188              		.code	16
 189              		.thumb_func
 190              		.type	Steering_Wheel_ReadDataReg, %function
 191              	Steering_Wheel_ReadDataReg:
 192              	.LFB3:
 103:.\Generated_Source\PSoC4/Steering_Wheel.c **** 
 104:.\Generated_Source\PSoC4/Steering_Wheel.c **** 
 105:.\Generated_Source\PSoC4/Steering_Wheel.c **** /*******************************************************************************
 106:.\Generated_Source\PSoC4/Steering_Wheel.c **** * Function Name: Steering_Wheel_ReadDataReg
 107:.\Generated_Source\PSoC4/Steering_Wheel.c **** ********************************************************************************
 108:.\Generated_Source\PSoC4/Steering_Wheel.c **** *
 109:.\Generated_Source\PSoC4/Steering_Wheel.c **** * Summary:
 110:.\Generated_Source\PSoC4/Steering_Wheel.c **** *  Read the current value assigned to a Digital Port's data output register
 111:.\Generated_Source\PSoC4/Steering_Wheel.c **** *
 112:.\Generated_Source\PSoC4/Steering_Wheel.c **** * Parameters:  
 113:.\Generated_Source\PSoC4/Steering_Wheel.c **** *  None 
 114:.\Generated_Source\PSoC4/Steering_Wheel.c **** *
 115:.\Generated_Source\PSoC4/Steering_Wheel.c **** * Return: 
 116:.\Generated_Source\PSoC4/Steering_Wheel.c **** *  Returns the current value assigned to the Digital Port's data output register
 117:.\Generated_Source\PSoC4/Steering_Wheel.c **** *  
 118:.\Generated_Source\PSoC4/Steering_Wheel.c **** *******************************************************************************/
 119:.\Generated_Source\PSoC4/Steering_Wheel.c **** uint8 Steering_Wheel_ReadDataReg(void) 
 120:.\Generated_Source\PSoC4/Steering_Wheel.c **** {
 193              		.loc 1 120 0
 194              		.cfi_startproc
 195 0000 80B5     		push	{r7, lr}
 196              		.cfi_def_cfa_offset 8
 197              		.cfi_offset 7, -8
 198              		.cfi_offset 14, -4
 199 0002 00AF     		add	r7, sp, #0
 200              		.cfi_def_cfa_register 7
 121:.\Generated_Source\PSoC4/Steering_Wheel.c ****     return (uint8)((Steering_Wheel_DR & Steering_Wheel_MASK) >> Steering_Wheel_SHIFT);
 201              		.loc 1 121 0
 202 0004 044B     		ldr	r3, .L13
 203 0006 1A68     		ldr	r2, [r3]
 204 0008 1C23     		mov	r3, #28
 205 000a 1340     		and	r3, r2
 206 000c 9B08     		lsr	r3, r3, #2
 207 000e DBB2     		uxtb	r3, r3
 122:.\Generated_Source\PSoC4/Steering_Wheel.c **** }
 208              		.loc 1 122 0
 209 0010 181C     		mov	r0, r3
 210 0012 BD46     		mov	sp, r7
 211              		@ sp needed
 212 0014 80BD     		pop	{r7, pc}
 213              	.L14:
 214 0016 C046     		.align	2
 215              	.L13:
 216 0018 00000440 		.word	1074003968
 217              		.cfi_endproc
 218              	.LFE3:
 219              		.size	Steering_Wheel_ReadDataReg, .-Steering_Wheel_ReadDataReg
 220              		.section	.text.Steering_Wheel_ClearInterrupt,"ax",%progbits
ARM GAS  C:\Users\Eric\AppData\Local\Temp\ccWdiZTN.s 			page 7


 221              		.align	2
 222              		.global	Steering_Wheel_ClearInterrupt
 223              		.code	16
 224              		.thumb_func
 225              		.type	Steering_Wheel_ClearInterrupt, %function
 226              	Steering_Wheel_ClearInterrupt:
 227              	.LFB4:
 123:.\Generated_Source\PSoC4/Steering_Wheel.c **** 
 124:.\Generated_Source\PSoC4/Steering_Wheel.c **** 
 125:.\Generated_Source\PSoC4/Steering_Wheel.c **** /* If Interrupts Are Enabled for this Pins component */ 
 126:.\Generated_Source\PSoC4/Steering_Wheel.c **** #if defined(Steering_Wheel_INTSTAT) 
 127:.\Generated_Source\PSoC4/Steering_Wheel.c **** 
 128:.\Generated_Source\PSoC4/Steering_Wheel.c ****     /*******************************************************************************
 129:.\Generated_Source\PSoC4/Steering_Wheel.c ****     * Function Name: Steering_Wheel_ClearInterrupt
 130:.\Generated_Source\PSoC4/Steering_Wheel.c ****     ********************************************************************************
 131:.\Generated_Source\PSoC4/Steering_Wheel.c ****     *
 132:.\Generated_Source\PSoC4/Steering_Wheel.c ****     * Summary:
 133:.\Generated_Source\PSoC4/Steering_Wheel.c ****     *  Clears any active interrupts attached to port and returns the value of the 
 134:.\Generated_Source\PSoC4/Steering_Wheel.c ****     *  interrupt status register.
 135:.\Generated_Source\PSoC4/Steering_Wheel.c ****     *
 136:.\Generated_Source\PSoC4/Steering_Wheel.c ****     * Parameters:  
 137:.\Generated_Source\PSoC4/Steering_Wheel.c ****     *  None 
 138:.\Generated_Source\PSoC4/Steering_Wheel.c ****     *
 139:.\Generated_Source\PSoC4/Steering_Wheel.c ****     * Return: 
 140:.\Generated_Source\PSoC4/Steering_Wheel.c ****     *  Returns the value of the interrupt status register
 141:.\Generated_Source\PSoC4/Steering_Wheel.c ****     *  
 142:.\Generated_Source\PSoC4/Steering_Wheel.c ****     *******************************************************************************/
 143:.\Generated_Source\PSoC4/Steering_Wheel.c ****     uint8 Steering_Wheel_ClearInterrupt(void) 
 144:.\Generated_Source\PSoC4/Steering_Wheel.c ****     {
 228              		.loc 1 144 0
 229              		.cfi_startproc
 230 0000 80B5     		push	{r7, lr}
 231              		.cfi_def_cfa_offset 8
 232              		.cfi_offset 7, -8
 233              		.cfi_offset 14, -4
 234 0002 82B0     		sub	sp, sp, #8
 235              		.cfi_def_cfa_offset 16
 236 0004 00AF     		add	r7, sp, #0
 237              		.cfi_def_cfa_register 7
 145:.\Generated_Source\PSoC4/Steering_Wheel.c **** 		uint8 maskedStatus = (uint8)(Steering_Wheel_INTSTAT & Steering_Wheel_MASK);
 238              		.loc 1 145 0
 239 0006 094B     		ldr	r3, .L17
 240 0008 1B68     		ldr	r3, [r3]
 241 000a D9B2     		uxtb	r1, r3
 242 000c FB1D     		add	r3, r7, #7
 243 000e 1C22     		mov	r2, #28
 244 0010 0A40     		and	r2, r1
 245 0012 1A70     		strb	r2, [r3]
 146:.\Generated_Source\PSoC4/Steering_Wheel.c **** 		Steering_Wheel_INTSTAT = maskedStatus;
 246              		.loc 1 146 0
 247 0014 054B     		ldr	r3, .L17
 248 0016 FA1D     		add	r2, r7, #7
 249 0018 1278     		ldrb	r2, [r2]
 250 001a 1A60     		str	r2, [r3]
 147:.\Generated_Source\PSoC4/Steering_Wheel.c ****         return maskedStatus >> Steering_Wheel_SHIFT;
 251              		.loc 1 147 0
 252 001c FB1D     		add	r3, r7, #7
ARM GAS  C:\Users\Eric\AppData\Local\Temp\ccWdiZTN.s 			page 8


 253 001e 1B78     		ldrb	r3, [r3]
 254 0020 9B08     		lsr	r3, r3, #2
 255 0022 DBB2     		uxtb	r3, r3
 148:.\Generated_Source\PSoC4/Steering_Wheel.c ****     }
 256              		.loc 1 148 0
 257 0024 181C     		mov	r0, r3
 258 0026 BD46     		mov	sp, r7
 259 0028 02B0     		add	sp, sp, #8
 260              		@ sp needed
 261 002a 80BD     		pop	{r7, pc}
 262              	.L18:
 263              		.align	2
 264              	.L17:
 265 002c 10000440 		.word	1074003984
 266              		.cfi_endproc
 267              	.LFE4:
 268              		.size	Steering_Wheel_ClearInterrupt, .-Steering_Wheel_ClearInterrupt
 269              		.text
 270              	.Letext0:
 271              		.file 2 ".\\Generated_Source\\PSoC4\\cytypes.h"
 272              		.section	.debug_info,"",%progbits
 273              	.Ldebug_info0:
 274 0000 48010000 		.4byte	0x148
 275 0004 0400     		.2byte	0x4
 276 0006 00000000 		.4byte	.Ldebug_abbrev0
 277 000a 04       		.byte	0x4
 278 000b 01       		.uleb128 0x1
 279 000c 4B010000 		.4byte	.LASF24
 280 0010 01       		.byte	0x1
 281 0011 21010000 		.4byte	.LASF25
 282 0015 93000000 		.4byte	.LASF26
 283 0019 00000000 		.4byte	.Ldebug_ranges0+0
 284 001d 00000000 		.4byte	0
 285 0021 00000000 		.4byte	.Ldebug_line0
 286 0025 02       		.uleb128 0x2
 287 0026 01       		.byte	0x1
 288 0027 06       		.byte	0x6
 289 0028 19020000 		.4byte	.LASF0
 290 002c 02       		.uleb128 0x2
 291 002d 01       		.byte	0x1
 292 002e 08       		.byte	0x8
 293 002f 3E000000 		.4byte	.LASF1
 294 0033 02       		.uleb128 0x2
 295 0034 02       		.byte	0x2
 296 0035 05       		.byte	0x5
 297 0036 00020000 		.4byte	.LASF2
 298 003a 02       		.uleb128 0x2
 299 003b 02       		.byte	0x2
 300 003c 07       		.byte	0x7
 301 003d 64000000 		.4byte	.LASF3
 302 0041 02       		.uleb128 0x2
 303 0042 04       		.byte	0x4
 304 0043 05       		.byte	0x5
 305 0044 10020000 		.4byte	.LASF4
 306 0048 02       		.uleb128 0x2
 307 0049 04       		.byte	0x4
 308 004a 07       		.byte	0x7
ARM GAS  C:\Users\Eric\AppData\Local\Temp\ccWdiZTN.s 			page 9


 309 004b 52000000 		.4byte	.LASF5
 310 004f 02       		.uleb128 0x2
 311 0050 08       		.byte	0x8
 312 0051 05       		.byte	0x5
 313 0052 E0010000 		.4byte	.LASF6
 314 0056 02       		.uleb128 0x2
 315 0057 08       		.byte	0x8
 316 0058 07       		.byte	0x7
 317 0059 12000000 		.4byte	.LASF7
 318 005d 03       		.uleb128 0x3
 319 005e 04       		.byte	0x4
 320 005f 05       		.byte	0x5
 321 0060 696E7400 		.ascii	"int\000"
 322 0064 02       		.uleb128 0x2
 323 0065 04       		.byte	0x4
 324 0066 07       		.byte	0x7
 325 0067 14010000 		.4byte	.LASF8
 326 006b 04       		.uleb128 0x4
 327 006c 0A020000 		.4byte	.LASF9
 328 0070 02       		.byte	0x2
 329 0071 A1       		.byte	0xa1
 330 0072 2C000000 		.4byte	0x2c
 331 0076 04       		.uleb128 0x4
 332 0077 0D010000 		.4byte	.LASF10
 333 007b 02       		.byte	0x2
 334 007c A3       		.byte	0xa3
 335 007d 48000000 		.4byte	0x48
 336 0081 02       		.uleb128 0x2
 337 0082 04       		.byte	0x4
 338 0083 04       		.byte	0x4
 339 0084 0C000000 		.4byte	.LASF11
 340 0088 02       		.uleb128 0x2
 341 0089 08       		.byte	0x8
 342 008a 04       		.byte	0x4
 343 008b E8000000 		.4byte	.LASF12
 344 008f 02       		.uleb128 0x2
 345 0090 01       		.byte	0x1
 346 0091 08       		.byte	0x8
 347 0092 FB010000 		.4byte	.LASF13
 348 0096 05       		.uleb128 0x5
 349 0097 00000000 		.4byte	.LASF14
 350 009b 02       		.byte	0x2
 351 009c 4D01     		.2byte	0x14d
 352 009e A2000000 		.4byte	0xa2
 353 00a2 06       		.uleb128 0x6
 354 00a3 76000000 		.4byte	0x76
 355 00a7 07       		.uleb128 0x7
 356 00a8 29000000 		.4byte	.LASF15
 357 00ac 01       		.byte	0x1
 358 00ad 2A       		.byte	0x2a
 359 00ae 00000000 		.4byte	.LFB0
 360 00b2 4C000000 		.4byte	.LFE0-.LFB0
 361 00b6 01       		.uleb128 0x1
 362 00b7 9C       		.byte	0x9c
 363 00b8 D9000000 		.4byte	0xd9
 364 00bc 08       		.uleb128 0x8
 365 00bd 06000000 		.4byte	.LASF17
ARM GAS  C:\Users\Eric\AppData\Local\Temp\ccWdiZTN.s 			page 10


 366 00c1 01       		.byte	0x1
 367 00c2 2A       		.byte	0x2a
 368 00c3 6B000000 		.4byte	0x6b
 369 00c7 02       		.uleb128 0x2
 370 00c8 91       		.byte	0x91
 371 00c9 6F       		.sleb128 -17
 372 00ca 09       		.uleb128 0x9
 373 00cb 4C000000 		.4byte	.LASF22
 374 00cf 01       		.byte	0x1
 375 00d0 2C       		.byte	0x2c
 376 00d1 6B000000 		.4byte	0x6b
 377 00d5 02       		.uleb128 0x2
 378 00d6 91       		.byte	0x91
 379 00d7 77       		.sleb128 -9
 380 00d8 00       		.byte	0
 381 00d9 07       		.uleb128 0x7
 382 00da 77000000 		.4byte	.LASF16
 383 00de 01       		.byte	0x1
 384 00df 49       		.byte	0x49
 385 00e0 00000000 		.4byte	.LFB1
 386 00e4 60000000 		.4byte	.LFE1-.LFB1
 387 00e8 01       		.uleb128 0x1
 388 00e9 9C       		.byte	0x9c
 389 00ea FD000000 		.4byte	0xfd
 390 00ee 08       		.uleb128 0x8
 391 00ef C7010000 		.4byte	.LASF18
 392 00f3 01       		.byte	0x1
 393 00f4 49       		.byte	0x49
 394 00f5 6B000000 		.4byte	0x6b
 395 00f9 02       		.uleb128 0x2
 396 00fa 91       		.byte	0x91
 397 00fb 77       		.sleb128 -9
 398 00fc 00       		.byte	0
 399 00fd 0A       		.uleb128 0xa
 400 00fe CC010000 		.4byte	.LASF19
 401 0102 01       		.byte	0x1
 402 0103 63       		.byte	0x63
 403 0104 6B000000 		.4byte	0x6b
 404 0108 00000000 		.4byte	.LFB2
 405 010c 1C000000 		.4byte	.LFE2-.LFB2
 406 0110 01       		.uleb128 0x1
 407 0111 9C       		.byte	0x9c
 408 0112 0A       		.uleb128 0xa
 409 0113 25020000 		.4byte	.LASF20
 410 0117 01       		.byte	0x1
 411 0118 77       		.byte	0x77
 412 0119 6B000000 		.4byte	0x6b
 413 011d 00000000 		.4byte	.LFB3
 414 0121 1C000000 		.4byte	.LFE3-.LFB3
 415 0125 01       		.uleb128 0x1
 416 0126 9C       		.byte	0x9c
 417 0127 0B       		.uleb128 0xb
 418 0128 EF000000 		.4byte	.LASF21
 419 012c 01       		.byte	0x1
 420 012d 8F       		.byte	0x8f
 421 012e 6B000000 		.4byte	0x6b
 422 0132 00000000 		.4byte	.LFB4
ARM GAS  C:\Users\Eric\AppData\Local\Temp\ccWdiZTN.s 			page 11


 423 0136 30000000 		.4byte	.LFE4-.LFB4
 424 013a 01       		.uleb128 0x1
 425 013b 9C       		.byte	0x9c
 426 013c 09       		.uleb128 0x9
 427 013d EE010000 		.4byte	.LASF23
 428 0141 01       		.byte	0x1
 429 0142 91       		.byte	0x91
 430 0143 6B000000 		.4byte	0x6b
 431 0147 02       		.uleb128 0x2
 432 0148 91       		.byte	0x91
 433 0149 77       		.sleb128 -9
 434 014a 00       		.byte	0
 435 014b 00       		.byte	0
 436              		.section	.debug_abbrev,"",%progbits
 437              	.Ldebug_abbrev0:
 438 0000 01       		.uleb128 0x1
 439 0001 11       		.uleb128 0x11
 440 0002 01       		.byte	0x1
 441 0003 25       		.uleb128 0x25
 442 0004 0E       		.uleb128 0xe
 443 0005 13       		.uleb128 0x13
 444 0006 0B       		.uleb128 0xb
 445 0007 03       		.uleb128 0x3
 446 0008 0E       		.uleb128 0xe
 447 0009 1B       		.uleb128 0x1b
 448 000a 0E       		.uleb128 0xe
 449 000b 55       		.uleb128 0x55
 450 000c 17       		.uleb128 0x17
 451 000d 11       		.uleb128 0x11
 452 000e 01       		.uleb128 0x1
 453 000f 10       		.uleb128 0x10
 454 0010 17       		.uleb128 0x17
 455 0011 00       		.byte	0
 456 0012 00       		.byte	0
 457 0013 02       		.uleb128 0x2
 458 0014 24       		.uleb128 0x24
 459 0015 00       		.byte	0
 460 0016 0B       		.uleb128 0xb
 461 0017 0B       		.uleb128 0xb
 462 0018 3E       		.uleb128 0x3e
 463 0019 0B       		.uleb128 0xb
 464 001a 03       		.uleb128 0x3
 465 001b 0E       		.uleb128 0xe
 466 001c 00       		.byte	0
 467 001d 00       		.byte	0
 468 001e 03       		.uleb128 0x3
 469 001f 24       		.uleb128 0x24
 470 0020 00       		.byte	0
 471 0021 0B       		.uleb128 0xb
 472 0022 0B       		.uleb128 0xb
 473 0023 3E       		.uleb128 0x3e
 474 0024 0B       		.uleb128 0xb
 475 0025 03       		.uleb128 0x3
 476 0026 08       		.uleb128 0x8
 477 0027 00       		.byte	0
 478 0028 00       		.byte	0
 479 0029 04       		.uleb128 0x4
ARM GAS  C:\Users\Eric\AppData\Local\Temp\ccWdiZTN.s 			page 12


 480 002a 16       		.uleb128 0x16
 481 002b 00       		.byte	0
 482 002c 03       		.uleb128 0x3
 483 002d 0E       		.uleb128 0xe
 484 002e 3A       		.uleb128 0x3a
 485 002f 0B       		.uleb128 0xb
 486 0030 3B       		.uleb128 0x3b
 487 0031 0B       		.uleb128 0xb
 488 0032 49       		.uleb128 0x49
 489 0033 13       		.uleb128 0x13
 490 0034 00       		.byte	0
 491 0035 00       		.byte	0
 492 0036 05       		.uleb128 0x5
 493 0037 16       		.uleb128 0x16
 494 0038 00       		.byte	0
 495 0039 03       		.uleb128 0x3
 496 003a 0E       		.uleb128 0xe
 497 003b 3A       		.uleb128 0x3a
 498 003c 0B       		.uleb128 0xb
 499 003d 3B       		.uleb128 0x3b
 500 003e 05       		.uleb128 0x5
 501 003f 49       		.uleb128 0x49
 502 0040 13       		.uleb128 0x13
 503 0041 00       		.byte	0
 504 0042 00       		.byte	0
 505 0043 06       		.uleb128 0x6
 506 0044 35       		.uleb128 0x35
 507 0045 00       		.byte	0
 508 0046 49       		.uleb128 0x49
 509 0047 13       		.uleb128 0x13
 510 0048 00       		.byte	0
 511 0049 00       		.byte	0
 512 004a 07       		.uleb128 0x7
 513 004b 2E       		.uleb128 0x2e
 514 004c 01       		.byte	0x1
 515 004d 3F       		.uleb128 0x3f
 516 004e 19       		.uleb128 0x19
 517 004f 03       		.uleb128 0x3
 518 0050 0E       		.uleb128 0xe
 519 0051 3A       		.uleb128 0x3a
 520 0052 0B       		.uleb128 0xb
 521 0053 3B       		.uleb128 0x3b
 522 0054 0B       		.uleb128 0xb
 523 0055 27       		.uleb128 0x27
 524 0056 19       		.uleb128 0x19
 525 0057 11       		.uleb128 0x11
 526 0058 01       		.uleb128 0x1
 527 0059 12       		.uleb128 0x12
 528 005a 06       		.uleb128 0x6
 529 005b 40       		.uleb128 0x40
 530 005c 18       		.uleb128 0x18
 531 005d 9742     		.uleb128 0x2117
 532 005f 19       		.uleb128 0x19
 533 0060 01       		.uleb128 0x1
 534 0061 13       		.uleb128 0x13
 535 0062 00       		.byte	0
 536 0063 00       		.byte	0
ARM GAS  C:\Users\Eric\AppData\Local\Temp\ccWdiZTN.s 			page 13


 537 0064 08       		.uleb128 0x8
 538 0065 05       		.uleb128 0x5
 539 0066 00       		.byte	0
 540 0067 03       		.uleb128 0x3
 541 0068 0E       		.uleb128 0xe
 542 0069 3A       		.uleb128 0x3a
 543 006a 0B       		.uleb128 0xb
 544 006b 3B       		.uleb128 0x3b
 545 006c 0B       		.uleb128 0xb
 546 006d 49       		.uleb128 0x49
 547 006e 13       		.uleb128 0x13
 548 006f 02       		.uleb128 0x2
 549 0070 18       		.uleb128 0x18
 550 0071 00       		.byte	0
 551 0072 00       		.byte	0
 552 0073 09       		.uleb128 0x9
 553 0074 34       		.uleb128 0x34
 554 0075 00       		.byte	0
 555 0076 03       		.uleb128 0x3
 556 0077 0E       		.uleb128 0xe
 557 0078 3A       		.uleb128 0x3a
 558 0079 0B       		.uleb128 0xb
 559 007a 3B       		.uleb128 0x3b
 560 007b 0B       		.uleb128 0xb
 561 007c 49       		.uleb128 0x49
 562 007d 13       		.uleb128 0x13
 563 007e 02       		.uleb128 0x2
 564 007f 18       		.uleb128 0x18
 565 0080 00       		.byte	0
 566 0081 00       		.byte	0
 567 0082 0A       		.uleb128 0xa
 568 0083 2E       		.uleb128 0x2e
 569 0084 00       		.byte	0
 570 0085 3F       		.uleb128 0x3f
 571 0086 19       		.uleb128 0x19
 572 0087 03       		.uleb128 0x3
 573 0088 0E       		.uleb128 0xe
 574 0089 3A       		.uleb128 0x3a
 575 008a 0B       		.uleb128 0xb
 576 008b 3B       		.uleb128 0x3b
 577 008c 0B       		.uleb128 0xb
 578 008d 27       		.uleb128 0x27
 579 008e 19       		.uleb128 0x19
 580 008f 49       		.uleb128 0x49
 581 0090 13       		.uleb128 0x13
 582 0091 11       		.uleb128 0x11
 583 0092 01       		.uleb128 0x1
 584 0093 12       		.uleb128 0x12
 585 0094 06       		.uleb128 0x6
 586 0095 40       		.uleb128 0x40
 587 0096 18       		.uleb128 0x18
 588 0097 9742     		.uleb128 0x2117
 589 0099 19       		.uleb128 0x19
 590 009a 00       		.byte	0
 591 009b 00       		.byte	0
 592 009c 0B       		.uleb128 0xb
 593 009d 2E       		.uleb128 0x2e
ARM GAS  C:\Users\Eric\AppData\Local\Temp\ccWdiZTN.s 			page 14


 594 009e 01       		.byte	0x1
 595 009f 3F       		.uleb128 0x3f
 596 00a0 19       		.uleb128 0x19
 597 00a1 03       		.uleb128 0x3
 598 00a2 0E       		.uleb128 0xe
 599 00a3 3A       		.uleb128 0x3a
 600 00a4 0B       		.uleb128 0xb
 601 00a5 3B       		.uleb128 0x3b
 602 00a6 0B       		.uleb128 0xb
 603 00a7 27       		.uleb128 0x27
 604 00a8 19       		.uleb128 0x19
 605 00a9 49       		.uleb128 0x49
 606 00aa 13       		.uleb128 0x13
 607 00ab 11       		.uleb128 0x11
 608 00ac 01       		.uleb128 0x1
 609 00ad 12       		.uleb128 0x12
 610 00ae 06       		.uleb128 0x6
 611 00af 40       		.uleb128 0x40
 612 00b0 18       		.uleb128 0x18
 613 00b1 9742     		.uleb128 0x2117
 614 00b3 19       		.uleb128 0x19
 615 00b4 00       		.byte	0
 616 00b5 00       		.byte	0
 617 00b6 00       		.byte	0
 618              		.section	.debug_aranges,"",%progbits
 619 0000 3C000000 		.4byte	0x3c
 620 0004 0200     		.2byte	0x2
 621 0006 00000000 		.4byte	.Ldebug_info0
 622 000a 04       		.byte	0x4
 623 000b 00       		.byte	0
 624 000c 0000     		.2byte	0
 625 000e 0000     		.2byte	0
 626 0010 00000000 		.4byte	.LFB0
 627 0014 4C000000 		.4byte	.LFE0-.LFB0
 628 0018 00000000 		.4byte	.LFB1
 629 001c 60000000 		.4byte	.LFE1-.LFB1
 630 0020 00000000 		.4byte	.LFB2
 631 0024 1C000000 		.4byte	.LFE2-.LFB2
 632 0028 00000000 		.4byte	.LFB3
 633 002c 1C000000 		.4byte	.LFE3-.LFB3
 634 0030 00000000 		.4byte	.LFB4
 635 0034 30000000 		.4byte	.LFE4-.LFB4
 636 0038 00000000 		.4byte	0
 637 003c 00000000 		.4byte	0
 638              		.section	.debug_ranges,"",%progbits
 639              	.Ldebug_ranges0:
 640 0000 00000000 		.4byte	.LFB0
 641 0004 4C000000 		.4byte	.LFE0
 642 0008 00000000 		.4byte	.LFB1
 643 000c 60000000 		.4byte	.LFE1
 644 0010 00000000 		.4byte	.LFB2
 645 0014 1C000000 		.4byte	.LFE2
 646 0018 00000000 		.4byte	.LFB3
 647 001c 1C000000 		.4byte	.LFE3
 648 0020 00000000 		.4byte	.LFB4
 649 0024 30000000 		.4byte	.LFE4
 650 0028 00000000 		.4byte	0
ARM GAS  C:\Users\Eric\AppData\Local\Temp\ccWdiZTN.s 			page 15


 651 002c 00000000 		.4byte	0
 652              		.section	.debug_line,"",%progbits
 653              	.Ldebug_line0:
 654 0000 B2000000 		.section	.debug_str,"MS",%progbits,1
 654      02004D00 
 654      00000201 
 654      FB0E0D00 
 654      01010101 
 655              	.LASF14:
 656 0000 72656733 		.ascii	"reg32\000"
 656      3200
 657              	.LASF17:
 658 0006 76616C75 		.ascii	"value\000"
 658      6500
 659              	.LASF11:
 660 000c 666C6F61 		.ascii	"float\000"
 660      7400
 661              	.LASF7:
 662 0012 6C6F6E67 		.ascii	"long long unsigned int\000"
 662      206C6F6E 
 662      6720756E 
 662      7369676E 
 662      65642069 
 663              	.LASF15:
 664 0029 53746565 		.ascii	"Steering_Wheel_Write\000"
 664      72696E67 
 664      5F576865 
 664      656C5F57 
 664      72697465 
 665              	.LASF1:
 666 003e 756E7369 		.ascii	"unsigned char\000"
 666      676E6564 
 666      20636861 
 666      7200
 667              	.LASF22:
 668 004c 64725661 		.ascii	"drVal\000"
 668      6C00
 669              	.LASF5:
 670 0052 6C6F6E67 		.ascii	"long unsigned int\000"
 670      20756E73 
 670      69676E65 
 670      6420696E 
 670      7400
 671              	.LASF3:
 672 0064 73686F72 		.ascii	"short unsigned int\000"
 672      7420756E 
 672      7369676E 
 672      65642069 
 672      6E7400
 673              	.LASF16:
 674 0077 53746565 		.ascii	"Steering_Wheel_SetDriveMode\000"
 674      72696E67 
 674      5F576865 
 674      656C5F53 
 674      65744472 
 675              	.LASF26:
 676 0093 433A5C55 		.ascii	"C:\\Users\\Eric\\Development\\PSoC\\ShiftingStandal"
ARM GAS  C:\Users\Eric\AppData\Local\Temp\ccWdiZTN.s 			page 16


 676      73657273 
 676      5C457269 
 676      635C4465 
 676      76656C6F 
 677 00c1 6F6E654E 		.ascii	"oneNoise\\ShiftingStandaloneNoise.cydsn\000"
 677      6F697365 
 677      5C536869 
 677      6674696E 
 677      67537461 
 678              	.LASF12:
 679 00e8 646F7562 		.ascii	"double\000"
 679      6C6500
 680              	.LASF21:
 681 00ef 53746565 		.ascii	"Steering_Wheel_ClearInterrupt\000"
 681      72696E67 
 681      5F576865 
 681      656C5F43 
 681      6C656172 
 682              	.LASF10:
 683 010d 75696E74 		.ascii	"uint32\000"
 683      333200
 684              	.LASF8:
 685 0114 756E7369 		.ascii	"unsigned int\000"
 685      676E6564 
 685      20696E74 
 685      00
 686              	.LASF25:
 687 0121 2E5C4765 		.ascii	".\\Generated_Source\\PSoC4\\Steering_Wheel.c\000"
 687      6E657261 
 687      7465645F 
 687      536F7572 
 687      63655C50 
 688              	.LASF24:
 689 014b 474E5520 		.ascii	"GNU C 4.8.4 20140526 (release) [ARM/embedded-4_8-br"
 689      4320342E 
 689      382E3420 
 689      32303134 
 689      30353236 
 690 017e 616E6368 		.ascii	"anch revision 211358] -mcpu=cortex-m0 -mthumb -g -O"
 690      20726576 
 690      6973696F 
 690      6E203231 
 690      31333538 
 691 01b1 30202D66 		.ascii	"0 -ffunction-sections\000"
 691      66756E63 
 691      74696F6E 
 691      2D736563 
 691      74696F6E 
 692              	.LASF18:
 693 01c7 6D6F6465 		.ascii	"mode\000"
 693      00
 694              	.LASF19:
 695 01cc 53746565 		.ascii	"Steering_Wheel_Read\000"
 695      72696E67 
 695      5F576865 
 695      656C5F52 
 695      65616400 
ARM GAS  C:\Users\Eric\AppData\Local\Temp\ccWdiZTN.s 			page 17


 696              	.LASF6:
 697 01e0 6C6F6E67 		.ascii	"long long int\000"
 697      206C6F6E 
 697      6720696E 
 697      7400
 698              	.LASF23:
 699 01ee 6D61736B 		.ascii	"maskedStatus\000"
 699      65645374 
 699      61747573 
 699      00
 700              	.LASF13:
 701 01fb 63686172 		.ascii	"char\000"
 701      00
 702              	.LASF2:
 703 0200 73686F72 		.ascii	"short int\000"
 703      7420696E 
 703      7400
 704              	.LASF9:
 705 020a 75696E74 		.ascii	"uint8\000"
 705      3800
 706              	.LASF4:
 707 0210 6C6F6E67 		.ascii	"long int\000"
 707      20696E74 
 707      00
 708              	.LASF0:
 709 0219 7369676E 		.ascii	"signed char\000"
 709      65642063 
 709      68617200 
 710              	.LASF20:
 711 0225 53746565 		.ascii	"Steering_Wheel_ReadDataReg\000"
 711      72696E67 
 711      5F576865 
 711      656C5F52 
 711      65616444 
 712              		.ident	"GCC: (GNU Tools for ARM Embedded Processors) 4.8.4 20140526 (release) [ARM/embedded-4_8-br
