ARM GAS  C:\Users\Eric\AppData\Local\Temp\ccw41wHu.s 			page 1


   1              		.cpu cortex-m0
   2              		.fpu softvfp
   3              		.eabi_attribute 20, 1
   4              		.eabi_attribute 21, 1
   5              		.eabi_attribute 23, 3
   6              		.eabi_attribute 24, 1
   7              		.eabi_attribute 25, 1
   8              		.eabi_attribute 26, 1
   9              		.eabi_attribute 30, 6
  10              		.eabi_attribute 34, 0
  11              		.eabi_attribute 18, 4
  12              		.code	16
  13              		.file	"cyfitter_cfg.c"
  14              		.text
  15              	.Ltext0:
  16              		.cfi_sections	.debug_frame
  17              		.section	.text.CYMEMZERO,"ax",%progbits
  18              		.align	2
  19              		.code	16
  20              		.thumb_func
  21              		.type	CYMEMZERO, %function
  22              	CYMEMZERO:
  23              	.LFB0:
  24              		.file 1 ".\\Generated_Source\\PSoC4\\cyfitter_cfg.c"
   1:.\Generated_Source\PSoC4/cyfitter_cfg.c **** /*******************************************************************************
   2:.\Generated_Source\PSoC4/cyfitter_cfg.c **** * FILENAME: cyfitter_cfg.c
   3:.\Generated_Source\PSoC4/cyfitter_cfg.c **** * PSoC Creator 3.0 SP1
   4:.\Generated_Source\PSoC4/cyfitter_cfg.c **** *
   5:.\Generated_Source\PSoC4/cyfitter_cfg.c **** * Description:
   6:.\Generated_Source\PSoC4/cyfitter_cfg.c **** * This file is automatically generated by PSoC Creator with device 
   7:.\Generated_Source\PSoC4/cyfitter_cfg.c **** * initialization code.  Except for the user defined sections in
   8:.\Generated_Source\PSoC4/cyfitter_cfg.c **** * CyClockStartupError(), this file should not be modified.
   9:.\Generated_Source\PSoC4/cyfitter_cfg.c **** *
  10:.\Generated_Source\PSoC4/cyfitter_cfg.c **** ********************************************************************************
  11:.\Generated_Source\PSoC4/cyfitter_cfg.c **** * Copyright 2013, Cypress Semiconductor Corporation.  All rights reserved.
  12:.\Generated_Source\PSoC4/cyfitter_cfg.c **** * You may use this file only in accordance with the license, terms, conditions, 
  13:.\Generated_Source\PSoC4/cyfitter_cfg.c **** * disclaimers, and limitations in the end user license agreement accompanying 
  14:.\Generated_Source\PSoC4/cyfitter_cfg.c **** * the software package with which this file was provided.
  15:.\Generated_Source\PSoC4/cyfitter_cfg.c **** ********************************************************************************/
  16:.\Generated_Source\PSoC4/cyfitter_cfg.c **** 
  17:.\Generated_Source\PSoC4/cyfitter_cfg.c **** #include <string.h>
  18:.\Generated_Source\PSoC4/cyfitter_cfg.c **** #include <cytypes.h>
  19:.\Generated_Source\PSoC4/cyfitter_cfg.c **** #include <cydevice_trm.h>
  20:.\Generated_Source\PSoC4/cyfitter_cfg.c **** #include <cyfitter.h>
  21:.\Generated_Source\PSoC4/cyfitter_cfg.c **** #include <CyLib.h>
  22:.\Generated_Source\PSoC4/cyfitter_cfg.c **** #include <cyfitter_cfg.h>
  23:.\Generated_Source\PSoC4/cyfitter_cfg.c **** 
  24:.\Generated_Source\PSoC4/cyfitter_cfg.c **** 
  25:.\Generated_Source\PSoC4/cyfitter_cfg.c **** #if defined(__GNUC__) || defined(__ARMCC_VERSION)
  26:.\Generated_Source\PSoC4/cyfitter_cfg.c ****     #define CYPACKED 
  27:.\Generated_Source\PSoC4/cyfitter_cfg.c ****     #define CYPACKED_ATTR __attribute__ ((packed))
  28:.\Generated_Source\PSoC4/cyfitter_cfg.c ****     #define CYALIGNED __attribute__ ((aligned))
  29:.\Generated_Source\PSoC4/cyfitter_cfg.c ****     #define CY_CFG_UNUSED __attribute__ ((unused))
  30:.\Generated_Source\PSoC4/cyfitter_cfg.c ****     #define CY_CFG_SECTION __attribute__ ((section(".psocinit")))
  31:.\Generated_Source\PSoC4/cyfitter_cfg.c ****     
  32:.\Generated_Source\PSoC4/cyfitter_cfg.c ****     #if defined(__ARMCC_VERSION)
  33:.\Generated_Source\PSoC4/cyfitter_cfg.c ****         #define CY_CFG_MEMORY_BARRIER() __memory_changed()
ARM GAS  C:\Users\Eric\AppData\Local\Temp\ccw41wHu.s 			page 2


  34:.\Generated_Source\PSoC4/cyfitter_cfg.c ****     #else
  35:.\Generated_Source\PSoC4/cyfitter_cfg.c ****         #define CY_CFG_MEMORY_BARRIER() __sync_synchronize()
  36:.\Generated_Source\PSoC4/cyfitter_cfg.c ****     #endif
  37:.\Generated_Source\PSoC4/cyfitter_cfg.c ****     
  38:.\Generated_Source\PSoC4/cyfitter_cfg.c **** #elif defined(__ICCARM__)
  39:.\Generated_Source\PSoC4/cyfitter_cfg.c ****     #include <intrinsics.h>
  40:.\Generated_Source\PSoC4/cyfitter_cfg.c **** 
  41:.\Generated_Source\PSoC4/cyfitter_cfg.c ****     #define CYPACKED __packed
  42:.\Generated_Source\PSoC4/cyfitter_cfg.c ****     #define CYPACKED_ATTR 
  43:.\Generated_Source\PSoC4/cyfitter_cfg.c ****     #define CYALIGNED _Pragma("data_alignment=4")
  44:.\Generated_Source\PSoC4/cyfitter_cfg.c ****     #define CY_CFG_UNUSED _Pragma("diag_suppress=Pe177")
  45:.\Generated_Source\PSoC4/cyfitter_cfg.c ****     #define CY_CFG_SECTION _Pragma("location=\".psocinit\"")
  46:.\Generated_Source\PSoC4/cyfitter_cfg.c ****     
  47:.\Generated_Source\PSoC4/cyfitter_cfg.c ****     #define CY_CFG_MEMORY_BARRIER() __DMB()
  48:.\Generated_Source\PSoC4/cyfitter_cfg.c ****     
  49:.\Generated_Source\PSoC4/cyfitter_cfg.c **** #else
  50:.\Generated_Source\PSoC4/cyfitter_cfg.c ****     #error Unsupported toolchain
  51:.\Generated_Source\PSoC4/cyfitter_cfg.c **** #endif
  52:.\Generated_Source\PSoC4/cyfitter_cfg.c **** 
  53:.\Generated_Source\PSoC4/cyfitter_cfg.c **** 
  54:.\Generated_Source\PSoC4/cyfitter_cfg.c **** CY_CFG_UNUSED
  55:.\Generated_Source\PSoC4/cyfitter_cfg.c **** static void CYMEMZERO(void *s, size_t n);
  56:.\Generated_Source\PSoC4/cyfitter_cfg.c **** CY_CFG_UNUSED
  57:.\Generated_Source\PSoC4/cyfitter_cfg.c **** static void CYMEMZERO(void *s, size_t n)
  58:.\Generated_Source\PSoC4/cyfitter_cfg.c **** {
  25              		.loc 1 58 0
  26              		.cfi_startproc
  27 0000 80B5     		push	{r7, lr}
  28              	.LCFI0:
  29              		.cfi_def_cfa_offset 8
  30              		.cfi_offset 7, -8
  31              		.cfi_offset 14, -4
  32 0002 82B0     		sub	sp, sp, #8
  33              	.LCFI1:
  34              		.cfi_def_cfa_offset 16
  35 0004 00AF     		add	r7, sp, #0
  36              	.LCFI2:
  37              		.cfi_def_cfa_register 7
  38 0006 7860     		str	r0, [r7, #4]
  39 0008 3960     		str	r1, [r7]
  59:.\Generated_Source\PSoC4/cyfitter_cfg.c **** 	(void)memset(s, 0, n);
  40              		.loc 1 59 0
  41 000a 7A68     		ldr	r2, [r7, #4]
  42 000c 3B68     		ldr	r3, [r7]
  43 000e 101C     		mov	r0, r2
  44 0010 0021     		mov	r1, #0
  45 0012 1A1C     		mov	r2, r3
  46 0014 FFF7FEFF 		bl	memset
  60:.\Generated_Source\PSoC4/cyfitter_cfg.c **** }
  47              		.loc 1 60 0
  48 0018 BD46     		mov	sp, r7
  49 001a 02B0     		add	sp, sp, #8
  50              		@ sp needed for prologue
  51 001c 80BD     		pop	{r7, pc}
  52              		.cfi_endproc
  53              	.LFE0:
  54              		.size	CYMEMZERO, .-CYMEMZERO
ARM GAS  C:\Users\Eric\AppData\Local\Temp\ccw41wHu.s 			page 3


  55 001e C046     		.section	.text.CYCONFIGCPY,"ax",%progbits
  56              		.align	2
  57              		.code	16
  58              		.thumb_func
  59              		.type	CYCONFIGCPY, %function
  60              	CYCONFIGCPY:
  61              	.LFB1:
  61:.\Generated_Source\PSoC4/cyfitter_cfg.c **** CY_CFG_UNUSED
  62:.\Generated_Source\PSoC4/cyfitter_cfg.c **** static void CYCONFIGCPY(void *dest, const void *src, size_t n);
  63:.\Generated_Source\PSoC4/cyfitter_cfg.c **** CY_CFG_UNUSED
  64:.\Generated_Source\PSoC4/cyfitter_cfg.c **** static void CYCONFIGCPY(void *dest, const void *src, size_t n)
  65:.\Generated_Source\PSoC4/cyfitter_cfg.c **** {
  62              		.loc 1 65 0
  63              		.cfi_startproc
  64 0000 80B5     		push	{r7, lr}
  65              	.LCFI3:
  66              		.cfi_def_cfa_offset 8
  67              		.cfi_offset 7, -8
  68              		.cfi_offset 14, -4
  69 0002 84B0     		sub	sp, sp, #16
  70              	.LCFI4:
  71              		.cfi_def_cfa_offset 24
  72 0004 00AF     		add	r7, sp, #0
  73              	.LCFI5:
  74              		.cfi_def_cfa_register 7
  75 0006 F860     		str	r0, [r7, #12]
  76 0008 B960     		str	r1, [r7, #8]
  77 000a 7A60     		str	r2, [r7, #4]
  66:.\Generated_Source\PSoC4/cyfitter_cfg.c **** 	(void)memcpy(dest, src, n);
  78              		.loc 1 66 0
  79 000c F968     		ldr	r1, [r7, #12]
  80 000e BA68     		ldr	r2, [r7, #8]
  81 0010 7B68     		ldr	r3, [r7, #4]
  82 0012 081C     		mov	r0, r1
  83 0014 111C     		mov	r1, r2
  84 0016 1A1C     		mov	r2, r3
  85 0018 FFF7FEFF 		bl	memcpy
  67:.\Generated_Source\PSoC4/cyfitter_cfg.c **** }
  86              		.loc 1 67 0
  87 001c BD46     		mov	sp, r7
  88 001e 04B0     		add	sp, sp, #16
  89              		@ sp needed for prologue
  90 0020 80BD     		pop	{r7, pc}
  91              		.cfi_endproc
  92              	.LFE1:
  93              		.size	CYCONFIGCPY, .-CYCONFIGCPY
  94 0022 C046     		.section	.text.CYCONFIGCPYCODE,"ax",%progbits
  95              		.align	2
  96              		.code	16
  97              		.thumb_func
  98              		.type	CYCONFIGCPYCODE, %function
  99              	CYCONFIGCPYCODE:
 100              	.LFB2:
  68:.\Generated_Source\PSoC4/cyfitter_cfg.c **** CY_CFG_UNUSED
  69:.\Generated_Source\PSoC4/cyfitter_cfg.c **** static void CYCONFIGCPYCODE(void *dest, const void *src, size_t n);
  70:.\Generated_Source\PSoC4/cyfitter_cfg.c **** CY_CFG_UNUSED
  71:.\Generated_Source\PSoC4/cyfitter_cfg.c **** static void CYCONFIGCPYCODE(void *dest, const void *src, size_t n)
ARM GAS  C:\Users\Eric\AppData\Local\Temp\ccw41wHu.s 			page 4


  72:.\Generated_Source\PSoC4/cyfitter_cfg.c **** {
 101              		.loc 1 72 0
 102              		.cfi_startproc
 103 0000 80B5     		push	{r7, lr}
 104              	.LCFI6:
 105              		.cfi_def_cfa_offset 8
 106              		.cfi_offset 7, -8
 107              		.cfi_offset 14, -4
 108 0002 84B0     		sub	sp, sp, #16
 109              	.LCFI7:
 110              		.cfi_def_cfa_offset 24
 111 0004 00AF     		add	r7, sp, #0
 112              	.LCFI8:
 113              		.cfi_def_cfa_register 7
 114 0006 F860     		str	r0, [r7, #12]
 115 0008 B960     		str	r1, [r7, #8]
 116 000a 7A60     		str	r2, [r7, #4]
  73:.\Generated_Source\PSoC4/cyfitter_cfg.c **** 	(void)memcpy(dest, src, n);
 117              		.loc 1 73 0
 118 000c F968     		ldr	r1, [r7, #12]
 119 000e BA68     		ldr	r2, [r7, #8]
 120 0010 7B68     		ldr	r3, [r7, #4]
 121 0012 081C     		mov	r0, r1
 122 0014 111C     		mov	r1, r2
 123 0016 1A1C     		mov	r2, r3
 124 0018 FFF7FEFF 		bl	memcpy
  74:.\Generated_Source\PSoC4/cyfitter_cfg.c **** }
 125              		.loc 1 74 0
 126 001c BD46     		mov	sp, r7
 127 001e 04B0     		add	sp, sp, #16
 128              		@ sp needed for prologue
 129 0020 80BD     		pop	{r7, pc}
 130              		.cfi_endproc
 131              	.LFE2:
 132              		.size	CYCONFIGCPYCODE, .-CYCONFIGCPYCODE
 133 0022 C046     		.section	.psocinit,"ax",%progbits
 134              		.align	2
 135              		.code	16
 136              		.thumb_func
 137              		.type	SetIMOBGTrims, %function
 138              	SetIMOBGTrims:
 139              	.LFB3:
  75:.\Generated_Source\PSoC4/cyfitter_cfg.c **** 
  76:.\Generated_Source\PSoC4/cyfitter_cfg.c **** 
  77:.\Generated_Source\PSoC4/cyfitter_cfg.c **** 
  78:.\Generated_Source\PSoC4/cyfitter_cfg.c **** /* Clock startup error codes                                                   */
  79:.\Generated_Source\PSoC4/cyfitter_cfg.c **** #define CYCLOCKSTART_NO_ERROR    0u
  80:.\Generated_Source\PSoC4/cyfitter_cfg.c **** #define CYCLOCKSTART_XTAL_ERROR  1u
  81:.\Generated_Source\PSoC4/cyfitter_cfg.c **** #define CYCLOCKSTART_32KHZ_ERROR 2u
  82:.\Generated_Source\PSoC4/cyfitter_cfg.c **** #define CYCLOCKSTART_PLL_ERROR   3u
  83:.\Generated_Source\PSoC4/cyfitter_cfg.c **** 
  84:.\Generated_Source\PSoC4/cyfitter_cfg.c **** #ifdef CY_NEED_CYCLOCKSTARTUPERROR
  85:.\Generated_Source\PSoC4/cyfitter_cfg.c **** /*******************************************************************************
  86:.\Generated_Source\PSoC4/cyfitter_cfg.c **** * Function Name: CyClockStartupError
  87:.\Generated_Source\PSoC4/cyfitter_cfg.c **** ********************************************************************************
  88:.\Generated_Source\PSoC4/cyfitter_cfg.c **** * Summary:
  89:.\Generated_Source\PSoC4/cyfitter_cfg.c **** *  If an error is encountered during clock configuration (crystal startup error,
ARM GAS  C:\Users\Eric\AppData\Local\Temp\ccw41wHu.s 			page 5


  90:.\Generated_Source\PSoC4/cyfitter_cfg.c **** *  PLL lock error, etc.), the system will end up here.  Unless reimplemented by
  91:.\Generated_Source\PSoC4/cyfitter_cfg.c **** *  the customer, this function will stop in an infinite loop.
  92:.\Generated_Source\PSoC4/cyfitter_cfg.c **** *
  93:.\Generated_Source\PSoC4/cyfitter_cfg.c **** * Parameters:
  94:.\Generated_Source\PSoC4/cyfitter_cfg.c **** *   void
  95:.\Generated_Source\PSoC4/cyfitter_cfg.c **** *
  96:.\Generated_Source\PSoC4/cyfitter_cfg.c **** * Return:
  97:.\Generated_Source\PSoC4/cyfitter_cfg.c **** *   void
  98:.\Generated_Source\PSoC4/cyfitter_cfg.c **** *
  99:.\Generated_Source\PSoC4/cyfitter_cfg.c **** *******************************************************************************/
 100:.\Generated_Source\PSoC4/cyfitter_cfg.c **** CY_CFG_UNUSED
 101:.\Generated_Source\PSoC4/cyfitter_cfg.c **** static void CyClockStartupError(uint8 errorCode);
 102:.\Generated_Source\PSoC4/cyfitter_cfg.c **** CY_CFG_UNUSED
 103:.\Generated_Source\PSoC4/cyfitter_cfg.c **** static void CyClockStartupError(uint8 errorCode)
 104:.\Generated_Source\PSoC4/cyfitter_cfg.c **** {
 105:.\Generated_Source\PSoC4/cyfitter_cfg.c ****     /* To remove the compiler warning if errorCode not used.                */
 106:.\Generated_Source\PSoC4/cyfitter_cfg.c ****     errorCode = errorCode;
 107:.\Generated_Source\PSoC4/cyfitter_cfg.c **** 
 108:.\Generated_Source\PSoC4/cyfitter_cfg.c ****     /* `#START CyClockStartupError` */
 109:.\Generated_Source\PSoC4/cyfitter_cfg.c **** 
 110:.\Generated_Source\PSoC4/cyfitter_cfg.c ****     /* If we have a clock startup error (bad MHz crystal, PLL lock, etc.),  */
 111:.\Generated_Source\PSoC4/cyfitter_cfg.c ****     /* we will end up here to allow the customer to implement something to  */
 112:.\Generated_Source\PSoC4/cyfitter_cfg.c ****     /* deal with the clock condition.                                       */
 113:.\Generated_Source\PSoC4/cyfitter_cfg.c **** 
 114:.\Generated_Source\PSoC4/cyfitter_cfg.c ****     /* `#END` */
 115:.\Generated_Source\PSoC4/cyfitter_cfg.c **** 
 116:.\Generated_Source\PSoC4/cyfitter_cfg.c ****     /* If nothing else, stop here since the clocks have not started         */
 117:.\Generated_Source\PSoC4/cyfitter_cfg.c ****     /* correctly.                                                           */
 118:.\Generated_Source\PSoC4/cyfitter_cfg.c ****     while(1) {}
 119:.\Generated_Source\PSoC4/cyfitter_cfg.c **** }
 120:.\Generated_Source\PSoC4/cyfitter_cfg.c **** #endif
 121:.\Generated_Source\PSoC4/cyfitter_cfg.c **** 
 122:.\Generated_Source\PSoC4/cyfitter_cfg.c **** 
 123:.\Generated_Source\PSoC4/cyfitter_cfg.c **** /*******************************************************************************
 124:.\Generated_Source\PSoC4/cyfitter_cfg.c **** * Function Name: SetIMOBGTrims
 125:.\Generated_Source\PSoC4/cyfitter_cfg.c **** ********************************************************************************
 126:.\Generated_Source\PSoC4/cyfitter_cfg.c **** *
 127:.\Generated_Source\PSoC4/cyfitter_cfg.c **** * Summary:
 128:.\Generated_Source\PSoC4/cyfitter_cfg.c **** *   Performs the configuration of the bandgap trim for the IMO based on the given
 129:.\Generated_Source\PSoC4/cyfitter_cfg.c **** *   expected frequency of the IMO. 
 130:.\Generated_Source\PSoC4/cyfitter_cfg.c **** *
 131:.\Generated_Source\PSoC4/cyfitter_cfg.c **** * Parameters:
 132:.\Generated_Source\PSoC4/cyfitter_cfg.c **** *   imoFreq: Frequency for operation of the IMO.
 133:.\Generated_Source\PSoC4/cyfitter_cfg.c **** *
 134:.\Generated_Source\PSoC4/cyfitter_cfg.c **** * Return:
 135:.\Generated_Source\PSoC4/cyfitter_cfg.c **** *   void
 136:.\Generated_Source\PSoC4/cyfitter_cfg.c **** *
 137:.\Generated_Source\PSoC4/cyfitter_cfg.c **** *******************************************************************************/
 138:.\Generated_Source\PSoC4/cyfitter_cfg.c **** static void SetIMOBGTrims(uint8 imoFreq);
 139:.\Generated_Source\PSoC4/cyfitter_cfg.c **** CY_CFG_SECTION
 140:.\Generated_Source\PSoC4/cyfitter_cfg.c **** static void SetIMOBGTrims(uint8 imoFreq)
 141:.\Generated_Source\PSoC4/cyfitter_cfg.c **** {
 140              		.loc 1 141 0
 141              		.cfi_startproc
 142 0000 80B5     		push	{r7, lr}
 143              	.LCFI9:
 144              		.cfi_def_cfa_offset 8
ARM GAS  C:\Users\Eric\AppData\Local\Temp\ccw41wHu.s 			page 6


 145              		.cfi_offset 7, -8
 146              		.cfi_offset 14, -4
 147 0002 84B0     		sub	sp, sp, #16
 148              	.LCFI10:
 149              		.cfi_def_cfa_offset 24
 150 0004 00AF     		add	r7, sp, #0
 151              	.LCFI11:
 152              		.cfi_def_cfa_register 7
 153 0006 021C     		mov	r2, r0
 154 0008 FB1D     		add	r3, r7, #7
 155 000a 1A70     		strb	r2, [r3]
 142:.\Generated_Source\PSoC4/cyfitter_cfg.c **** 	CYPACKED typedef struct {
 143:.\Generated_Source\PSoC4/cyfitter_cfg.c **** 		uint8 freq;
 144:.\Generated_Source\PSoC4/cyfitter_cfg.c **** 		uint8 absolute;
 145:.\Generated_Source\PSoC4/cyfitter_cfg.c **** 		uint8 tmpco;
 146:.\Generated_Source\PSoC4/cyfitter_cfg.c **** 	} CYPACKED_ATTR imo_trim_entry_t;
 147:.\Generated_Source\PSoC4/cyfitter_cfg.c **** 
 148:.\Generated_Source\PSoC4/cyfitter_cfg.c **** 	CYPACKED typedef struct {
 149:.\Generated_Source\PSoC4/cyfitter_cfg.c **** 		imo_trim_entry_t entries[4];
 150:.\Generated_Source\PSoC4/cyfitter_cfg.c **** 	} CYPACKED_ATTR imo_trim_table_t;
 151:.\Generated_Source\PSoC4/cyfitter_cfg.c **** 
 152:.\Generated_Source\PSoC4/cyfitter_cfg.c **** 	static const imo_trim_table_t *imo_trim_table = (const imo_trim_table_t *)CYREG_SFLASH_IMO_MAXF0;
 153:.\Generated_Source\PSoC4/cyfitter_cfg.c **** 	static const uint32 IMO_TRIM_FREQ_TABLE_ENTRIES = sizeof(imo_trim_table->entries)/sizeof(imo_trim_
 154:.\Generated_Source\PSoC4/cyfitter_cfg.c **** 
 155:.\Generated_Source\PSoC4/cyfitter_cfg.c **** 	int32 imoTrimIndex;
 156:.\Generated_Source\PSoC4/cyfitter_cfg.c **** 	uint8 setAbs;
 157:.\Generated_Source\PSoC4/cyfitter_cfg.c **** 	uint8 setTmpCo;
 158:.\Generated_Source\PSoC4/cyfitter_cfg.c **** 
 159:.\Generated_Source\PSoC4/cyfitter_cfg.c **** 	/* Traverse the SFLASH IMO frequency-dependent bandgap trim table to
 160:.\Generated_Source\PSoC4/cyfitter_cfg.c **** 	 * locate the appropriate value to trim the IMO bandgap based on freq. */
 161:.\Generated_Source\PSoC4/cyfitter_cfg.c **** 	setAbs = CY_GET_REG8((const void *)CYREG_SFLASH_IMO_ABS4);
 156              		.loc 1 161 0
 157 000c 224A     		ldr	r2, .L8
 158 000e 3B1C     		mov	r3, r7
 159 0010 0B33     		add	r3, r3, #11
 160 0012 1278     		ldrb	r2, [r2]
 161 0014 1A70     		strb	r2, [r3]
 162:.\Generated_Source\PSoC4/cyfitter_cfg.c **** 	setTmpCo = CY_GET_REG8((const void *)CYREG_SFLASH_IMO_TMPCO4);
 162              		.loc 1 162 0
 163 0016 214A     		ldr	r2, .L8+4
 164 0018 3B1C     		mov	r3, r7
 165 001a 0A33     		add	r3, r3, #10
 166 001c 1278     		ldrb	r2, [r2]
 167 001e 1A70     		strb	r2, [r3]
 163:.\Generated_Source\PSoC4/cyfitter_cfg.c **** 	for (imoTrimIndex = ((int32)IMO_TRIM_FREQ_TABLE_ENTRIES)-1;
 168              		.loc 1 163 0
 169 0020 1F4B     		ldr	r3, .L8+8
 170 0022 1B68     		ldr	r3, [r3]
 171 0024 013B     		sub	r3, r3, #1
 172 0026 FB60     		str	r3, [r7, #12]
 173 0028 1AE0     		b	.L5
 174              	.L7:
 164:.\Generated_Source\PSoC4/cyfitter_cfg.c **** 	     (imoTrimIndex >= 0) && (imoFreq <= imo_trim_table->entries[imoTrimIndex].freq);
 165:.\Generated_Source\PSoC4/cyfitter_cfg.c **** 	     imoTrimIndex--)
 166:.\Generated_Source\PSoC4/cyfitter_cfg.c **** 	{
 167:.\Generated_Source\PSoC4/cyfitter_cfg.c **** 		setAbs = imo_trim_table->entries[imoTrimIndex].absolute;
 175              		.loc 1 167 0
ARM GAS  C:\Users\Eric\AppData\Local\Temp\ccw41wHu.s 			page 7


 176 002a 1E4B     		ldr	r3, .L8+12
 177 002c 1868     		ldr	r0, [r3]
 178 002e 391C     		mov	r1, r7
 179 0030 0B31     		add	r1, r1, #11
 180 0032 FA68     		ldr	r2, [r7, #12]
 181 0034 131C     		mov	r3, r2
 182 0036 5B00     		lsl	r3, r3, #1
 183 0038 9B18     		add	r3, r3, r2
 184 003a C318     		add	r3, r0, r3
 185 003c 0133     		add	r3, r3, #1
 186 003e 1B78     		ldrb	r3, [r3]
 187 0040 0B70     		strb	r3, [r1]
 168:.\Generated_Source\PSoC4/cyfitter_cfg.c **** 		setTmpCo = imo_trim_table->entries[imoTrimIndex].tmpco;
 188              		.loc 1 168 0
 189 0042 184B     		ldr	r3, .L8+12
 190 0044 1868     		ldr	r0, [r3]
 191 0046 391C     		mov	r1, r7
 192 0048 0A31     		add	r1, r1, #10
 193 004a FA68     		ldr	r2, [r7, #12]
 194 004c 131C     		mov	r3, r2
 195 004e 5B00     		lsl	r3, r3, #1
 196 0050 9B18     		add	r3, r3, r2
 197 0052 C318     		add	r3, r0, r3
 198 0054 0233     		add	r3, r3, #2
 199 0056 1B78     		ldrb	r3, [r3]
 200 0058 0B70     		strb	r3, [r1]
 165:.\Generated_Source\PSoC4/cyfitter_cfg.c **** 	     imoTrimIndex--)
 201              		.loc 1 165 0
 202 005a FB68     		ldr	r3, [r7, #12]
 203 005c 013B     		sub	r3, r3, #1
 204 005e FB60     		str	r3, [r7, #12]
 205              	.L5:
 163:.\Generated_Source\PSoC4/cyfitter_cfg.c **** 	for (imoTrimIndex = ((int32)IMO_TRIM_FREQ_TABLE_ENTRIES)-1;
 206              		.loc 1 163 0 discriminator 1
 207 0060 FB68     		ldr	r3, [r7, #12]
 208 0062 002B     		cmp	r3, #0
 209 0064 0ADB     		blt	.L6
 164:.\Generated_Source\PSoC4/cyfitter_cfg.c **** 	     (imoTrimIndex >= 0) && (imoFreq <= imo_trim_table->entries[imoTrimIndex].freq);
 210              		.loc 1 164 0
 211 0066 0F4B     		ldr	r3, .L8+12
 212 0068 1968     		ldr	r1, [r3]
 213 006a FA68     		ldr	r2, [r7, #12]
 214 006c 131C     		mov	r3, r2
 215 006e 5B00     		lsl	r3, r3, #1
 216 0070 9B18     		add	r3, r3, r2
 217 0072 5B5C     		ldrb	r3, [r3, r1]
 218 0074 FA1D     		add	r2, r7, #7
 219 0076 1278     		ldrb	r2, [r2]
 220 0078 9A42     		cmp	r2, r3
 221 007a D6D9     		bls	.L7
 222              	.L6:
 169:.\Generated_Source\PSoC4/cyfitter_cfg.c **** 	}
 170:.\Generated_Source\PSoC4/cyfitter_cfg.c **** 
 171:.\Generated_Source\PSoC4/cyfitter_cfg.c **** 	CY_SET_REG32((void *)CYREG_PWR_BG_TRIM4, setAbs);
 223              		.loc 1 171 0
 224 007c 0A4B     		ldr	r3, .L8+16
 225 007e 3A1C     		mov	r2, r7
ARM GAS  C:\Users\Eric\AppData\Local\Temp\ccw41wHu.s 			page 8


 226 0080 0B32     		add	r2, r2, #11
 227 0082 1278     		ldrb	r2, [r2]
 228 0084 1A60     		str	r2, [r3]
 172:.\Generated_Source\PSoC4/cyfitter_cfg.c **** 	CY_SET_REG32((void *)CYREG_PWR_BG_TRIM5, setTmpCo);
 229              		.loc 1 172 0
 230 0086 094B     		ldr	r3, .L8+20
 231 0088 3A1C     		mov	r2, r7
 232 008a 0A32     		add	r2, r2, #10
 233 008c 1278     		ldrb	r2, [r2]
 234 008e 1A60     		str	r2, [r3]
 173:.\Generated_Source\PSoC4/cyfitter_cfg.c **** }
 235              		.loc 1 173 0
 236 0090 BD46     		mov	sp, r7
 237 0092 04B0     		add	sp, sp, #16
 238              		@ sp needed for prologue
 239 0094 80BD     		pop	{r7, pc}
 240              	.L9:
 241 0096 C046     		.align	2
 242              	.L8:
 243 0098 CCF1FF0F 		.word	268431820
 244 009c CDF1FF0F 		.word	268431821
 245 00a0 0C000000 		.word	IMO_TRIM_FREQ_TABLE_ENTRIES.4621
 246 00a4 00000000 		.word	imo_trim_table.4620
 247 00a8 1CFF0B40 		.word	1074528028
 248 00ac 20FF0B40 		.word	1074528032
 249              		.cfi_endproc
 250              	.LFE3:
 251              		.size	SetIMOBGTrims, .-SetIMOBGTrims
 252              		.align	2
 253              		.code	16
 254              		.thumb_func
 255              		.type	ClockSetup, %function
 256              	ClockSetup:
 257              	.LFB4:
 174:.\Generated_Source\PSoC4/cyfitter_cfg.c **** 
 175:.\Generated_Source\PSoC4/cyfitter_cfg.c **** 
 176:.\Generated_Source\PSoC4/cyfitter_cfg.c **** 
 177:.\Generated_Source\PSoC4/cyfitter_cfg.c **** /*******************************************************************************
 178:.\Generated_Source\PSoC4/cyfitter_cfg.c **** * Function Name: ClockSetup
 179:.\Generated_Source\PSoC4/cyfitter_cfg.c **** ********************************************************************************
 180:.\Generated_Source\PSoC4/cyfitter_cfg.c **** *
 181:.\Generated_Source\PSoC4/cyfitter_cfg.c **** * Summary:
 182:.\Generated_Source\PSoC4/cyfitter_cfg.c **** *   Performs the initialization of all of the clocks in the device based on the
 183:.\Generated_Source\PSoC4/cyfitter_cfg.c **** *   settings in the Clock tab of the DWR.  This includes enabling the requested
 184:.\Generated_Source\PSoC4/cyfitter_cfg.c **** *   clocks and setting the necessary dividers to produce the desired frequency. 
 185:.\Generated_Source\PSoC4/cyfitter_cfg.c **** *
 186:.\Generated_Source\PSoC4/cyfitter_cfg.c **** * Parameters:
 187:.\Generated_Source\PSoC4/cyfitter_cfg.c **** *   void
 188:.\Generated_Source\PSoC4/cyfitter_cfg.c **** *
 189:.\Generated_Source\PSoC4/cyfitter_cfg.c **** * Return:
 190:.\Generated_Source\PSoC4/cyfitter_cfg.c **** *   void
 191:.\Generated_Source\PSoC4/cyfitter_cfg.c **** *
 192:.\Generated_Source\PSoC4/cyfitter_cfg.c **** *******************************************************************************/
 193:.\Generated_Source\PSoC4/cyfitter_cfg.c **** static void ClockSetup(void);
 194:.\Generated_Source\PSoC4/cyfitter_cfg.c **** CY_CFG_SECTION
 195:.\Generated_Source\PSoC4/cyfitter_cfg.c **** static void ClockSetup(void)
 196:.\Generated_Source\PSoC4/cyfitter_cfg.c **** {
ARM GAS  C:\Users\Eric\AppData\Local\Temp\ccw41wHu.s 			page 9


 258              		.loc 1 196 0
 259              		.cfi_startproc
 260 00b0 80B5     		push	{r7, lr}
 261              	.LCFI12:
 262              		.cfi_def_cfa_offset 8
 263              		.cfi_offset 7, -8
 264              		.cfi_offset 14, -4
 265 00b2 00AF     		add	r7, sp, #0
 266              	.LCFI13:
 267              		.cfi_def_cfa_register 7
 197:.\Generated_Source\PSoC4/cyfitter_cfg.c **** 	/* Enable HALF_EN before trimming for the flash accelerator. */
 198:.\Generated_Source\PSoC4/cyfitter_cfg.c **** 	CY_SET_REG32((void CYXDATA *)(CYREG_CLK_SELECT), (CY_GET_REG32((void *)CYREG_CLK_SELECT) | 0x00040
 268              		.loc 1 198 0
 269 00b4 164B     		ldr	r3, .L11
 270 00b6 164A     		ldr	r2, .L11
 271 00b8 1268     		ldr	r2, [r2]
 272 00ba 8021     		mov	r1, #128
 273 00bc C902     		lsl	r1, r1, #11
 274 00be 0A43     		orr	r2, r1
 275 00c0 1A60     		str	r2, [r3]
 199:.\Generated_Source\PSoC4/cyfitter_cfg.c **** 
 200:.\Generated_Source\PSoC4/cyfitter_cfg.c **** 	/* Trim IMO BG based on desired frequency. */
 201:.\Generated_Source\PSoC4/cyfitter_cfg.c **** 	SetIMOBGTrims(24u);
 276              		.loc 1 201 0
 277 00c2 1820     		mov	r0, #24
 278 00c4 FFF79CFF 		bl	SetIMOBGTrims
 202:.\Generated_Source\PSoC4/cyfitter_cfg.c **** 
 203:.\Generated_Source\PSoC4/cyfitter_cfg.c **** 	/* Going less than or equal to 24MHz, so update the clock speed then adjust trim value. */
 204:.\Generated_Source\PSoC4/cyfitter_cfg.c **** 	CY_SET_REG32((void CYXDATA *)(CYREG_CLK_IMO_TRIM2), (25u));
 279              		.loc 1 204 0
 280 00c8 124B     		ldr	r3, .L11+4
 281 00ca 1922     		mov	r2, #25
 282 00cc 1A60     		str	r2, [r3]
 205:.\Generated_Source\PSoC4/cyfitter_cfg.c **** 	CyDelayCycles(5u);
 283              		.loc 1 205 0
 284 00ce 0520     		mov	r0, #5
 285 00d0 FFF7FEFF 		bl	CyDelayCycles
 206:.\Generated_Source\PSoC4/cyfitter_cfg.c **** 	CY_SET_REG32((void CYXDATA *)(CYREG_CLK_IMO_TRIM1), (CY_GET_REG8((void *)CYREG_SFLASH_IMO_TRIM21))
 286              		.loc 1 206 0
 287 00d4 104B     		ldr	r3, .L11+8
 288 00d6 114A     		ldr	r2, .L11+12
 289 00d8 1278     		ldrb	r2, [r2]
 290 00da D2B2     		uxtb	r2, r2
 291 00dc 1A60     		str	r2, [r3]
 207:.\Generated_Source\PSoC4/cyfitter_cfg.c **** 	CyDelayUs(5u);
 292              		.loc 1 207 0
 293 00de 0520     		mov	r0, #5
 294 00e0 FFF7FEFF 		bl	CyDelayUs
 208:.\Generated_Source\PSoC4/cyfitter_cfg.c **** 
 209:.\Generated_Source\PSoC4/cyfitter_cfg.c **** 	/* Disable HALF_EN since it is not required at this IMO frequency. */
 210:.\Generated_Source\PSoC4/cyfitter_cfg.c **** 	CY_SET_REG32((void CYXDATA *)(CYREG_CLK_SELECT), (CY_GET_REG32((void *)CYREG_CLK_SELECT) & 0xFFFBF
 295              		.loc 1 210 0
 296 00e4 0A4B     		ldr	r3, .L11
 297 00e6 0A4A     		ldr	r2, .L11
 298 00e8 1168     		ldr	r1, [r2]
 299 00ea 0D4A     		ldr	r2, .L11+16
 300 00ec 0A40     		and	r2, r1
ARM GAS  C:\Users\Eric\AppData\Local\Temp\ccw41wHu.s 			page 10


 301 00ee 1A60     		str	r2, [r3]
 211:.\Generated_Source\PSoC4/cyfitter_cfg.c **** 
 212:.\Generated_Source\PSoC4/cyfitter_cfg.c **** 	/* CYDEV_CLK_SELECT00 Starting address: CYDEV_CLK_SELECT00 */
 213:.\Generated_Source\PSoC4/cyfitter_cfg.c **** 	CY_SET_XTND_REG32((void CYFAR *)(CYREG_CLK_SELECT02), 0x00000010u);
 302              		.loc 1 213 0
 303 00f0 0C4B     		ldr	r3, .L11+20
 304 00f2 1022     		mov	r2, #16
 305 00f4 1A60     		str	r2, [r3]
 214:.\Generated_Source\PSoC4/cyfitter_cfg.c **** 
 215:.\Generated_Source\PSoC4/cyfitter_cfg.c **** 	/* CYDEV_CLK_IMO_CONFIG Starting address: CYDEV_CLK_IMO_CONFIG */
 216:.\Generated_Source\PSoC4/cyfitter_cfg.c **** 	CY_SET_XTND_REG32((void CYFAR *)(CYREG_CLK_IMO_CONFIG), 0x80000000u);
 306              		.loc 1 216 0
 307 00f6 0C4B     		ldr	r3, .L11+24
 308 00f8 8022     		mov	r2, #128
 309 00fa 1206     		lsl	r2, r2, #24
 310 00fc 1A60     		str	r2, [r3]
 217:.\Generated_Source\PSoC4/cyfitter_cfg.c **** 
 218:.\Generated_Source\PSoC4/cyfitter_cfg.c **** 	/* CYDEV_CLK_ILO_CONFIG Starting address: CYDEV_CLK_ILO_CONFIG */
 219:.\Generated_Source\PSoC4/cyfitter_cfg.c **** 	CY_SET_XTND_REG32((void CYFAR *)(CYREG_CLK_ILO_CONFIG), 0x80000000u);
 311              		.loc 1 219 0
 312 00fe 0B4B     		ldr	r3, .L11+28
 313 0100 8022     		mov	r2, #128
 314 0102 1206     		lsl	r2, r2, #24
 315 0104 1A60     		str	r2, [r3]
 220:.\Generated_Source\PSoC4/cyfitter_cfg.c **** 
 221:.\Generated_Source\PSoC4/cyfitter_cfg.c **** 	/* CYDEV_CLK_DIVIDER_A00 Starting address: CYDEV_CLK_DIVIDER_A00 */
 222:.\Generated_Source\PSoC4/cyfitter_cfg.c **** 	CY_SET_XTND_REG32((void CYFAR *)(CYREG_CLK_DIVIDER_A00), 0x8000000Eu);
 316              		.loc 1 222 0
 317 0106 0A4B     		ldr	r3, .L11+32
 318 0108 0A4A     		ldr	r2, .L11+36
 319 010a 1A60     		str	r2, [r3]
 223:.\Generated_Source\PSoC4/cyfitter_cfg.c **** 
 224:.\Generated_Source\PSoC4/cyfitter_cfg.c **** }
 320              		.loc 1 224 0
 321 010c BD46     		mov	sp, r7
 322              		@ sp needed for prologue
 323 010e 80BD     		pop	{r7, pc}
 324              	.L12:
 325              		.align	2
 326              	.L11:
 327 0110 00010B40 		.word	1074462976
 328 0114 2CFF0B40 		.word	1074528044
 329 0118 28FF0B40 		.word	1074528040
 330 011c E5F1FF0F 		.word	268431845
 331 0120 FFFFFBFF 		.word	-262145
 332 0124 08020240 		.word	1073873416
 333 0128 08010B40 		.word	1074462984
 334 012c 04010B40 		.word	1074462980
 335 0130 00000240 		.word	1073872896
 336 0134 0E000080 		.word	-2147483634
 337              		.cfi_endproc
 338              	.LFE4:
 339              		.size	ClockSetup, .-ClockSetup
 340              		.section	.text.AnalogSetDefault,"ax",%progbits
 341              		.align	2
 342              		.code	16
 343              		.thumb_func
ARM GAS  C:\Users\Eric\AppData\Local\Temp\ccw41wHu.s 			page 11


 344              		.type	AnalogSetDefault, %function
 345              	AnalogSetDefault:
 346              	.LFB5:
 225:.\Generated_Source\PSoC4/cyfitter_cfg.c **** 
 226:.\Generated_Source\PSoC4/cyfitter_cfg.c **** 
 227:.\Generated_Source\PSoC4/cyfitter_cfg.c **** /* Analog API Functions */
 228:.\Generated_Source\PSoC4/cyfitter_cfg.c **** 
 229:.\Generated_Source\PSoC4/cyfitter_cfg.c **** 
 230:.\Generated_Source\PSoC4/cyfitter_cfg.c **** /*******************************************************************************
 231:.\Generated_Source\PSoC4/cyfitter_cfg.c **** * Function Name: AnalogSetDefault
 232:.\Generated_Source\PSoC4/cyfitter_cfg.c **** ********************************************************************************
 233:.\Generated_Source\PSoC4/cyfitter_cfg.c **** *
 234:.\Generated_Source\PSoC4/cyfitter_cfg.c **** * Summary:
 235:.\Generated_Source\PSoC4/cyfitter_cfg.c **** *  Sets up the analog portions of the chip to default values based on chip
 236:.\Generated_Source\PSoC4/cyfitter_cfg.c **** *  configuration options from the project.
 237:.\Generated_Source\PSoC4/cyfitter_cfg.c **** *
 238:.\Generated_Source\PSoC4/cyfitter_cfg.c **** * Parameters:
 239:.\Generated_Source\PSoC4/cyfitter_cfg.c **** *  void
 240:.\Generated_Source\PSoC4/cyfitter_cfg.c **** *
 241:.\Generated_Source\PSoC4/cyfitter_cfg.c **** * Return:
 242:.\Generated_Source\PSoC4/cyfitter_cfg.c **** *  void
 243:.\Generated_Source\PSoC4/cyfitter_cfg.c **** *
 244:.\Generated_Source\PSoC4/cyfitter_cfg.c **** *******************************************************************************/
 245:.\Generated_Source\PSoC4/cyfitter_cfg.c **** static void AnalogSetDefault(void);
 246:.\Generated_Source\PSoC4/cyfitter_cfg.c **** static void AnalogSetDefault(void)
 247:.\Generated_Source\PSoC4/cyfitter_cfg.c **** {
 347              		.loc 1 247 0
 348              		.cfi_startproc
 349 0000 80B5     		push	{r7, lr}
 350              	.LCFI14:
 351              		.cfi_def_cfa_offset 8
 352              		.cfi_offset 7, -8
 353              		.cfi_offset 14, -4
 354 0002 00AF     		add	r7, sp, #0
 355              	.LCFI15:
 356              		.cfi_def_cfa_register 7
 248:.\Generated_Source\PSoC4/cyfitter_cfg.c **** }
 357              		.loc 1 248 0
 358 0004 BD46     		mov	sp, r7
 359              		@ sp needed for prologue
 360 0006 80BD     		pop	{r7, pc}
 361              		.cfi_endproc
 362              	.LFE5:
 363              		.size	AnalogSetDefault, .-AnalogSetDefault
 364              		.section	.psocinit
 365              		.align	2
 366              		.global	cyfitter_cfg
 367              		.code	16
 368              		.thumb_func
 369              		.type	cyfitter_cfg, %function
 370              	cyfitter_cfg:
 371              	.LFB6:
 249:.\Generated_Source\PSoC4/cyfitter_cfg.c **** 
 250:.\Generated_Source\PSoC4/cyfitter_cfg.c **** #define CY_AMUX_UNUSED CYREG_CM0_ROM_DWT
 251:.\Generated_Source\PSoC4/cyfitter_cfg.c **** 
 252:.\Generated_Source\PSoC4/cyfitter_cfg.c **** 
 253:.\Generated_Source\PSoC4/cyfitter_cfg.c **** /*******************************************************************************
ARM GAS  C:\Users\Eric\AppData\Local\Temp\ccw41wHu.s 			page 12


 254:.\Generated_Source\PSoC4/cyfitter_cfg.c **** * Function Name: cyfitter_cfg
 255:.\Generated_Source\PSoC4/cyfitter_cfg.c **** ********************************************************************************
 256:.\Generated_Source\PSoC4/cyfitter_cfg.c **** * Summary:
 257:.\Generated_Source\PSoC4/cyfitter_cfg.c **** *  This function is called by the start-up code for the selected device. It
 258:.\Generated_Source\PSoC4/cyfitter_cfg.c **** *  performs all of the necessary device configuration based on the design
 259:.\Generated_Source\PSoC4/cyfitter_cfg.c **** *  settings.  This includes settings from the Design Wide Resources (DWR) such
 260:.\Generated_Source\PSoC4/cyfitter_cfg.c **** *  as Clocks and Pins as well as any component configuration that is necessary.
 261:.\Generated_Source\PSoC4/cyfitter_cfg.c **** *
 262:.\Generated_Source\PSoC4/cyfitter_cfg.c **** * Parameters:  
 263:.\Generated_Source\PSoC4/cyfitter_cfg.c **** *   void
 264:.\Generated_Source\PSoC4/cyfitter_cfg.c **** *
 265:.\Generated_Source\PSoC4/cyfitter_cfg.c **** * Return:
 266:.\Generated_Source\PSoC4/cyfitter_cfg.c **** *   void
 267:.\Generated_Source\PSoC4/cyfitter_cfg.c **** *
 268:.\Generated_Source\PSoC4/cyfitter_cfg.c **** *******************************************************************************/
 269:.\Generated_Source\PSoC4/cyfitter_cfg.c **** CY_CFG_SECTION
 270:.\Generated_Source\PSoC4/cyfitter_cfg.c **** void cyfitter_cfg(void)
 271:.\Generated_Source\PSoC4/cyfitter_cfg.c **** {
 372              		.loc 1 271 0
 373              		.cfi_startproc
 374 0138 80B5     		push	{r7, lr}
 375              	.LCFI16:
 376              		.cfi_def_cfa_offset 8
 377              		.cfi_offset 7, -8
 378              		.cfi_offset 14, -4
 379 013a 82B0     		sub	sp, sp, #8
 380              	.LCFI17:
 381              		.cfi_def_cfa_offset 16
 382 013c 00AF     		add	r7, sp, #0
 383              	.LCFI18:
 384              		.cfi_def_cfa_register 7
 272:.\Generated_Source\PSoC4/cyfitter_cfg.c **** 	/* Disable interrupts by default. Let user enable if/when they want. */
 273:.\Generated_Source\PSoC4/cyfitter_cfg.c **** 	CyGlobalIntDisable;
 385              		.loc 1 273 0
 386              	@ 273 ".\Generated_Source\PSoC4\cyfitter_cfg.c" 1
 387 013e 72B6     		CPSID   i
 388              	@ 0 "" 2
 389              		.code	16
 390              	.LBB2:
 274:.\Generated_Source\PSoC4/cyfitter_cfg.c **** 
 275:.\Generated_Source\PSoC4/cyfitter_cfg.c **** 	{
 276:.\Generated_Source\PSoC4/cyfitter_cfg.c **** 
 277:.\Generated_Source\PSoC4/cyfitter_cfg.c **** 		CYPACKED typedef struct {
 278:.\Generated_Source\PSoC4/cyfitter_cfg.c **** 			void CYFAR *address;
 279:.\Generated_Source\PSoC4/cyfitter_cfg.c **** 			uint16 size;
 280:.\Generated_Source\PSoC4/cyfitter_cfg.c **** 		} CYPACKED_ATTR cfg_memset_t;
 281:.\Generated_Source\PSoC4/cyfitter_cfg.c **** 
 282:.\Generated_Source\PSoC4/cyfitter_cfg.c **** 		static const cfg_memset_t CYCODE cfg_memset_list [] = {
 283:.\Generated_Source\PSoC4/cyfitter_cfg.c **** 			/* address, size */
 284:.\Generated_Source\PSoC4/cyfitter_cfg.c **** 			{(void CYFAR *)(CYDEV_UDB_P0_U0_BASE), 1024u},
 285:.\Generated_Source\PSoC4/cyfitter_cfg.c **** 			{(void CYFAR *)(CYDEV_UDB_DSI0_BASE), 1024u},
 286:.\Generated_Source\PSoC4/cyfitter_cfg.c **** 		};
 287:.\Generated_Source\PSoC4/cyfitter_cfg.c **** 
 288:.\Generated_Source\PSoC4/cyfitter_cfg.c **** 		uint8 CYDATA i;
 289:.\Generated_Source\PSoC4/cyfitter_cfg.c **** 
 290:.\Generated_Source\PSoC4/cyfitter_cfg.c **** 		/* Zero out critical memory blocks before beginning configuration */
 291:.\Generated_Source\PSoC4/cyfitter_cfg.c **** 		for (i = 0u; i < (sizeof(cfg_memset_list)/sizeof(cfg_memset_list[0])); i++)
ARM GAS  C:\Users\Eric\AppData\Local\Temp\ccw41wHu.s 			page 13


 391              		.loc 1 291 0
 392 0140 FB1D     		add	r3, r7, #7
 393 0142 0022     		mov	r2, #0
 394 0144 1A70     		strb	r2, [r3]
 395 0146 23E0     		b	.L15
 396              	.L16:
 397              	.LBB3:
 292:.\Generated_Source\PSoC4/cyfitter_cfg.c **** 		{
 293:.\Generated_Source\PSoC4/cyfitter_cfg.c **** 			const cfg_memset_t CYCODE * CYDATA ms = &cfg_memset_list[i];
 398              		.loc 1 293 0 discriminator 2
 399 0148 FB1D     		add	r3, r7, #7
 400 014a 1A78     		ldrb	r2, [r3]
 401 014c 131C     		mov	r3, r2
 402 014e 5B00     		lsl	r3, r3, #1
 403 0150 9B18     		add	r3, r3, r2
 404 0152 5B00     		lsl	r3, r3, #1
 405 0154 264A     		ldr	r2, .L17
 406 0156 9B18     		add	r3, r3, r2
 407 0158 3B60     		str	r3, [r7]
 294:.\Generated_Source\PSoC4/cyfitter_cfg.c **** 			CYMEMZERO(ms->address, (uint32)(ms->size));
 408              		.loc 1 294 0 discriminator 2
 409 015a 3B68     		ldr	r3, [r7]
 410 015c 1A78     		ldrb	r2, [r3]
 411 015e 5978     		ldrb	r1, [r3, #1]
 412 0160 0902     		lsl	r1, r1, #8
 413 0162 0A43     		orr	r2, r1
 414 0164 9978     		ldrb	r1, [r3, #2]
 415 0166 0904     		lsl	r1, r1, #16
 416 0168 0A43     		orr	r2, r1
 417 016a DB78     		ldrb	r3, [r3, #3]
 418 016c 1B06     		lsl	r3, r3, #24
 419 016e 1343     		orr	r3, r2
 420 0170 1A1C     		mov	r2, r3
 421 0172 3B68     		ldr	r3, [r7]
 422 0174 1979     		ldrb	r1, [r3, #4]
 423 0176 5B79     		ldrb	r3, [r3, #5]
 424 0178 1B02     		lsl	r3, r3, #8
 425 017a 0B43     		orr	r3, r1
 426 017c 9BB2     		uxth	r3, r3
 427 017e 101C     		mov	r0, r2
 428 0180 191C     		mov	r1, r3
 429 0182 FFF7FEFF 		bl	CYMEMZERO
 430              	.LBE3:
 291:.\Generated_Source\PSoC4/cyfitter_cfg.c **** 		for (i = 0u; i < (sizeof(cfg_memset_list)/sizeof(cfg_memset_list[0])); i++)
 431              		.loc 1 291 0 discriminator 2
 432 0186 FB1D     		add	r3, r7, #7
 433 0188 FA1D     		add	r2, r7, #7
 434 018a 1278     		ldrb	r2, [r2]
 435 018c 0132     		add	r2, r2, #1
 436 018e 1A70     		strb	r2, [r3]
 437              	.L15:
 291:.\Generated_Source\PSoC4/cyfitter_cfg.c **** 		for (i = 0u; i < (sizeof(cfg_memset_list)/sizeof(cfg_memset_list[0])); i++)
 438              		.loc 1 291 0 is_stmt 0 discriminator 1
 439 0190 FB1D     		add	r3, r7, #7
 440 0192 1B78     		ldrb	r3, [r3]
 441 0194 012B     		cmp	r3, #1
 442 0196 D7D9     		bls	.L16
ARM GAS  C:\Users\Eric\AppData\Local\Temp\ccw41wHu.s 			page 14


 295:.\Generated_Source\PSoC4/cyfitter_cfg.c **** 		}
 296:.\Generated_Source\PSoC4/cyfitter_cfg.c **** 
 297:.\Generated_Source\PSoC4/cyfitter_cfg.c **** 		/* HSIOM Starting address: CYDEV_HSIOM_BASE */
 298:.\Generated_Source\PSoC4/cyfitter_cfg.c **** 		CY_SET_XTND_REG32((void CYFAR *)(CYREG_HSIOM_PORT_SEL3), 0x0000EE00u);
 443              		.loc 1 298 0 is_stmt 1
 444 0198 164B     		ldr	r3, .L17+4
 445 019a EE22     		mov	r2, #238
 446 019c 1202     		lsl	r2, r2, #8
 447 019e 1A60     		str	r2, [r3]
 299:.\Generated_Source\PSoC4/cyfitter_cfg.c **** 		CY_SET_XTND_REG32((void CYFAR *)(CYREG_HSIOM_PORT_SEL4), 0x000000EEu);
 448              		.loc 1 299 0
 449 01a0 154B     		ldr	r3, .L17+8
 450 01a2 EE22     		mov	r2, #238
 451 01a4 1A60     		str	r2, [r3]
 300:.\Generated_Source\PSoC4/cyfitter_cfg.c **** 
 301:.\Generated_Source\PSoC4/cyfitter_cfg.c **** 		/* IOPINS0_3 Starting address: CYDEV_PRT3_DR */
 302:.\Generated_Source\PSoC4/cyfitter_cfg.c **** 		CY_SET_XTND_REG32((void CYFAR *)(CYREG_PRT3_PC), 0x00000D80u);
 452              		.loc 1 302 0
 453 01a6 154B     		ldr	r3, .L17+12
 454 01a8 D822     		mov	r2, #216
 455 01aa 1201     		lsl	r2, r2, #4
 456 01ac 1A60     		str	r2, [r3]
 303:.\Generated_Source\PSoC4/cyfitter_cfg.c **** 
 304:.\Generated_Source\PSoC4/cyfitter_cfg.c **** 		/* IOPINS0_4 Starting address: CYDEV_PRT4_DR */
 305:.\Generated_Source\PSoC4/cyfitter_cfg.c **** 		CY_SET_XTND_REG32((void CYFAR *)(CYREG_PRT4_DR), 0x00000003u);
 457              		.loc 1 305 0
 458 01ae 144B     		ldr	r3, .L17+16
 459 01b0 0322     		mov	r2, #3
 460 01b2 1A60     		str	r2, [r3]
 306:.\Generated_Source\PSoC4/cyfitter_cfg.c **** 		CY_SET_XTND_REG32((void CYFAR *)(CYREG_PRT4_PC), 0x00000024u);
 461              		.loc 1 306 0
 462 01b4 134B     		ldr	r3, .L17+20
 463 01b6 2422     		mov	r2, #36
 464 01b8 1A60     		str	r2, [r3]
 307:.\Generated_Source\PSoC4/cyfitter_cfg.c **** 
 308:.\Generated_Source\PSoC4/cyfitter_cfg.c **** 		/* UDB_PA_3 Starting address: CYDEV_UDB_PA3_BASE */
 309:.\Generated_Source\PSoC4/cyfitter_cfg.c **** 		CY_SET_XTND_REG32((void CYFAR *)(CYDEV_UDB_PA3_BASE), 0x00990000u);
 465              		.loc 1 309 0
 466 01ba 134B     		ldr	r3, .L17+24
 467 01bc 9922     		mov	r2, #153
 468 01be 1204     		lsl	r2, r2, #16
 469 01c0 1A60     		str	r2, [r3]
 310:.\Generated_Source\PSoC4/cyfitter_cfg.c **** 
 311:.\Generated_Source\PSoC4/cyfitter_cfg.c **** 		/* Enable digital routing */
 312:.\Generated_Source\PSoC4/cyfitter_cfg.c **** 		CY_SET_XTND_REG8((void *)CYREG_UDB_UDBIF_BANK_CTL, CY_GET_XTND_REG8((void *)CYREG_UDB_UDBIF_BANK_
 470              		.loc 1 312 0
 471 01c2 124B     		ldr	r3, .L17+28
 472 01c4 114A     		ldr	r2, .L17+28
 473 01c6 1278     		ldrb	r2, [r2]
 474 01c8 D2B2     		uxtb	r2, r2
 475 01ca 0221     		mov	r1, #2
 476 01cc 0A43     		orr	r2, r1
 477 01ce D2B2     		uxtb	r2, r2
 478 01d0 1A70     		strb	r2, [r3]
 313:.\Generated_Source\PSoC4/cyfitter_cfg.c **** 
 314:.\Generated_Source\PSoC4/cyfitter_cfg.c **** 		/* Enable UDB array */
 315:.\Generated_Source\PSoC4/cyfitter_cfg.c **** 		CY_SET_XTND_REG8((void *)CYREG_UDB_UDBIF_BANK_CTL, CY_GET_XTND_REG8((void *)CYREG_UDB_UDBIF_BANK_
ARM GAS  C:\Users\Eric\AppData\Local\Temp\ccw41wHu.s 			page 15


 479              		.loc 1 315 0
 480 01d2 0E4B     		ldr	r3, .L17+28
 481 01d4 0D4A     		ldr	r2, .L17+28
 482 01d6 1278     		ldrb	r2, [r2]
 483 01d8 D2B2     		uxtb	r2, r2
 484 01da 0621     		mov	r1, #6
 485 01dc 0A43     		orr	r2, r1
 486 01de D2B2     		uxtb	r2, r2
 487 01e0 1A70     		strb	r2, [r3]
 488              	.LBE2:
 316:.\Generated_Source\PSoC4/cyfitter_cfg.c **** 	}
 317:.\Generated_Source\PSoC4/cyfitter_cfg.c **** 
 318:.\Generated_Source\PSoC4/cyfitter_cfg.c **** 	/* Setup clocks based on selections from Clock DWR */
 319:.\Generated_Source\PSoC4/cyfitter_cfg.c **** 	ClockSetup();
 489              		.loc 1 319 0
 490 01e2 FFF765FF 		bl	ClockSetup
 320:.\Generated_Source\PSoC4/cyfitter_cfg.c **** 
 321:.\Generated_Source\PSoC4/cyfitter_cfg.c **** 	/* Perform basic analog initialization to defaults */
 322:.\Generated_Source\PSoC4/cyfitter_cfg.c **** 	AnalogSetDefault();
 491              		.loc 1 322 0
 492 01e6 FFF7FEFF 		bl	AnalogSetDefault
 323:.\Generated_Source\PSoC4/cyfitter_cfg.c **** 
 324:.\Generated_Source\PSoC4/cyfitter_cfg.c **** }
 493              		.loc 1 324 0
 494 01ea BD46     		mov	sp, r7
 495 01ec 02B0     		add	sp, sp, #8
 496              		@ sp needed for prologue
 497 01ee 80BD     		pop	{r7, pc}
 498              	.L18:
 499              		.align	2
 500              	.L17:
 501 01f0 00000000 		.word	cfg_memset_list.4645
 502 01f4 0C000140 		.word	1073807372
 503 01f8 10000140 		.word	1073807376
 504 01fc 08030440 		.word	1074004744
 505 0200 00040440 		.word	1074004992
 506 0204 08040440 		.word	1074005000
 507 0208 30500F40 		.word	1074745392
 508 020c 00700F40 		.word	1074753536
 509              		.cfi_endproc
 510              	.LFE6:
 511              		.size	cyfitter_cfg, .-cyfitter_cfg
 512              		.section	.rodata
 513              		.align	2
 514              		.type	cfg_memset_list.4645, %object
 515              		.size	cfg_memset_list.4645, 12
 516              	cfg_memset_list.4645:
 517 0000 00300F40 		.word	1074737152
 518 0004 0004     		.short	1024
 519 0006 00400F40 		.4byte	1074741248
 520 000a 0004     		.short	1024
 521              		.align	2
 522              		.type	IMO_TRIM_FREQ_TABLE_ENTRIES.4621, %object
 523              		.size	IMO_TRIM_FREQ_TABLE_ENTRIES.4621, 4
 524              	IMO_TRIM_FREQ_TABLE_ENTRIES.4621:
 525 000c 04000000 		.word	4
 526              		.data
ARM GAS  C:\Users\Eric\AppData\Local\Temp\ccw41wHu.s 			page 16


 527              		.align	2
 528              		.type	imo_trim_table.4620, %object
 529              		.size	imo_trim_table.4620, 4
 530              	imo_trim_table.4620:
 531 0000 C0F1FF0F 		.word	268431808
 532              		.text
 533              	.Letext0:
 534              		.file 2 "e:\\program files (x86)\\cypress\\psoc creator\\3.0\\psoc creator\\import\\gnu_cs\\arm\\4
 535              		.file 3 "./Generated_Source/PSoC4/cytypes.h"
 536              		.section	.debug_info,"",%progbits
 537              	.Ldebug_info0:
 538 0000 69030000 		.4byte	0x369
 539 0004 0200     		.2byte	0x2
 540 0006 00000000 		.4byte	.Ldebug_abbrev0
 541 000a 04       		.byte	0x4
 542 000b 01       		.uleb128 0x1
 543 000c 0B020000 		.4byte	.LASF43
 544 0010 01       		.byte	0x1
 545 0011 AA010000 		.4byte	.LASF44
 546 0015 1E000000 		.4byte	.LASF45
 547 0019 00000000 		.4byte	.Ldebug_ranges0+0
 548 001d 00000000 		.4byte	0
 549 0021 00000000 		.4byte	0
 550 0025 00000000 		.4byte	.Ldebug_line0
 551 0029 02       		.uleb128 0x2
 552 002a 01       		.byte	0x1
 553 002b 06       		.byte	0x6
 554 002c 7B020000 		.4byte	.LASF0
 555 0030 02       		.uleb128 0x2
 556 0031 01       		.byte	0x1
 557 0032 08       		.byte	0x8
 558 0033 0C010000 		.4byte	.LASF1
 559 0037 02       		.uleb128 0x2
 560 0038 02       		.byte	0x2
 561 0039 05       		.byte	0x5
 562 003a B0000000 		.4byte	.LASF2
 563 003e 02       		.uleb128 0x2
 564 003f 02       		.byte	0x2
 565 0040 07       		.byte	0x7
 566 0041 9D000000 		.4byte	.LASF3
 567 0045 03       		.uleb128 0x3
 568 0046 04       		.byte	0x4
 569 0047 05       		.byte	0x5
 570 0048 696E7400 		.ascii	"int\000"
 571 004c 02       		.uleb128 0x2
 572 004d 04       		.byte	0x4
 573 004e 07       		.byte	0x7
 574 004f 53010000 		.4byte	.LASF4
 575 0053 02       		.uleb128 0x2
 576 0054 08       		.byte	0x8
 577 0055 05       		.byte	0x5
 578 0056 E4010000 		.4byte	.LASF5
 579 005a 02       		.uleb128 0x2
 580 005b 08       		.byte	0x8
 581 005c 07       		.byte	0x7
 582 005d 75010000 		.4byte	.LASF6
 583 0061 02       		.uleb128 0x2
ARM GAS  C:\Users\Eric\AppData\Local\Temp\ccw41wHu.s 			page 17


 584 0062 04       		.byte	0x4
 585 0063 05       		.byte	0x5
 586 0064 63020000 		.4byte	.LASF7
 587 0068 02       		.uleb128 0x2
 588 0069 04       		.byte	0x4
 589 006a 07       		.byte	0x7
 590 006b D2010000 		.4byte	.LASF8
 591 006f 04       		.uleb128 0x4
 592 0070 04       		.byte	0x4
 593 0071 02       		.uleb128 0x2
 594 0072 04       		.byte	0x4
 595 0073 07       		.byte	0x7
 596 0074 EA000000 		.4byte	.LASF9
 597 0078 02       		.uleb128 0x2
 598 0079 01       		.byte	0x1
 599 007a 08       		.byte	0x8
 600 007b F2010000 		.4byte	.LASF10
 601 007f 05       		.uleb128 0x5
 602 0080 06000000 		.4byte	.LASF11
 603 0084 02       		.byte	0x2
 604 0085 D5       		.byte	0xd5
 605 0086 4C000000 		.4byte	0x4c
 606 008a 05       		.uleb128 0x5
 607 008b 05020000 		.4byte	.LASF12
 608 008f 03       		.byte	0x3
 609 0090 5B       		.byte	0x5b
 610 0091 30000000 		.4byte	0x30
 611 0095 05       		.uleb128 0x5
 612 0096 45010000 		.4byte	.LASF13
 613 009a 03       		.byte	0x3
 614 009b 5C       		.byte	0x5c
 615 009c 3E000000 		.4byte	0x3e
 616 00a0 05       		.uleb128 0x5
 617 00a1 4C010000 		.4byte	.LASF14
 618 00a5 03       		.byte	0x3
 619 00a6 5D       		.byte	0x5d
 620 00a7 71000000 		.4byte	0x71
 621 00ab 05       		.uleb128 0x5
 622 00ac FC000000 		.4byte	.LASF15
 623 00b0 03       		.byte	0x3
 624 00b1 60       		.byte	0x60
 625 00b2 61000000 		.4byte	0x61
 626 00b6 02       		.uleb128 0x2
 627 00b7 04       		.byte	0x4
 628 00b8 04       		.byte	0x4
 629 00b9 C8000000 		.4byte	.LASF16
 630 00bd 02       		.uleb128 0x2
 631 00be 08       		.byte	0x8
 632 00bf 04       		.byte	0x4
 633 00c0 1A010000 		.4byte	.LASF17
 634 00c4 05       		.uleb128 0x5
 635 00c5 E5000000 		.4byte	.LASF18
 636 00c9 03       		.byte	0x3
 637 00ca F0       		.byte	0xf0
 638 00cb CF000000 		.4byte	0xcf
 639 00cf 06       		.uleb128 0x6
 640 00d0 8A000000 		.4byte	0x8a
ARM GAS  C:\Users\Eric\AppData\Local\Temp\ccw41wHu.s 			page 18


 641 00d4 05       		.uleb128 0x5
 642 00d5 00000000 		.4byte	.LASF19
 643 00d9 03       		.byte	0x3
 644 00da F2       		.byte	0xf2
 645 00db DF000000 		.4byte	0xdf
 646 00df 06       		.uleb128 0x6
 647 00e0 A0000000 		.4byte	0xa0
 648 00e4 07       		.uleb128 0x7
 649 00e5 02010000 		.4byte	.LASF20
 650 00e9 01       		.byte	0x1
 651 00ea 39       		.byte	0x39
 652 00eb 01       		.byte	0x1
 653 00ec 00000000 		.4byte	.LFB0
 654 00f0 1E000000 		.4byte	.LFE0
 655 00f4 00000000 		.4byte	.LLST0
 656 00f8 01       		.byte	0x1
 657 00f9 16010000 		.4byte	0x116
 658 00fd 08       		.uleb128 0x8
 659 00fe 7300     		.ascii	"s\000"
 660 0100 01       		.byte	0x1
 661 0101 39       		.byte	0x39
 662 0102 6F000000 		.4byte	0x6f
 663 0106 02       		.byte	0x2
 664 0107 91       		.byte	0x91
 665 0108 74       		.sleb128 -12
 666 0109 08       		.uleb128 0x8
 667 010a 6E00     		.ascii	"n\000"
 668 010c 01       		.byte	0x1
 669 010d 39       		.byte	0x39
 670 010e 7F000000 		.4byte	0x7f
 671 0112 02       		.byte	0x2
 672 0113 91       		.byte	0x91
 673 0114 70       		.sleb128 -16
 674 0115 00       		.byte	0
 675 0116 07       		.uleb128 0x7
 676 0117 97020000 		.4byte	.LASF21
 677 011b 01       		.byte	0x1
 678 011c 40       		.byte	0x40
 679 011d 01       		.byte	0x1
 680 011e 00000000 		.4byte	.LFB1
 681 0122 22000000 		.4byte	.LFE1
 682 0126 38000000 		.4byte	.LLST1
 683 012a 01       		.byte	0x1
 684 012b 58010000 		.4byte	0x158
 685 012f 09       		.uleb128 0x9
 686 0130 DB000000 		.4byte	.LASF22
 687 0134 01       		.byte	0x1
 688 0135 40       		.byte	0x40
 689 0136 6F000000 		.4byte	0x6f
 690 013a 02       		.byte	0x2
 691 013b 91       		.byte	0x91
 692 013c 74       		.sleb128 -12
 693 013d 08       		.uleb128 0x8
 694 013e 73726300 		.ascii	"src\000"
 695 0142 01       		.byte	0x1
 696 0143 40       		.byte	0x40
 697 0144 58010000 		.4byte	0x158
ARM GAS  C:\Users\Eric\AppData\Local\Temp\ccw41wHu.s 			page 19


 698 0148 02       		.byte	0x2
 699 0149 91       		.byte	0x91
 700 014a 70       		.sleb128 -16
 701 014b 08       		.uleb128 0x8
 702 014c 6E00     		.ascii	"n\000"
 703 014e 01       		.byte	0x1
 704 014f 40       		.byte	0x40
 705 0150 7F000000 		.4byte	0x7f
 706 0154 02       		.byte	0x2
 707 0155 91       		.byte	0x91
 708 0156 6C       		.sleb128 -20
 709 0157 00       		.byte	0
 710 0158 0A       		.uleb128 0xa
 711 0159 04       		.byte	0x4
 712 015a 5E010000 		.4byte	0x15e
 713 015e 0B       		.uleb128 0xb
 714 015f 07       		.uleb128 0x7
 715 0160 87020000 		.4byte	.LASF23
 716 0164 01       		.byte	0x1
 717 0165 47       		.byte	0x47
 718 0166 01       		.byte	0x1
 719 0167 00000000 		.4byte	.LFB2
 720 016b 22000000 		.4byte	.LFE2
 721 016f 70000000 		.4byte	.LLST2
 722 0173 01       		.byte	0x1
 723 0174 A1010000 		.4byte	0x1a1
 724 0178 09       		.uleb128 0x9
 725 0179 DB000000 		.4byte	.LASF22
 726 017d 01       		.byte	0x1
 727 017e 47       		.byte	0x47
 728 017f 6F000000 		.4byte	0x6f
 729 0183 02       		.byte	0x2
 730 0184 91       		.byte	0x91
 731 0185 74       		.sleb128 -12
 732 0186 08       		.uleb128 0x8
 733 0187 73726300 		.ascii	"src\000"
 734 018b 01       		.byte	0x1
 735 018c 47       		.byte	0x47
 736 018d 58010000 		.4byte	0x158
 737 0191 02       		.byte	0x2
 738 0192 91       		.byte	0x91
 739 0193 70       		.sleb128 -16
 740 0194 08       		.uleb128 0x8
 741 0195 6E00     		.ascii	"n\000"
 742 0197 01       		.byte	0x1
 743 0198 47       		.byte	0x47
 744 0199 7F000000 		.4byte	0x7f
 745 019d 02       		.byte	0x2
 746 019e 91       		.byte	0x91
 747 019f 6C       		.sleb128 -20
 748 01a0 00       		.byte	0
 749 01a1 0C       		.uleb128 0xc
 750 01a2 BA000000 		.4byte	.LASF24
 751 01a6 01       		.byte	0x1
 752 01a7 8C       		.byte	0x8c
 753 01a8 01       		.byte	0x1
 754 01a9 00000000 		.4byte	.LFB3
ARM GAS  C:\Users\Eric\AppData\Local\Temp\ccw41wHu.s 			page 20


 755 01ad B0000000 		.4byte	.LFE3
 756 01b1 A8000000 		.4byte	.LLST3
 757 01b5 01       		.byte	0x1
 758 01b6 90020000 		.4byte	0x290
 759 01ba 09       		.uleb128 0x9
 760 01bb 21010000 		.4byte	.LASF25
 761 01bf 01       		.byte	0x1
 762 01c0 8C       		.byte	0x8c
 763 01c1 8A000000 		.4byte	0x8a
 764 01c5 02       		.byte	0x2
 765 01c6 91       		.byte	0x91
 766 01c7 6F       		.sleb128 -17
 767 01c8 0D       		.uleb128 0xd
 768 01c9 03       		.byte	0x3
 769 01ca 01       		.byte	0x1
 770 01cb 8E       		.byte	0x8e
 771 01cc FB010000 		.4byte	0x1fb
 772 01d0 0E       		.uleb128 0xe
 773 01d1 00020000 		.4byte	.LASF26
 774 01d5 01       		.byte	0x1
 775 01d6 8F       		.byte	0x8f
 776 01d7 8A000000 		.4byte	0x8a
 777 01db 02       		.byte	0x2
 778 01dc 23       		.byte	0x23
 779 01dd 00       		.uleb128 0
 780 01de 0E       		.uleb128 0xe
 781 01df F7010000 		.4byte	.LASF27
 782 01e3 01       		.byte	0x1
 783 01e4 90       		.byte	0x90
 784 01e5 8A000000 		.4byte	0x8a
 785 01e9 02       		.byte	0x2
 786 01ea 23       		.byte	0x23
 787 01eb 01       		.uleb128 0x1
 788 01ec 0E       		.uleb128 0xe
 789 01ed 97000000 		.4byte	.LASF28
 790 01f1 01       		.byte	0x1
 791 01f2 91       		.byte	0x91
 792 01f3 8A000000 		.4byte	0x8a
 793 01f7 02       		.byte	0x2
 794 01f8 23       		.byte	0x23
 795 01f9 02       		.uleb128 0x2
 796 01fa 00       		.byte	0
 797 01fb 05       		.uleb128 0x5
 798 01fc 6B000000 		.4byte	.LASF29
 799 0200 01       		.byte	0x1
 800 0201 92       		.byte	0x92
 801 0202 C8010000 		.4byte	0x1c8
 802 0206 0D       		.uleb128 0xd
 803 0207 0C       		.byte	0xc
 804 0208 01       		.byte	0x1
 805 0209 94       		.byte	0x94
 806 020a 2D020000 		.4byte	0x22d
 807 020e 0F       		.uleb128 0xf
 808 020f FB010000 		.4byte	0x1fb
 809 0213 1E020000 		.4byte	0x21e
 810 0217 10       		.uleb128 0x10
 811 0218 68000000 		.4byte	0x68
ARM GAS  C:\Users\Eric\AppData\Local\Temp\ccw41wHu.s 			page 21


 812 021c 03       		.byte	0x3
 813 021d 00       		.byte	0
 814 021e 0E       		.uleb128 0xe
 815 021f 6C020000 		.4byte	.LASF30
 816 0223 01       		.byte	0x1
 817 0224 95       		.byte	0x95
 818 0225 0E020000 		.4byte	0x20e
 819 0229 02       		.byte	0x2
 820 022a 23       		.byte	0x23
 821 022b 00       		.uleb128 0
 822 022c 00       		.byte	0
 823 022d 05       		.uleb128 0x5
 824 022e 8C010000 		.4byte	.LASF31
 825 0232 01       		.byte	0x1
 826 0233 96       		.byte	0x96
 827 0234 06020000 		.4byte	0x206
 828 0238 11       		.uleb128 0x11
 829 0239 54020000 		.4byte	.LASF32
 830 023d 01       		.byte	0x1
 831 023e 98       		.byte	0x98
 832 023f 49020000 		.4byte	0x249
 833 0243 05       		.byte	0x5
 834 0244 03       		.byte	0x3
 835 0245 00000000 		.4byte	imo_trim_table.4620
 836 0249 0A       		.uleb128 0xa
 837 024a 04       		.byte	0x4
 838 024b 4F020000 		.4byte	0x24f
 839 024f 12       		.uleb128 0x12
 840 0250 2D020000 		.4byte	0x22d
 841 0254 11       		.uleb128 0x11
 842 0255 29010000 		.4byte	.LASF33
 843 0259 01       		.byte	0x1
 844 025a 99       		.byte	0x99
 845 025b 90020000 		.4byte	0x290
 846 025f 05       		.byte	0x5
 847 0260 03       		.byte	0x3
 848 0261 0C000000 		.4byte	IMO_TRIM_FREQ_TABLE_ENTRIES.4621
 849 0265 11       		.uleb128 0x11
 850 0266 CE000000 		.4byte	.LASF34
 851 026a 01       		.byte	0x1
 852 026b 9B       		.byte	0x9b
 853 026c AB000000 		.4byte	0xab
 854 0270 02       		.byte	0x2
 855 0271 91       		.byte	0x91
 856 0272 74       		.sleb128 -12
 857 0273 11       		.uleb128 0x11
 858 0274 74020000 		.4byte	.LASF35
 859 0278 01       		.byte	0x1
 860 0279 9C       		.byte	0x9c
 861 027a 8A000000 		.4byte	0x8a
 862 027e 02       		.byte	0x2
 863 027f 91       		.byte	0x91
 864 0280 73       		.sleb128 -13
 865 0281 11       		.uleb128 0x11
 866 0282 DB010000 		.4byte	.LASF36
 867 0286 01       		.byte	0x1
 868 0287 9D       		.byte	0x9d
ARM GAS  C:\Users\Eric\AppData\Local\Temp\ccw41wHu.s 			page 22


 869 0288 8A000000 		.4byte	0x8a
 870 028c 02       		.byte	0x2
 871 028d 91       		.byte	0x91
 872 028e 72       		.sleb128 -14
 873 028f 00       		.byte	0
 874 0290 12       		.uleb128 0x12
 875 0291 A0000000 		.4byte	0xa0
 876 0295 13       		.uleb128 0x13
 877 0296 8C000000 		.4byte	.LASF37
 878 029a 01       		.byte	0x1
 879 029b C3       		.byte	0xc3
 880 029c 01       		.byte	0x1
 881 029d B0000000 		.4byte	.LFB4
 882 02a1 38010000 		.4byte	.LFE4
 883 02a5 E0000000 		.4byte	.LLST4
 884 02a9 01       		.byte	0x1
 885 02aa 14       		.uleb128 0x14
 886 02ab 0D000000 		.4byte	.LASF38
 887 02af 01       		.byte	0x1
 888 02b0 F6       		.byte	0xf6
 889 02b1 01       		.byte	0x1
 890 02b2 00000000 		.4byte	.LFB5
 891 02b6 08000000 		.4byte	.LFE5
 892 02ba 0C010000 		.4byte	.LLST5
 893 02be 01       		.byte	0x1
 894 02bf 15       		.uleb128 0x15
 895 02c0 01       		.byte	0x1
 896 02c1 60010000 		.4byte	.LASF46
 897 02c5 01       		.byte	0x1
 898 02c6 0E01     		.2byte	0x10e
 899 02c8 01       		.byte	0x1
 900 02c9 38010000 		.4byte	.LFB6
 901 02cd 10020000 		.4byte	.LFE6
 902 02d1 38010000 		.4byte	.LLST6
 903 02d5 01       		.byte	0x1
 904 02d6 16       		.uleb128 0x16
 905 02d7 40010000 		.4byte	.LBB2
 906 02db E2010000 		.4byte	.LBE2
 907 02df 17       		.uleb128 0x17
 908 02e0 06       		.byte	0x6
 909 02e1 01       		.byte	0x1
 910 02e2 1501     		.2byte	0x115
 911 02e4 07030000 		.4byte	0x307
 912 02e8 18       		.uleb128 0x18
 913 02e9 6D010000 		.4byte	.LASF39
 914 02ed 01       		.byte	0x1
 915 02ee 1601     		.2byte	0x116
 916 02f0 6F000000 		.4byte	0x6f
 917 02f4 02       		.byte	0x2
 918 02f5 23       		.byte	0x23
 919 02f6 00       		.uleb128 0
 920 02f7 18       		.uleb128 0x18
 921 02f8 E0000000 		.4byte	.LASF40
 922 02fc 01       		.byte	0x1
 923 02fd 1701     		.2byte	0x117
 924 02ff 95000000 		.4byte	0x95
 925 0303 02       		.byte	0x2
ARM GAS  C:\Users\Eric\AppData\Local\Temp\ccw41wHu.s 			page 23


 926 0304 23       		.byte	0x23
 927 0305 04       		.uleb128 0x4
 928 0306 00       		.byte	0
 929 0307 19       		.uleb128 0x19
 930 0308 9D010000 		.4byte	.LASF41
 931 030c 01       		.byte	0x1
 932 030d 1801     		.2byte	0x118
 933 030f DF020000 		.4byte	0x2df
 934 0313 0F       		.uleb128 0xf
 935 0314 07030000 		.4byte	0x307
 936 0318 23030000 		.4byte	0x323
 937 031c 10       		.uleb128 0x10
 938 031d 68000000 		.4byte	0x68
 939 0321 01       		.byte	0x1
 940 0322 00       		.byte	0
 941 0323 1A       		.uleb128 0x1a
 942 0324 7C000000 		.4byte	.LASF42
 943 0328 01       		.byte	0x1
 944 0329 1A01     		.2byte	0x11a
 945 032b 35030000 		.4byte	0x335
 946 032f 05       		.byte	0x5
 947 0330 03       		.byte	0x3
 948 0331 00000000 		.4byte	cfg_memset_list.4645
 949 0335 12       		.uleb128 0x12
 950 0336 13030000 		.4byte	0x313
 951 033a 1B       		.uleb128 0x1b
 952 033b 6900     		.ascii	"i\000"
 953 033d 01       		.byte	0x1
 954 033e 2001     		.2byte	0x120
 955 0340 8A000000 		.4byte	0x8a
 956 0344 02       		.byte	0x2
 957 0345 91       		.byte	0x91
 958 0346 77       		.sleb128 -9
 959 0347 16       		.uleb128 0x16
 960 0348 48010000 		.4byte	.LBB3
 961 034c 86010000 		.4byte	.LBE3
 962 0350 1B       		.uleb128 0x1b
 963 0351 6D7300   		.ascii	"ms\000"
 964 0354 01       		.byte	0x1
 965 0355 2501     		.2byte	0x125
 966 0357 5E030000 		.4byte	0x35e
 967 035b 02       		.byte	0x2
 968 035c 91       		.byte	0x91
 969 035d 70       		.sleb128 -16
 970 035e 0A       		.uleb128 0xa
 971 035f 04       		.byte	0x4
 972 0360 64030000 		.4byte	0x364
 973 0364 12       		.uleb128 0x12
 974 0365 07030000 		.4byte	0x307
 975 0369 00       		.byte	0
 976 036a 00       		.byte	0
 977 036b 00       		.byte	0
 978 036c 00       		.byte	0
 979              		.section	.debug_abbrev,"",%progbits
 980              	.Ldebug_abbrev0:
 981 0000 01       		.uleb128 0x1
 982 0001 11       		.uleb128 0x11
ARM GAS  C:\Users\Eric\AppData\Local\Temp\ccw41wHu.s 			page 24


 983 0002 01       		.byte	0x1
 984 0003 25       		.uleb128 0x25
 985 0004 0E       		.uleb128 0xe
 986 0005 13       		.uleb128 0x13
 987 0006 0B       		.uleb128 0xb
 988 0007 03       		.uleb128 0x3
 989 0008 0E       		.uleb128 0xe
 990 0009 1B       		.uleb128 0x1b
 991 000a 0E       		.uleb128 0xe
 992 000b 55       		.uleb128 0x55
 993 000c 06       		.uleb128 0x6
 994 000d 11       		.uleb128 0x11
 995 000e 01       		.uleb128 0x1
 996 000f 52       		.uleb128 0x52
 997 0010 01       		.uleb128 0x1
 998 0011 10       		.uleb128 0x10
 999 0012 06       		.uleb128 0x6
 1000 0013 00       		.byte	0
 1001 0014 00       		.byte	0
 1002 0015 02       		.uleb128 0x2
 1003 0016 24       		.uleb128 0x24
 1004 0017 00       		.byte	0
 1005 0018 0B       		.uleb128 0xb
 1006 0019 0B       		.uleb128 0xb
 1007 001a 3E       		.uleb128 0x3e
 1008 001b 0B       		.uleb128 0xb
 1009 001c 03       		.uleb128 0x3
 1010 001d 0E       		.uleb128 0xe
 1011 001e 00       		.byte	0
 1012 001f 00       		.byte	0
 1013 0020 03       		.uleb128 0x3
 1014 0021 24       		.uleb128 0x24
 1015 0022 00       		.byte	0
 1016 0023 0B       		.uleb128 0xb
 1017 0024 0B       		.uleb128 0xb
 1018 0025 3E       		.uleb128 0x3e
 1019 0026 0B       		.uleb128 0xb
 1020 0027 03       		.uleb128 0x3
 1021 0028 08       		.uleb128 0x8
 1022 0029 00       		.byte	0
 1023 002a 00       		.byte	0
 1024 002b 04       		.uleb128 0x4
 1025 002c 0F       		.uleb128 0xf
 1026 002d 00       		.byte	0
 1027 002e 0B       		.uleb128 0xb
 1028 002f 0B       		.uleb128 0xb
 1029 0030 00       		.byte	0
 1030 0031 00       		.byte	0
 1031 0032 05       		.uleb128 0x5
 1032 0033 16       		.uleb128 0x16
 1033 0034 00       		.byte	0
 1034 0035 03       		.uleb128 0x3
 1035 0036 0E       		.uleb128 0xe
 1036 0037 3A       		.uleb128 0x3a
 1037 0038 0B       		.uleb128 0xb
 1038 0039 3B       		.uleb128 0x3b
 1039 003a 0B       		.uleb128 0xb
ARM GAS  C:\Users\Eric\AppData\Local\Temp\ccw41wHu.s 			page 25


 1040 003b 49       		.uleb128 0x49
 1041 003c 13       		.uleb128 0x13
 1042 003d 00       		.byte	0
 1043 003e 00       		.byte	0
 1044 003f 06       		.uleb128 0x6
 1045 0040 35       		.uleb128 0x35
 1046 0041 00       		.byte	0
 1047 0042 49       		.uleb128 0x49
 1048 0043 13       		.uleb128 0x13
 1049 0044 00       		.byte	0
 1050 0045 00       		.byte	0
 1051 0046 07       		.uleb128 0x7
 1052 0047 2E       		.uleb128 0x2e
 1053 0048 01       		.byte	0x1
 1054 0049 03       		.uleb128 0x3
 1055 004a 0E       		.uleb128 0xe
 1056 004b 3A       		.uleb128 0x3a
 1057 004c 0B       		.uleb128 0xb
 1058 004d 3B       		.uleb128 0x3b
 1059 004e 0B       		.uleb128 0xb
 1060 004f 27       		.uleb128 0x27
 1061 0050 0C       		.uleb128 0xc
 1062 0051 11       		.uleb128 0x11
 1063 0052 01       		.uleb128 0x1
 1064 0053 12       		.uleb128 0x12
 1065 0054 01       		.uleb128 0x1
 1066 0055 40       		.uleb128 0x40
 1067 0056 06       		.uleb128 0x6
 1068 0057 9642     		.uleb128 0x2116
 1069 0059 0C       		.uleb128 0xc
 1070 005a 01       		.uleb128 0x1
 1071 005b 13       		.uleb128 0x13
 1072 005c 00       		.byte	0
 1073 005d 00       		.byte	0
 1074 005e 08       		.uleb128 0x8
 1075 005f 05       		.uleb128 0x5
 1076 0060 00       		.byte	0
 1077 0061 03       		.uleb128 0x3
 1078 0062 08       		.uleb128 0x8
 1079 0063 3A       		.uleb128 0x3a
 1080 0064 0B       		.uleb128 0xb
 1081 0065 3B       		.uleb128 0x3b
 1082 0066 0B       		.uleb128 0xb
 1083 0067 49       		.uleb128 0x49
 1084 0068 13       		.uleb128 0x13
 1085 0069 02       		.uleb128 0x2
 1086 006a 0A       		.uleb128 0xa
 1087 006b 00       		.byte	0
 1088 006c 00       		.byte	0
 1089 006d 09       		.uleb128 0x9
 1090 006e 05       		.uleb128 0x5
 1091 006f 00       		.byte	0
 1092 0070 03       		.uleb128 0x3
 1093 0071 0E       		.uleb128 0xe
 1094 0072 3A       		.uleb128 0x3a
 1095 0073 0B       		.uleb128 0xb
 1096 0074 3B       		.uleb128 0x3b
ARM GAS  C:\Users\Eric\AppData\Local\Temp\ccw41wHu.s 			page 26


 1097 0075 0B       		.uleb128 0xb
 1098 0076 49       		.uleb128 0x49
 1099 0077 13       		.uleb128 0x13
 1100 0078 02       		.uleb128 0x2
 1101 0079 0A       		.uleb128 0xa
 1102 007a 00       		.byte	0
 1103 007b 00       		.byte	0
 1104 007c 0A       		.uleb128 0xa
 1105 007d 0F       		.uleb128 0xf
 1106 007e 00       		.byte	0
 1107 007f 0B       		.uleb128 0xb
 1108 0080 0B       		.uleb128 0xb
 1109 0081 49       		.uleb128 0x49
 1110 0082 13       		.uleb128 0x13
 1111 0083 00       		.byte	0
 1112 0084 00       		.byte	0
 1113 0085 0B       		.uleb128 0xb
 1114 0086 26       		.uleb128 0x26
 1115 0087 00       		.byte	0
 1116 0088 00       		.byte	0
 1117 0089 00       		.byte	0
 1118 008a 0C       		.uleb128 0xc
 1119 008b 2E       		.uleb128 0x2e
 1120 008c 01       		.byte	0x1
 1121 008d 03       		.uleb128 0x3
 1122 008e 0E       		.uleb128 0xe
 1123 008f 3A       		.uleb128 0x3a
 1124 0090 0B       		.uleb128 0xb
 1125 0091 3B       		.uleb128 0x3b
 1126 0092 0B       		.uleb128 0xb
 1127 0093 27       		.uleb128 0x27
 1128 0094 0C       		.uleb128 0xc
 1129 0095 11       		.uleb128 0x11
 1130 0096 01       		.uleb128 0x1
 1131 0097 12       		.uleb128 0x12
 1132 0098 01       		.uleb128 0x1
 1133 0099 40       		.uleb128 0x40
 1134 009a 06       		.uleb128 0x6
 1135 009b 9742     		.uleb128 0x2117
 1136 009d 0C       		.uleb128 0xc
 1137 009e 01       		.uleb128 0x1
 1138 009f 13       		.uleb128 0x13
 1139 00a0 00       		.byte	0
 1140 00a1 00       		.byte	0
 1141 00a2 0D       		.uleb128 0xd
 1142 00a3 13       		.uleb128 0x13
 1143 00a4 01       		.byte	0x1
 1144 00a5 0B       		.uleb128 0xb
 1145 00a6 0B       		.uleb128 0xb
 1146 00a7 3A       		.uleb128 0x3a
 1147 00a8 0B       		.uleb128 0xb
 1148 00a9 3B       		.uleb128 0x3b
 1149 00aa 0B       		.uleb128 0xb
 1150 00ab 01       		.uleb128 0x1
 1151 00ac 13       		.uleb128 0x13
 1152 00ad 00       		.byte	0
 1153 00ae 00       		.byte	0
ARM GAS  C:\Users\Eric\AppData\Local\Temp\ccw41wHu.s 			page 27


 1154 00af 0E       		.uleb128 0xe
 1155 00b0 0D       		.uleb128 0xd
 1156 00b1 00       		.byte	0
 1157 00b2 03       		.uleb128 0x3
 1158 00b3 0E       		.uleb128 0xe
 1159 00b4 3A       		.uleb128 0x3a
 1160 00b5 0B       		.uleb128 0xb
 1161 00b6 3B       		.uleb128 0x3b
 1162 00b7 0B       		.uleb128 0xb
 1163 00b8 49       		.uleb128 0x49
 1164 00b9 13       		.uleb128 0x13
 1165 00ba 38       		.uleb128 0x38
 1166 00bb 0A       		.uleb128 0xa
 1167 00bc 00       		.byte	0
 1168 00bd 00       		.byte	0
 1169 00be 0F       		.uleb128 0xf
 1170 00bf 01       		.uleb128 0x1
 1171 00c0 01       		.byte	0x1
 1172 00c1 49       		.uleb128 0x49
 1173 00c2 13       		.uleb128 0x13
 1174 00c3 01       		.uleb128 0x1
 1175 00c4 13       		.uleb128 0x13
 1176 00c5 00       		.byte	0
 1177 00c6 00       		.byte	0
 1178 00c7 10       		.uleb128 0x10
 1179 00c8 21       		.uleb128 0x21
 1180 00c9 00       		.byte	0
 1181 00ca 49       		.uleb128 0x49
 1182 00cb 13       		.uleb128 0x13
 1183 00cc 2F       		.uleb128 0x2f
 1184 00cd 0B       		.uleb128 0xb
 1185 00ce 00       		.byte	0
 1186 00cf 00       		.byte	0
 1187 00d0 11       		.uleb128 0x11
 1188 00d1 34       		.uleb128 0x34
 1189 00d2 00       		.byte	0
 1190 00d3 03       		.uleb128 0x3
 1191 00d4 0E       		.uleb128 0xe
 1192 00d5 3A       		.uleb128 0x3a
 1193 00d6 0B       		.uleb128 0xb
 1194 00d7 3B       		.uleb128 0x3b
 1195 00d8 0B       		.uleb128 0xb
 1196 00d9 49       		.uleb128 0x49
 1197 00da 13       		.uleb128 0x13
 1198 00db 02       		.uleb128 0x2
 1199 00dc 0A       		.uleb128 0xa
 1200 00dd 00       		.byte	0
 1201 00de 00       		.byte	0
 1202 00df 12       		.uleb128 0x12
 1203 00e0 26       		.uleb128 0x26
 1204 00e1 00       		.byte	0
 1205 00e2 49       		.uleb128 0x49
 1206 00e3 13       		.uleb128 0x13
 1207 00e4 00       		.byte	0
 1208 00e5 00       		.byte	0
 1209 00e6 13       		.uleb128 0x13
 1210 00e7 2E       		.uleb128 0x2e
ARM GAS  C:\Users\Eric\AppData\Local\Temp\ccw41wHu.s 			page 28


 1211 00e8 00       		.byte	0
 1212 00e9 03       		.uleb128 0x3
 1213 00ea 0E       		.uleb128 0xe
 1214 00eb 3A       		.uleb128 0x3a
 1215 00ec 0B       		.uleb128 0xb
 1216 00ed 3B       		.uleb128 0x3b
 1217 00ee 0B       		.uleb128 0xb
 1218 00ef 27       		.uleb128 0x27
 1219 00f0 0C       		.uleb128 0xc
 1220 00f1 11       		.uleb128 0x11
 1221 00f2 01       		.uleb128 0x1
 1222 00f3 12       		.uleb128 0x12
 1223 00f4 01       		.uleb128 0x1
 1224 00f5 40       		.uleb128 0x40
 1225 00f6 06       		.uleb128 0x6
 1226 00f7 9642     		.uleb128 0x2116
 1227 00f9 0C       		.uleb128 0xc
 1228 00fa 00       		.byte	0
 1229 00fb 00       		.byte	0
 1230 00fc 14       		.uleb128 0x14
 1231 00fd 2E       		.uleb128 0x2e
 1232 00fe 00       		.byte	0
 1233 00ff 03       		.uleb128 0x3
 1234 0100 0E       		.uleb128 0xe
 1235 0101 3A       		.uleb128 0x3a
 1236 0102 0B       		.uleb128 0xb
 1237 0103 3B       		.uleb128 0x3b
 1238 0104 0B       		.uleb128 0xb
 1239 0105 27       		.uleb128 0x27
 1240 0106 0C       		.uleb128 0xc
 1241 0107 11       		.uleb128 0x11
 1242 0108 01       		.uleb128 0x1
 1243 0109 12       		.uleb128 0x12
 1244 010a 01       		.uleb128 0x1
 1245 010b 40       		.uleb128 0x40
 1246 010c 06       		.uleb128 0x6
 1247 010d 9742     		.uleb128 0x2117
 1248 010f 0C       		.uleb128 0xc
 1249 0110 00       		.byte	0
 1250 0111 00       		.byte	0
 1251 0112 15       		.uleb128 0x15
 1252 0113 2E       		.uleb128 0x2e
 1253 0114 01       		.byte	0x1
 1254 0115 3F       		.uleb128 0x3f
 1255 0116 0C       		.uleb128 0xc
 1256 0117 03       		.uleb128 0x3
 1257 0118 0E       		.uleb128 0xe
 1258 0119 3A       		.uleb128 0x3a
 1259 011a 0B       		.uleb128 0xb
 1260 011b 3B       		.uleb128 0x3b
 1261 011c 05       		.uleb128 0x5
 1262 011d 27       		.uleb128 0x27
 1263 011e 0C       		.uleb128 0xc
 1264 011f 11       		.uleb128 0x11
 1265 0120 01       		.uleb128 0x1
 1266 0121 12       		.uleb128 0x12
 1267 0122 01       		.uleb128 0x1
ARM GAS  C:\Users\Eric\AppData\Local\Temp\ccw41wHu.s 			page 29


 1268 0123 40       		.uleb128 0x40
 1269 0124 06       		.uleb128 0x6
 1270 0125 9642     		.uleb128 0x2116
 1271 0127 0C       		.uleb128 0xc
 1272 0128 00       		.byte	0
 1273 0129 00       		.byte	0
 1274 012a 16       		.uleb128 0x16
 1275 012b 0B       		.uleb128 0xb
 1276 012c 01       		.byte	0x1
 1277 012d 11       		.uleb128 0x11
 1278 012e 01       		.uleb128 0x1
 1279 012f 12       		.uleb128 0x12
 1280 0130 01       		.uleb128 0x1
 1281 0131 00       		.byte	0
 1282 0132 00       		.byte	0
 1283 0133 17       		.uleb128 0x17
 1284 0134 13       		.uleb128 0x13
 1285 0135 01       		.byte	0x1
 1286 0136 0B       		.uleb128 0xb
 1287 0137 0B       		.uleb128 0xb
 1288 0138 3A       		.uleb128 0x3a
 1289 0139 0B       		.uleb128 0xb
 1290 013a 3B       		.uleb128 0x3b
 1291 013b 05       		.uleb128 0x5
 1292 013c 01       		.uleb128 0x1
 1293 013d 13       		.uleb128 0x13
 1294 013e 00       		.byte	0
 1295 013f 00       		.byte	0
 1296 0140 18       		.uleb128 0x18
 1297 0141 0D       		.uleb128 0xd
 1298 0142 00       		.byte	0
 1299 0143 03       		.uleb128 0x3
 1300 0144 0E       		.uleb128 0xe
 1301 0145 3A       		.uleb128 0x3a
 1302 0146 0B       		.uleb128 0xb
 1303 0147 3B       		.uleb128 0x3b
 1304 0148 05       		.uleb128 0x5
 1305 0149 49       		.uleb128 0x49
 1306 014a 13       		.uleb128 0x13
 1307 014b 38       		.uleb128 0x38
 1308 014c 0A       		.uleb128 0xa
 1309 014d 00       		.byte	0
 1310 014e 00       		.byte	0
 1311 014f 19       		.uleb128 0x19
 1312 0150 16       		.uleb128 0x16
 1313 0151 00       		.byte	0
 1314 0152 03       		.uleb128 0x3
 1315 0153 0E       		.uleb128 0xe
 1316 0154 3A       		.uleb128 0x3a
 1317 0155 0B       		.uleb128 0xb
 1318 0156 3B       		.uleb128 0x3b
 1319 0157 05       		.uleb128 0x5
 1320 0158 49       		.uleb128 0x49
 1321 0159 13       		.uleb128 0x13
 1322 015a 00       		.byte	0
 1323 015b 00       		.byte	0
 1324 015c 1A       		.uleb128 0x1a
ARM GAS  C:\Users\Eric\AppData\Local\Temp\ccw41wHu.s 			page 30


 1325 015d 34       		.uleb128 0x34
 1326 015e 00       		.byte	0
 1327 015f 03       		.uleb128 0x3
 1328 0160 0E       		.uleb128 0xe
 1329 0161 3A       		.uleb128 0x3a
 1330 0162 0B       		.uleb128 0xb
 1331 0163 3B       		.uleb128 0x3b
 1332 0164 05       		.uleb128 0x5
 1333 0165 49       		.uleb128 0x49
 1334 0166 13       		.uleb128 0x13
 1335 0167 02       		.uleb128 0x2
 1336 0168 0A       		.uleb128 0xa
 1337 0169 00       		.byte	0
 1338 016a 00       		.byte	0
 1339 016b 1B       		.uleb128 0x1b
 1340 016c 34       		.uleb128 0x34
 1341 016d 00       		.byte	0
 1342 016e 03       		.uleb128 0x3
 1343 016f 08       		.uleb128 0x8
 1344 0170 3A       		.uleb128 0x3a
 1345 0171 0B       		.uleb128 0xb
 1346 0172 3B       		.uleb128 0x3b
 1347 0173 05       		.uleb128 0x5
 1348 0174 49       		.uleb128 0x49
 1349 0175 13       		.uleb128 0x13
 1350 0176 02       		.uleb128 0x2
 1351 0177 0A       		.uleb128 0xa
 1352 0178 00       		.byte	0
 1353 0179 00       		.byte	0
 1354 017a 00       		.byte	0
 1355              		.section	.debug_loc,"",%progbits
 1356              	.Ldebug_loc0:
 1357              	.LLST0:
 1358 0000 00000000 		.4byte	.LFB0
 1359 0004 02000000 		.4byte	.LCFI0
 1360 0008 0200     		.2byte	0x2
 1361 000a 7D       		.byte	0x7d
 1362 000b 00       		.sleb128 0
 1363 000c 02000000 		.4byte	.LCFI0
 1364 0010 04000000 		.4byte	.LCFI1
 1365 0014 0200     		.2byte	0x2
 1366 0016 7D       		.byte	0x7d
 1367 0017 08       		.sleb128 8
 1368 0018 04000000 		.4byte	.LCFI1
 1369 001c 06000000 		.4byte	.LCFI2
 1370 0020 0200     		.2byte	0x2
 1371 0022 7D       		.byte	0x7d
 1372 0023 10       		.sleb128 16
 1373 0024 06000000 		.4byte	.LCFI2
 1374 0028 1E000000 		.4byte	.LFE0
 1375 002c 0200     		.2byte	0x2
 1376 002e 77       		.byte	0x77
 1377 002f 10       		.sleb128 16
 1378 0030 00000000 		.4byte	0
 1379 0034 00000000 		.4byte	0
 1380              	.LLST1:
 1381 0038 00000000 		.4byte	.LFB1
ARM GAS  C:\Users\Eric\AppData\Local\Temp\ccw41wHu.s 			page 31


 1382 003c 02000000 		.4byte	.LCFI3
 1383 0040 0200     		.2byte	0x2
 1384 0042 7D       		.byte	0x7d
 1385 0043 00       		.sleb128 0
 1386 0044 02000000 		.4byte	.LCFI3
 1387 0048 04000000 		.4byte	.LCFI4
 1388 004c 0200     		.2byte	0x2
 1389 004e 7D       		.byte	0x7d
 1390 004f 08       		.sleb128 8
 1391 0050 04000000 		.4byte	.LCFI4
 1392 0054 06000000 		.4byte	.LCFI5
 1393 0058 0200     		.2byte	0x2
 1394 005a 7D       		.byte	0x7d
 1395 005b 18       		.sleb128 24
 1396 005c 06000000 		.4byte	.LCFI5
 1397 0060 22000000 		.4byte	.LFE1
 1398 0064 0200     		.2byte	0x2
 1399 0066 77       		.byte	0x77
 1400 0067 18       		.sleb128 24
 1401 0068 00000000 		.4byte	0
 1402 006c 00000000 		.4byte	0
 1403              	.LLST2:
 1404 0070 00000000 		.4byte	.LFB2
 1405 0074 02000000 		.4byte	.LCFI6
 1406 0078 0200     		.2byte	0x2
 1407 007a 7D       		.byte	0x7d
 1408 007b 00       		.sleb128 0
 1409 007c 02000000 		.4byte	.LCFI6
 1410 0080 04000000 		.4byte	.LCFI7
 1411 0084 0200     		.2byte	0x2
 1412 0086 7D       		.byte	0x7d
 1413 0087 08       		.sleb128 8
 1414 0088 04000000 		.4byte	.LCFI7
 1415 008c 06000000 		.4byte	.LCFI8
 1416 0090 0200     		.2byte	0x2
 1417 0092 7D       		.byte	0x7d
 1418 0093 18       		.sleb128 24
 1419 0094 06000000 		.4byte	.LCFI8
 1420 0098 22000000 		.4byte	.LFE2
 1421 009c 0200     		.2byte	0x2
 1422 009e 77       		.byte	0x77
 1423 009f 18       		.sleb128 24
 1424 00a0 00000000 		.4byte	0
 1425 00a4 00000000 		.4byte	0
 1426              	.LLST3:
 1427 00a8 00000000 		.4byte	.LFB3
 1428 00ac 02000000 		.4byte	.LCFI9
 1429 00b0 0200     		.2byte	0x2
 1430 00b2 7D       		.byte	0x7d
 1431 00b3 00       		.sleb128 0
 1432 00b4 02000000 		.4byte	.LCFI9
 1433 00b8 04000000 		.4byte	.LCFI10
 1434 00bc 0200     		.2byte	0x2
 1435 00be 7D       		.byte	0x7d
 1436 00bf 08       		.sleb128 8
 1437 00c0 04000000 		.4byte	.LCFI10
 1438 00c4 06000000 		.4byte	.LCFI11
ARM GAS  C:\Users\Eric\AppData\Local\Temp\ccw41wHu.s 			page 32


 1439 00c8 0200     		.2byte	0x2
 1440 00ca 7D       		.byte	0x7d
 1441 00cb 18       		.sleb128 24
 1442 00cc 06000000 		.4byte	.LCFI11
 1443 00d0 B0000000 		.4byte	.LFE3
 1444 00d4 0200     		.2byte	0x2
 1445 00d6 77       		.byte	0x77
 1446 00d7 18       		.sleb128 24
 1447 00d8 00000000 		.4byte	0
 1448 00dc 00000000 		.4byte	0
 1449              	.LLST4:
 1450 00e0 B0000000 		.4byte	.LFB4
 1451 00e4 B2000000 		.4byte	.LCFI12
 1452 00e8 0200     		.2byte	0x2
 1453 00ea 7D       		.byte	0x7d
 1454 00eb 00       		.sleb128 0
 1455 00ec B2000000 		.4byte	.LCFI12
 1456 00f0 B4000000 		.4byte	.LCFI13
 1457 00f4 0200     		.2byte	0x2
 1458 00f6 7D       		.byte	0x7d
 1459 00f7 08       		.sleb128 8
 1460 00f8 B4000000 		.4byte	.LCFI13
 1461 00fc 38010000 		.4byte	.LFE4
 1462 0100 0200     		.2byte	0x2
 1463 0102 77       		.byte	0x77
 1464 0103 08       		.sleb128 8
 1465 0104 00000000 		.4byte	0
 1466 0108 00000000 		.4byte	0
 1467              	.LLST5:
 1468 010c 00000000 		.4byte	.LFB5
 1469 0110 02000000 		.4byte	.LCFI14
 1470 0114 0200     		.2byte	0x2
 1471 0116 7D       		.byte	0x7d
 1472 0117 00       		.sleb128 0
 1473 0118 02000000 		.4byte	.LCFI14
 1474 011c 04000000 		.4byte	.LCFI15
 1475 0120 0200     		.2byte	0x2
 1476 0122 7D       		.byte	0x7d
 1477 0123 08       		.sleb128 8
 1478 0124 04000000 		.4byte	.LCFI15
 1479 0128 08000000 		.4byte	.LFE5
 1480 012c 0200     		.2byte	0x2
 1481 012e 77       		.byte	0x77
 1482 012f 08       		.sleb128 8
 1483 0130 00000000 		.4byte	0
 1484 0134 00000000 		.4byte	0
 1485              	.LLST6:
 1486 0138 38010000 		.4byte	.LFB6
 1487 013c 3A010000 		.4byte	.LCFI16
 1488 0140 0200     		.2byte	0x2
 1489 0142 7D       		.byte	0x7d
 1490 0143 00       		.sleb128 0
 1491 0144 3A010000 		.4byte	.LCFI16
 1492 0148 3C010000 		.4byte	.LCFI17
 1493 014c 0200     		.2byte	0x2
 1494 014e 7D       		.byte	0x7d
 1495 014f 08       		.sleb128 8
ARM GAS  C:\Users\Eric\AppData\Local\Temp\ccw41wHu.s 			page 33


 1496 0150 3C010000 		.4byte	.LCFI17
 1497 0154 3E010000 		.4byte	.LCFI18
 1498 0158 0200     		.2byte	0x2
 1499 015a 7D       		.byte	0x7d
 1500 015b 10       		.sleb128 16
 1501 015c 3E010000 		.4byte	.LCFI18
 1502 0160 10020000 		.4byte	.LFE6
 1503 0164 0200     		.2byte	0x2
 1504 0166 77       		.byte	0x77
 1505 0167 10       		.sleb128 16
 1506 0168 00000000 		.4byte	0
 1507 016c 00000000 		.4byte	0
 1508              		.section	.debug_aranges,"",%progbits
 1509 0000 4C000000 		.4byte	0x4c
 1510 0004 0200     		.2byte	0x2
 1511 0006 00000000 		.4byte	.Ldebug_info0
 1512 000a 04       		.byte	0x4
 1513 000b 00       		.byte	0
 1514 000c 0000     		.2byte	0
 1515 000e 0000     		.2byte	0
 1516 0010 00000000 		.4byte	.LFB0
 1517 0014 1E000000 		.4byte	.LFE0-.LFB0
 1518 0018 00000000 		.4byte	.LFB1
 1519 001c 22000000 		.4byte	.LFE1-.LFB1
 1520 0020 00000000 		.4byte	.LFB2
 1521 0024 22000000 		.4byte	.LFE2-.LFB2
 1522 0028 00000000 		.4byte	.LFB3
 1523 002c B0000000 		.4byte	.LFE3-.LFB3
 1524 0030 B0000000 		.4byte	.LFB4
 1525 0034 88000000 		.4byte	.LFE4-.LFB4
 1526 0038 00000000 		.4byte	.LFB5
 1527 003c 08000000 		.4byte	.LFE5-.LFB5
 1528 0040 38010000 		.4byte	.LFB6
 1529 0044 D8000000 		.4byte	.LFE6-.LFB6
 1530 0048 00000000 		.4byte	0
 1531 004c 00000000 		.4byte	0
 1532              		.section	.debug_ranges,"",%progbits
 1533              	.Ldebug_ranges0:
 1534 0000 00000000 		.4byte	.LFB0
 1535 0004 1E000000 		.4byte	.LFE0
 1536 0008 00000000 		.4byte	.LFB1
 1537 000c 22000000 		.4byte	.LFE1
 1538 0010 00000000 		.4byte	.LFB2
 1539 0014 22000000 		.4byte	.LFE2
 1540 0018 00000000 		.4byte	.LFB3
 1541 001c B0000000 		.4byte	.LFE3
 1542 0020 B0000000 		.4byte	.LFB4
 1543 0024 38010000 		.4byte	.LFE4
 1544 0028 00000000 		.4byte	.LFB5
 1545 002c 08000000 		.4byte	.LFE5
 1546 0030 38010000 		.4byte	.LFB6
 1547 0034 10020000 		.4byte	.LFE6
 1548 0038 00000000 		.4byte	0
 1549 003c 00000000 		.4byte	0
 1550              		.section	.debug_line,"",%progbits
 1551              	.Ldebug_line0:
 1552 0000 7D010000 		.section	.debug_str,"MS",%progbits,1
ARM GAS  C:\Users\Eric\AppData\Local\Temp\ccw41wHu.s 			page 34


 1552      0200D700 
 1552      00000201 
 1552      FB0E0D00 
 1552      01010101 
 1553              	.LASF19:
 1554 0000 72656733 		.ascii	"reg32\000"
 1554      3200
 1555              	.LASF11:
 1556 0006 73697A65 		.ascii	"size_t\000"
 1556      5F7400
 1557              	.LASF38:
 1558 000d 416E616C 		.ascii	"AnalogSetDefault\000"
 1558      6F675365 
 1558      74446566 
 1558      61756C74 
 1558      00
 1559              	.LASF45:
 1560 001e 433A5C55 		.ascii	"C:\\Users\\Eric\\Documents\\GitHub\\Corner-Module\\"
 1560      73657273 
 1560      5C457269 
 1560      635C446F 
 1560      63756D65 
 1561 004b 436F726E 		.ascii	"CornerModule\\CornerModule.cydsn\000"
 1561      65724D6F 
 1561      64756C65 
 1561      5C436F72 
 1561      6E65724D 
 1562              	.LASF29:
 1563 006b 696D6F5F 		.ascii	"imo_trim_entry_t\000"
 1563      7472696D 
 1563      5F656E74 
 1563      72795F74 
 1563      00
 1564              	.LASF42:
 1565 007c 6366675F 		.ascii	"cfg_memset_list\000"
 1565      6D656D73 
 1565      65745F6C 
 1565      69737400 
 1566              	.LASF37:
 1567 008c 436C6F63 		.ascii	"ClockSetup\000"
 1567      6B536574 
 1567      757000
 1568              	.LASF28:
 1569 0097 746D7063 		.ascii	"tmpco\000"
 1569      6F00
 1570              	.LASF3:
 1571 009d 73686F72 		.ascii	"short unsigned int\000"
 1571      7420756E 
 1571      7369676E 
 1571      65642069 
 1571      6E7400
 1572              	.LASF2:
 1573 00b0 73686F72 		.ascii	"short int\000"
 1573      7420696E 
 1573      7400
 1574              	.LASF24:
 1575 00ba 53657449 		.ascii	"SetIMOBGTrims\000"
ARM GAS  C:\Users\Eric\AppData\Local\Temp\ccw41wHu.s 			page 35


 1575      4D4F4247 
 1575      5472696D 
 1575      7300
 1576              	.LASF16:
 1577 00c8 666C6F61 		.ascii	"float\000"
 1577      7400
 1578              	.LASF34:
 1579 00ce 696D6F54 		.ascii	"imoTrimIndex\000"
 1579      72696D49 
 1579      6E646578 
 1579      00
 1580              	.LASF22:
 1581 00db 64657374 		.ascii	"dest\000"
 1581      00
 1582              	.LASF40:
 1583 00e0 73697A65 		.ascii	"size\000"
 1583      00
 1584              	.LASF18:
 1585 00e5 72656738 		.ascii	"reg8\000"
 1585      00
 1586              	.LASF9:
 1587 00ea 6C6F6E67 		.ascii	"long unsigned int\000"
 1587      20756E73 
 1587      69676E65 
 1587      6420696E 
 1587      7400
 1588              	.LASF15:
 1589 00fc 696E7433 		.ascii	"int32\000"
 1589      3200
 1590              	.LASF20:
 1591 0102 43594D45 		.ascii	"CYMEMZERO\000"
 1591      4D5A4552 
 1591      4F00
 1592              	.LASF1:
 1593 010c 756E7369 		.ascii	"unsigned char\000"
 1593      676E6564 
 1593      20636861 
 1593      7200
 1594              	.LASF17:
 1595 011a 646F7562 		.ascii	"double\000"
 1595      6C6500
 1596              	.LASF25:
 1597 0121 696D6F46 		.ascii	"imoFreq\000"
 1597      72657100 
 1598              	.LASF33:
 1599 0129 494D4F5F 		.ascii	"IMO_TRIM_FREQ_TABLE_ENTRIES\000"
 1599      5452494D 
 1599      5F465245 
 1599      515F5441 
 1599      424C455F 
 1600              	.LASF13:
 1601 0145 75696E74 		.ascii	"uint16\000"
 1601      313600
 1602              	.LASF14:
 1603 014c 75696E74 		.ascii	"uint32\000"
 1603      333200
 1604              	.LASF4:
ARM GAS  C:\Users\Eric\AppData\Local\Temp\ccw41wHu.s 			page 36


 1605 0153 756E7369 		.ascii	"unsigned int\000"
 1605      676E6564 
 1605      20696E74 
 1605      00
 1606              	.LASF46:
 1607 0160 63796669 		.ascii	"cyfitter_cfg\000"
 1607      74746572 
 1607      5F636667 
 1607      00
 1608              	.LASF39:
 1609 016d 61646472 		.ascii	"address\000"
 1609      65737300 
 1610              	.LASF6:
 1611 0175 6C6F6E67 		.ascii	"long long unsigned int\000"
 1611      206C6F6E 
 1611      6720756E 
 1611      7369676E 
 1611      65642069 
 1612              	.LASF31:
 1613 018c 696D6F5F 		.ascii	"imo_trim_table_t\000"
 1613      7472696D 
 1613      5F746162 
 1613      6C655F74 
 1613      00
 1614              	.LASF41:
 1615 019d 6366675F 		.ascii	"cfg_memset_t\000"
 1615      6D656D73 
 1615      65745F74 
 1615      00
 1616              	.LASF44:
 1617 01aa 2E5C4765 		.ascii	".\\Generated_Source\\PSoC4\\cyfitter_cfg.c\000"
 1617      6E657261 
 1617      7465645F 
 1617      536F7572 
 1617      63655C50 
 1618              	.LASF8:
 1619 01d2 73697A65 		.ascii	"sizetype\000"
 1619      74797065 
 1619      00
 1620              	.LASF36:
 1621 01db 73657454 		.ascii	"setTmpCo\000"
 1621      6D70436F 
 1621      00
 1622              	.LASF5:
 1623 01e4 6C6F6E67 		.ascii	"long long int\000"
 1623      206C6F6E 
 1623      6720696E 
 1623      7400
 1624              	.LASF10:
 1625 01f2 63686172 		.ascii	"char\000"
 1625      00
 1626              	.LASF27:
 1627 01f7 6162736F 		.ascii	"absolute\000"
 1627      6C757465 
 1627      00
 1628              	.LASF26:
 1629 0200 66726571 		.ascii	"freq\000"
ARM GAS  C:\Users\Eric\AppData\Local\Temp\ccw41wHu.s 			page 37


 1629      00
 1630              	.LASF12:
 1631 0205 75696E74 		.ascii	"uint8\000"
 1631      3800
 1632              	.LASF43:
 1633 020b 474E5520 		.ascii	"GNU C 4.7.3 20130312 (release) [ARM/embedded-4_7-br"
 1633      4320342E 
 1633      372E3320 
 1633      32303133 
 1633      30333132 
 1634 023e 616E6368 		.ascii	"anch revision 196615]\000"
 1634      20726576 
 1634      6973696F 
 1634      6E203139 
 1634      36363135 
 1635              	.LASF32:
 1636 0254 696D6F5F 		.ascii	"imo_trim_table\000"
 1636      7472696D 
 1636      5F746162 
 1636      6C6500
 1637              	.LASF7:
 1638 0263 6C6F6E67 		.ascii	"long int\000"
 1638      20696E74 
 1638      00
 1639              	.LASF30:
 1640 026c 656E7472 		.ascii	"entries\000"
 1640      69657300 
 1641              	.LASF35:
 1642 0274 73657441 		.ascii	"setAbs\000"
 1642      627300
 1643              	.LASF0:
 1644 027b 7369676E 		.ascii	"signed char\000"
 1644      65642063 
 1644      68617200 
 1645              	.LASF23:
 1646 0287 4359434F 		.ascii	"CYCONFIGCPYCODE\000"
 1646      4E464947 
 1646      43505943 
 1646      4F444500 
 1647              	.LASF21:
 1648 0297 4359434F 		.ascii	"CYCONFIGCPY\000"
 1648      4E464947 
 1648      43505900 
 1649              		.ident	"GCC: (GNU Tools for ARM Embedded Processors) 4.7.3 20130312 (release) [ARM/embedded-4_7-br
