Loading plugins phase: Elapsed time ==> 0s.206ms
Initializing data phase: Elapsed time ==> 0s.000ms
<CYPRESSTAG name="CyDsfit arguments...">
cydsfit arguments: -.fdsnotice -.fdswarpdepfile=warp_dependencies.txt -.fdselabdepfile=elab_dependencies.txt -.fdsbldfile=generated_files.txt -p C:\Users\Christina\Documents\GitHub\Shifting\Shifting\Shifting.cydsn\Shifting.cyprj -d CY8C4245AXI-483 -s C:\Users\Christina\Documents\GitHub\Shifting\Shifting\Shifting.cydsn\Generated_Source\PSoC4 -- -yv2 -q10 -ygs -o2 -v3 -.fftcfgtype=LE</CYPRESSTAG>
<CYPRESSTAG name="Design elaboration results...">
ADD: sdb.M0025: error: No input on Instance "ENGAGE_CLUTCH", terminal "y_0".
 * C:\Users\Christina\Documents\GitHub\Shifting\Shifting\Shifting.cydsn\TopDesign\TopDesign.cysch (Signal: Net_34)
 * C:\Users\Christina\Documents\GitHub\Shifting\Shifting\Shifting.cydsn\TopDesign\TopDesign.cysch (Shape_11.2)

ADD: sdb.M0050: error: Terminal "y_0" requires connection when it is visible.
 * C:\Users\Christina\Documents\GitHub\Shifting\Shifting\Shifting.cydsn\TopDesign\TopDesign.cysch (Signal: Net_34)
 * C:\Users\Christina\Documents\GitHub\Shifting\Shifting\Shifting.cydsn\TopDesign\TopDesign.cysch (Shape_11.2)

ADD: sdb.M0025: error: No input on Instance "UP_SHIFT_AIR", terminal "y_0".
 * C:\Users\Christina\Documents\GitHub\Shifting\Shifting\Shifting.cydsn\TopDesign\TopDesign.cysch (Signal: Net_36)
 * C:\Users\Christina\Documents\GitHub\Shifting\Shifting\Shifting.cydsn\TopDesign\TopDesign.cysch (Shape_12.2)

ADD: sdb.M0050: error: Terminal "y_0" requires connection when it is visible.
 * C:\Users\Christina\Documents\GitHub\Shifting\Shifting\Shifting.cydsn\TopDesign\TopDesign.cysch (Signal: Net_36)
 * C:\Users\Christina\Documents\GitHub\Shifting\Shifting\Shifting.cydsn\TopDesign\TopDesign.cysch (Shape_12.2)

ADD: pft.M0028: warning: Clock Warning: (UART_1_IntClock's accuracy range '461.538 kHz ? 2.000%, (452.308 kHz - 470.769 kHz)' is not within the specified tolerance range '460.800 kHz ? 2.000%, (451.584 kHz - 470.016 kHz)'.).
 * C:\Program Files (x86)\Cypress\PSoC Creator\3.1\PSoC Creator\psoc\content\cycomponentlibrary\CyComponentLibrary.cylib\UART_v2_30\UART_v2_30.cysch (Instance:IntClock)
 * C:\Users\Christina\Documents\GitHub\Shifting\Shifting\Shifting.cydsn\Shifting.cydwr (UART_1_IntClock)

</CYPRESSTAG>
Elaboration phase: Elapsed time ==> 1s.525ms
