ARM GAS  C:\Users\Eric\AppData\Local\Temp\ccXnJO3z.s 			page 1


   1              		.cpu cortex-m0
   2              		.fpu softvfp
   3              		.eabi_attribute 20, 1
   4              		.eabi_attribute 21, 1
   5              		.eabi_attribute 23, 3
   6              		.eabi_attribute 24, 1
   7              		.eabi_attribute 25, 1
   8              		.eabi_attribute 26, 1
   9              		.eabi_attribute 30, 6
  10              		.eabi_attribute 34, 0
  11              		.eabi_attribute 18, 4
  12              		.code	16
  13              		.file	"cyfitter_cfg.c"
  14              		.text
  15              	.Ltext0:
  16              		.cfi_sections	.debug_frame
  17              		.section	.text.CYMEMZERO,"ax",%progbits
  18              		.align	2
  19              		.code	16
  20              		.thumb_func
  21              		.type	CYMEMZERO, %function
  22              	CYMEMZERO:
  23              	.LFB0:
  24              		.file 1 ".\\Generated_Source\\PSoC4\\cyfitter_cfg.c"
   1:.\Generated_Source\PSoC4/cyfitter_cfg.c **** /*******************************************************************************
   2:.\Generated_Source\PSoC4/cyfitter_cfg.c **** * FILENAME: cyfitter_cfg.c
   3:.\Generated_Source\PSoC4/cyfitter_cfg.c **** * PSoC Creator  3.1 SP1
   4:.\Generated_Source\PSoC4/cyfitter_cfg.c **** *
   5:.\Generated_Source\PSoC4/cyfitter_cfg.c **** * Description:
   6:.\Generated_Source\PSoC4/cyfitter_cfg.c **** * This file is automatically generated by PSoC Creator with device 
   7:.\Generated_Source\PSoC4/cyfitter_cfg.c **** * initialization code.  Except for the user defined sections in
   8:.\Generated_Source\PSoC4/cyfitter_cfg.c **** * CyClockStartupError(), this file should not be modified.
   9:.\Generated_Source\PSoC4/cyfitter_cfg.c **** *
  10:.\Generated_Source\PSoC4/cyfitter_cfg.c **** ********************************************************************************
  11:.\Generated_Source\PSoC4/cyfitter_cfg.c **** * Copyright 2013, Cypress Semiconductor Corporation.  All rights reserved.
  12:.\Generated_Source\PSoC4/cyfitter_cfg.c **** * You may use this file only in accordance with the license, terms, conditions, 
  13:.\Generated_Source\PSoC4/cyfitter_cfg.c **** * disclaimers, and limitations in the end user license agreement accompanying 
  14:.\Generated_Source\PSoC4/cyfitter_cfg.c **** * the software package with which this file was provided.
  15:.\Generated_Source\PSoC4/cyfitter_cfg.c **** ********************************************************************************/
  16:.\Generated_Source\PSoC4/cyfitter_cfg.c **** 
  17:.\Generated_Source\PSoC4/cyfitter_cfg.c **** #include <string.h>
  18:.\Generated_Source\PSoC4/cyfitter_cfg.c **** #include <cytypes.h>
  19:.\Generated_Source\PSoC4/cyfitter_cfg.c **** #include <cydevice_trm.h>
  20:.\Generated_Source\PSoC4/cyfitter_cfg.c **** #include <cyfitter.h>
  21:.\Generated_Source\PSoC4/cyfitter_cfg.c **** #include <CyLib.h>
  22:.\Generated_Source\PSoC4/cyfitter_cfg.c **** #include <cyfitter_cfg.h>
  23:.\Generated_Source\PSoC4/cyfitter_cfg.c **** 
  24:.\Generated_Source\PSoC4/cyfitter_cfg.c **** 
  25:.\Generated_Source\PSoC4/cyfitter_cfg.c **** #if defined(__GNUC__) || defined(__ARMCC_VERSION)
  26:.\Generated_Source\PSoC4/cyfitter_cfg.c ****     #define CYPACKED 
  27:.\Generated_Source\PSoC4/cyfitter_cfg.c ****     #define CYPACKED_ATTR __attribute__ ((packed))
  28:.\Generated_Source\PSoC4/cyfitter_cfg.c ****     #define CYALIGNED __attribute__ ((aligned))
  29:.\Generated_Source\PSoC4/cyfitter_cfg.c ****     #define CY_CFG_UNUSED __attribute__ ((unused))
  30:.\Generated_Source\PSoC4/cyfitter_cfg.c ****     #define CY_CFG_SECTION __attribute__ ((section(".psocinit")))
  31:.\Generated_Source\PSoC4/cyfitter_cfg.c ****     
  32:.\Generated_Source\PSoC4/cyfitter_cfg.c ****     #if defined(__ARMCC_VERSION)
  33:.\Generated_Source\PSoC4/cyfitter_cfg.c ****         #define CY_CFG_MEMORY_BARRIER() __memory_changed()
ARM GAS  C:\Users\Eric\AppData\Local\Temp\ccXnJO3z.s 			page 2


  34:.\Generated_Source\PSoC4/cyfitter_cfg.c ****     #else
  35:.\Generated_Source\PSoC4/cyfitter_cfg.c ****         #define CY_CFG_MEMORY_BARRIER() __sync_synchronize()
  36:.\Generated_Source\PSoC4/cyfitter_cfg.c ****     #endif
  37:.\Generated_Source\PSoC4/cyfitter_cfg.c ****     
  38:.\Generated_Source\PSoC4/cyfitter_cfg.c **** #elif defined(__ICCARM__)
  39:.\Generated_Source\PSoC4/cyfitter_cfg.c ****     #include <intrinsics.h>
  40:.\Generated_Source\PSoC4/cyfitter_cfg.c **** 
  41:.\Generated_Source\PSoC4/cyfitter_cfg.c ****     #define CYPACKED __packed
  42:.\Generated_Source\PSoC4/cyfitter_cfg.c ****     #define CYPACKED_ATTR 
  43:.\Generated_Source\PSoC4/cyfitter_cfg.c ****     #define CYALIGNED _Pragma("data_alignment=4")
  44:.\Generated_Source\PSoC4/cyfitter_cfg.c ****     #define CY_CFG_UNUSED _Pragma("diag_suppress=Pe177")
  45:.\Generated_Source\PSoC4/cyfitter_cfg.c ****     #define CY_CFG_SECTION _Pragma("location=\".psocinit\"")
  46:.\Generated_Source\PSoC4/cyfitter_cfg.c ****     
  47:.\Generated_Source\PSoC4/cyfitter_cfg.c ****     #define CY_CFG_MEMORY_BARRIER() __DMB()
  48:.\Generated_Source\PSoC4/cyfitter_cfg.c ****     
  49:.\Generated_Source\PSoC4/cyfitter_cfg.c **** #else
  50:.\Generated_Source\PSoC4/cyfitter_cfg.c ****     #error Unsupported toolchain
  51:.\Generated_Source\PSoC4/cyfitter_cfg.c **** #endif
  52:.\Generated_Source\PSoC4/cyfitter_cfg.c **** 
  53:.\Generated_Source\PSoC4/cyfitter_cfg.c **** 
  54:.\Generated_Source\PSoC4/cyfitter_cfg.c **** CY_CFG_UNUSED
  55:.\Generated_Source\PSoC4/cyfitter_cfg.c **** static void CYMEMZERO(void *s, size_t n);
  56:.\Generated_Source\PSoC4/cyfitter_cfg.c **** CY_CFG_UNUSED
  57:.\Generated_Source\PSoC4/cyfitter_cfg.c **** static void CYMEMZERO(void *s, size_t n)
  58:.\Generated_Source\PSoC4/cyfitter_cfg.c **** {
  25              		.loc 1 58 0
  26              		.cfi_startproc
  27 0000 80B5     		push	{r7, lr}
  28              		.cfi_def_cfa_offset 8
  29              		.cfi_offset 7, -8
  30              		.cfi_offset 14, -4
  31 0002 82B0     		sub	sp, sp, #8
  32              		.cfi_def_cfa_offset 16
  33 0004 00AF     		add	r7, sp, #0
  34              		.cfi_def_cfa_register 7
  35 0006 7860     		str	r0, [r7, #4]
  36 0008 3960     		str	r1, [r7]
  59:.\Generated_Source\PSoC4/cyfitter_cfg.c **** 	(void)memset(s, 0, n);
  37              		.loc 1 59 0
  38 000a 7A68     		ldr	r2, [r7, #4]
  39 000c 3B68     		ldr	r3, [r7]
  40 000e 101C     		mov	r0, r2
  41 0010 0021     		mov	r1, #0
  42 0012 1A1C     		mov	r2, r3
  43 0014 FFF7FEFF 		bl	memset
  60:.\Generated_Source\PSoC4/cyfitter_cfg.c **** }
  44              		.loc 1 60 0
  45 0018 BD46     		mov	sp, r7
  46 001a 02B0     		add	sp, sp, #8
  47              		@ sp needed
  48 001c 80BD     		pop	{r7, pc}
  49              		.cfi_endproc
  50              	.LFE0:
  51              		.size	CYMEMZERO, .-CYMEMZERO
  52 001e C046     		.section	.text.CYCONFIGCPY,"ax",%progbits
  53              		.align	2
  54              		.code	16
ARM GAS  C:\Users\Eric\AppData\Local\Temp\ccXnJO3z.s 			page 3


  55              		.thumb_func
  56              		.type	CYCONFIGCPY, %function
  57              	CYCONFIGCPY:
  58              	.LFB1:
  61:.\Generated_Source\PSoC4/cyfitter_cfg.c **** CY_CFG_UNUSED
  62:.\Generated_Source\PSoC4/cyfitter_cfg.c **** static void CYCONFIGCPY(void *dest, const void *src, size_t n);
  63:.\Generated_Source\PSoC4/cyfitter_cfg.c **** CY_CFG_UNUSED
  64:.\Generated_Source\PSoC4/cyfitter_cfg.c **** static void CYCONFIGCPY(void *dest, const void *src, size_t n)
  65:.\Generated_Source\PSoC4/cyfitter_cfg.c **** {
  59              		.loc 1 65 0
  60              		.cfi_startproc
  61 0000 80B5     		push	{r7, lr}
  62              		.cfi_def_cfa_offset 8
  63              		.cfi_offset 7, -8
  64              		.cfi_offset 14, -4
  65 0002 84B0     		sub	sp, sp, #16
  66              		.cfi_def_cfa_offset 24
  67 0004 00AF     		add	r7, sp, #0
  68              		.cfi_def_cfa_register 7
  69 0006 F860     		str	r0, [r7, #12]
  70 0008 B960     		str	r1, [r7, #8]
  71 000a 7A60     		str	r2, [r7, #4]
  66:.\Generated_Source\PSoC4/cyfitter_cfg.c **** 	(void)memcpy(dest, src, n);
  72              		.loc 1 66 0
  73 000c F968     		ldr	r1, [r7, #12]
  74 000e BA68     		ldr	r2, [r7, #8]
  75 0010 7B68     		ldr	r3, [r7, #4]
  76 0012 081C     		mov	r0, r1
  77 0014 111C     		mov	r1, r2
  78 0016 1A1C     		mov	r2, r3
  79 0018 FFF7FEFF 		bl	memcpy
  67:.\Generated_Source\PSoC4/cyfitter_cfg.c **** }
  80              		.loc 1 67 0
  81 001c BD46     		mov	sp, r7
  82 001e 04B0     		add	sp, sp, #16
  83              		@ sp needed
  84 0020 80BD     		pop	{r7, pc}
  85              		.cfi_endproc
  86              	.LFE1:
  87              		.size	CYCONFIGCPY, .-CYCONFIGCPY
  88 0022 C046     		.section	.text.CYCONFIGCPYCODE,"ax",%progbits
  89              		.align	2
  90              		.code	16
  91              		.thumb_func
  92              		.type	CYCONFIGCPYCODE, %function
  93              	CYCONFIGCPYCODE:
  94              	.LFB2:
  68:.\Generated_Source\PSoC4/cyfitter_cfg.c **** CY_CFG_UNUSED
  69:.\Generated_Source\PSoC4/cyfitter_cfg.c **** static void CYCONFIGCPYCODE(void *dest, const void *src, size_t n);
  70:.\Generated_Source\PSoC4/cyfitter_cfg.c **** CY_CFG_UNUSED
  71:.\Generated_Source\PSoC4/cyfitter_cfg.c **** static void CYCONFIGCPYCODE(void *dest, const void *src, size_t n)
  72:.\Generated_Source\PSoC4/cyfitter_cfg.c **** {
  95              		.loc 1 72 0
  96              		.cfi_startproc
  97 0000 80B5     		push	{r7, lr}
  98              		.cfi_def_cfa_offset 8
  99              		.cfi_offset 7, -8
ARM GAS  C:\Users\Eric\AppData\Local\Temp\ccXnJO3z.s 			page 4


 100              		.cfi_offset 14, -4
 101 0002 84B0     		sub	sp, sp, #16
 102              		.cfi_def_cfa_offset 24
 103 0004 00AF     		add	r7, sp, #0
 104              		.cfi_def_cfa_register 7
 105 0006 F860     		str	r0, [r7, #12]
 106 0008 B960     		str	r1, [r7, #8]
 107 000a 7A60     		str	r2, [r7, #4]
  73:.\Generated_Source\PSoC4/cyfitter_cfg.c **** 	(void)memcpy(dest, src, n);
 108              		.loc 1 73 0
 109 000c F968     		ldr	r1, [r7, #12]
 110 000e BA68     		ldr	r2, [r7, #8]
 111 0010 7B68     		ldr	r3, [r7, #4]
 112 0012 081C     		mov	r0, r1
 113 0014 111C     		mov	r1, r2
 114 0016 1A1C     		mov	r2, r3
 115 0018 FFF7FEFF 		bl	memcpy
  74:.\Generated_Source\PSoC4/cyfitter_cfg.c **** }
 116              		.loc 1 74 0
 117 001c BD46     		mov	sp, r7
 118 001e 04B0     		add	sp, sp, #16
 119              		@ sp needed
 120 0020 80BD     		pop	{r7, pc}
 121              		.cfi_endproc
 122              	.LFE2:
 123              		.size	CYCONFIGCPYCODE, .-CYCONFIGCPYCODE
 124 0022 C046     		.section	.psocinit,"ax",%progbits
 125              		.align	2
 126              		.code	16
 127              		.thumb_func
 128              		.type	SetIMOBGTrims, %function
 129              	SetIMOBGTrims:
 130              	.LFB3:
  75:.\Generated_Source\PSoC4/cyfitter_cfg.c **** 
  76:.\Generated_Source\PSoC4/cyfitter_cfg.c **** 
  77:.\Generated_Source\PSoC4/cyfitter_cfg.c **** 
  78:.\Generated_Source\PSoC4/cyfitter_cfg.c **** /* Clock startup error codes                                                   */
  79:.\Generated_Source\PSoC4/cyfitter_cfg.c **** #define CYCLOCKSTART_NO_ERROR    0u
  80:.\Generated_Source\PSoC4/cyfitter_cfg.c **** #define CYCLOCKSTART_XTAL_ERROR  1u
  81:.\Generated_Source\PSoC4/cyfitter_cfg.c **** #define CYCLOCKSTART_32KHZ_ERROR 2u
  82:.\Generated_Source\PSoC4/cyfitter_cfg.c **** #define CYCLOCKSTART_PLL_ERROR   3u
  83:.\Generated_Source\PSoC4/cyfitter_cfg.c **** 
  84:.\Generated_Source\PSoC4/cyfitter_cfg.c **** #ifdef CY_NEED_CYCLOCKSTARTUPERROR
  85:.\Generated_Source\PSoC4/cyfitter_cfg.c **** /*******************************************************************************
  86:.\Generated_Source\PSoC4/cyfitter_cfg.c **** * Function Name: CyClockStartupError
  87:.\Generated_Source\PSoC4/cyfitter_cfg.c **** ********************************************************************************
  88:.\Generated_Source\PSoC4/cyfitter_cfg.c **** * Summary:
  89:.\Generated_Source\PSoC4/cyfitter_cfg.c **** *  If an error is encountered during clock configuration (crystal startup error,
  90:.\Generated_Source\PSoC4/cyfitter_cfg.c **** *  PLL lock error, etc.), the system will end up here.  Unless reimplemented by
  91:.\Generated_Source\PSoC4/cyfitter_cfg.c **** *  the customer, this function will stop in an infinite loop.
  92:.\Generated_Source\PSoC4/cyfitter_cfg.c **** *
  93:.\Generated_Source\PSoC4/cyfitter_cfg.c **** * Parameters:
  94:.\Generated_Source\PSoC4/cyfitter_cfg.c **** *   void
  95:.\Generated_Source\PSoC4/cyfitter_cfg.c **** *
  96:.\Generated_Source\PSoC4/cyfitter_cfg.c **** * Return:
  97:.\Generated_Source\PSoC4/cyfitter_cfg.c **** *   void
  98:.\Generated_Source\PSoC4/cyfitter_cfg.c **** *
ARM GAS  C:\Users\Eric\AppData\Local\Temp\ccXnJO3z.s 			page 5


  99:.\Generated_Source\PSoC4/cyfitter_cfg.c **** *******************************************************************************/
 100:.\Generated_Source\PSoC4/cyfitter_cfg.c **** CY_CFG_UNUSED
 101:.\Generated_Source\PSoC4/cyfitter_cfg.c **** static void CyClockStartupError(uint8 errorCode);
 102:.\Generated_Source\PSoC4/cyfitter_cfg.c **** CY_CFG_UNUSED
 103:.\Generated_Source\PSoC4/cyfitter_cfg.c **** static void CyClockStartupError(uint8 errorCode)
 104:.\Generated_Source\PSoC4/cyfitter_cfg.c **** {
 105:.\Generated_Source\PSoC4/cyfitter_cfg.c ****     /* To remove the compiler warning if errorCode not used.                */
 106:.\Generated_Source\PSoC4/cyfitter_cfg.c ****     errorCode = errorCode;
 107:.\Generated_Source\PSoC4/cyfitter_cfg.c **** 
 108:.\Generated_Source\PSoC4/cyfitter_cfg.c ****     /* `#START CyClockStartupError` */
 109:.\Generated_Source\PSoC4/cyfitter_cfg.c **** 
 110:.\Generated_Source\PSoC4/cyfitter_cfg.c ****     /* If we have a clock startup error (bad MHz crystal, PLL lock, etc.),  */
 111:.\Generated_Source\PSoC4/cyfitter_cfg.c ****     /* we will end up here to allow the customer to implement something to  */
 112:.\Generated_Source\PSoC4/cyfitter_cfg.c ****     /* deal with the clock condition.                                       */
 113:.\Generated_Source\PSoC4/cyfitter_cfg.c **** 
 114:.\Generated_Source\PSoC4/cyfitter_cfg.c ****     /* `#END` */
 115:.\Generated_Source\PSoC4/cyfitter_cfg.c **** 
 116:.\Generated_Source\PSoC4/cyfitter_cfg.c ****     /* If nothing else, stop here since the clocks have not started         */
 117:.\Generated_Source\PSoC4/cyfitter_cfg.c ****     /* correctly.                                                           */
 118:.\Generated_Source\PSoC4/cyfitter_cfg.c ****     while(1) {}
 119:.\Generated_Source\PSoC4/cyfitter_cfg.c **** }
 120:.\Generated_Source\PSoC4/cyfitter_cfg.c **** #endif
 121:.\Generated_Source\PSoC4/cyfitter_cfg.c **** 
 122:.\Generated_Source\PSoC4/cyfitter_cfg.c **** 
 123:.\Generated_Source\PSoC4/cyfitter_cfg.c **** /*******************************************************************************
 124:.\Generated_Source\PSoC4/cyfitter_cfg.c **** * Function Name: SetIMOBGTrims
 125:.\Generated_Source\PSoC4/cyfitter_cfg.c **** ********************************************************************************
 126:.\Generated_Source\PSoC4/cyfitter_cfg.c **** *
 127:.\Generated_Source\PSoC4/cyfitter_cfg.c **** * Summary:
 128:.\Generated_Source\PSoC4/cyfitter_cfg.c **** *   Performs the configuration of the bandgap trim for the IMO based on the given
 129:.\Generated_Source\PSoC4/cyfitter_cfg.c **** *   expected frequency of the IMO. 
 130:.\Generated_Source\PSoC4/cyfitter_cfg.c **** *
 131:.\Generated_Source\PSoC4/cyfitter_cfg.c **** * Parameters:
 132:.\Generated_Source\PSoC4/cyfitter_cfg.c **** *   imoFreq: Frequency for operation of the IMO.
 133:.\Generated_Source\PSoC4/cyfitter_cfg.c **** *
 134:.\Generated_Source\PSoC4/cyfitter_cfg.c **** * Return:
 135:.\Generated_Source\PSoC4/cyfitter_cfg.c **** *   void
 136:.\Generated_Source\PSoC4/cyfitter_cfg.c **** *
 137:.\Generated_Source\PSoC4/cyfitter_cfg.c **** *******************************************************************************/
 138:.\Generated_Source\PSoC4/cyfitter_cfg.c **** static void SetIMOBGTrims(uint8 imoFreq);
 139:.\Generated_Source\PSoC4/cyfitter_cfg.c **** CY_CFG_SECTION
 140:.\Generated_Source\PSoC4/cyfitter_cfg.c **** static void SetIMOBGTrims(uint8 imoFreq)
 141:.\Generated_Source\PSoC4/cyfitter_cfg.c **** {
 131              		.loc 1 141 0
 132              		.cfi_startproc
 133 0000 80B5     		push	{r7, lr}
 134              		.cfi_def_cfa_offset 8
 135              		.cfi_offset 7, -8
 136              		.cfi_offset 14, -4
 137 0002 84B0     		sub	sp, sp, #16
 138              		.cfi_def_cfa_offset 24
 139 0004 00AF     		add	r7, sp, #0
 140              		.cfi_def_cfa_register 7
 141 0006 021C     		mov	r2, r0
 142 0008 FB1D     		add	r3, r7, #7
 143 000a 1A70     		strb	r2, [r3]
 142:.\Generated_Source\PSoC4/cyfitter_cfg.c **** 	CYPACKED typedef struct {
ARM GAS  C:\Users\Eric\AppData\Local\Temp\ccXnJO3z.s 			page 6


 143:.\Generated_Source\PSoC4/cyfitter_cfg.c **** 		uint8 freq;
 144:.\Generated_Source\PSoC4/cyfitter_cfg.c **** 		uint8 absolute;
 145:.\Generated_Source\PSoC4/cyfitter_cfg.c **** 		uint8 tmpco;
 146:.\Generated_Source\PSoC4/cyfitter_cfg.c **** 	} CYPACKED_ATTR imo_trim_entry_t;
 147:.\Generated_Source\PSoC4/cyfitter_cfg.c **** 
 148:.\Generated_Source\PSoC4/cyfitter_cfg.c **** 	CYPACKED typedef struct {
 149:.\Generated_Source\PSoC4/cyfitter_cfg.c **** 		imo_trim_entry_t entries[4];
 150:.\Generated_Source\PSoC4/cyfitter_cfg.c **** 	} CYPACKED_ATTR imo_trim_table_t;
 151:.\Generated_Source\PSoC4/cyfitter_cfg.c **** 
 152:.\Generated_Source\PSoC4/cyfitter_cfg.c **** 	static const imo_trim_table_t *imo_trim_table = (const imo_trim_table_t *)CYREG_SFLASH_IMO_MAXF0;
 153:.\Generated_Source\PSoC4/cyfitter_cfg.c **** 	static const uint32 IMO_TRIM_FREQ_TABLE_ENTRIES = sizeof(imo_trim_table->entries)/sizeof(imo_trim_
 154:.\Generated_Source\PSoC4/cyfitter_cfg.c **** 
 155:.\Generated_Source\PSoC4/cyfitter_cfg.c **** 	int32 imoTrimIndex;
 156:.\Generated_Source\PSoC4/cyfitter_cfg.c **** 	uint8 setAbs;
 157:.\Generated_Source\PSoC4/cyfitter_cfg.c **** 	uint8 setTmpCo;
 158:.\Generated_Source\PSoC4/cyfitter_cfg.c **** 
 159:.\Generated_Source\PSoC4/cyfitter_cfg.c **** 	/* Traverse the SFLASH IMO frequency-dependent bandgap trim table to
 160:.\Generated_Source\PSoC4/cyfitter_cfg.c **** 	 * locate the appropriate value to trim the IMO bandgap based on freq. */
 161:.\Generated_Source\PSoC4/cyfitter_cfg.c **** 	setAbs = CY_GET_REG8((const void *)CYREG_SFLASH_IMO_ABS4);
 144              		.loc 1 161 0
 145 000c 204A     		ldr	r2, .L8
 146 000e 3B1C     		mov	r3, r7
 147 0010 0B33     		add	r3, r3, #11
 148 0012 1278     		ldrb	r2, [r2]
 149 0014 1A70     		strb	r2, [r3]
 162:.\Generated_Source\PSoC4/cyfitter_cfg.c **** 	setTmpCo = CY_GET_REG8((const void *)CYREG_SFLASH_IMO_TMPCO4);
 150              		.loc 1 162 0
 151 0016 1F4A     		ldr	r2, .L8+4
 152 0018 3B1C     		mov	r3, r7
 153 001a 0A33     		add	r3, r3, #10
 154 001c 1278     		ldrb	r2, [r2]
 155 001e 1A70     		strb	r2, [r3]
 163:.\Generated_Source\PSoC4/cyfitter_cfg.c **** 	for (imoTrimIndex = ((int32)IMO_TRIM_FREQ_TABLE_ENTRIES)-1;
 156              		.loc 1 163 0
 157 0020 0423     		mov	r3, #4
 158 0022 013B     		sub	r3, r3, #1
 159 0024 FB60     		str	r3, [r7, #12]
 160 0026 18E0     		b	.L5
 161              	.L7:
 164:.\Generated_Source\PSoC4/cyfitter_cfg.c **** 	     (imoTrimIndex >= 0) && (imoFreq <= imo_trim_table->entries[imoTrimIndex].freq);
 165:.\Generated_Source\PSoC4/cyfitter_cfg.c **** 	     imoTrimIndex--)
 166:.\Generated_Source\PSoC4/cyfitter_cfg.c **** 	{
 167:.\Generated_Source\PSoC4/cyfitter_cfg.c **** 		setAbs = imo_trim_table->entries[imoTrimIndex].absolute;
 162              		.loc 1 167 0
 163 0028 1B4B     		ldr	r3, .L8+8
 164 002a 1868     		ldr	r0, [r3]
 165 002c 391C     		mov	r1, r7
 166 002e 0B31     		add	r1, r1, #11
 167 0030 FA68     		ldr	r2, [r7, #12]
 168 0032 131C     		mov	r3, r2
 169 0034 5B00     		lsl	r3, r3, #1
 170 0036 9B18     		add	r3, r3, r2
 171 0038 C318     		add	r3, r0, r3
 172 003a 5B78     		ldrb	r3, [r3, #1]
 173 003c 0B70     		strb	r3, [r1]
 168:.\Generated_Source\PSoC4/cyfitter_cfg.c **** 		setTmpCo = imo_trim_table->entries[imoTrimIndex].tmpco;
 174              		.loc 1 168 0
ARM GAS  C:\Users\Eric\AppData\Local\Temp\ccXnJO3z.s 			page 7


 175 003e 164B     		ldr	r3, .L8+8
 176 0040 1868     		ldr	r0, [r3]
 177 0042 391C     		mov	r1, r7
 178 0044 0A31     		add	r1, r1, #10
 179 0046 FA68     		ldr	r2, [r7, #12]
 180 0048 131C     		mov	r3, r2
 181 004a 5B00     		lsl	r3, r3, #1
 182 004c 9B18     		add	r3, r3, r2
 183 004e C318     		add	r3, r0, r3
 184 0050 9B78     		ldrb	r3, [r3, #2]
 185 0052 0B70     		strb	r3, [r1]
 165:.\Generated_Source\PSoC4/cyfitter_cfg.c **** 	     imoTrimIndex--)
 186              		.loc 1 165 0
 187 0054 FB68     		ldr	r3, [r7, #12]
 188 0056 013B     		sub	r3, r3, #1
 189 0058 FB60     		str	r3, [r7, #12]
 190              	.L5:
 163:.\Generated_Source\PSoC4/cyfitter_cfg.c **** 	for (imoTrimIndex = ((int32)IMO_TRIM_FREQ_TABLE_ENTRIES)-1;
 191              		.loc 1 163 0 discriminator 1
 192 005a FB68     		ldr	r3, [r7, #12]
 193 005c 002B     		cmp	r3, #0
 194 005e 0ADB     		blt	.L6
 164:.\Generated_Source\PSoC4/cyfitter_cfg.c **** 	     (imoTrimIndex >= 0) && (imoFreq <= imo_trim_table->entries[imoTrimIndex].freq);
 195              		.loc 1 164 0
 196 0060 0D4B     		ldr	r3, .L8+8
 197 0062 1968     		ldr	r1, [r3]
 198 0064 FA68     		ldr	r2, [r7, #12]
 199 0066 131C     		mov	r3, r2
 200 0068 5B00     		lsl	r3, r3, #1
 201 006a 9B18     		add	r3, r3, r2
 202 006c 5B5C     		ldrb	r3, [r3, r1]
 203 006e FA1D     		add	r2, r7, #7
 204 0070 1278     		ldrb	r2, [r2]
 205 0072 9A42     		cmp	r2, r3
 206 0074 D8D9     		bls	.L7
 207              	.L6:
 169:.\Generated_Source\PSoC4/cyfitter_cfg.c **** 	}
 170:.\Generated_Source\PSoC4/cyfitter_cfg.c **** 
 171:.\Generated_Source\PSoC4/cyfitter_cfg.c **** 	CY_SET_REG32((void *)CYREG_PWR_BG_TRIM4, setAbs);
 208              		.loc 1 171 0
 209 0076 094B     		ldr	r3, .L8+12
 210 0078 3A1C     		mov	r2, r7
 211 007a 0B32     		add	r2, r2, #11
 212 007c 1278     		ldrb	r2, [r2]
 213 007e 1A60     		str	r2, [r3]
 172:.\Generated_Source\PSoC4/cyfitter_cfg.c **** 	CY_SET_REG32((void *)CYREG_PWR_BG_TRIM5, setTmpCo);
 214              		.loc 1 172 0
 215 0080 074B     		ldr	r3, .L8+16
 216 0082 3A1C     		mov	r2, r7
 217 0084 0A32     		add	r2, r2, #10
 218 0086 1278     		ldrb	r2, [r2]
 219 0088 1A60     		str	r2, [r3]
 173:.\Generated_Source\PSoC4/cyfitter_cfg.c **** }
 220              		.loc 1 173 0
 221 008a BD46     		mov	sp, r7
 222 008c 04B0     		add	sp, sp, #16
 223              		@ sp needed
ARM GAS  C:\Users\Eric\AppData\Local\Temp\ccXnJO3z.s 			page 8


 224 008e 80BD     		pop	{r7, pc}
 225              	.L9:
 226              		.align	2
 227              	.L8:
 228 0090 CCF1FF0F 		.word	268431820
 229 0094 CDF1FF0F 		.word	268431821
 230 0098 00000000 		.word	imo_trim_table.4687
 231 009c 1CFF0B40 		.word	1074528028
 232 00a0 20FF0B40 		.word	1074528032
 233              		.cfi_endproc
 234              	.LFE3:
 235              		.size	SetIMOBGTrims, .-SetIMOBGTrims
 236              		.align	2
 237              		.code	16
 238              		.thumb_func
 239              		.type	ClockSetup, %function
 240              	ClockSetup:
 241              	.LFB4:
 174:.\Generated_Source\PSoC4/cyfitter_cfg.c **** 
 175:.\Generated_Source\PSoC4/cyfitter_cfg.c **** 
 176:.\Generated_Source\PSoC4/cyfitter_cfg.c **** 
 177:.\Generated_Source\PSoC4/cyfitter_cfg.c **** /*******************************************************************************
 178:.\Generated_Source\PSoC4/cyfitter_cfg.c **** * Function Name: ClockSetup
 179:.\Generated_Source\PSoC4/cyfitter_cfg.c **** ********************************************************************************
 180:.\Generated_Source\PSoC4/cyfitter_cfg.c **** *
 181:.\Generated_Source\PSoC4/cyfitter_cfg.c **** * Summary:
 182:.\Generated_Source\PSoC4/cyfitter_cfg.c **** *   Performs the initialization of all of the clocks in the device based on the
 183:.\Generated_Source\PSoC4/cyfitter_cfg.c **** *   settings in the Clock tab of the DWR.  This includes enabling the requested
 184:.\Generated_Source\PSoC4/cyfitter_cfg.c **** *   clocks and setting the necessary dividers to produce the desired frequency. 
 185:.\Generated_Source\PSoC4/cyfitter_cfg.c **** *
 186:.\Generated_Source\PSoC4/cyfitter_cfg.c **** * Parameters:
 187:.\Generated_Source\PSoC4/cyfitter_cfg.c **** *   void
 188:.\Generated_Source\PSoC4/cyfitter_cfg.c **** *
 189:.\Generated_Source\PSoC4/cyfitter_cfg.c **** * Return:
 190:.\Generated_Source\PSoC4/cyfitter_cfg.c **** *   void
 191:.\Generated_Source\PSoC4/cyfitter_cfg.c **** *
 192:.\Generated_Source\PSoC4/cyfitter_cfg.c **** *******************************************************************************/
 193:.\Generated_Source\PSoC4/cyfitter_cfg.c **** static void ClockSetup(void);
 194:.\Generated_Source\PSoC4/cyfitter_cfg.c **** CY_CFG_SECTION
 195:.\Generated_Source\PSoC4/cyfitter_cfg.c **** static void ClockSetup(void)
 196:.\Generated_Source\PSoC4/cyfitter_cfg.c **** {
 242              		.loc 1 196 0
 243              		.cfi_startproc
 244 00a4 80B5     		push	{r7, lr}
 245              		.cfi_def_cfa_offset 8
 246              		.cfi_offset 7, -8
 247              		.cfi_offset 14, -4
 248 00a6 00AF     		add	r7, sp, #0
 249              		.cfi_def_cfa_register 7
 197:.\Generated_Source\PSoC4/cyfitter_cfg.c **** 	/* Enable HALF_EN before trimming for the flash accelerator. */
 198:.\Generated_Source\PSoC4/cyfitter_cfg.c **** 	CY_SET_REG32((void CYXDATA *)(CYREG_CLK_SELECT), (CY_GET_REG32((void *)CYREG_CLK_SELECT) | 0x00040
 250              		.loc 1 198 0
 251 00a8 164B     		ldr	r3, .L11
 252 00aa 164A     		ldr	r2, .L11
 253 00ac 1268     		ldr	r2, [r2]
 254 00ae 8021     		mov	r1, #128
 255 00b0 C902     		lsl	r1, r1, #11
ARM GAS  C:\Users\Eric\AppData\Local\Temp\ccXnJO3z.s 			page 9


 256 00b2 0A43     		orr	r2, r1
 257 00b4 1A60     		str	r2, [r3]
 199:.\Generated_Source\PSoC4/cyfitter_cfg.c **** 
 200:.\Generated_Source\PSoC4/cyfitter_cfg.c **** 	/* Trim IMO BG based on desired frequency. */
 201:.\Generated_Source\PSoC4/cyfitter_cfg.c **** 	SetIMOBGTrims(24u);
 258              		.loc 1 201 0
 259 00b6 1820     		mov	r0, #24
 260 00b8 FFF7A2FF 		bl	SetIMOBGTrims
 202:.\Generated_Source\PSoC4/cyfitter_cfg.c **** 
 203:.\Generated_Source\PSoC4/cyfitter_cfg.c **** 	/* Going less than or equal to 24MHz, so update the clock speed then adjust trim value. */
 204:.\Generated_Source\PSoC4/cyfitter_cfg.c **** 	CY_SET_REG32((void CYXDATA *)(CYREG_CLK_IMO_TRIM2), (25u));
 261              		.loc 1 204 0
 262 00bc 124B     		ldr	r3, .L11+4
 263 00be 1922     		mov	r2, #25
 264 00c0 1A60     		str	r2, [r3]
 205:.\Generated_Source\PSoC4/cyfitter_cfg.c **** 	CyDelayCycles(5u);
 265              		.loc 1 205 0
 266 00c2 0520     		mov	r0, #5
 267 00c4 FFF7FEFF 		bl	CyDelayCycles
 206:.\Generated_Source\PSoC4/cyfitter_cfg.c **** 	CY_SET_REG32((void CYXDATA *)(CYREG_CLK_IMO_TRIM1), (CY_GET_REG8((void *)CYREG_SFLASH_IMO_TRIM21))
 268              		.loc 1 206 0
 269 00c8 104B     		ldr	r3, .L11+8
 270 00ca 114A     		ldr	r2, .L11+12
 271 00cc 1278     		ldrb	r2, [r2]
 272 00ce D2B2     		uxtb	r2, r2
 273 00d0 1A60     		str	r2, [r3]
 207:.\Generated_Source\PSoC4/cyfitter_cfg.c **** 	CyDelayUs(5u);
 274              		.loc 1 207 0
 275 00d2 0520     		mov	r0, #5
 276 00d4 FFF7FEFF 		bl	CyDelayUs
 208:.\Generated_Source\PSoC4/cyfitter_cfg.c **** 
 209:.\Generated_Source\PSoC4/cyfitter_cfg.c **** 	/* Disable HALF_EN since it is not required at this IMO frequency. */
 210:.\Generated_Source\PSoC4/cyfitter_cfg.c **** 	CY_SET_REG32((void CYXDATA *)(CYREG_CLK_SELECT), (CY_GET_REG32((void *)CYREG_CLK_SELECT) & 0xFFFBF
 277              		.loc 1 210 0
 278 00d8 0A4B     		ldr	r3, .L11
 279 00da 0A4A     		ldr	r2, .L11
 280 00dc 1168     		ldr	r1, [r2]
 281 00de 0D4A     		ldr	r2, .L11+16
 282 00e0 0A40     		and	r2, r1
 283 00e2 1A60     		str	r2, [r3]
 211:.\Generated_Source\PSoC4/cyfitter_cfg.c **** 	/* CYDEV_CLK_ILO_CONFIG Starting address: CYDEV_CLK_ILO_CONFIG */
 212:.\Generated_Source\PSoC4/cyfitter_cfg.c **** 	CY_SET_XTND_REG32((void CYFAR *)(CYREG_CLK_ILO_CONFIG), 0x80000006u);
 284              		.loc 1 212 0
 285 00e4 0C4B     		ldr	r3, .L11+20
 286 00e6 0D4A     		ldr	r2, .L11+24
 287 00e8 1A60     		str	r2, [r3]
 213:.\Generated_Source\PSoC4/cyfitter_cfg.c **** 
 214:.\Generated_Source\PSoC4/cyfitter_cfg.c **** 
 215:.\Generated_Source\PSoC4/cyfitter_cfg.c **** 	/* CYDEV_CLK_SELECT00 Starting address: CYDEV_CLK_SELECT00 */
 216:.\Generated_Source\PSoC4/cyfitter_cfg.c **** 	CY_SET_XTND_REG32((void CYFAR *)(CYREG_CLK_SELECT02), 0x00000010u);
 288              		.loc 1 216 0
 289 00ea 0D4B     		ldr	r3, .L11+28
 290 00ec 1022     		mov	r2, #16
 291 00ee 1A60     		str	r2, [r3]
 217:.\Generated_Source\PSoC4/cyfitter_cfg.c **** 
 218:.\Generated_Source\PSoC4/cyfitter_cfg.c **** 	/* CYDEV_CLK_IMO_CONFIG Starting address: CYDEV_CLK_IMO_CONFIG */
 219:.\Generated_Source\PSoC4/cyfitter_cfg.c **** 	CY_SET_XTND_REG32((void CYFAR *)(CYREG_CLK_IMO_CONFIG), 0x80000000u);
ARM GAS  C:\Users\Eric\AppData\Local\Temp\ccXnJO3z.s 			page 10


 292              		.loc 1 219 0
 293 00f0 0C4B     		ldr	r3, .L11+32
 294 00f2 8022     		mov	r2, #128
 295 00f4 1206     		lsl	r2, r2, #24
 296 00f6 1A60     		str	r2, [r3]
 220:.\Generated_Source\PSoC4/cyfitter_cfg.c **** 
 221:.\Generated_Source\PSoC4/cyfitter_cfg.c **** 	/* CYDEV_CLK_DIVIDER_A00 Starting address: CYDEV_CLK_DIVIDER_A00 */
 222:.\Generated_Source\PSoC4/cyfitter_cfg.c **** 	CY_SET_XTND_REG32((void CYFAR *)(CYREG_CLK_DIVIDER_A00), 0x8000000Eu);
 297              		.loc 1 222 0
 298 00f8 0B4B     		ldr	r3, .L11+36
 299 00fa 0C4A     		ldr	r2, .L11+40
 300 00fc 1A60     		str	r2, [r3]
 223:.\Generated_Source\PSoC4/cyfitter_cfg.c **** 
 224:.\Generated_Source\PSoC4/cyfitter_cfg.c **** }
 301              		.loc 1 224 0
 302 00fe BD46     		mov	sp, r7
 303              		@ sp needed
 304 0100 80BD     		pop	{r7, pc}
 305              	.L12:
 306 0102 C046     		.align	2
 307              	.L11:
 308 0104 00010B40 		.word	1074462976
 309 0108 2CFF0B40 		.word	1074528044
 310 010c 28FF0B40 		.word	1074528040
 311 0110 E5F1FF0F 		.word	268431845
 312 0114 FFFFFBFF 		.word	-262145
 313 0118 04010B40 		.word	1074462980
 314 011c 06000080 		.word	-2147483642
 315 0120 08020240 		.word	1073873416
 316 0124 08010B40 		.word	1074462984
 317 0128 00000240 		.word	1073872896
 318 012c 0E000080 		.word	-2147483634
 319              		.cfi_endproc
 320              	.LFE4:
 321              		.size	ClockSetup, .-ClockSetup
 322              		.section	.text.AnalogSetDefault,"ax",%progbits
 323              		.align	2
 324              		.code	16
 325              		.thumb_func
 326              		.type	AnalogSetDefault, %function
 327              	AnalogSetDefault:
 328              	.LFB5:
 225:.\Generated_Source\PSoC4/cyfitter_cfg.c **** 
 226:.\Generated_Source\PSoC4/cyfitter_cfg.c **** 
 227:.\Generated_Source\PSoC4/cyfitter_cfg.c **** /* Analog API Functions */
 228:.\Generated_Source\PSoC4/cyfitter_cfg.c **** 
 229:.\Generated_Source\PSoC4/cyfitter_cfg.c **** 
 230:.\Generated_Source\PSoC4/cyfitter_cfg.c **** /*******************************************************************************
 231:.\Generated_Source\PSoC4/cyfitter_cfg.c **** * Function Name: AnalogSetDefault
 232:.\Generated_Source\PSoC4/cyfitter_cfg.c **** ********************************************************************************
 233:.\Generated_Source\PSoC4/cyfitter_cfg.c **** *
 234:.\Generated_Source\PSoC4/cyfitter_cfg.c **** * Summary:
 235:.\Generated_Source\PSoC4/cyfitter_cfg.c **** *  Sets up the analog portions of the chip to default values based on chip
 236:.\Generated_Source\PSoC4/cyfitter_cfg.c **** *  configuration options from the project.
 237:.\Generated_Source\PSoC4/cyfitter_cfg.c **** *
 238:.\Generated_Source\PSoC4/cyfitter_cfg.c **** * Parameters:
 239:.\Generated_Source\PSoC4/cyfitter_cfg.c **** *  void
ARM GAS  C:\Users\Eric\AppData\Local\Temp\ccXnJO3z.s 			page 11


 240:.\Generated_Source\PSoC4/cyfitter_cfg.c **** *
 241:.\Generated_Source\PSoC4/cyfitter_cfg.c **** * Return:
 242:.\Generated_Source\PSoC4/cyfitter_cfg.c **** *  void
 243:.\Generated_Source\PSoC4/cyfitter_cfg.c **** *
 244:.\Generated_Source\PSoC4/cyfitter_cfg.c **** *******************************************************************************/
 245:.\Generated_Source\PSoC4/cyfitter_cfg.c **** static void AnalogSetDefault(void);
 246:.\Generated_Source\PSoC4/cyfitter_cfg.c **** static void AnalogSetDefault(void)
 247:.\Generated_Source\PSoC4/cyfitter_cfg.c **** {
 329              		.loc 1 247 0
 330              		.cfi_startproc
 331 0000 80B5     		push	{r7, lr}
 332              		.cfi_def_cfa_offset 8
 333              		.cfi_offset 7, -8
 334              		.cfi_offset 14, -4
 335 0002 00AF     		add	r7, sp, #0
 336              		.cfi_def_cfa_register 7
 248:.\Generated_Source\PSoC4/cyfitter_cfg.c **** }
 337              		.loc 1 248 0
 338 0004 BD46     		mov	sp, r7
 339              		@ sp needed
 340 0006 80BD     		pop	{r7, pc}
 341              		.cfi_endproc
 342              	.LFE5:
 343              		.size	AnalogSetDefault, .-AnalogSetDefault
 344              		.section	.psocinit
 345              		.align	2
 346              		.global	cyfitter_cfg
 347              		.code	16
 348              		.thumb_func
 349              		.type	cyfitter_cfg, %function
 350              	cyfitter_cfg:
 351              	.LFB6:
 249:.\Generated_Source\PSoC4/cyfitter_cfg.c **** 
 250:.\Generated_Source\PSoC4/cyfitter_cfg.c **** #define CY_AMUX_UNUSED CYREG_CM0_ROM_DWT
 251:.\Generated_Source\PSoC4/cyfitter_cfg.c **** 
 252:.\Generated_Source\PSoC4/cyfitter_cfg.c **** 
 253:.\Generated_Source\PSoC4/cyfitter_cfg.c **** /*******************************************************************************
 254:.\Generated_Source\PSoC4/cyfitter_cfg.c **** * Function Name: cyfitter_cfg
 255:.\Generated_Source\PSoC4/cyfitter_cfg.c **** ********************************************************************************
 256:.\Generated_Source\PSoC4/cyfitter_cfg.c **** * Summary:
 257:.\Generated_Source\PSoC4/cyfitter_cfg.c **** *  This function is called by the start-up code for the selected device. It
 258:.\Generated_Source\PSoC4/cyfitter_cfg.c **** *  performs all of the necessary device configuration based on the design
 259:.\Generated_Source\PSoC4/cyfitter_cfg.c **** *  settings.  This includes settings from the Design Wide Resources (DWR) such
 260:.\Generated_Source\PSoC4/cyfitter_cfg.c **** *  as Clocks and Pins as well as any component configuration that is necessary.
 261:.\Generated_Source\PSoC4/cyfitter_cfg.c **** *
 262:.\Generated_Source\PSoC4/cyfitter_cfg.c **** * Parameters:  
 263:.\Generated_Source\PSoC4/cyfitter_cfg.c **** *   void
 264:.\Generated_Source\PSoC4/cyfitter_cfg.c **** *
 265:.\Generated_Source\PSoC4/cyfitter_cfg.c **** * Return:
 266:.\Generated_Source\PSoC4/cyfitter_cfg.c **** *   void
 267:.\Generated_Source\PSoC4/cyfitter_cfg.c **** *
 268:.\Generated_Source\PSoC4/cyfitter_cfg.c **** *******************************************************************************/
 269:.\Generated_Source\PSoC4/cyfitter_cfg.c **** CY_CFG_SECTION
 270:.\Generated_Source\PSoC4/cyfitter_cfg.c **** void cyfitter_cfg(void)
 271:.\Generated_Source\PSoC4/cyfitter_cfg.c **** {
 352              		.loc 1 271 0
 353              		.cfi_startproc
ARM GAS  C:\Users\Eric\AppData\Local\Temp\ccXnJO3z.s 			page 12


 354 0130 80B5     		push	{r7, lr}
 355              		.cfi_def_cfa_offset 8
 356              		.cfi_offset 7, -8
 357              		.cfi_offset 14, -4
 358 0132 82B0     		sub	sp, sp, #8
 359              		.cfi_def_cfa_offset 16
 360 0134 00AF     		add	r7, sp, #0
 361              		.cfi_def_cfa_register 7
 272:.\Generated_Source\PSoC4/cyfitter_cfg.c **** 	/* Disable interrupts by default. Let user enable if/when they want. */
 273:.\Generated_Source\PSoC4/cyfitter_cfg.c **** 	CyGlobalIntDisable;
 362              		.loc 1 273 0
 363              	@ 273 ".\Generated_Source\PSoC4\cyfitter_cfg.c" 1
 364 0136 72B6     		CPSID   i
 365              	@ 0 "" 2
 366              		.code	16
 367              	.LBB2:
 274:.\Generated_Source\PSoC4/cyfitter_cfg.c **** 
 275:.\Generated_Source\PSoC4/cyfitter_cfg.c **** 	{
 276:.\Generated_Source\PSoC4/cyfitter_cfg.c **** 
 277:.\Generated_Source\PSoC4/cyfitter_cfg.c **** 		CYPACKED typedef struct {
 278:.\Generated_Source\PSoC4/cyfitter_cfg.c **** 			void CYFAR *address;
 279:.\Generated_Source\PSoC4/cyfitter_cfg.c **** 			uint16 size;
 280:.\Generated_Source\PSoC4/cyfitter_cfg.c **** 		} CYPACKED_ATTR cfg_memset_t;
 281:.\Generated_Source\PSoC4/cyfitter_cfg.c **** 
 282:.\Generated_Source\PSoC4/cyfitter_cfg.c **** 		static const cfg_memset_t CYCODE cfg_memset_list [] = {
 283:.\Generated_Source\PSoC4/cyfitter_cfg.c **** 			/* address, size */
 284:.\Generated_Source\PSoC4/cyfitter_cfg.c **** 			{(void CYFAR *)(CYDEV_UDB_P0_U0_BASE), 1024u},
 285:.\Generated_Source\PSoC4/cyfitter_cfg.c **** 			{(void CYFAR *)(CYDEV_UDB_DSI0_BASE), 1024u},
 286:.\Generated_Source\PSoC4/cyfitter_cfg.c **** 		};
 287:.\Generated_Source\PSoC4/cyfitter_cfg.c **** 
 288:.\Generated_Source\PSoC4/cyfitter_cfg.c **** 		uint8 CYDATA i;
 289:.\Generated_Source\PSoC4/cyfitter_cfg.c **** 
 290:.\Generated_Source\PSoC4/cyfitter_cfg.c **** 		/* Zero out critical memory blocks before beginning configuration */
 291:.\Generated_Source\PSoC4/cyfitter_cfg.c **** 		for (i = 0u; i < (sizeof(cfg_memset_list)/sizeof(cfg_memset_list[0])); i++)
 368              		.loc 1 291 0
 369 0138 FB1D     		add	r3, r7, #7
 370 013a 0022     		mov	r2, #0
 371 013c 1A70     		strb	r2, [r3]
 372 013e 23E0     		b	.L15
 373              	.L16:
 374              	.LBB3:
 292:.\Generated_Source\PSoC4/cyfitter_cfg.c **** 		{
 293:.\Generated_Source\PSoC4/cyfitter_cfg.c **** 			const cfg_memset_t CYCODE * CYDATA ms = &cfg_memset_list[i];
 375              		.loc 1 293 0 discriminator 2
 376 0140 FB1D     		add	r3, r7, #7
 377 0142 1A78     		ldrb	r2, [r3]
 378 0144 131C     		mov	r3, r2
 379 0146 5B00     		lsl	r3, r3, #1
 380 0148 9B18     		add	r3, r3, r2
 381 014a 5B00     		lsl	r3, r3, #1
 382 014c 2C4A     		ldr	r2, .L17
 383 014e 9B18     		add	r3, r3, r2
 384 0150 3B60     		str	r3, [r7]
 294:.\Generated_Source\PSoC4/cyfitter_cfg.c **** 			CYMEMZERO(ms->address, (size_t)(uint32)(ms->size));
 385              		.loc 1 294 0 discriminator 2
 386 0152 3B68     		ldr	r3, [r7]
 387 0154 1A78     		ldrb	r2, [r3]
ARM GAS  C:\Users\Eric\AppData\Local\Temp\ccXnJO3z.s 			page 13


 388 0156 5978     		ldrb	r1, [r3, #1]
 389 0158 0902     		lsl	r1, r1, #8
 390 015a 0A43     		orr	r2, r1
 391 015c 9978     		ldrb	r1, [r3, #2]
 392 015e 0904     		lsl	r1, r1, #16
 393 0160 0A43     		orr	r2, r1
 394 0162 DB78     		ldrb	r3, [r3, #3]
 395 0164 1B06     		lsl	r3, r3, #24
 396 0166 1343     		orr	r3, r2
 397 0168 1A1C     		mov	r2, r3
 398 016a 3B68     		ldr	r3, [r7]
 399 016c 1979     		ldrb	r1, [r3, #4]
 400 016e 5B79     		ldrb	r3, [r3, #5]
 401 0170 1B02     		lsl	r3, r3, #8
 402 0172 0B43     		orr	r3, r1
 403 0174 9BB2     		uxth	r3, r3
 404 0176 101C     		mov	r0, r2
 405 0178 191C     		mov	r1, r3
 406 017a FFF7FEFF 		bl	CYMEMZERO
 407              	.LBE3:
 291:.\Generated_Source\PSoC4/cyfitter_cfg.c **** 		for (i = 0u; i < (sizeof(cfg_memset_list)/sizeof(cfg_memset_list[0])); i++)
 408              		.loc 1 291 0 discriminator 2
 409 017e FB1D     		add	r3, r7, #7
 410 0180 1A78     		ldrb	r2, [r3]
 411 0182 FB1D     		add	r3, r7, #7
 412 0184 0132     		add	r2, r2, #1
 413 0186 1A70     		strb	r2, [r3]
 414              	.L15:
 291:.\Generated_Source\PSoC4/cyfitter_cfg.c **** 		for (i = 0u; i < (sizeof(cfg_memset_list)/sizeof(cfg_memset_list[0])); i++)
 415              		.loc 1 291 0 is_stmt 0 discriminator 1
 416 0188 FB1D     		add	r3, r7, #7
 417 018a 1B78     		ldrb	r3, [r3]
 418 018c 012B     		cmp	r3, #1
 419 018e D7D9     		bls	.L16
 295:.\Generated_Source\PSoC4/cyfitter_cfg.c **** 		}
 296:.\Generated_Source\PSoC4/cyfitter_cfg.c **** 
 297:.\Generated_Source\PSoC4/cyfitter_cfg.c **** 		/* HSIOM Starting address: CYDEV_HSIOM_BASE */
 298:.\Generated_Source\PSoC4/cyfitter_cfg.c **** 		CY_SET_XTND_REG32((void CYFAR *)(CYREG_HSIOM_PORT_SEL3), 0x0000EE00u);
 420              		.loc 1 298 0 is_stmt 1
 421 0190 1C4B     		ldr	r3, .L17+4
 422 0192 EE22     		mov	r2, #238
 423 0194 1202     		lsl	r2, r2, #8
 424 0196 1A60     		str	r2, [r3]
 299:.\Generated_Source\PSoC4/cyfitter_cfg.c **** 		CY_SET_XTND_REG32((void CYFAR *)(CYREG_HSIOM_PORT_SEL4), 0x000000EEu);
 425              		.loc 1 299 0
 426 0198 1B4B     		ldr	r3, .L17+8
 427 019a EE22     		mov	r2, #238
 428 019c 1A60     		str	r2, [r3]
 300:.\Generated_Source\PSoC4/cyfitter_cfg.c **** 
 301:.\Generated_Source\PSoC4/cyfitter_cfg.c **** 		/* IOPINS0_3 Starting address: CYDEV_PRT3_DR */
 302:.\Generated_Source\PSoC4/cyfitter_cfg.c **** 		CY_SET_XTND_REG32((void CYFAR *)(CYREG_PRT3_PC), 0x00000D80u);
 429              		.loc 1 302 0
 430 019e 1B4B     		ldr	r3, .L17+12
 431 01a0 D822     		mov	r2, #216
 432 01a2 1201     		lsl	r2, r2, #4
 433 01a4 1A60     		str	r2, [r3]
 303:.\Generated_Source\PSoC4/cyfitter_cfg.c **** 
ARM GAS  C:\Users\Eric\AppData\Local\Temp\ccXnJO3z.s 			page 14


 304:.\Generated_Source\PSoC4/cyfitter_cfg.c **** 		/* IOPINS0_4 Starting address: CYDEV_PRT4_DR */
 305:.\Generated_Source\PSoC4/cyfitter_cfg.c **** 		CY_SET_XTND_REG32((void CYFAR *)(CYREG_PRT4_DR), 0x00000003u);
 434              		.loc 1 305 0
 435 01a6 1A4B     		ldr	r3, .L17+16
 436 01a8 0322     		mov	r2, #3
 437 01aa 1A60     		str	r2, [r3]
 306:.\Generated_Source\PSoC4/cyfitter_cfg.c **** 		CY_SET_XTND_REG32((void CYFAR *)(CYREG_PRT4_PC), 0x00000024u);
 438              		.loc 1 306 0
 439 01ac 194B     		ldr	r3, .L17+20
 440 01ae 2422     		mov	r2, #36
 441 01b0 1A60     		str	r2, [r3]
 307:.\Generated_Source\PSoC4/cyfitter_cfg.c **** 
 308:.\Generated_Source\PSoC4/cyfitter_cfg.c **** 		/* UDB_PA_3 Starting address: CYDEV_UDB_PA3_BASE */
 309:.\Generated_Source\PSoC4/cyfitter_cfg.c **** 		CY_SET_XTND_REG32((void CYFAR *)(CYDEV_UDB_PA3_BASE), 0x00990000u);
 442              		.loc 1 309 0
 443 01b2 194B     		ldr	r3, .L17+24
 444 01b4 9922     		mov	r2, #153
 445 01b6 1204     		lsl	r2, r2, #16
 446 01b8 1A60     		str	r2, [r3]
 310:.\Generated_Source\PSoC4/cyfitter_cfg.c **** 
 311:.\Generated_Source\PSoC4/cyfitter_cfg.c **** 		/* Enable digital routing */
 312:.\Generated_Source\PSoC4/cyfitter_cfg.c **** 		CY_SET_XTND_REG8((void *)CYREG_UDB_UDBIF_BANK_CTL, CY_GET_XTND_REG8((void *)CYREG_UDB_UDBIF_BANK_
 447              		.loc 1 312 0
 448 01ba 184B     		ldr	r3, .L17+28
 449 01bc 174A     		ldr	r2, .L17+28
 450 01be 1278     		ldrb	r2, [r2]
 451 01c0 D2B2     		uxtb	r2, r2
 452 01c2 0221     		mov	r1, #2
 453 01c4 0A43     		orr	r2, r1
 454 01c6 D2B2     		uxtb	r2, r2
 455 01c8 1A70     		strb	r2, [r3]
 313:.\Generated_Source\PSoC4/cyfitter_cfg.c **** 
 314:.\Generated_Source\PSoC4/cyfitter_cfg.c **** 		/* Enable UDB array */
 315:.\Generated_Source\PSoC4/cyfitter_cfg.c **** 		CY_SET_XTND_REG8((void *)CYREG_UDB_UDBIF_WAIT_CFG, (uint8)((CY_GET_XTND_REG8((void *)CYREG_UDB_UD
 456              		.loc 1 315 0
 457 01ca 154B     		ldr	r3, .L17+32
 458 01cc 144A     		ldr	r2, .L17+32
 459 01ce 1278     		ldrb	r2, [r2]
 460 01d0 D2B2     		uxtb	r2, r2
 461 01d2 3C21     		mov	r1, #60
 462 01d4 8A43     		bic	r2, r1
 463 01d6 D2B2     		uxtb	r2, r2
 464 01d8 1421     		mov	r1, #20
 465 01da 0A43     		orr	r2, r1
 466 01dc D2B2     		uxtb	r2, r2
 467 01de 1A70     		strb	r2, [r3]
 316:.\Generated_Source\PSoC4/cyfitter_cfg.c **** 		CY_SET_XTND_REG8((void *)CYREG_UDB_UDBIF_BANK_CTL, (uint8)(CY_GET_XTND_REG8((void *)CYREG_UDB_UDB
 468              		.loc 1 316 0
 469 01e0 0E4B     		ldr	r3, .L17+28
 470 01e2 0E4A     		ldr	r2, .L17+28
 471 01e4 1278     		ldrb	r2, [r2]
 472 01e6 D2B2     		uxtb	r2, r2
 473 01e8 1621     		mov	r1, #22
 474 01ea 0A43     		orr	r2, r1
 475 01ec D2B2     		uxtb	r2, r2
 476 01ee 1A70     		strb	r2, [r3]
 477              	.LBE2:
ARM GAS  C:\Users\Eric\AppData\Local\Temp\ccXnJO3z.s 			page 15


 317:.\Generated_Source\PSoC4/cyfitter_cfg.c **** 	}
 318:.\Generated_Source\PSoC4/cyfitter_cfg.c **** 
 319:.\Generated_Source\PSoC4/cyfitter_cfg.c **** 	/* Setup clocks based on selections from Clock DWR */
 320:.\Generated_Source\PSoC4/cyfitter_cfg.c **** 	ClockSetup();
 478              		.loc 1 320 0
 479 01f0 FFF758FF 		bl	ClockSetup
 321:.\Generated_Source\PSoC4/cyfitter_cfg.c **** 
 322:.\Generated_Source\PSoC4/cyfitter_cfg.c **** 	/* Perform basic analog initialization to defaults */
 323:.\Generated_Source\PSoC4/cyfitter_cfg.c **** 	AnalogSetDefault();
 480              		.loc 1 323 0
 481 01f4 FFF7FEFF 		bl	AnalogSetDefault
 324:.\Generated_Source\PSoC4/cyfitter_cfg.c **** 
 325:.\Generated_Source\PSoC4/cyfitter_cfg.c **** }
 482              		.loc 1 325 0
 483 01f8 BD46     		mov	sp, r7
 484 01fa 02B0     		add	sp, sp, #8
 485              		@ sp needed
 486 01fc 80BD     		pop	{r7, pc}
 487              	.L18:
 488 01fe C046     		.align	2
 489              	.L17:
 490 0200 04000000 		.word	cfg_memset_list.4712
 491 0204 0C000140 		.word	1073807372
 492 0208 10000140 		.word	1073807376
 493 020c 08030440 		.word	1074004744
 494 0210 00040440 		.word	1074004992
 495 0214 08040440 		.word	1074005000
 496 0218 30500F40 		.word	1074745392
 497 021c 00700F40 		.word	1074753536
 498 0220 01700F40 		.word	1074753537
 499              		.cfi_endproc
 500              	.LFE6:
 501              		.size	cyfitter_cfg, .-cyfitter_cfg
 502              		.data
 503              		.align	2
 504              		.type	imo_trim_table.4687, %object
 505              		.size	imo_trim_table.4687, 4
 506              	imo_trim_table.4687:
 507 0000 C0F1FF0F 		.word	268431808
 508              		.section	.rodata
 509              		.align	2
 510              		.type	IMO_TRIM_FREQ_TABLE_ENTRIES.4688, %object
 511              		.size	IMO_TRIM_FREQ_TABLE_ENTRIES.4688, 4
 512              	IMO_TRIM_FREQ_TABLE_ENTRIES.4688:
 513 0000 04000000 		.word	4
 514              		.align	2
 515              		.type	cfg_memset_list.4712, %object
 516              		.size	cfg_memset_list.4712, 12
 517              	cfg_memset_list.4712:
 518 0004 00300F40 		.word	1074737152
 519 0008 0004     		.short	1024
 520 000a 00400F40 		.4byte	1074741248
 521 000e 0004     		.short	1024
 522              		.text
 523              	.Letext0:
 524              		.file 2 "e:\\program files (x86)\\cypress\\psoc creator\\3.1\\psoc creator\\import\\gnu_cs\\arm\\4
 525              		.file 3 ".\\Generated_Source\\PSoC4/cytypes.h"
ARM GAS  C:\Users\Eric\AppData\Local\Temp\ccXnJO3z.s 			page 16


 526              		.section	.debug_info,"",%progbits
 527              	.Ldebug_info0:
 528 0000 3E030000 		.4byte	0x33e
 529 0004 0400     		.2byte	0x4
 530 0006 00000000 		.4byte	.Ldebug_abbrev0
 531 000a 04       		.byte	0x4
 532 000b 01       		.uleb128 0x1
 533 000c 5A020000 		.4byte	.LASF43
 534 0010 01       		.byte	0x1
 535 0011 B6010000 		.4byte	.LASF44
 536 0015 1E000000 		.4byte	.LASF45
 537 0019 00000000 		.4byte	.Ldebug_ranges0+0
 538 001d 00000000 		.4byte	0
 539 0021 00000000 		.4byte	.Ldebug_line0
 540 0025 02       		.uleb128 0x2
 541 0026 04       		.byte	0x4
 542 0027 05       		.byte	0x5
 543 0028 696E7400 		.ascii	"int\000"
 544 002c 03       		.uleb128 0x3
 545 002d 06000000 		.4byte	.LASF11
 546 0031 02       		.byte	0x2
 547 0032 D4       		.byte	0xd4
 548 0033 37000000 		.4byte	0x37
 549 0037 04       		.uleb128 0x4
 550 0038 04       		.byte	0x4
 551 0039 07       		.byte	0x7
 552 003a 5F010000 		.4byte	.LASF0
 553 003e 04       		.uleb128 0x4
 554 003f 01       		.byte	0x1
 555 0040 06       		.byte	0x6
 556 0041 3E020000 		.4byte	.LASF1
 557 0045 04       		.uleb128 0x4
 558 0046 01       		.byte	0x1
 559 0047 08       		.byte	0x8
 560 0048 0C010000 		.4byte	.LASF2
 561 004c 04       		.uleb128 0x4
 562 004d 02       		.byte	0x2
 563 004e 05       		.byte	0x5
 564 004f B0000000 		.4byte	.LASF3
 565 0053 04       		.uleb128 0x4
 566 0054 02       		.byte	0x2
 567 0055 07       		.byte	0x7
 568 0056 9D000000 		.4byte	.LASF4
 569 005a 04       		.uleb128 0x4
 570 005b 04       		.byte	0x4
 571 005c 05       		.byte	0x5
 572 005d 26020000 		.4byte	.LASF5
 573 0061 04       		.uleb128 0x4
 574 0062 04       		.byte	0x4
 575 0063 07       		.byte	0x7
 576 0064 EA000000 		.4byte	.LASF6
 577 0068 04       		.uleb128 0x4
 578 0069 08       		.byte	0x8
 579 006a 05       		.byte	0x5
 580 006b F0010000 		.4byte	.LASF7
 581 006f 04       		.uleb128 0x4
 582 0070 08       		.byte	0x8
ARM GAS  C:\Users\Eric\AppData\Local\Temp\ccXnJO3z.s 			page 17


 583 0071 07       		.byte	0x7
 584 0072 81010000 		.4byte	.LASF8
 585 0076 04       		.uleb128 0x4
 586 0077 04       		.byte	0x4
 587 0078 07       		.byte	0x7
 588 0079 DE010000 		.4byte	.LASF9
 589 007d 05       		.uleb128 0x5
 590 007e 04       		.byte	0x4
 591 007f 04       		.uleb128 0x4
 592 0080 01       		.byte	0x1
 593 0081 08       		.byte	0x8
 594 0082 FE010000 		.4byte	.LASF10
 595 0086 03       		.uleb128 0x3
 596 0087 11020000 		.4byte	.LASF12
 597 008b 03       		.byte	0x3
 598 008c A1       		.byte	0xa1
 599 008d 45000000 		.4byte	0x45
 600 0091 03       		.uleb128 0x3
 601 0092 51010000 		.4byte	.LASF13
 602 0096 03       		.byte	0x3
 603 0097 A2       		.byte	0xa2
 604 0098 53000000 		.4byte	0x53
 605 009c 03       		.uleb128 0x3
 606 009d 58010000 		.4byte	.LASF14
 607 00a1 03       		.byte	0x3
 608 00a2 A3       		.byte	0xa3
 609 00a3 61000000 		.4byte	0x61
 610 00a7 03       		.uleb128 0x3
 611 00a8 FC000000 		.4byte	.LASF15
 612 00ac 03       		.byte	0x3
 613 00ad A6       		.byte	0xa6
 614 00ae 5A000000 		.4byte	0x5a
 615 00b2 04       		.uleb128 0x4
 616 00b3 04       		.byte	0x4
 617 00b4 04       		.byte	0x4
 618 00b5 C8000000 		.4byte	.LASF16
 619 00b9 04       		.uleb128 0x4
 620 00ba 08       		.byte	0x8
 621 00bb 04       		.byte	0x4
 622 00bc 1A010000 		.4byte	.LASF17
 623 00c0 06       		.uleb128 0x6
 624 00c1 E5000000 		.4byte	.LASF18
 625 00c5 03       		.byte	0x3
 626 00c6 4B01     		.2byte	0x14b
 627 00c8 CC000000 		.4byte	0xcc
 628 00cc 07       		.uleb128 0x7
 629 00cd 86000000 		.4byte	0x86
 630 00d1 06       		.uleb128 0x6
 631 00d2 00000000 		.4byte	.LASF19
 632 00d6 03       		.byte	0x3
 633 00d7 4D01     		.2byte	0x14d
 634 00d9 DD000000 		.4byte	0xdd
 635 00dd 07       		.uleb128 0x7
 636 00de 9C000000 		.4byte	0x9c
 637 00e2 08       		.uleb128 0x8
 638 00e3 02010000 		.4byte	.LASF20
 639 00e7 01       		.byte	0x1
ARM GAS  C:\Users\Eric\AppData\Local\Temp\ccXnJO3z.s 			page 18


 640 00e8 39       		.byte	0x39
 641 00e9 00000000 		.4byte	.LFB0
 642 00ed 1E000000 		.4byte	.LFE0-.LFB0
 643 00f1 01       		.uleb128 0x1
 644 00f2 9C       		.byte	0x9c
 645 00f3 10010000 		.4byte	0x110
 646 00f7 09       		.uleb128 0x9
 647 00f8 7300     		.ascii	"s\000"
 648 00fa 01       		.byte	0x1
 649 00fb 39       		.byte	0x39
 650 00fc 7D000000 		.4byte	0x7d
 651 0100 02       		.uleb128 0x2
 652 0101 91       		.byte	0x91
 653 0102 74       		.sleb128 -12
 654 0103 09       		.uleb128 0x9
 655 0104 6E00     		.ascii	"n\000"
 656 0106 01       		.byte	0x1
 657 0107 39       		.byte	0x39
 658 0108 2C000000 		.4byte	0x2c
 659 010c 02       		.uleb128 0x2
 660 010d 91       		.byte	0x91
 661 010e 70       		.sleb128 -16
 662 010f 00       		.byte	0
 663 0110 08       		.uleb128 0x8
 664 0111 29010000 		.4byte	.LASF21
 665 0115 01       		.byte	0x1
 666 0116 40       		.byte	0x40
 667 0117 00000000 		.4byte	.LFB1
 668 011b 22000000 		.4byte	.LFE1-.LFB1
 669 011f 01       		.uleb128 0x1
 670 0120 9C       		.byte	0x9c
 671 0121 4E010000 		.4byte	0x14e
 672 0125 0A       		.uleb128 0xa
 673 0126 DB000000 		.4byte	.LASF22
 674 012a 01       		.byte	0x1
 675 012b 40       		.byte	0x40
 676 012c 7D000000 		.4byte	0x7d
 677 0130 02       		.uleb128 0x2
 678 0131 91       		.byte	0x91
 679 0132 74       		.sleb128 -12
 680 0133 09       		.uleb128 0x9
 681 0134 73726300 		.ascii	"src\000"
 682 0138 01       		.byte	0x1
 683 0139 40       		.byte	0x40
 684 013a 4E010000 		.4byte	0x14e
 685 013e 02       		.uleb128 0x2
 686 013f 91       		.byte	0x91
 687 0140 70       		.sleb128 -16
 688 0141 09       		.uleb128 0x9
 689 0142 6E00     		.ascii	"n\000"
 690 0144 01       		.byte	0x1
 691 0145 40       		.byte	0x40
 692 0146 2C000000 		.4byte	0x2c
 693 014a 02       		.uleb128 0x2
 694 014b 91       		.byte	0x91
 695 014c 6C       		.sleb128 -20
 696 014d 00       		.byte	0
ARM GAS  C:\Users\Eric\AppData\Local\Temp\ccXnJO3z.s 			page 19


 697 014e 0B       		.uleb128 0xb
 698 014f 04       		.byte	0x4
 699 0150 54010000 		.4byte	0x154
 700 0154 0C       		.uleb128 0xc
 701 0155 08       		.uleb128 0x8
 702 0156 4A020000 		.4byte	.LASF23
 703 015a 01       		.byte	0x1
 704 015b 47       		.byte	0x47
 705 015c 00000000 		.4byte	.LFB2
 706 0160 22000000 		.4byte	.LFE2-.LFB2
 707 0164 01       		.uleb128 0x1
 708 0165 9C       		.byte	0x9c
 709 0166 93010000 		.4byte	0x193
 710 016a 0A       		.uleb128 0xa
 711 016b DB000000 		.4byte	.LASF22
 712 016f 01       		.byte	0x1
 713 0170 47       		.byte	0x47
 714 0171 7D000000 		.4byte	0x7d
 715 0175 02       		.uleb128 0x2
 716 0176 91       		.byte	0x91
 717 0177 74       		.sleb128 -12
 718 0178 09       		.uleb128 0x9
 719 0179 73726300 		.ascii	"src\000"
 720 017d 01       		.byte	0x1
 721 017e 47       		.byte	0x47
 722 017f 4E010000 		.4byte	0x14e
 723 0183 02       		.uleb128 0x2
 724 0184 91       		.byte	0x91
 725 0185 70       		.sleb128 -16
 726 0186 09       		.uleb128 0x9
 727 0187 6E00     		.ascii	"n\000"
 728 0189 01       		.byte	0x1
 729 018a 47       		.byte	0x47
 730 018b 2C000000 		.4byte	0x2c
 731 018f 02       		.uleb128 0x2
 732 0190 91       		.byte	0x91
 733 0191 6C       		.sleb128 -20
 734 0192 00       		.byte	0
 735 0193 0D       		.uleb128 0xd
 736 0194 BA000000 		.4byte	.LASF24
 737 0198 01       		.byte	0x1
 738 0199 8C       		.byte	0x8c
 739 019a 00000000 		.4byte	.LFB3
 740 019e A4000000 		.4byte	.LFE3-.LFB3
 741 01a2 01       		.uleb128 0x1
 742 01a3 9C       		.byte	0x9c
 743 01a4 76020000 		.4byte	0x276
 744 01a8 0A       		.uleb128 0xa
 745 01a9 21010000 		.4byte	.LASF25
 746 01ad 01       		.byte	0x1
 747 01ae 8C       		.byte	0x8c
 748 01af 86000000 		.4byte	0x86
 749 01b3 02       		.uleb128 0x2
 750 01b4 91       		.byte	0x91
 751 01b5 6F       		.sleb128 -17
 752 01b6 0E       		.uleb128 0xe
 753 01b7 03       		.byte	0x3
ARM GAS  C:\Users\Eric\AppData\Local\Temp\ccXnJO3z.s 			page 20


 754 01b8 01       		.byte	0x1
 755 01b9 8E       		.byte	0x8e
 756 01ba E3010000 		.4byte	0x1e3
 757 01be 0F       		.uleb128 0xf
 758 01bf 0C020000 		.4byte	.LASF26
 759 01c3 01       		.byte	0x1
 760 01c4 8F       		.byte	0x8f
 761 01c5 86000000 		.4byte	0x86
 762 01c9 00       		.byte	0
 763 01ca 0F       		.uleb128 0xf
 764 01cb 03020000 		.4byte	.LASF27
 765 01cf 01       		.byte	0x1
 766 01d0 90       		.byte	0x90
 767 01d1 86000000 		.4byte	0x86
 768 01d5 01       		.byte	0x1
 769 01d6 0F       		.uleb128 0xf
 770 01d7 97000000 		.4byte	.LASF28
 771 01db 01       		.byte	0x1
 772 01dc 91       		.byte	0x91
 773 01dd 86000000 		.4byte	0x86
 774 01e1 02       		.byte	0x2
 775 01e2 00       		.byte	0
 776 01e3 03       		.uleb128 0x3
 777 01e4 6B000000 		.4byte	.LASF29
 778 01e8 01       		.byte	0x1
 779 01e9 92       		.byte	0x92
 780 01ea B6010000 		.4byte	0x1b6
 781 01ee 0E       		.uleb128 0xe
 782 01ef 0C       		.byte	0xc
 783 01f0 01       		.byte	0x1
 784 01f1 94       		.byte	0x94
 785 01f2 13020000 		.4byte	0x213
 786 01f6 10       		.uleb128 0x10
 787 01f7 E3010000 		.4byte	0x1e3
 788 01fb 06020000 		.4byte	0x206
 789 01ff 11       		.uleb128 0x11
 790 0200 76000000 		.4byte	0x76
 791 0204 03       		.byte	0x3
 792 0205 00       		.byte	0
 793 0206 0F       		.uleb128 0xf
 794 0207 2F020000 		.4byte	.LASF30
 795 020b 01       		.byte	0x1
 796 020c 95       		.byte	0x95
 797 020d F6010000 		.4byte	0x1f6
 798 0211 00       		.byte	0
 799 0212 00       		.byte	0
 800 0213 03       		.uleb128 0x3
 801 0214 98010000 		.4byte	.LASF31
 802 0218 01       		.byte	0x1
 803 0219 96       		.byte	0x96
 804 021a EE010000 		.4byte	0x1ee
 805 021e 12       		.uleb128 0x12
 806 021f 17020000 		.4byte	.LASF32
 807 0223 01       		.byte	0x1
 808 0224 98       		.byte	0x98
 809 0225 2F020000 		.4byte	0x22f
 810 0229 05       		.uleb128 0x5
ARM GAS  C:\Users\Eric\AppData\Local\Temp\ccXnJO3z.s 			page 21


 811 022a 03       		.byte	0x3
 812 022b 00000000 		.4byte	imo_trim_table.4687
 813 022f 0B       		.uleb128 0xb
 814 0230 04       		.byte	0x4
 815 0231 35020000 		.4byte	0x235
 816 0235 13       		.uleb128 0x13
 817 0236 13020000 		.4byte	0x213
 818 023a 12       		.uleb128 0x12
 819 023b 35010000 		.4byte	.LASF33
 820 023f 01       		.byte	0x1
 821 0240 99       		.byte	0x99
 822 0241 76020000 		.4byte	0x276
 823 0245 05       		.uleb128 0x5
 824 0246 03       		.byte	0x3
 825 0247 00000000 		.4byte	IMO_TRIM_FREQ_TABLE_ENTRIES.4688
 826 024b 12       		.uleb128 0x12
 827 024c CE000000 		.4byte	.LASF34
 828 0250 01       		.byte	0x1
 829 0251 9B       		.byte	0x9b
 830 0252 A7000000 		.4byte	0xa7
 831 0256 02       		.uleb128 0x2
 832 0257 91       		.byte	0x91
 833 0258 74       		.sleb128 -12
 834 0259 12       		.uleb128 0x12
 835 025a 37020000 		.4byte	.LASF35
 836 025e 01       		.byte	0x1
 837 025f 9C       		.byte	0x9c
 838 0260 86000000 		.4byte	0x86
 839 0264 02       		.uleb128 0x2
 840 0265 91       		.byte	0x91
 841 0266 73       		.sleb128 -13
 842 0267 12       		.uleb128 0x12
 843 0268 E7010000 		.4byte	.LASF36
 844 026c 01       		.byte	0x1
 845 026d 9D       		.byte	0x9d
 846 026e 86000000 		.4byte	0x86
 847 0272 02       		.uleb128 0x2
 848 0273 91       		.byte	0x91
 849 0274 72       		.sleb128 -14
 850 0275 00       		.byte	0
 851 0276 13       		.uleb128 0x13
 852 0277 9C000000 		.4byte	0x9c
 853 027b 14       		.uleb128 0x14
 854 027c 8C000000 		.4byte	.LASF37
 855 0280 01       		.byte	0x1
 856 0281 C3       		.byte	0xc3
 857 0282 A4000000 		.4byte	.LFB4
 858 0286 8C000000 		.4byte	.LFE4-.LFB4
 859 028a 01       		.uleb128 0x1
 860 028b 9C       		.byte	0x9c
 861 028c 15       		.uleb128 0x15
 862 028d 0D000000 		.4byte	.LASF38
 863 0291 01       		.byte	0x1
 864 0292 F6       		.byte	0xf6
 865 0293 00000000 		.4byte	.LFB5
 866 0297 08000000 		.4byte	.LFE5-.LFB5
 867 029b 01       		.uleb128 0x1
ARM GAS  C:\Users\Eric\AppData\Local\Temp\ccXnJO3z.s 			page 22


 868 029c 9C       		.byte	0x9c
 869 029d 16       		.uleb128 0x16
 870 029e 6C010000 		.4byte	.LASF46
 871 02a2 01       		.byte	0x1
 872 02a3 0E01     		.2byte	0x10e
 873 02a5 30010000 		.4byte	.LFB6
 874 02a9 F4000000 		.4byte	.LFE6-.LFB6
 875 02ad 01       		.uleb128 0x1
 876 02ae 9C       		.byte	0x9c
 877 02af 17       		.uleb128 0x17
 878 02b0 38010000 		.4byte	.LBB2
 879 02b4 B8000000 		.4byte	.LBE2-.LBB2
 880 02b8 18       		.uleb128 0x18
 881 02b9 06       		.byte	0x6
 882 02ba 01       		.byte	0x1
 883 02bb 1501     		.2byte	0x115
 884 02bd DC020000 		.4byte	0x2dc
 885 02c1 19       		.uleb128 0x19
 886 02c2 79010000 		.4byte	.LASF39
 887 02c6 01       		.byte	0x1
 888 02c7 1601     		.2byte	0x116
 889 02c9 7D000000 		.4byte	0x7d
 890 02cd 00       		.byte	0
 891 02ce 19       		.uleb128 0x19
 892 02cf E0000000 		.4byte	.LASF40
 893 02d3 01       		.byte	0x1
 894 02d4 1701     		.2byte	0x117
 895 02d6 91000000 		.4byte	0x91
 896 02da 04       		.byte	0x4
 897 02db 00       		.byte	0
 898 02dc 06       		.uleb128 0x6
 899 02dd A9010000 		.4byte	.LASF41
 900 02e1 01       		.byte	0x1
 901 02e2 1801     		.2byte	0x118
 902 02e4 B8020000 		.4byte	0x2b8
 903 02e8 10       		.uleb128 0x10
 904 02e9 DC020000 		.4byte	0x2dc
 905 02ed F8020000 		.4byte	0x2f8
 906 02f1 11       		.uleb128 0x11
 907 02f2 76000000 		.4byte	0x76
 908 02f6 01       		.byte	0x1
 909 02f7 00       		.byte	0
 910 02f8 1A       		.uleb128 0x1a
 911 02f9 7C000000 		.4byte	.LASF42
 912 02fd 01       		.byte	0x1
 913 02fe 1A01     		.2byte	0x11a
 914 0300 0A030000 		.4byte	0x30a
 915 0304 05       		.uleb128 0x5
 916 0305 03       		.byte	0x3
 917 0306 04000000 		.4byte	cfg_memset_list.4712
 918 030a 13       		.uleb128 0x13
 919 030b E8020000 		.4byte	0x2e8
 920 030f 1B       		.uleb128 0x1b
 921 0310 6900     		.ascii	"i\000"
 922 0312 01       		.byte	0x1
 923 0313 2001     		.2byte	0x120
 924 0315 86000000 		.4byte	0x86
ARM GAS  C:\Users\Eric\AppData\Local\Temp\ccXnJO3z.s 			page 23


 925 0319 02       		.uleb128 0x2
 926 031a 91       		.byte	0x91
 927 031b 77       		.sleb128 -9
 928 031c 17       		.uleb128 0x17
 929 031d 40010000 		.4byte	.LBB3
 930 0321 3E000000 		.4byte	.LBE3-.LBB3
 931 0325 1B       		.uleb128 0x1b
 932 0326 6D7300   		.ascii	"ms\000"
 933 0329 01       		.byte	0x1
 934 032a 2501     		.2byte	0x125
 935 032c 33030000 		.4byte	0x333
 936 0330 02       		.uleb128 0x2
 937 0331 91       		.byte	0x91
 938 0332 70       		.sleb128 -16
 939 0333 0B       		.uleb128 0xb
 940 0334 04       		.byte	0x4
 941 0335 39030000 		.4byte	0x339
 942 0339 13       		.uleb128 0x13
 943 033a DC020000 		.4byte	0x2dc
 944 033e 00       		.byte	0
 945 033f 00       		.byte	0
 946 0340 00       		.byte	0
 947 0341 00       		.byte	0
 948              		.section	.debug_abbrev,"",%progbits
 949              	.Ldebug_abbrev0:
 950 0000 01       		.uleb128 0x1
 951 0001 11       		.uleb128 0x11
 952 0002 01       		.byte	0x1
 953 0003 25       		.uleb128 0x25
 954 0004 0E       		.uleb128 0xe
 955 0005 13       		.uleb128 0x13
 956 0006 0B       		.uleb128 0xb
 957 0007 03       		.uleb128 0x3
 958 0008 0E       		.uleb128 0xe
 959 0009 1B       		.uleb128 0x1b
 960 000a 0E       		.uleb128 0xe
 961 000b 55       		.uleb128 0x55
 962 000c 17       		.uleb128 0x17
 963 000d 11       		.uleb128 0x11
 964 000e 01       		.uleb128 0x1
 965 000f 10       		.uleb128 0x10
 966 0010 17       		.uleb128 0x17
 967 0011 00       		.byte	0
 968 0012 00       		.byte	0
 969 0013 02       		.uleb128 0x2
 970 0014 24       		.uleb128 0x24
 971 0015 00       		.byte	0
 972 0016 0B       		.uleb128 0xb
 973 0017 0B       		.uleb128 0xb
 974 0018 3E       		.uleb128 0x3e
 975 0019 0B       		.uleb128 0xb
 976 001a 03       		.uleb128 0x3
 977 001b 08       		.uleb128 0x8
 978 001c 00       		.byte	0
 979 001d 00       		.byte	0
 980 001e 03       		.uleb128 0x3
 981 001f 16       		.uleb128 0x16
ARM GAS  C:\Users\Eric\AppData\Local\Temp\ccXnJO3z.s 			page 24


 982 0020 00       		.byte	0
 983 0021 03       		.uleb128 0x3
 984 0022 0E       		.uleb128 0xe
 985 0023 3A       		.uleb128 0x3a
 986 0024 0B       		.uleb128 0xb
 987 0025 3B       		.uleb128 0x3b
 988 0026 0B       		.uleb128 0xb
 989 0027 49       		.uleb128 0x49
 990 0028 13       		.uleb128 0x13
 991 0029 00       		.byte	0
 992 002a 00       		.byte	0
 993 002b 04       		.uleb128 0x4
 994 002c 24       		.uleb128 0x24
 995 002d 00       		.byte	0
 996 002e 0B       		.uleb128 0xb
 997 002f 0B       		.uleb128 0xb
 998 0030 3E       		.uleb128 0x3e
 999 0031 0B       		.uleb128 0xb
 1000 0032 03       		.uleb128 0x3
 1001 0033 0E       		.uleb128 0xe
 1002 0034 00       		.byte	0
 1003 0035 00       		.byte	0
 1004 0036 05       		.uleb128 0x5
 1005 0037 0F       		.uleb128 0xf
 1006 0038 00       		.byte	0
 1007 0039 0B       		.uleb128 0xb
 1008 003a 0B       		.uleb128 0xb
 1009 003b 00       		.byte	0
 1010 003c 00       		.byte	0
 1011 003d 06       		.uleb128 0x6
 1012 003e 16       		.uleb128 0x16
 1013 003f 00       		.byte	0
 1014 0040 03       		.uleb128 0x3
 1015 0041 0E       		.uleb128 0xe
 1016 0042 3A       		.uleb128 0x3a
 1017 0043 0B       		.uleb128 0xb
 1018 0044 3B       		.uleb128 0x3b
 1019 0045 05       		.uleb128 0x5
 1020 0046 49       		.uleb128 0x49
 1021 0047 13       		.uleb128 0x13
 1022 0048 00       		.byte	0
 1023 0049 00       		.byte	0
 1024 004a 07       		.uleb128 0x7
 1025 004b 35       		.uleb128 0x35
 1026 004c 00       		.byte	0
 1027 004d 49       		.uleb128 0x49
 1028 004e 13       		.uleb128 0x13
 1029 004f 00       		.byte	0
 1030 0050 00       		.byte	0
 1031 0051 08       		.uleb128 0x8
 1032 0052 2E       		.uleb128 0x2e
 1033 0053 01       		.byte	0x1
 1034 0054 03       		.uleb128 0x3
 1035 0055 0E       		.uleb128 0xe
 1036 0056 3A       		.uleb128 0x3a
 1037 0057 0B       		.uleb128 0xb
 1038 0058 3B       		.uleb128 0x3b
ARM GAS  C:\Users\Eric\AppData\Local\Temp\ccXnJO3z.s 			page 25


 1039 0059 0B       		.uleb128 0xb
 1040 005a 27       		.uleb128 0x27
 1041 005b 19       		.uleb128 0x19
 1042 005c 11       		.uleb128 0x11
 1043 005d 01       		.uleb128 0x1
 1044 005e 12       		.uleb128 0x12
 1045 005f 06       		.uleb128 0x6
 1046 0060 40       		.uleb128 0x40
 1047 0061 18       		.uleb128 0x18
 1048 0062 9642     		.uleb128 0x2116
 1049 0064 19       		.uleb128 0x19
 1050 0065 01       		.uleb128 0x1
 1051 0066 13       		.uleb128 0x13
 1052 0067 00       		.byte	0
 1053 0068 00       		.byte	0
 1054 0069 09       		.uleb128 0x9
 1055 006a 05       		.uleb128 0x5
 1056 006b 00       		.byte	0
 1057 006c 03       		.uleb128 0x3
 1058 006d 08       		.uleb128 0x8
 1059 006e 3A       		.uleb128 0x3a
 1060 006f 0B       		.uleb128 0xb
 1061 0070 3B       		.uleb128 0x3b
 1062 0071 0B       		.uleb128 0xb
 1063 0072 49       		.uleb128 0x49
 1064 0073 13       		.uleb128 0x13
 1065 0074 02       		.uleb128 0x2
 1066 0075 18       		.uleb128 0x18
 1067 0076 00       		.byte	0
 1068 0077 00       		.byte	0
 1069 0078 0A       		.uleb128 0xa
 1070 0079 05       		.uleb128 0x5
 1071 007a 00       		.byte	0
 1072 007b 03       		.uleb128 0x3
 1073 007c 0E       		.uleb128 0xe
 1074 007d 3A       		.uleb128 0x3a
 1075 007e 0B       		.uleb128 0xb
 1076 007f 3B       		.uleb128 0x3b
 1077 0080 0B       		.uleb128 0xb
 1078 0081 49       		.uleb128 0x49
 1079 0082 13       		.uleb128 0x13
 1080 0083 02       		.uleb128 0x2
 1081 0084 18       		.uleb128 0x18
 1082 0085 00       		.byte	0
 1083 0086 00       		.byte	0
 1084 0087 0B       		.uleb128 0xb
 1085 0088 0F       		.uleb128 0xf
 1086 0089 00       		.byte	0
 1087 008a 0B       		.uleb128 0xb
 1088 008b 0B       		.uleb128 0xb
 1089 008c 49       		.uleb128 0x49
 1090 008d 13       		.uleb128 0x13
 1091 008e 00       		.byte	0
 1092 008f 00       		.byte	0
 1093 0090 0C       		.uleb128 0xc
 1094 0091 26       		.uleb128 0x26
 1095 0092 00       		.byte	0
ARM GAS  C:\Users\Eric\AppData\Local\Temp\ccXnJO3z.s 			page 26


 1096 0093 00       		.byte	0
 1097 0094 00       		.byte	0
 1098 0095 0D       		.uleb128 0xd
 1099 0096 2E       		.uleb128 0x2e
 1100 0097 01       		.byte	0x1
 1101 0098 03       		.uleb128 0x3
 1102 0099 0E       		.uleb128 0xe
 1103 009a 3A       		.uleb128 0x3a
 1104 009b 0B       		.uleb128 0xb
 1105 009c 3B       		.uleb128 0x3b
 1106 009d 0B       		.uleb128 0xb
 1107 009e 27       		.uleb128 0x27
 1108 009f 19       		.uleb128 0x19
 1109 00a0 11       		.uleb128 0x11
 1110 00a1 01       		.uleb128 0x1
 1111 00a2 12       		.uleb128 0x12
 1112 00a3 06       		.uleb128 0x6
 1113 00a4 40       		.uleb128 0x40
 1114 00a5 18       		.uleb128 0x18
 1115 00a6 9742     		.uleb128 0x2117
 1116 00a8 19       		.uleb128 0x19
 1117 00a9 01       		.uleb128 0x1
 1118 00aa 13       		.uleb128 0x13
 1119 00ab 00       		.byte	0
 1120 00ac 00       		.byte	0
 1121 00ad 0E       		.uleb128 0xe
 1122 00ae 13       		.uleb128 0x13
 1123 00af 01       		.byte	0x1
 1124 00b0 0B       		.uleb128 0xb
 1125 00b1 0B       		.uleb128 0xb
 1126 00b2 3A       		.uleb128 0x3a
 1127 00b3 0B       		.uleb128 0xb
 1128 00b4 3B       		.uleb128 0x3b
 1129 00b5 0B       		.uleb128 0xb
 1130 00b6 01       		.uleb128 0x1
 1131 00b7 13       		.uleb128 0x13
 1132 00b8 00       		.byte	0
 1133 00b9 00       		.byte	0
 1134 00ba 0F       		.uleb128 0xf
 1135 00bb 0D       		.uleb128 0xd
 1136 00bc 00       		.byte	0
 1137 00bd 03       		.uleb128 0x3
 1138 00be 0E       		.uleb128 0xe
 1139 00bf 3A       		.uleb128 0x3a
 1140 00c0 0B       		.uleb128 0xb
 1141 00c1 3B       		.uleb128 0x3b
 1142 00c2 0B       		.uleb128 0xb
 1143 00c3 49       		.uleb128 0x49
 1144 00c4 13       		.uleb128 0x13
 1145 00c5 38       		.uleb128 0x38
 1146 00c6 0B       		.uleb128 0xb
 1147 00c7 00       		.byte	0
 1148 00c8 00       		.byte	0
 1149 00c9 10       		.uleb128 0x10
 1150 00ca 01       		.uleb128 0x1
 1151 00cb 01       		.byte	0x1
 1152 00cc 49       		.uleb128 0x49
ARM GAS  C:\Users\Eric\AppData\Local\Temp\ccXnJO3z.s 			page 27


 1153 00cd 13       		.uleb128 0x13
 1154 00ce 01       		.uleb128 0x1
 1155 00cf 13       		.uleb128 0x13
 1156 00d0 00       		.byte	0
 1157 00d1 00       		.byte	0
 1158 00d2 11       		.uleb128 0x11
 1159 00d3 21       		.uleb128 0x21
 1160 00d4 00       		.byte	0
 1161 00d5 49       		.uleb128 0x49
 1162 00d6 13       		.uleb128 0x13
 1163 00d7 2F       		.uleb128 0x2f
 1164 00d8 0B       		.uleb128 0xb
 1165 00d9 00       		.byte	0
 1166 00da 00       		.byte	0
 1167 00db 12       		.uleb128 0x12
 1168 00dc 34       		.uleb128 0x34
 1169 00dd 00       		.byte	0
 1170 00de 03       		.uleb128 0x3
 1171 00df 0E       		.uleb128 0xe
 1172 00e0 3A       		.uleb128 0x3a
 1173 00e1 0B       		.uleb128 0xb
 1174 00e2 3B       		.uleb128 0x3b
 1175 00e3 0B       		.uleb128 0xb
 1176 00e4 49       		.uleb128 0x49
 1177 00e5 13       		.uleb128 0x13
 1178 00e6 02       		.uleb128 0x2
 1179 00e7 18       		.uleb128 0x18
 1180 00e8 00       		.byte	0
 1181 00e9 00       		.byte	0
 1182 00ea 13       		.uleb128 0x13
 1183 00eb 26       		.uleb128 0x26
 1184 00ec 00       		.byte	0
 1185 00ed 49       		.uleb128 0x49
 1186 00ee 13       		.uleb128 0x13
 1187 00ef 00       		.byte	0
 1188 00f0 00       		.byte	0
 1189 00f1 14       		.uleb128 0x14
 1190 00f2 2E       		.uleb128 0x2e
 1191 00f3 00       		.byte	0
 1192 00f4 03       		.uleb128 0x3
 1193 00f5 0E       		.uleb128 0xe
 1194 00f6 3A       		.uleb128 0x3a
 1195 00f7 0B       		.uleb128 0xb
 1196 00f8 3B       		.uleb128 0x3b
 1197 00f9 0B       		.uleb128 0xb
 1198 00fa 27       		.uleb128 0x27
 1199 00fb 19       		.uleb128 0x19
 1200 00fc 11       		.uleb128 0x11
 1201 00fd 01       		.uleb128 0x1
 1202 00fe 12       		.uleb128 0x12
 1203 00ff 06       		.uleb128 0x6
 1204 0100 40       		.uleb128 0x40
 1205 0101 18       		.uleb128 0x18
 1206 0102 9642     		.uleb128 0x2116
 1207 0104 19       		.uleb128 0x19
 1208 0105 00       		.byte	0
 1209 0106 00       		.byte	0
ARM GAS  C:\Users\Eric\AppData\Local\Temp\ccXnJO3z.s 			page 28


 1210 0107 15       		.uleb128 0x15
 1211 0108 2E       		.uleb128 0x2e
 1212 0109 00       		.byte	0
 1213 010a 03       		.uleb128 0x3
 1214 010b 0E       		.uleb128 0xe
 1215 010c 3A       		.uleb128 0x3a
 1216 010d 0B       		.uleb128 0xb
 1217 010e 3B       		.uleb128 0x3b
 1218 010f 0B       		.uleb128 0xb
 1219 0110 27       		.uleb128 0x27
 1220 0111 19       		.uleb128 0x19
 1221 0112 11       		.uleb128 0x11
 1222 0113 01       		.uleb128 0x1
 1223 0114 12       		.uleb128 0x12
 1224 0115 06       		.uleb128 0x6
 1225 0116 40       		.uleb128 0x40
 1226 0117 18       		.uleb128 0x18
 1227 0118 9742     		.uleb128 0x2117
 1228 011a 19       		.uleb128 0x19
 1229 011b 00       		.byte	0
 1230 011c 00       		.byte	0
 1231 011d 16       		.uleb128 0x16
 1232 011e 2E       		.uleb128 0x2e
 1233 011f 01       		.byte	0x1
 1234 0120 3F       		.uleb128 0x3f
 1235 0121 19       		.uleb128 0x19
 1236 0122 03       		.uleb128 0x3
 1237 0123 0E       		.uleb128 0xe
 1238 0124 3A       		.uleb128 0x3a
 1239 0125 0B       		.uleb128 0xb
 1240 0126 3B       		.uleb128 0x3b
 1241 0127 05       		.uleb128 0x5
 1242 0128 27       		.uleb128 0x27
 1243 0129 19       		.uleb128 0x19
 1244 012a 11       		.uleb128 0x11
 1245 012b 01       		.uleb128 0x1
 1246 012c 12       		.uleb128 0x12
 1247 012d 06       		.uleb128 0x6
 1248 012e 40       		.uleb128 0x40
 1249 012f 18       		.uleb128 0x18
 1250 0130 9642     		.uleb128 0x2116
 1251 0132 19       		.uleb128 0x19
 1252 0133 00       		.byte	0
 1253 0134 00       		.byte	0
 1254 0135 17       		.uleb128 0x17
 1255 0136 0B       		.uleb128 0xb
 1256 0137 01       		.byte	0x1
 1257 0138 11       		.uleb128 0x11
 1258 0139 01       		.uleb128 0x1
 1259 013a 12       		.uleb128 0x12
 1260 013b 06       		.uleb128 0x6
 1261 013c 00       		.byte	0
 1262 013d 00       		.byte	0
 1263 013e 18       		.uleb128 0x18
 1264 013f 13       		.uleb128 0x13
 1265 0140 01       		.byte	0x1
 1266 0141 0B       		.uleb128 0xb
ARM GAS  C:\Users\Eric\AppData\Local\Temp\ccXnJO3z.s 			page 29


 1267 0142 0B       		.uleb128 0xb
 1268 0143 3A       		.uleb128 0x3a
 1269 0144 0B       		.uleb128 0xb
 1270 0145 3B       		.uleb128 0x3b
 1271 0146 05       		.uleb128 0x5
 1272 0147 01       		.uleb128 0x1
 1273 0148 13       		.uleb128 0x13
 1274 0149 00       		.byte	0
 1275 014a 00       		.byte	0
 1276 014b 19       		.uleb128 0x19
 1277 014c 0D       		.uleb128 0xd
 1278 014d 00       		.byte	0
 1279 014e 03       		.uleb128 0x3
 1280 014f 0E       		.uleb128 0xe
 1281 0150 3A       		.uleb128 0x3a
 1282 0151 0B       		.uleb128 0xb
 1283 0152 3B       		.uleb128 0x3b
 1284 0153 05       		.uleb128 0x5
 1285 0154 49       		.uleb128 0x49
 1286 0155 13       		.uleb128 0x13
 1287 0156 38       		.uleb128 0x38
 1288 0157 0B       		.uleb128 0xb
 1289 0158 00       		.byte	0
 1290 0159 00       		.byte	0
 1291 015a 1A       		.uleb128 0x1a
 1292 015b 34       		.uleb128 0x34
 1293 015c 00       		.byte	0
 1294 015d 03       		.uleb128 0x3
 1295 015e 0E       		.uleb128 0xe
 1296 015f 3A       		.uleb128 0x3a
 1297 0160 0B       		.uleb128 0xb
 1298 0161 3B       		.uleb128 0x3b
 1299 0162 05       		.uleb128 0x5
 1300 0163 49       		.uleb128 0x49
 1301 0164 13       		.uleb128 0x13
 1302 0165 02       		.uleb128 0x2
 1303 0166 18       		.uleb128 0x18
 1304 0167 00       		.byte	0
 1305 0168 00       		.byte	0
 1306 0169 1B       		.uleb128 0x1b
 1307 016a 34       		.uleb128 0x34
 1308 016b 00       		.byte	0
 1309 016c 03       		.uleb128 0x3
 1310 016d 08       		.uleb128 0x8
 1311 016e 3A       		.uleb128 0x3a
 1312 016f 0B       		.uleb128 0xb
 1313 0170 3B       		.uleb128 0x3b
 1314 0171 05       		.uleb128 0x5
 1315 0172 49       		.uleb128 0x49
 1316 0173 13       		.uleb128 0x13
 1317 0174 02       		.uleb128 0x2
 1318 0175 18       		.uleb128 0x18
 1319 0176 00       		.byte	0
 1320 0177 00       		.byte	0
 1321 0178 00       		.byte	0
 1322              		.section	.debug_aranges,"",%progbits
 1323 0000 4C000000 		.4byte	0x4c
ARM GAS  C:\Users\Eric\AppData\Local\Temp\ccXnJO3z.s 			page 30


 1324 0004 0200     		.2byte	0x2
 1325 0006 00000000 		.4byte	.Ldebug_info0
 1326 000a 04       		.byte	0x4
 1327 000b 00       		.byte	0
 1328 000c 0000     		.2byte	0
 1329 000e 0000     		.2byte	0
 1330 0010 00000000 		.4byte	.LFB0
 1331 0014 1E000000 		.4byte	.LFE0-.LFB0
 1332 0018 00000000 		.4byte	.LFB1
 1333 001c 22000000 		.4byte	.LFE1-.LFB1
 1334 0020 00000000 		.4byte	.LFB2
 1335 0024 22000000 		.4byte	.LFE2-.LFB2
 1336 0028 00000000 		.4byte	.LFB3
 1337 002c A4000000 		.4byte	.LFE3-.LFB3
 1338 0030 A4000000 		.4byte	.LFB4
 1339 0034 8C000000 		.4byte	.LFE4-.LFB4
 1340 0038 00000000 		.4byte	.LFB5
 1341 003c 08000000 		.4byte	.LFE5-.LFB5
 1342 0040 30010000 		.4byte	.LFB6
 1343 0044 F4000000 		.4byte	.LFE6-.LFB6
 1344 0048 00000000 		.4byte	0
 1345 004c 00000000 		.4byte	0
 1346              		.section	.debug_ranges,"",%progbits
 1347              	.Ldebug_ranges0:
 1348 0000 00000000 		.4byte	.LFB0
 1349 0004 1E000000 		.4byte	.LFE0
 1350 0008 00000000 		.4byte	.LFB1
 1351 000c 22000000 		.4byte	.LFE1
 1352 0010 00000000 		.4byte	.LFB2
 1353 0014 22000000 		.4byte	.LFE2
 1354 0018 00000000 		.4byte	.LFB3
 1355 001c A4000000 		.4byte	.LFE3
 1356 0020 A4000000 		.4byte	.LFB4
 1357 0024 30010000 		.4byte	.LFE4
 1358 0028 00000000 		.4byte	.LFB5
 1359 002c 08000000 		.4byte	.LFE5
 1360 0030 30010000 		.4byte	.LFB6
 1361 0034 24020000 		.4byte	.LFE6
 1362 0038 00000000 		.4byte	0
 1363 003c 00000000 		.4byte	0
 1364              		.section	.debug_line,"",%progbits
 1365              	.Ldebug_line0:
 1366 0000 77010000 		.section	.debug_str,"MS",%progbits,1
 1366      0200D000 
 1366      00000201 
 1366      FB0E0D00 
 1366      01010101 
 1367              	.LASF19:
 1368 0000 72656733 		.ascii	"reg32\000"
 1368      3200
 1369              	.LASF11:
 1370 0006 73697A65 		.ascii	"size_t\000"
 1370      5F7400
 1371              	.LASF38:
 1372 000d 416E616C 		.ascii	"AnalogSetDefault\000"
 1372      6F675365 
 1372      74446566 
ARM GAS  C:\Users\Eric\AppData\Local\Temp\ccXnJO3z.s 			page 31


 1372      61756C74 
 1372      00
 1373              	.LASF45:
 1374 001e 433A5C55 		.ascii	"C:\\Users\\Eric\\Documents\\GitHub\\Corner-Module\\"
 1374      73657273 
 1374      5C457269 
 1374      635C446F 
 1374      63756D65 
 1375 004b 436F726E 		.ascii	"CornerModule\\CornerModule.cydsn\000"
 1375      65724D6F 
 1375      64756C65 
 1375      5C436F72 
 1375      6E65724D 
 1376              	.LASF29:
 1377 006b 696D6F5F 		.ascii	"imo_trim_entry_t\000"
 1377      7472696D 
 1377      5F656E74 
 1377      72795F74 
 1377      00
 1378              	.LASF42:
 1379 007c 6366675F 		.ascii	"cfg_memset_list\000"
 1379      6D656D73 
 1379      65745F6C 
 1379      69737400 
 1380              	.LASF37:
 1381 008c 436C6F63 		.ascii	"ClockSetup\000"
 1381      6B536574 
 1381      757000
 1382              	.LASF28:
 1383 0097 746D7063 		.ascii	"tmpco\000"
 1383      6F00
 1384              	.LASF4:
 1385 009d 73686F72 		.ascii	"short unsigned int\000"
 1385      7420756E 
 1385      7369676E 
 1385      65642069 
 1385      6E7400
 1386              	.LASF3:
 1387 00b0 73686F72 		.ascii	"short int\000"
 1387      7420696E 
 1387      7400
 1388              	.LASF24:
 1389 00ba 53657449 		.ascii	"SetIMOBGTrims\000"
 1389      4D4F4247 
 1389      5472696D 
 1389      7300
 1390              	.LASF16:
 1391 00c8 666C6F61 		.ascii	"float\000"
 1391      7400
 1392              	.LASF34:
 1393 00ce 696D6F54 		.ascii	"imoTrimIndex\000"
 1393      72696D49 
 1393      6E646578 
 1393      00
 1394              	.LASF22:
 1395 00db 64657374 		.ascii	"dest\000"
 1395      00
ARM GAS  C:\Users\Eric\AppData\Local\Temp\ccXnJO3z.s 			page 32


 1396              	.LASF40:
 1397 00e0 73697A65 		.ascii	"size\000"
 1397      00
 1398              	.LASF18:
 1399 00e5 72656738 		.ascii	"reg8\000"
 1399      00
 1400              	.LASF6:
 1401 00ea 6C6F6E67 		.ascii	"long unsigned int\000"
 1401      20756E73 
 1401      69676E65 
 1401      6420696E 
 1401      7400
 1402              	.LASF15:
 1403 00fc 696E7433 		.ascii	"int32\000"
 1403      3200
 1404              	.LASF20:
 1405 0102 43594D45 		.ascii	"CYMEMZERO\000"
 1405      4D5A4552 
 1405      4F00
 1406              	.LASF2:
 1407 010c 756E7369 		.ascii	"unsigned char\000"
 1407      676E6564 
 1407      20636861 
 1407      7200
 1408              	.LASF17:
 1409 011a 646F7562 		.ascii	"double\000"
 1409      6C6500
 1410              	.LASF25:
 1411 0121 696D6F46 		.ascii	"imoFreq\000"
 1411      72657100 
 1412              	.LASF21:
 1413 0129 4359434F 		.ascii	"CYCONFIGCPY\000"
 1413      4E464947 
 1413      43505900 
 1414              	.LASF33:
 1415 0135 494D4F5F 		.ascii	"IMO_TRIM_FREQ_TABLE_ENTRIES\000"
 1415      5452494D 
 1415      5F465245 
 1415      515F5441 
 1415      424C455F 
 1416              	.LASF13:
 1417 0151 75696E74 		.ascii	"uint16\000"
 1417      313600
 1418              	.LASF14:
 1419 0158 75696E74 		.ascii	"uint32\000"
 1419      333200
 1420              	.LASF0:
 1421 015f 756E7369 		.ascii	"unsigned int\000"
 1421      676E6564 
 1421      20696E74 
 1421      00
 1422              	.LASF46:
 1423 016c 63796669 		.ascii	"cyfitter_cfg\000"
 1423      74746572 
 1423      5F636667 
 1423      00
 1424              	.LASF39:
ARM GAS  C:\Users\Eric\AppData\Local\Temp\ccXnJO3z.s 			page 33


 1425 0179 61646472 		.ascii	"address\000"
 1425      65737300 
 1426              	.LASF8:
 1427 0181 6C6F6E67 		.ascii	"long long unsigned int\000"
 1427      206C6F6E 
 1427      6720756E 
 1427      7369676E 
 1427      65642069 
 1428              	.LASF31:
 1429 0198 696D6F5F 		.ascii	"imo_trim_table_t\000"
 1429      7472696D 
 1429      5F746162 
 1429      6C655F74 
 1429      00
 1430              	.LASF41:
 1431 01a9 6366675F 		.ascii	"cfg_memset_t\000"
 1431      6D656D73 
 1431      65745F74 
 1431      00
 1432              	.LASF44:
 1433 01b6 2E5C4765 		.ascii	".\\Generated_Source\\PSoC4\\cyfitter_cfg.c\000"
 1433      6E657261 
 1433      7465645F 
 1433      536F7572 
 1433      63655C50 
 1434              	.LASF9:
 1435 01de 73697A65 		.ascii	"sizetype\000"
 1435      74797065 
 1435      00
 1436              	.LASF36:
 1437 01e7 73657454 		.ascii	"setTmpCo\000"
 1437      6D70436F 
 1437      00
 1438              	.LASF7:
 1439 01f0 6C6F6E67 		.ascii	"long long int\000"
 1439      206C6F6E 
 1439      6720696E 
 1439      7400
 1440              	.LASF10:
 1441 01fe 63686172 		.ascii	"char\000"
 1441      00
 1442              	.LASF27:
 1443 0203 6162736F 		.ascii	"absolute\000"
 1443      6C757465 
 1443      00
 1444              	.LASF26:
 1445 020c 66726571 		.ascii	"freq\000"
 1445      00
 1446              	.LASF12:
 1447 0211 75696E74 		.ascii	"uint8\000"
 1447      3800
 1448              	.LASF32:
 1449 0217 696D6F5F 		.ascii	"imo_trim_table\000"
 1449      7472696D 
 1449      5F746162 
 1449      6C6500
 1450              	.LASF5:
ARM GAS  C:\Users\Eric\AppData\Local\Temp\ccXnJO3z.s 			page 34


 1451 0226 6C6F6E67 		.ascii	"long int\000"
 1451      20696E74 
 1451      00
 1452              	.LASF30:
 1453 022f 656E7472 		.ascii	"entries\000"
 1453      69657300 
 1454              	.LASF35:
 1455 0237 73657441 		.ascii	"setAbs\000"
 1455      627300
 1456              	.LASF1:
 1457 023e 7369676E 		.ascii	"signed char\000"
 1457      65642063 
 1457      68617200 
 1458              	.LASF23:
 1459 024a 4359434F 		.ascii	"CYCONFIGCPYCODE\000"
 1459      4E464947 
 1459      43505943 
 1459      4F444500 
 1460              	.LASF43:
 1461 025a 474E5520 		.ascii	"GNU C 4.8.4 20140526 (release) [ARM/embedded-4_8-br"
 1461      4320342E 
 1461      382E3420 
 1461      32303134 
 1461      30353236 
 1462 028d 616E6368 		.ascii	"anch revision 211358] -mcpu=cortex-m0 -mthumb -g -O"
 1462      20726576 
 1462      6973696F 
 1462      6E203231 
 1462      31333538 
 1463 02c0 30202D66 		.ascii	"0 -ffunction-sections\000"
 1463      66756E63 
 1463      74696F6E 
 1463      2D736563 
 1463      74696F6E 
 1464              		.ident	"GCC: (GNU Tools for ARM Embedded Processors) 4.8.4 20140526 (release) [ARM/embedded-4_8-br
