ARM GAS  C:\Users\Eric\AppData\Local\Temp\cc9ZWRmK.s 			page 1


   1              		.cpu cortex-m0
   2              		.fpu softvfp
   3              		.eabi_attribute 20, 1
   4              		.eabi_attribute 21, 1
   5              		.eabi_attribute 23, 3
   6              		.eabi_attribute 24, 1
   7              		.eabi_attribute 25, 1
   8              		.eabi_attribute 26, 1
   9              		.eabi_attribute 30, 6
  10              		.eabi_attribute 34, 0
  11              		.eabi_attribute 18, 4
  12              		.code	16
  13              		.file	"main.c"
  14              		.text
  15              	.Ltext0:
  16              		.cfi_sections	.debug_frame
  17              		.comm	devAddr,1,1
  18              		.comm	buffer,22,4
  19              		.section	.text.I2CReadBytes,"ax",%progbits
  20              		.align	2
  21              		.global	I2CReadBytes
  22              		.code	16
  23              		.thumb_func
  24              		.type	I2CReadBytes, %function
  25              	I2CReadBytes:
  26              	.LFB33:
  27              		.file 1 ".\\main.c"
   1:.\main.c      **** /* ========================================
   2:.\main.c      ****  *
   3:.\main.c      ****  * Copyright YOUR COMPANY, THE YEAR
   4:.\main.c      ****  * All Rights Reserved
   5:.\main.c      ****  * UNPUBLISHED, LICENSED SOFTWARE.
   6:.\main.c      ****  *
   7:.\main.c      ****  * CONFIDENTIAL AND PROPRIETARY INFORMATION
   8:.\main.c      ****  * WHICH IS THE PROPERTY OF your company.
   9:.\main.c      ****  *
  10:.\main.c      ****  * ========================================
  11:.\main.c      **** */
  12:.\main.c      **** #include <project.h>
  13:.\main.c      **** #include <stdio.h>
  14:.\main.c      **** #include "mpu6050.h"
  15:.\main.c      **** 
  16:.\main.c      **** void I2CReadBytes(uint8_t devAddr, uint8_t regAddr, uint8_t length, uint8_t *value) {
  28              		.loc 1 16 0
  29              		.cfi_startproc
  30 0000 90B5     		push	{r4, r7, lr}
  31              		.cfi_def_cfa_offset 12
  32              		.cfi_offset 4, -12
  33              		.cfi_offset 7, -8
  34              		.cfi_offset 14, -4
  35 0002 85B0     		sub	sp, sp, #20
  36              		.cfi_def_cfa_offset 32
  37 0004 00AF     		add	r7, sp, #0
  38              		.cfi_def_cfa_register 7
  39 0006 3B60     		str	r3, [r7]
  40 0008 FB1D     		add	r3, r7, #7
  41 000a 1870     		strb	r0, [r3]
ARM GAS  C:\Users\Eric\AppData\Local\Temp\cc9ZWRmK.s 			page 2


  42 000c BB1D     		add	r3, r7, #6
  43 000e 1970     		strb	r1, [r3]
  44 0010 7B1D     		add	r3, r7, #5
  45 0012 1A70     		strb	r2, [r3]
  17:.\main.c      **** 	uint8_t i=0;
  46              		.loc 1 17 0
  47 0014 3B1C     		mov	r3, r7
  48 0016 0F33     		add	r3, r3, #15
  49 0018 0022     		mov	r2, #0
  50 001a 1A70     		strb	r2, [r3]
  18:.\main.c      **** 	I2C_MPU6050_I2CMasterSendStart(devAddr, I2C_MPU6050_I2C_WRITE_XFER_MODE);
  51              		.loc 1 18 0
  52 001c FB1D     		add	r3, r7, #7
  53 001e 1B78     		ldrb	r3, [r3]
  54 0020 181C     		mov	r0, r3
  55 0022 0021     		mov	r1, #0
  56 0024 FFF7FEFF 		bl	I2C_MPU6050_I2CMasterSendStart
  19:.\main.c      **** 	I2C_MPU6050_I2CMasterWriteByte(regAddr);
  57              		.loc 1 19 0
  58 0028 BB1D     		add	r3, r7, #6
  59 002a 1B78     		ldrb	r3, [r3]
  60 002c 181C     		mov	r0, r3
  61 002e FFF7FEFF 		bl	I2C_MPU6050_I2CMasterWriteByte
  20:.\main.c      **** 	I2C_MPU6050_I2CMasterSendRestart(devAddr, I2C_MPU6050_I2C_READ_XFER_MODE);
  62              		.loc 1 20 0
  63 0032 FB1D     		add	r3, r7, #7
  64 0034 1B78     		ldrb	r3, [r3]
  65 0036 181C     		mov	r0, r3
  66 0038 0121     		mov	r1, #1
  67 003a FFF7FEFF 		bl	I2C_MPU6050_I2CMasterSendRestart
  21:.\main.c      **** 	while (i++ < (length-1)) {
  68              		.loc 1 21 0
  69 003e 08E0     		b	.L2
  70              	.L3:
  22:.\main.c      **** 		*value++ = I2C_MPU6050_I2CMasterReadByte(I2C_MPU6050_I2C_ACK_DATA);
  71              		.loc 1 22 0
  72 0040 3C68     		ldr	r4, [r7]
  73 0042 631C     		add	r3, r4, #1
  74 0044 3B60     		str	r3, [r7]
  75 0046 0020     		mov	r0, #0
  76 0048 FFF7FEFF 		bl	I2C_MPU6050_I2CMasterReadByte
  77 004c 031C     		mov	r3, r0
  78 004e DBB2     		uxtb	r3, r3
  79 0050 2370     		strb	r3, [r4]
  80              	.L2:
  21:.\main.c      **** 	while (i++ < (length-1)) {
  81              		.loc 1 21 0 discriminator 1
  82 0052 3B1C     		mov	r3, r7
  83 0054 0F33     		add	r3, r3, #15
  84 0056 1B78     		ldrb	r3, [r3]
  85 0058 3A1C     		mov	r2, r7
  86 005a 0F32     		add	r2, r2, #15
  87 005c 591C     		add	r1, r3, #1
  88 005e 1170     		strb	r1, [r2]
  89 0060 1A1C     		mov	r2, r3
  90 0062 7B1D     		add	r3, r7, #5
  91 0064 1B78     		ldrb	r3, [r3]
ARM GAS  C:\Users\Eric\AppData\Local\Temp\cc9ZWRmK.s 			page 3


  92 0066 013B     		sub	r3, r3, #1
  93 0068 9A42     		cmp	r2, r3
  94 006a E9DB     		blt	.L3
  23:.\main.c      **** 	}
  24:.\main.c      **** 	*value = I2C_MPU6050_I2CMasterReadByte(I2C_MPU6050_I2C_NAK_DATA);
  95              		.loc 1 24 0
  96 006c 0120     		mov	r0, #1
  97 006e FFF7FEFF 		bl	I2C_MPU6050_I2CMasterReadByte
  98 0072 031C     		mov	r3, r0
  99 0074 DAB2     		uxtb	r2, r3
 100 0076 3B68     		ldr	r3, [r7]
 101 0078 1A70     		strb	r2, [r3]
  25:.\main.c      **** 	I2C_MPU6050_I2CMasterSendStop();	
 102              		.loc 1 25 0
 103 007a FFF7FEFF 		bl	I2C_MPU6050_I2CMasterSendStop
  26:.\main.c      **** }
 104              		.loc 1 26 0
 105 007e BD46     		mov	sp, r7
 106 0080 05B0     		add	sp, sp, #20
 107              		@ sp needed
 108 0082 90BD     		pop	{r4, r7, pc}
 109              		.cfi_endproc
 110              	.LFE33:
 111              		.size	I2CReadBytes, .-I2CReadBytes
 112              		.section	.text.I2CReadByte,"ax",%progbits
 113              		.align	2
 114              		.global	I2CReadByte
 115              		.code	16
 116              		.thumb_func
 117              		.type	I2CReadByte, %function
 118              	I2CReadByte:
 119              	.LFB34:
  27:.\main.c      **** 
  28:.\main.c      **** void I2CReadByte(uint8_t devAddr, uint8_t regAddr, uint8_t *value) {
 120              		.loc 1 28 0
 121              		.cfi_startproc
 122 0000 80B5     		push	{r7, lr}
 123              		.cfi_def_cfa_offset 8
 124              		.cfi_offset 7, -8
 125              		.cfi_offset 14, -4
 126 0002 82B0     		sub	sp, sp, #8
 127              		.cfi_def_cfa_offset 16
 128 0004 00AF     		add	r7, sp, #0
 129              		.cfi_def_cfa_register 7
 130 0006 3A60     		str	r2, [r7]
 131 0008 FB1D     		add	r3, r7, #7
 132 000a 021C     		add	r2, r0, #0
 133 000c 1A70     		strb	r2, [r3]
 134 000e BB1D     		add	r3, r7, #6
 135 0010 0A1C     		add	r2, r1, #0
 136 0012 1A70     		strb	r2, [r3]
  29:.\main.c      **** 	I2CReadBytes(devAddr, regAddr, 1, value);
 137              		.loc 1 29 0
 138 0014 FB1D     		add	r3, r7, #7
 139 0016 1978     		ldrb	r1, [r3]
 140 0018 BB1D     		add	r3, r7, #6
 141 001a 1A78     		ldrb	r2, [r3]
ARM GAS  C:\Users\Eric\AppData\Local\Temp\cc9ZWRmK.s 			page 4


 142 001c 3B68     		ldr	r3, [r7]
 143 001e 081C     		mov	r0, r1
 144 0020 111C     		mov	r1, r2
 145 0022 0122     		mov	r2, #1
 146 0024 FFF7FEFF 		bl	I2CReadBytes
  30:.\main.c      **** }
 147              		.loc 1 30 0
 148 0028 BD46     		mov	sp, r7
 149 002a 02B0     		add	sp, sp, #8
 150              		@ sp needed
 151 002c 80BD     		pop	{r7, pc}
 152              		.cfi_endproc
 153              	.LFE34:
 154              		.size	I2CReadByte, .-I2CReadByte
 155 002e C046     		.section	.text.I2CReadBits,"ax",%progbits
 156              		.align	2
 157              		.global	I2CReadBits
 158              		.code	16
 159              		.thumb_func
 160              		.type	I2CReadBits, %function
 161              	I2CReadBits:
 162              	.LFB35:
  31:.\main.c      **** 
  32:.\main.c      **** void I2CReadBits(uint8_t devAddr, uint8_t regAddr, uint8_t bitStart, uint8_t length, uint8_t *value
 163              		.loc 1 32 0
 164              		.cfi_startproc
 165 0000 90B5     		push	{r4, r7, lr}
 166              		.cfi_def_cfa_offset 12
 167              		.cfi_offset 4, -12
 168              		.cfi_offset 7, -8
 169              		.cfi_offset 14, -4
 170 0002 85B0     		sub	sp, sp, #20
 171              		.cfi_def_cfa_offset 32
 172 0004 00AF     		add	r7, sp, #0
 173              		.cfi_def_cfa_register 7
 174 0006 041C     		mov	r4, r0
 175 0008 081C     		mov	r0, r1
 176 000a 111C     		mov	r1, r2
 177 000c 1A1C     		mov	r2, r3
 178 000e FB1D     		add	r3, r7, #7
 179 0010 1C70     		strb	r4, [r3]
 180 0012 BB1D     		add	r3, r7, #6
 181 0014 1870     		strb	r0, [r3]
 182 0016 7B1D     		add	r3, r7, #5
 183 0018 1970     		strb	r1, [r3]
 184 001a 3B1D     		add	r3, r7, #4
 185 001c 1A70     		strb	r2, [r3]
  33:.\main.c      ****    	uint8_t mask = ((1 << length) - 1) << (bitStart - length + 1);
 186              		.loc 1 33 0
 187 001e 3B1D     		add	r3, r7, #4
 188 0020 1B78     		ldrb	r3, [r3]
 189 0022 0122     		mov	r2, #1
 190 0024 111C     		mov	r1, r2
 191 0026 9940     		lsl	r1, r1, r3
 192 0028 0B1C     		mov	r3, r1
 193 002a 5A1E     		sub	r2, r3, #1
 194 002c 7B1D     		add	r3, r7, #5
ARM GAS  C:\Users\Eric\AppData\Local\Temp\cc9ZWRmK.s 			page 5


 195 002e 1978     		ldrb	r1, [r3]
 196 0030 3B1D     		add	r3, r7, #4
 197 0032 1B78     		ldrb	r3, [r3]
 198 0034 CB1A     		sub	r3, r1, r3
 199 0036 0133     		add	r3, r3, #1
 200 0038 9A40     		lsl	r2, r2, r3
 201 003a 3B1C     		mov	r3, r7
 202 003c 0F33     		add	r3, r3, #15
 203 003e 1A70     		strb	r2, [r3]
  34:.\main.c      ****     I2CReadByte(devAddr, regAddr, value);
 204              		.loc 1 34 0
 205 0040 FB1D     		add	r3, r7, #7
 206 0042 1978     		ldrb	r1, [r3]
 207 0044 BB1D     		add	r3, r7, #6
 208 0046 1A78     		ldrb	r2, [r3]
 209 0048 3B6A     		ldr	r3, [r7, #32]
 210 004a 081C     		mov	r0, r1
 211 004c 111C     		mov	r1, r2
 212 004e 1A1C     		mov	r2, r3
 213 0050 FFF7FEFF 		bl	I2CReadByte
  35:.\main.c      ****     *value &= mask;
 214              		.loc 1 35 0
 215 0054 3B6A     		ldr	r3, [r7, #32]
 216 0056 1B78     		ldrb	r3, [r3]
 217 0058 3A1C     		mov	r2, r7
 218 005a 0F32     		add	r2, r2, #15
 219 005c 1278     		ldrb	r2, [r2]
 220 005e 1340     		and	r3, r2
 221 0060 DAB2     		uxtb	r2, r3
 222 0062 3B6A     		ldr	r3, [r7, #32]
 223 0064 1A70     		strb	r2, [r3]
  36:.\main.c      ****     *value >>= (bitStart - length + 1);
 224              		.loc 1 36 0
 225 0066 3B6A     		ldr	r3, [r7, #32]
 226 0068 1B78     		ldrb	r3, [r3]
 227 006a 1A1C     		mov	r2, r3
 228 006c 7B1D     		add	r3, r7, #5
 229 006e 1978     		ldrb	r1, [r3]
 230 0070 3B1D     		add	r3, r7, #4
 231 0072 1B78     		ldrb	r3, [r3]
 232 0074 CB1A     		sub	r3, r1, r3
 233 0076 0133     		add	r3, r3, #1
 234 0078 111C     		mov	r1, r2
 235 007a 1941     		asr	r1, r1, r3
 236 007c 0B1C     		mov	r3, r1
 237 007e DAB2     		uxtb	r2, r3
 238 0080 3B6A     		ldr	r3, [r7, #32]
 239 0082 1A70     		strb	r2, [r3]
  37:.\main.c      **** }
 240              		.loc 1 37 0
 241 0084 BD46     		mov	sp, r7
 242 0086 05B0     		add	sp, sp, #20
 243              		@ sp needed
 244 0088 90BD     		pop	{r4, r7, pc}
 245              		.cfi_endproc
 246              	.LFE35:
 247              		.size	I2CReadBits, .-I2CReadBits
ARM GAS  C:\Users\Eric\AppData\Local\Temp\cc9ZWRmK.s 			page 6


 248 008a C046     		.section	.text.I2CReadBit,"ax",%progbits
 249              		.align	2
 250              		.global	I2CReadBit
 251              		.code	16
 252              		.thumb_func
 253              		.type	I2CReadBit, %function
 254              	I2CReadBit:
 255              	.LFB36:
  38:.\main.c      **** 
  39:.\main.c      **** void I2CReadBit(uint8_t devAddr, uint8_t regAddr, uint8_t bitNum, uint8_t *value) {
 256              		.loc 1 39 0
 257              		.cfi_startproc
 258 0000 80B5     		push	{r7, lr}
 259              		.cfi_def_cfa_offset 8
 260              		.cfi_offset 7, -8
 261              		.cfi_offset 14, -4
 262 0002 82B0     		sub	sp, sp, #8
 263              		.cfi_def_cfa_offset 16
 264 0004 00AF     		add	r7, sp, #0
 265              		.cfi_def_cfa_register 7
 266 0006 3B60     		str	r3, [r7]
 267 0008 FB1D     		add	r3, r7, #7
 268 000a 1870     		strb	r0, [r3]
 269 000c BB1D     		add	r3, r7, #6
 270 000e 1970     		strb	r1, [r3]
 271 0010 7B1D     		add	r3, r7, #5
 272 0012 1A70     		strb	r2, [r3]
  40:.\main.c      **** 	I2CReadByte(devAddr, regAddr, value);
 273              		.loc 1 40 0
 274 0014 FB1D     		add	r3, r7, #7
 275 0016 1978     		ldrb	r1, [r3]
 276 0018 BB1D     		add	r3, r7, #6
 277 001a 1A78     		ldrb	r2, [r3]
 278 001c 3B68     		ldr	r3, [r7]
 279 001e 081C     		mov	r0, r1
 280 0020 111C     		mov	r1, r2
 281 0022 1A1C     		mov	r2, r3
 282 0024 FFF7FEFF 		bl	I2CReadByte
  41:.\main.c      **** 	*value = *value & (1 << bitNum);
 283              		.loc 1 41 0
 284 0028 3B68     		ldr	r3, [r7]
 285 002a 1B78     		ldrb	r3, [r3]
 286 002c DBB2     		uxtb	r3, r3
 287 002e 7A1D     		add	r2, r7, #5
 288 0030 1278     		ldrb	r2, [r2]
 289 0032 0121     		mov	r1, #1
 290 0034 081C     		mov	r0, r1
 291 0036 9040     		lsl	r0, r0, r2
 292 0038 021C     		mov	r2, r0
 293 003a D2B2     		uxtb	r2, r2
 294 003c 1340     		and	r3, r2
 295 003e DBB2     		uxtb	r3, r3
 296 0040 DAB2     		uxtb	r2, r3
 297 0042 3B68     		ldr	r3, [r7]
 298 0044 1A70     		strb	r2, [r3]
  42:.\main.c      **** }
 299              		.loc 1 42 0
ARM GAS  C:\Users\Eric\AppData\Local\Temp\cc9ZWRmK.s 			page 7


 300 0046 BD46     		mov	sp, r7
 301 0048 02B0     		add	sp, sp, #8
 302              		@ sp needed
 303 004a 80BD     		pop	{r7, pc}
 304              		.cfi_endproc
 305              	.LFE36:
 306              		.size	I2CReadBit, .-I2CReadBit
 307              		.section	.text.I2CWriteBytes,"ax",%progbits
 308              		.align	2
 309              		.global	I2CWriteBytes
 310              		.code	16
 311              		.thumb_func
 312              		.type	I2CWriteBytes, %function
 313              	I2CWriteBytes:
 314              	.LFB37:
  43:.\main.c      **** 	
  44:.\main.c      **** void I2CWriteBytes(uint8_t devAddr, uint8_t regAddr, uint8_t length, uint8_t *value) {
 315              		.loc 1 44 0
 316              		.cfi_startproc
 317 0000 80B5     		push	{r7, lr}
 318              		.cfi_def_cfa_offset 8
 319              		.cfi_offset 7, -8
 320              		.cfi_offset 14, -4
 321 0002 84B0     		sub	sp, sp, #16
 322              		.cfi_def_cfa_offset 24
 323 0004 00AF     		add	r7, sp, #0
 324              		.cfi_def_cfa_register 7
 325 0006 3B60     		str	r3, [r7]
 326 0008 FB1D     		add	r3, r7, #7
 327 000a 1870     		strb	r0, [r3]
 328 000c BB1D     		add	r3, r7, #6
 329 000e 1970     		strb	r1, [r3]
 330 0010 7B1D     		add	r3, r7, #5
 331 0012 1A70     		strb	r2, [r3]
  45:.\main.c      **** 	uint8_t i=0;
 332              		.loc 1 45 0
 333 0014 3B1C     		mov	r3, r7
 334 0016 0F33     		add	r3, r3, #15
 335 0018 0022     		mov	r2, #0
 336 001a 1A70     		strb	r2, [r3]
  46:.\main.c      **** 	I2C_MPU6050_I2CMasterSendStart(devAddr, I2C_MPU6050_I2C_WRITE_XFER_MODE);
 337              		.loc 1 46 0
 338 001c FB1D     		add	r3, r7, #7
 339 001e 1B78     		ldrb	r3, [r3]
 340 0020 181C     		mov	r0, r3
 341 0022 0021     		mov	r1, #0
 342 0024 FFF7FEFF 		bl	I2C_MPU6050_I2CMasterSendStart
  47:.\main.c      **** 	I2C_MPU6050_I2CMasterWriteByte(regAddr);
 343              		.loc 1 47 0
 344 0028 BB1D     		add	r3, r7, #6
 345 002a 1B78     		ldrb	r3, [r3]
 346 002c 181C     		mov	r0, r3
 347 002e FFF7FEFF 		bl	I2C_MPU6050_I2CMasterWriteByte
  48:.\main.c      **** 	while (i++ < length) {
 348              		.loc 1 48 0
 349 0032 06E0     		b	.L8
 350              	.L9:
ARM GAS  C:\Users\Eric\AppData\Local\Temp\cc9ZWRmK.s 			page 8


  49:.\main.c      **** 		I2C_MPU6050_I2CMasterWriteByte(*value++);
 351              		.loc 1 49 0
 352 0034 3B68     		ldr	r3, [r7]
 353 0036 5A1C     		add	r2, r3, #1
 354 0038 3A60     		str	r2, [r7]
 355 003a 1B78     		ldrb	r3, [r3]
 356 003c 181C     		mov	r0, r3
 357 003e FFF7FEFF 		bl	I2C_MPU6050_I2CMasterWriteByte
 358              	.L8:
  48:.\main.c      **** 	while (i++ < length) {
 359              		.loc 1 48 0 discriminator 1
 360 0042 3B1C     		mov	r3, r7
 361 0044 0F33     		add	r3, r3, #15
 362 0046 1B78     		ldrb	r3, [r3]
 363 0048 3A1C     		mov	r2, r7
 364 004a 0F32     		add	r2, r2, #15
 365 004c 591C     		add	r1, r3, #1
 366 004e 1170     		strb	r1, [r2]
 367 0050 7A1D     		add	r2, r7, #5
 368 0052 1278     		ldrb	r2, [r2]
 369 0054 9A42     		cmp	r2, r3
 370 0056 EDD8     		bhi	.L9
  50:.\main.c      **** 	}
  51:.\main.c      **** 	I2C_MPU6050_I2CMasterSendStop();	
 371              		.loc 1 51 0
 372 0058 FFF7FEFF 		bl	I2C_MPU6050_I2CMasterSendStop
  52:.\main.c      **** }
 373              		.loc 1 52 0
 374 005c BD46     		mov	sp, r7
 375 005e 04B0     		add	sp, sp, #16
 376              		@ sp needed
 377 0060 80BD     		pop	{r7, pc}
 378              		.cfi_endproc
 379              	.LFE37:
 380              		.size	I2CWriteBytes, .-I2CWriteBytes
 381 0062 C046     		.section	.text.I2CWriteByte,"ax",%progbits
 382              		.align	2
 383              		.global	I2CWriteByte
 384              		.code	16
 385              		.thumb_func
 386              		.type	I2CWriteByte, %function
 387              	I2CWriteByte:
 388              	.LFB38:
  53:.\main.c      **** 
  54:.\main.c      **** void I2CWriteByte(uint8_t devAddr, uint8_t regAddr, uint8_t value) {
 389              		.loc 1 54 0
 390              		.cfi_startproc
 391 0000 80B5     		push	{r7, lr}
 392              		.cfi_def_cfa_offset 8
 393              		.cfi_offset 7, -8
 394              		.cfi_offset 14, -4
 395 0002 82B0     		sub	sp, sp, #8
 396              		.cfi_def_cfa_offset 16
 397 0004 00AF     		add	r7, sp, #0
 398              		.cfi_def_cfa_register 7
 399 0006 FB1D     		add	r3, r7, #7
 400 0008 1870     		strb	r0, [r3]
ARM GAS  C:\Users\Eric\AppData\Local\Temp\cc9ZWRmK.s 			page 9


 401 000a BB1D     		add	r3, r7, #6
 402 000c 1970     		strb	r1, [r3]
 403 000e 7B1D     		add	r3, r7, #5
 404 0010 1A70     		strb	r2, [r3]
  55:.\main.c      **** 	I2CWriteBytes(devAddr, regAddr, 1, &value);
 405              		.loc 1 55 0
 406 0012 FB1D     		add	r3, r7, #7
 407 0014 1978     		ldrb	r1, [r3]
 408 0016 BB1D     		add	r3, r7, #6
 409 0018 1A78     		ldrb	r2, [r3]
 410 001a 7B1D     		add	r3, r7, #5
 411 001c 081C     		mov	r0, r1
 412 001e 111C     		mov	r1, r2
 413 0020 0122     		mov	r2, #1
 414 0022 FFF7FEFF 		bl	I2CWriteBytes
  56:.\main.c      **** }
 415              		.loc 1 56 0
 416 0026 BD46     		mov	sp, r7
 417 0028 02B0     		add	sp, sp, #8
 418              		@ sp needed
 419 002a 80BD     		pop	{r7, pc}
 420              		.cfi_endproc
 421              	.LFE38:
 422              		.size	I2CWriteByte, .-I2CWriteByte
 423              		.section	.text.I2CWriteBits,"ax",%progbits
 424              		.align	2
 425              		.global	I2CWriteBits
 426              		.code	16
 427              		.thumb_func
 428              		.type	I2CWriteBits, %function
 429              	I2CWriteBits:
 430              	.LFB39:
  57:.\main.c      **** 
  58:.\main.c      **** void I2CWriteBits(uint8_t devAddr, uint8_t regAddr, uint8_t bitStart, uint8_t length, uint8_t value
 431              		.loc 1 58 0
 432              		.cfi_startproc
 433 0000 90B5     		push	{r4, r7, lr}
 434              		.cfi_def_cfa_offset 12
 435              		.cfi_offset 4, -12
 436              		.cfi_offset 7, -8
 437              		.cfi_offset 14, -4
 438 0002 85B0     		sub	sp, sp, #20
 439              		.cfi_def_cfa_offset 32
 440 0004 00AF     		add	r7, sp, #0
 441              		.cfi_def_cfa_register 7
 442 0006 041C     		mov	r4, r0
 443 0008 081C     		mov	r0, r1
 444 000a 111C     		mov	r1, r2
 445 000c 1A1C     		mov	r2, r3
 446 000e FB1D     		add	r3, r7, #7
 447 0010 1C70     		strb	r4, [r3]
 448 0012 BB1D     		add	r3, r7, #6
 449 0014 1870     		strb	r0, [r3]
 450 0016 7B1D     		add	r3, r7, #5
 451 0018 1970     		strb	r1, [r3]
 452 001a 3B1D     		add	r3, r7, #4
 453 001c 1A70     		strb	r2, [r3]
ARM GAS  C:\Users\Eric\AppData\Local\Temp\cc9ZWRmK.s 			page 10


  59:.\main.c      **** 	uint8_t b;
  60:.\main.c      **** 	uint8_t mask = ((1 << length) - 1) << (bitStart - length + 1);
 454              		.loc 1 60 0
 455 001e 3B1D     		add	r3, r7, #4
 456 0020 1B78     		ldrb	r3, [r3]
 457 0022 0122     		mov	r2, #1
 458 0024 111C     		mov	r1, r2
 459 0026 9940     		lsl	r1, r1, r3
 460 0028 0B1C     		mov	r3, r1
 461 002a 5A1E     		sub	r2, r3, #1
 462 002c 7B1D     		add	r3, r7, #5
 463 002e 1978     		ldrb	r1, [r3]
 464 0030 3B1D     		add	r3, r7, #4
 465 0032 1B78     		ldrb	r3, [r3]
 466 0034 CB1A     		sub	r3, r1, r3
 467 0036 0133     		add	r3, r3, #1
 468 0038 9A40     		lsl	r2, r2, r3
 469 003a 3B1C     		mov	r3, r7
 470 003c 0F33     		add	r3, r3, #15
 471 003e 1A70     		strb	r2, [r3]
  61:.\main.c      **** 	I2CReadByte(devAddr, regAddr, &b);
 472              		.loc 1 61 0
 473 0040 FB1D     		add	r3, r7, #7
 474 0042 1978     		ldrb	r1, [r3]
 475 0044 BB1D     		add	r3, r7, #6
 476 0046 1A78     		ldrb	r2, [r3]
 477 0048 3B1C     		mov	r3, r7
 478 004a 0E33     		add	r3, r3, #14
 479 004c 081C     		mov	r0, r1
 480 004e 111C     		mov	r1, r2
 481 0050 1A1C     		mov	r2, r3
 482 0052 FFF7FEFF 		bl	I2CReadByte
  62:.\main.c      **** 	value <<= (bitStart - length + 1);
 483              		.loc 1 62 0
 484 0056 3B1C     		mov	r3, r7
 485 0058 2033     		add	r3, r3, #32
 486 005a 1A78     		ldrb	r2, [r3]
 487 005c 7B1D     		add	r3, r7, #5
 488 005e 1978     		ldrb	r1, [r3]
 489 0060 3B1D     		add	r3, r7, #4
 490 0062 1B78     		ldrb	r3, [r3]
 491 0064 CB1A     		sub	r3, r1, r3
 492 0066 0133     		add	r3, r3, #1
 493 0068 9A40     		lsl	r2, r2, r3
 494 006a 3B1C     		mov	r3, r7
 495 006c 2033     		add	r3, r3, #32
 496 006e 1A70     		strb	r2, [r3]
  63:.\main.c      **** 	value &= mask;
 497              		.loc 1 63 0
 498 0070 3B1C     		mov	r3, r7
 499 0072 2033     		add	r3, r3, #32
 500 0074 3A1C     		mov	r2, r7
 501 0076 2032     		add	r2, r2, #32
 502 0078 391C     		mov	r1, r7
 503 007a 0F31     		add	r1, r1, #15
 504 007c 1278     		ldrb	r2, [r2]
 505 007e 0978     		ldrb	r1, [r1]
ARM GAS  C:\Users\Eric\AppData\Local\Temp\cc9ZWRmK.s 			page 11


 506 0080 0A40     		and	r2, r1
 507 0082 1A70     		strb	r2, [r3]
  64:.\main.c      **** 	b &= ~(mask);
 508              		.loc 1 64 0
 509 0084 3B1C     		mov	r3, r7
 510 0086 0F33     		add	r3, r3, #15
 511 0088 1B78     		ldrb	r3, [r3]
 512 008a DB43     		mvn	r3, r3
 513 008c DBB2     		uxtb	r3, r3
 514 008e 3A1C     		mov	r2, r7
 515 0090 0E32     		add	r2, r2, #14
 516 0092 1278     		ldrb	r2, [r2]
 517 0094 D2B2     		uxtb	r2, r2
 518 0096 1340     		and	r3, r2
 519 0098 DBB2     		uxtb	r3, r3
 520 009a DAB2     		uxtb	r2, r3
 521 009c 3B1C     		mov	r3, r7
 522 009e 0E33     		add	r3, r3, #14
 523 00a0 1A70     		strb	r2, [r3]
  65:.\main.c      **** 	b |= value;
 524              		.loc 1 65 0
 525 00a2 3B1C     		mov	r3, r7
 526 00a4 0E33     		add	r3, r3, #14
 527 00a6 1A78     		ldrb	r2, [r3]
 528 00a8 3B1C     		mov	r3, r7
 529 00aa 2033     		add	r3, r3, #32
 530 00ac 1B78     		ldrb	r3, [r3]
 531 00ae 1343     		orr	r3, r2
 532 00b0 DAB2     		uxtb	r2, r3
 533 00b2 3B1C     		mov	r3, r7
 534 00b4 0E33     		add	r3, r3, #14
 535 00b6 1A70     		strb	r2, [r3]
  66:.\main.c      **** 	I2CWriteByte(devAddr, regAddr, b);	
 536              		.loc 1 66 0
 537 00b8 3B1C     		mov	r3, r7
 538 00ba 0E33     		add	r3, r3, #14
 539 00bc 1B78     		ldrb	r3, [r3]
 540 00be FA1D     		add	r2, r7, #7
 541 00c0 1178     		ldrb	r1, [r2]
 542 00c2 BA1D     		add	r2, r7, #6
 543 00c4 1278     		ldrb	r2, [r2]
 544 00c6 081C     		mov	r0, r1
 545 00c8 111C     		mov	r1, r2
 546 00ca 1A1C     		mov	r2, r3
 547 00cc FFF7FEFF 		bl	I2CWriteByte
  67:.\main.c      **** }
 548              		.loc 1 67 0
 549 00d0 BD46     		mov	sp, r7
 550 00d2 05B0     		add	sp, sp, #20
 551              		@ sp needed
 552 00d4 90BD     		pop	{r4, r7, pc}
 553              		.cfi_endproc
 554              	.LFE39:
 555              		.size	I2CWriteBits, .-I2CWriteBits
 556 00d6 C046     		.section	.text.I2CWriteBit,"ax",%progbits
 557              		.align	2
 558              		.global	I2CWriteBit
ARM GAS  C:\Users\Eric\AppData\Local\Temp\cc9ZWRmK.s 			page 12


 559              		.code	16
 560              		.thumb_func
 561              		.type	I2CWriteBit, %function
 562              	I2CWriteBit:
 563              	.LFB40:
  68:.\main.c      **** 
  69:.\main.c      **** void I2CWriteBit(uint8_t devAddr, uint8_t regAddr, uint8_t bitNum, uint8_t value) {
 564              		.loc 1 69 0
 565              		.cfi_startproc
 566 0000 90B5     		push	{r4, r7, lr}
 567              		.cfi_def_cfa_offset 12
 568              		.cfi_offset 4, -12
 569              		.cfi_offset 7, -8
 570              		.cfi_offset 14, -4
 571 0002 85B0     		sub	sp, sp, #20
 572              		.cfi_def_cfa_offset 32
 573 0004 00AF     		add	r7, sp, #0
 574              		.cfi_def_cfa_register 7
 575 0006 041C     		mov	r4, r0
 576 0008 081C     		mov	r0, r1
 577 000a 111C     		mov	r1, r2
 578 000c 1A1C     		mov	r2, r3
 579 000e FB1D     		add	r3, r7, #7
 580 0010 1C70     		strb	r4, [r3]
 581 0012 BB1D     		add	r3, r7, #6
 582 0014 1870     		strb	r0, [r3]
 583 0016 7B1D     		add	r3, r7, #5
 584 0018 1970     		strb	r1, [r3]
 585 001a 3B1D     		add	r3, r7, #4
 586 001c 1A70     		strb	r2, [r3]
  70:.\main.c      **** 	uint8_t b;
  71:.\main.c      **** 	I2CReadByte(devAddr, regAddr, &b);
 587              		.loc 1 71 0
 588 001e FB1D     		add	r3, r7, #7
 589 0020 1978     		ldrb	r1, [r3]
 590 0022 BB1D     		add	r3, r7, #6
 591 0024 1A78     		ldrb	r2, [r3]
 592 0026 3B1C     		mov	r3, r7
 593 0028 0F33     		add	r3, r3, #15
 594 002a 081C     		mov	r0, r1
 595 002c 111C     		mov	r1, r2
 596 002e 1A1C     		mov	r2, r3
 597 0030 FFF7FEFF 		bl	I2CReadByte
  72:.\main.c      **** 	b = (value != 0) ? (b | (1 << bitNum)) : (b & ~(1 << bitNum));
 598              		.loc 1 72 0
 599 0034 3B1D     		add	r3, r7, #4
 600 0036 1B78     		ldrb	r3, [r3]
 601 0038 002B     		cmp	r3, #0
 602 003a 0ED0     		beq	.L13
 603              		.loc 1 72 0 is_stmt 0 discriminator 1
 604 003c 7B1D     		add	r3, r7, #5
 605 003e 1B78     		ldrb	r3, [r3]
 606 0040 0122     		mov	r2, #1
 607 0042 111C     		mov	r1, r2
 608 0044 9940     		lsl	r1, r1, r3
 609 0046 0B1C     		mov	r3, r1
 610 0048 DAB2     		uxtb	r2, r3
ARM GAS  C:\Users\Eric\AppData\Local\Temp\cc9ZWRmK.s 			page 13


 611 004a 3B1C     		mov	r3, r7
 612 004c 0F33     		add	r3, r3, #15
 613 004e 1B78     		ldrb	r3, [r3]
 614 0050 DBB2     		uxtb	r3, r3
 615 0052 1343     		orr	r3, r2
 616 0054 DBB2     		uxtb	r3, r3
 617 0056 DBB2     		uxtb	r3, r3
 618 0058 0FE0     		b	.L14
 619              	.L13:
 620              		.loc 1 72 0 discriminator 2
 621 005a 7B1D     		add	r3, r7, #5
 622 005c 1B78     		ldrb	r3, [r3]
 623 005e 0122     		mov	r2, #1
 624 0060 111C     		mov	r1, r2
 625 0062 9940     		lsl	r1, r1, r3
 626 0064 0B1C     		mov	r3, r1
 627 0066 DBB2     		uxtb	r3, r3
 628 0068 DB43     		mvn	r3, r3
 629 006a DBB2     		uxtb	r3, r3
 630 006c 3A1C     		mov	r2, r7
 631 006e 0F32     		add	r2, r2, #15
 632 0070 1278     		ldrb	r2, [r2]
 633 0072 D2B2     		uxtb	r2, r2
 634 0074 1340     		and	r3, r2
 635 0076 DBB2     		uxtb	r3, r3
 636 0078 DBB2     		uxtb	r3, r3
 637              	.L14:
 638              		.loc 1 72 0 discriminator 3
 639 007a 3A1C     		mov	r2, r7
 640 007c 0F32     		add	r2, r2, #15
 641 007e 1370     		strb	r3, [r2]
  73:.\main.c      **** 	I2CWriteByte(devAddr, regAddr, b);
 642              		.loc 1 73 0 is_stmt 1 discriminator 3
 643 0080 3B1C     		mov	r3, r7
 644 0082 0F33     		add	r3, r3, #15
 645 0084 1B78     		ldrb	r3, [r3]
 646 0086 FA1D     		add	r2, r7, #7
 647 0088 1178     		ldrb	r1, [r2]
 648 008a BA1D     		add	r2, r7, #6
 649 008c 1278     		ldrb	r2, [r2]
 650 008e 081C     		mov	r0, r1
 651 0090 111C     		mov	r1, r2
 652 0092 1A1C     		mov	r2, r3
 653 0094 FFF7FEFF 		bl	I2CWriteByte
  74:.\main.c      **** }
 654              		.loc 1 74 0 discriminator 3
 655 0098 BD46     		mov	sp, r7
 656 009a 05B0     		add	sp, sp, #20
 657              		@ sp needed
 658 009c 90BD     		pop	{r4, r7, pc}
 659              		.cfi_endproc
 660              	.LFE40:
 661              		.size	I2CWriteBit, .-I2CWriteBit
 662 009e C046     		.section	.text.I2CWriteWords,"ax",%progbits
 663              		.align	2
 664              		.global	I2CWriteWords
 665              		.code	16
ARM GAS  C:\Users\Eric\AppData\Local\Temp\cc9ZWRmK.s 			page 14


 666              		.thumb_func
 667              		.type	I2CWriteWords, %function
 668              	I2CWriteWords:
 669              	.LFB41:
  75:.\main.c      **** 
  76:.\main.c      **** void I2CWriteWords(uint8_t devAddr, uint8_t regAddr, uint8_t length, uint16_t *value) {
 670              		.loc 1 76 0
 671              		.cfi_startproc
 672 0000 80B5     		push	{r7, lr}
 673              		.cfi_def_cfa_offset 8
 674              		.cfi_offset 7, -8
 675              		.cfi_offset 14, -4
 676 0002 84B0     		sub	sp, sp, #16
 677              		.cfi_def_cfa_offset 24
 678 0004 00AF     		add	r7, sp, #0
 679              		.cfi_def_cfa_register 7
 680 0006 3B60     		str	r3, [r7]
 681 0008 FB1D     		add	r3, r7, #7
 682 000a 1870     		strb	r0, [r3]
 683 000c BB1D     		add	r3, r7, #6
 684 000e 1970     		strb	r1, [r3]
 685 0010 7B1D     		add	r3, r7, #5
 686 0012 1A70     		strb	r2, [r3]
  77:.\main.c      **** 	uint8_t i=0;
 687              		.loc 1 77 0
 688 0014 3B1C     		mov	r3, r7
 689 0016 0F33     		add	r3, r3, #15
 690 0018 0022     		mov	r2, #0
 691 001a 1A70     		strb	r2, [r3]
  78:.\main.c      **** 	I2C_MPU6050_I2CMasterSendStart(devAddr, I2C_MPU6050_I2C_WRITE_XFER_MODE);
 692              		.loc 1 78 0
 693 001c FB1D     		add	r3, r7, #7
 694 001e 1B78     		ldrb	r3, [r3]
 695 0020 181C     		mov	r0, r3
 696 0022 0021     		mov	r1, #0
 697 0024 FFF7FEFF 		bl	I2C_MPU6050_I2CMasterSendStart
  79:.\main.c      **** 	I2C_MPU6050_I2CMasterWriteByte(regAddr);
 698              		.loc 1 79 0
 699 0028 BB1D     		add	r3, r7, #6
 700 002a 1B78     		ldrb	r3, [r3]
 701 002c 181C     		mov	r0, r3
 702 002e FFF7FEFF 		bl	I2C_MPU6050_I2CMasterWriteByte
  80:.\main.c      **** 	while (i++ < length) {
 703              		.loc 1 80 0
 704 0032 0EE0     		b	.L16
 705              	.L17:
  81:.\main.c      **** 		I2C_MPU6050_I2CMasterWriteByte(((uint8_t)*value) >> 8);
 706              		.loc 1 81 0
 707 0034 3B68     		ldr	r3, [r7]
 708 0036 1B88     		ldrh	r3, [r3]
 709 0038 DBB2     		uxtb	r3, r3
 710 003a 1B12     		asr	r3, r3, #8
 711 003c 181C     		mov	r0, r3
 712 003e FFF7FEFF 		bl	I2C_MPU6050_I2CMasterWriteByte
  82:.\main.c      **** 		I2C_MPU6050_I2CMasterWriteByte((uint8_t)*value++);
 713              		.loc 1 82 0
 714 0042 3B68     		ldr	r3, [r7]
ARM GAS  C:\Users\Eric\AppData\Local\Temp\cc9ZWRmK.s 			page 15


 715 0044 9A1C     		add	r2, r3, #2
 716 0046 3A60     		str	r2, [r7]
 717 0048 1B88     		ldrh	r3, [r3]
 718 004a DBB2     		uxtb	r3, r3
 719 004c 181C     		mov	r0, r3
 720 004e FFF7FEFF 		bl	I2C_MPU6050_I2CMasterWriteByte
 721              	.L16:
  80:.\main.c      **** 	while (i++ < length) {
 722              		.loc 1 80 0 discriminator 1
 723 0052 3B1C     		mov	r3, r7
 724 0054 0F33     		add	r3, r3, #15
 725 0056 1B78     		ldrb	r3, [r3]
 726 0058 3A1C     		mov	r2, r7
 727 005a 0F32     		add	r2, r2, #15
 728 005c 591C     		add	r1, r3, #1
 729 005e 1170     		strb	r1, [r2]
 730 0060 7A1D     		add	r2, r7, #5
 731 0062 1278     		ldrb	r2, [r2]
 732 0064 9A42     		cmp	r2, r3
 733 0066 E5D8     		bhi	.L17
  83:.\main.c      **** 	}
  84:.\main.c      **** 	I2C_MPU6050_I2CMasterSendStop();		
 734              		.loc 1 84 0
 735 0068 FFF7FEFF 		bl	I2C_MPU6050_I2CMasterSendStop
  85:.\main.c      **** }
 736              		.loc 1 85 0
 737 006c BD46     		mov	sp, r7
 738 006e 04B0     		add	sp, sp, #16
 739              		@ sp needed
 740 0070 80BD     		pop	{r7, pc}
 741              		.cfi_endproc
 742              	.LFE41:
 743              		.size	I2CWriteWords, .-I2CWriteWords
 744 0072 C046     		.section	.text.I2CWriteWord,"ax",%progbits
 745              		.align	2
 746              		.global	I2CWriteWord
 747              		.code	16
 748              		.thumb_func
 749              		.type	I2CWriteWord, %function
 750              	I2CWriteWord:
 751              	.LFB42:
  86:.\main.c      **** 
  87:.\main.c      **** void I2CWriteWord(uint8_t devAddr, uint8_t regAddr, uint16_t value) {
 752              		.loc 1 87 0
 753              		.cfi_startproc
 754 0000 80B5     		push	{r7, lr}
 755              		.cfi_def_cfa_offset 8
 756              		.cfi_offset 7, -8
 757              		.cfi_offset 14, -4
 758 0002 82B0     		sub	sp, sp, #8
 759              		.cfi_def_cfa_offset 16
 760 0004 00AF     		add	r7, sp, #0
 761              		.cfi_def_cfa_register 7
 762 0006 FB1D     		add	r3, r7, #7
 763 0008 1870     		strb	r0, [r3]
 764 000a BB1D     		add	r3, r7, #6
 765 000c 1970     		strb	r1, [r3]
ARM GAS  C:\Users\Eric\AppData\Local\Temp\cc9ZWRmK.s 			page 16


 766 000e 3B1D     		add	r3, r7, #4
 767 0010 1A80     		strh	r2, [r3]
  88:.\main.c      **** 	I2CWriteWords(devAddr, regAddr, 1, &value);
 768              		.loc 1 88 0
 769 0012 FB1D     		add	r3, r7, #7
 770 0014 1978     		ldrb	r1, [r3]
 771 0016 BB1D     		add	r3, r7, #6
 772 0018 1A78     		ldrb	r2, [r3]
 773 001a 3B1D     		add	r3, r7, #4
 774 001c 081C     		mov	r0, r1
 775 001e 111C     		mov	r1, r2
 776 0020 0122     		mov	r2, #1
 777 0022 FFF7FEFF 		bl	I2CWriteWords
  89:.\main.c      **** }
 778              		.loc 1 89 0
 779 0026 BD46     		mov	sp, r7
 780 0028 02B0     		add	sp, sp, #8
 781              		@ sp needed
 782 002a 80BD     		pop	{r7, pc}
 783              		.cfi_endproc
 784              	.LFE42:
 785              		.size	I2CWriteWord, .-I2CWriteWord
 786              		.comm	sendData,28,4
 787              		.section	.text.main,"ax",%progbits
 788              		.align	2
 789              		.global	main
 790              		.code	16
 791              		.thumb_func
 792              		.type	main, %function
 793              	main:
 794              	.LFB43:
  90:.\main.c      **** 
  91:.\main.c      **** 
  92:.\main.c      **** 
  93:.\main.c      **** union data
  94:.\main.c      **** {
  95:.\main.c      ****     struct sensorDataInternals
  96:.\main.c      ****     {
  97:.\main.c      ****         char beginPad[5];
  98:.\main.c      ****         int16_t ax;
  99:.\main.c      ****         char pad0;
 100:.\main.c      ****         int16_t ay;
 101:.\main.c      ****         char pad1;
 102:.\main.c      ****         int16_t az;
 103:.\main.c      ****         char pad2;
 104:.\main.c      ****         int16_t gx;
 105:.\main.c      ****         char pad3;
 106:.\main.c      ****         int16_t gy;
 107:.\main.c      ****         char pad4;
 108:.\main.c      ****         int16_t gz;
 109:.\main.c      ****     } sensorData;
 110:.\main.c      ****     unsigned char* buffer;
 111:.\main.c      **** } sendData;
 112:.\main.c      **** 
 113:.\main.c      **** int main()
 114:.\main.c      **** {
 795              		.loc 1 114 0
ARM GAS  C:\Users\Eric\AppData\Local\Temp\cc9ZWRmK.s 			page 17


 796              		.cfi_startproc
 797 0000 90B5     		push	{r4, r7, lr}
 798              		.cfi_def_cfa_offset 12
 799              		.cfi_offset 4, -12
 800              		.cfi_offset 7, -8
 801              		.cfi_offset 14, -4
 802 0002 83B0     		sub	sp, sp, #12
 803              		.cfi_def_cfa_offset 24
 804 0004 02AF     		add	r7, sp, #8
 805              		.cfi_def_cfa 7, 16
 115:.\main.c      ****     static char temp[5] = {0, 1, 2, 3, 4};
 116:.\main.c      ****     memcpy(sendData.sensorData.beginPad, temp, 5);
 806              		.loc 1 116 0
 807 0006 174B     		ldr	r3, .L21
 808 0008 174A     		ldr	r2, .L21+4
 809 000a 1168     		ldr	r1, [r2]
 810 000c 1960     		str	r1, [r3]
 811 000e 1279     		ldrb	r2, [r2, #4]
 812 0010 1A71     		strb	r2, [r3, #4]
 117:.\main.c      ****     sendData.sensorData.pad0 = 0;
 813              		.loc 1 117 0
 814 0012 144B     		ldr	r3, .L21
 815 0014 0022     		mov	r2, #0
 816 0016 1A72     		strb	r2, [r3, #8]
 118:.\main.c      ****     sendData.sensorData.pad1 = 0;
 817              		.loc 1 118 0
 818 0018 124B     		ldr	r3, .L21
 819 001a 0022     		mov	r2, #0
 820 001c 1A73     		strb	r2, [r3, #12]
 119:.\main.c      ****     sendData.sensorData.pad2 = 0;
 821              		.loc 1 119 0
 822 001e 114B     		ldr	r3, .L21
 823 0020 0022     		mov	r2, #0
 824 0022 1A74     		strb	r2, [r3, #16]
 120:.\main.c      ****     sendData.sensorData.pad3 = 0;
 825              		.loc 1 120 0
 826 0024 0F4B     		ldr	r3, .L21
 827 0026 0022     		mov	r2, #0
 828 0028 1A75     		strb	r2, [r3, #20]
 121:.\main.c      ****     sendData.sensorData.pad4 = 0;
 829              		.loc 1 121 0
 830 002a 0E4B     		ldr	r3, .L21
 831 002c 0022     		mov	r2, #0
 832 002e 1A76     		strb	r2, [r3, #24]
 122:.\main.c      **** 
 123:.\main.c      **** 	I2C_MPU6050_Start();
 833              		.loc 1 123 0
 834 0030 FFF7FEFF 		bl	I2C_MPU6050_Start
 124:.\main.c      ****     UART_1_Start();
 835              		.loc 1 124 0
 836 0034 FFF7FEFF 		bl	UART_1_Start
 125:.\main.c      **** 	
 126:.\main.c      ****     CyGlobalIntEnable;
 837              		.loc 1 126 0
 838              	@ 126 ".\main.c" 1
 839 0038 62B6     		CPSIE   i
 840              	@ 0 "" 2
ARM GAS  C:\Users\Eric\AppData\Local\Temp\cc9ZWRmK.s 			page 18


 127:.\main.c      **** 
 128:.\main.c      **** 	MPU6050_init();
 841              		.loc 1 128 0
 842              		.code	16
 843 003a FFF7FEFF 		bl	MPU6050_init
 129:.\main.c      **** 	MPU6050_initialize();
 844              		.loc 1 129 0
 845 003e FFF7FEFF 		bl	MPU6050_initialize
 846              	.L20:
 130:.\main.c      **** 	
 131:.\main.c      ****     for(;;)
 132:.\main.c      ****     {
 133:.\main.c      **** 		MPU6050_getMotion6(&sendData.sensorData.ax, &sendData.sensorData.ay, &sendData.sensorData.az, &se
 847              		.loc 1 133 0 discriminator 1
 848 0042 0A48     		ldr	r0, .L21+8
 849 0044 0A49     		ldr	r1, .L21+12
 850 0046 0B4A     		ldr	r2, .L21+16
 851 0048 0B4B     		ldr	r3, .L21+20
 852 004a 0C4C     		ldr	r4, .L21+24
 853 004c 0094     		str	r4, [sp]
 854 004e 0C4C     		ldr	r4, .L21+28
 855 0050 0194     		str	r4, [sp, #4]
 856 0052 FFF7FEFF 		bl	MPU6050_getMotion6
 134:.\main.c      ****         UART_1_PutArray(sendData.buffer, sizeof(sendData.buffer));
 857              		.loc 1 134 0 discriminator 1
 858 0056 034B     		ldr	r3, .L21
 859 0058 1B68     		ldr	r3, [r3]
 860 005a 181C     		mov	r0, r3
 861 005c 0421     		mov	r1, #4
 862 005e FFF7FEFF 		bl	UART_1_PutArray
 135:.\main.c      **** 	}
 863              		.loc 1 135 0 discriminator 1
 864 0062 EEE7     		b	.L20
 865              	.L22:
 866              		.align	2
 867              	.L21:
 868 0064 00000000 		.word	sendData
 869 0068 00000000 		.word	temp.6412
 870 006c 06000000 		.word	sendData+6
 871 0070 0A000000 		.word	sendData+10
 872 0074 0E000000 		.word	sendData+14
 873 0078 12000000 		.word	sendData+18
 874 007c 16000000 		.word	sendData+22
 875 0080 1A000000 		.word	sendData+26
 876              		.cfi_endproc
 877              	.LFE43:
 878              		.size	main, .-main
 879              		.data
 880              		.align	2
 881              		.type	temp.6412, %object
 882              		.size	temp.6412, 5
 883              	temp.6412:
 884 0000 00       		.byte	0
 885 0001 01       		.byte	1
 886 0002 02       		.byte	2
 887 0003 03       		.byte	3
 888 0004 04       		.byte	4
ARM GAS  C:\Users\Eric\AppData\Local\Temp\cc9ZWRmK.s 			page 19


 889 0005 000000   		.text
 890              	.Letext0:
 891              		.file 2 "e:\\program files (x86)\\cypress\\psoc creator\\3.1\\psoc creator\\import\\gnu_cs\\arm\\4
 892              		.file 3 "e:\\program files (x86)\\cypress\\psoc creator\\3.1\\psoc creator\\import\\gnu_cs\\arm\\4
 893              		.file 4 ".\\mpu6050.h"
 894              		.section	.debug_info,"",%progbits
 895              	.Ldebug_info0:
 896 0000 68050000 		.4byte	0x568
 897 0004 0400     		.2byte	0x4
 898 0006 00000000 		.4byte	.Ldebug_abbrev0
 899 000a 04       		.byte	0x4
 900 000b 01       		.uleb128 0x1
 901 000c 37020000 		.4byte	.LASF47
 902 0010 01       		.byte	0x1
 903 0011 1D010000 		.4byte	.LASF48
 904 0015 19000000 		.4byte	.LASF49
 905 0019 00000000 		.4byte	.Ldebug_ranges0+0
 906 001d 00000000 		.4byte	0
 907 0021 00000000 		.4byte	.Ldebug_line0
 908 0025 02       		.uleb128 0x2
 909 0026 01       		.byte	0x1
 910 0027 06       		.byte	0x6
 911 0028 1E020000 		.4byte	.LASF0
 912 002c 03       		.uleb128 0x3
 913 002d 0F000000 		.4byte	.LASF2
 914 0031 02       		.byte	0x2
 915 0032 1C       		.byte	0x1c
 916 0033 37000000 		.4byte	0x37
 917 0037 02       		.uleb128 0x2
 918 0038 01       		.byte	0x1
 919 0039 08       		.byte	0x8
 920 003a BA000000 		.4byte	.LASF1
 921 003e 03       		.uleb128 0x3
 922 003f 66000000 		.4byte	.LASF3
 923 0043 02       		.byte	0x2
 924 0044 25       		.byte	0x25
 925 0045 49000000 		.4byte	0x49
 926 0049 02       		.uleb128 0x2
 927 004a 02       		.byte	0x2
 928 004b 05       		.byte	0x5
 929 004c CA010000 		.4byte	.LASF4
 930 0050 03       		.uleb128 0x3
 931 0051 26010000 		.4byte	.LASF5
 932 0055 02       		.byte	0x2
 933 0056 26       		.byte	0x26
 934 0057 5B000000 		.4byte	0x5b
 935 005b 02       		.uleb128 0x2
 936 005c 02       		.byte	0x2
 937 005d 07       		.byte	0x7
 938 005e FF000000 		.4byte	.LASF6
 939 0062 02       		.uleb128 0x2
 940 0063 04       		.byte	0x4
 941 0064 05       		.byte	0x5
 942 0065 03020000 		.4byte	.LASF7
 943 0069 02       		.uleb128 0x2
 944 006a 04       		.byte	0x4
 945 006b 07       		.byte	0x7
ARM GAS  C:\Users\Eric\AppData\Local\Temp\cc9ZWRmK.s 			page 20


 946 006c E8000000 		.4byte	.LASF8
 947 0070 02       		.uleb128 0x2
 948 0071 08       		.byte	0x8
 949 0072 05       		.byte	0x5
 950 0073 B7010000 		.4byte	.LASF9
 951 0077 02       		.uleb128 0x2
 952 0078 08       		.byte	0x8
 953 0079 07       		.byte	0x7
 954 007a 73010000 		.4byte	.LASF10
 955 007e 04       		.uleb128 0x4
 956 007f 04       		.byte	0x4
 957 0080 05       		.byte	0x5
 958 0081 696E7400 		.ascii	"int\000"
 959 0085 02       		.uleb128 0x2
 960 0086 04       		.byte	0x4
 961 0087 07       		.byte	0x7
 962 0088 52010000 		.4byte	.LASF11
 963 008c 03       		.uleb128 0x3
 964 008d 8A010000 		.4byte	.LASF12
 965 0091 03       		.byte	0x3
 966 0092 2A       		.byte	0x2a
 967 0093 2C000000 		.4byte	0x2c
 968 0097 03       		.uleb128 0x3
 969 0098 92010000 		.4byte	.LASF13
 970 009c 03       		.byte	0x3
 971 009d 35       		.byte	0x35
 972 009e 3E000000 		.4byte	0x3e
 973 00a2 03       		.uleb128 0x3
 974 00a3 E3010000 		.4byte	.LASF14
 975 00a7 03       		.byte	0x3
 976 00a8 36       		.byte	0x36
 977 00a9 50000000 		.4byte	0x50
 978 00ad 02       		.uleb128 0x2
 979 00ae 04       		.byte	0x4
 980 00af 04       		.byte	0x4
 981 00b0 AF000000 		.4byte	.LASF15
 982 00b4 02       		.uleb128 0x2
 983 00b5 08       		.byte	0x8
 984 00b6 04       		.byte	0x4
 985 00b7 31010000 		.4byte	.LASF16
 986 00bb 02       		.uleb128 0x2
 987 00bc 01       		.byte	0x1
 988 00bd 08       		.byte	0x8
 989 00be 0C020000 		.4byte	.LASF17
 990 00c2 02       		.uleb128 0x2
 991 00c3 04       		.byte	0x4
 992 00c4 07       		.byte	0x7
 993 00c5 A7010000 		.4byte	.LASF18
 994 00c9 05       		.uleb128 0x5
 995 00ca 04       		.byte	0x4
 996 00cb 37000000 		.4byte	0x37
 997 00cf 06       		.uleb128 0x6
 998 00d0 5F010000 		.4byte	.LASF50
 999 00d4 1C       		.byte	0x1c
 1000 00d5 01       		.byte	0x1
 1001 00d6 5F       		.byte	0x5f
 1002 00d7 66010000 		.4byte	0x166
ARM GAS  C:\Users\Eric\AppData\Local\Temp\cc9ZWRmK.s 			page 21


 1003 00db 07       		.uleb128 0x7
 1004 00dc 84000000 		.4byte	.LASF19
 1005 00e0 01       		.byte	0x1
 1006 00e1 61       		.byte	0x61
 1007 00e2 66010000 		.4byte	0x166
 1008 00e6 00       		.byte	0
 1009 00e7 08       		.uleb128 0x8
 1010 00e8 617800   		.ascii	"ax\000"
 1011 00eb 01       		.byte	0x1
 1012 00ec 62       		.byte	0x62
 1013 00ed 97000000 		.4byte	0x97
 1014 00f1 06       		.byte	0x6
 1015 00f2 07       		.uleb128 0x7
 1016 00f3 00000000 		.4byte	.LASF20
 1017 00f7 01       		.byte	0x1
 1018 00f8 63       		.byte	0x63
 1019 00f9 BB000000 		.4byte	0xbb
 1020 00fd 08       		.byte	0x8
 1021 00fe 08       		.uleb128 0x8
 1022 00ff 617900   		.ascii	"ay\000"
 1023 0102 01       		.byte	0x1
 1024 0103 64       		.byte	0x64
 1025 0104 97000000 		.4byte	0x97
 1026 0108 0A       		.byte	0xa
 1027 0109 07       		.uleb128 0x7
 1028 010a 99000000 		.4byte	.LASF21
 1029 010e 01       		.byte	0x1
 1030 010f 65       		.byte	0x65
 1031 0110 BB000000 		.4byte	0xbb
 1032 0114 0C       		.byte	0xc
 1033 0115 08       		.uleb128 0x8
 1034 0116 617A00   		.ascii	"az\000"
 1035 0119 01       		.byte	0x1
 1036 011a 66       		.byte	0x66
 1037 011b 97000000 		.4byte	0x97
 1038 011f 0E       		.byte	0xe
 1039 0120 07       		.uleb128 0x7
 1040 0121 05000000 		.4byte	.LASF22
 1041 0125 01       		.byte	0x1
 1042 0126 67       		.byte	0x67
 1043 0127 BB000000 		.4byte	0xbb
 1044 012b 10       		.byte	0x10
 1045 012c 08       		.uleb128 0x8
 1046 012d 677800   		.ascii	"gx\000"
 1047 0130 01       		.byte	0x1
 1048 0131 68       		.byte	0x68
 1049 0132 97000000 		.4byte	0x97
 1050 0136 12       		.byte	0x12
 1051 0137 07       		.uleb128 0x7
 1052 0138 0A000000 		.4byte	.LASF23
 1053 013c 01       		.byte	0x1
 1054 013d 69       		.byte	0x69
 1055 013e BB000000 		.4byte	0xbb
 1056 0142 14       		.byte	0x14
 1057 0143 08       		.uleb128 0x8
 1058 0144 677900   		.ascii	"gy\000"
 1059 0147 01       		.byte	0x1
ARM GAS  C:\Users\Eric\AppData\Local\Temp\cc9ZWRmK.s 			page 22


 1060 0148 6A       		.byte	0x6a
 1061 0149 97000000 		.4byte	0x97
 1062 014d 16       		.byte	0x16
 1063 014e 07       		.uleb128 0x7
 1064 014f AA000000 		.4byte	.LASF24
 1065 0153 01       		.byte	0x1
 1066 0154 6B       		.byte	0x6b
 1067 0155 BB000000 		.4byte	0xbb
 1068 0159 18       		.byte	0x18
 1069 015a 08       		.uleb128 0x8
 1070 015b 677A00   		.ascii	"gz\000"
 1071 015e 01       		.byte	0x1
 1072 015f 6C       		.byte	0x6c
 1073 0160 97000000 		.4byte	0x97
 1074 0164 1A       		.byte	0x1a
 1075 0165 00       		.byte	0
 1076 0166 09       		.uleb128 0x9
 1077 0167 BB000000 		.4byte	0xbb
 1078 016b 76010000 		.4byte	0x176
 1079 016f 0A       		.uleb128 0xa
 1080 0170 C2000000 		.4byte	0xc2
 1081 0174 04       		.byte	0x4
 1082 0175 00       		.byte	0
 1083 0176 0B       		.uleb128 0xb
 1084 0177 B5000000 		.4byte	.LASF51
 1085 017b 1C       		.byte	0x1c
 1086 017c 01       		.byte	0x1
 1087 017d 5D       		.byte	0x5d
 1088 017e 99010000 		.4byte	0x199
 1089 0182 0C       		.uleb128 0xc
 1090 0183 12010000 		.4byte	.LASF25
 1091 0187 01       		.byte	0x1
 1092 0188 6D       		.byte	0x6d
 1093 0189 CF000000 		.4byte	0xcf
 1094 018d 0C       		.uleb128 0xc
 1095 018e DC010000 		.4byte	.LASF26
 1096 0192 01       		.byte	0x1
 1097 0193 6E       		.byte	0x6e
 1098 0194 C9000000 		.4byte	0xc9
 1099 0198 00       		.byte	0
 1100 0199 0D       		.uleb128 0xd
 1101 019a 11020000 		.4byte	.LASF31
 1102 019e 01       		.byte	0x1
 1103 019f 10       		.byte	0x10
 1104 01a0 00000000 		.4byte	.LFB33
 1105 01a4 84000000 		.4byte	.LFE33-.LFB33
 1106 01a8 01       		.uleb128 0x1
 1107 01a9 9C       		.byte	0x9c
 1108 01aa F3010000 		.4byte	0x1f3
 1109 01ae 0E       		.uleb128 0xe
 1110 01af D4010000 		.4byte	.LASF27
 1111 01b3 01       		.byte	0x1
 1112 01b4 10       		.byte	0x10
 1113 01b5 8C000000 		.4byte	0x8c
 1114 01b9 02       		.uleb128 0x2
 1115 01ba 91       		.byte	0x91
 1116 01bb 67       		.sleb128 -25
ARM GAS  C:\Users\Eric\AppData\Local\Temp\cc9ZWRmK.s 			page 23


 1117 01bc 0E       		.uleb128 0xe
 1118 01bd E0000000 		.4byte	.LASF28
 1119 01c1 01       		.byte	0x1
 1120 01c2 10       		.byte	0x10
 1121 01c3 8C000000 		.4byte	0x8c
 1122 01c7 02       		.uleb128 0x2
 1123 01c8 91       		.byte	0x91
 1124 01c9 66       		.sleb128 -26
 1125 01ca 0E       		.uleb128 0xe
 1126 01cb B3020000 		.4byte	.LASF29
 1127 01cf 01       		.byte	0x1
 1128 01d0 10       		.byte	0x10
 1129 01d1 8C000000 		.4byte	0x8c
 1130 01d5 02       		.uleb128 0x2
 1131 01d6 91       		.byte	0x91
 1132 01d7 65       		.sleb128 -27
 1133 01d8 0E       		.uleb128 0xe
 1134 01d9 7E000000 		.4byte	.LASF30
 1135 01dd 01       		.byte	0x1
 1136 01de 10       		.byte	0x10
 1137 01df F3010000 		.4byte	0x1f3
 1138 01e3 02       		.uleb128 0x2
 1139 01e4 91       		.byte	0x91
 1140 01e5 60       		.sleb128 -32
 1141 01e6 0F       		.uleb128 0xf
 1142 01e7 6900     		.ascii	"i\000"
 1143 01e9 01       		.byte	0x1
 1144 01ea 11       		.byte	0x11
 1145 01eb 8C000000 		.4byte	0x8c
 1146 01ef 02       		.uleb128 0x2
 1147 01f0 91       		.byte	0x91
 1148 01f1 6F       		.sleb128 -17
 1149 01f2 00       		.byte	0
 1150 01f3 05       		.uleb128 0x5
 1151 01f4 04       		.byte	0x4
 1152 01f5 8C000000 		.4byte	0x8c
 1153 01f9 0D       		.uleb128 0xd
 1154 01fa 8D000000 		.4byte	.LASF32
 1155 01fe 01       		.byte	0x1
 1156 01ff 1C       		.byte	0x1c
 1157 0200 00000000 		.4byte	.LFB34
 1158 0204 2E000000 		.4byte	.LFE34-.LFB34
 1159 0208 01       		.uleb128 0x1
 1160 0209 9C       		.byte	0x9c
 1161 020a 39020000 		.4byte	0x239
 1162 020e 0E       		.uleb128 0xe
 1163 020f D4010000 		.4byte	.LASF27
 1164 0213 01       		.byte	0x1
 1165 0214 1C       		.byte	0x1c
 1166 0215 8C000000 		.4byte	0x8c
 1167 0219 02       		.uleb128 0x2
 1168 021a 91       		.byte	0x91
 1169 021b 77       		.sleb128 -9
 1170 021c 0E       		.uleb128 0xe
 1171 021d E0000000 		.4byte	.LASF28
 1172 0221 01       		.byte	0x1
 1173 0222 1C       		.byte	0x1c
ARM GAS  C:\Users\Eric\AppData\Local\Temp\cc9ZWRmK.s 			page 24


 1174 0223 8C000000 		.4byte	0x8c
 1175 0227 02       		.uleb128 0x2
 1176 0228 91       		.byte	0x91
 1177 0229 76       		.sleb128 -10
 1178 022a 0E       		.uleb128 0xe
 1179 022b 7E000000 		.4byte	.LASF30
 1180 022f 01       		.byte	0x1
 1181 0230 1C       		.byte	0x1c
 1182 0231 F3010000 		.4byte	0x1f3
 1183 0235 02       		.uleb128 0x2
 1184 0236 91       		.byte	0x91
 1185 0237 70       		.sleb128 -16
 1186 0238 00       		.byte	0
 1187 0239 0D       		.uleb128 0xd
 1188 023a 9E000000 		.4byte	.LASF33
 1189 023e 01       		.byte	0x1
 1190 023f 20       		.byte	0x20
 1191 0240 00000000 		.4byte	.LFB35
 1192 0244 8A000000 		.4byte	.LFE35-.LFB35
 1193 0248 01       		.uleb128 0x1
 1194 0249 9C       		.byte	0x9c
 1195 024a A3020000 		.4byte	0x2a3
 1196 024e 0E       		.uleb128 0xe
 1197 024f D4010000 		.4byte	.LASF27
 1198 0253 01       		.byte	0x1
 1199 0254 20       		.byte	0x20
 1200 0255 8C000000 		.4byte	0x8c
 1201 0259 02       		.uleb128 0x2
 1202 025a 91       		.byte	0x91
 1203 025b 67       		.sleb128 -25
 1204 025c 0E       		.uleb128 0xe
 1205 025d E0000000 		.4byte	.LASF28
 1206 0261 01       		.byte	0x1
 1207 0262 20       		.byte	0x20
 1208 0263 8C000000 		.4byte	0x8c
 1209 0267 02       		.uleb128 0x2
 1210 0268 91       		.byte	0x91
 1211 0269 66       		.sleb128 -26
 1212 026a 0E       		.uleb128 0xe
 1213 026b 38010000 		.4byte	.LASF34
 1214 026f 01       		.byte	0x1
 1215 0270 20       		.byte	0x20
 1216 0271 8C000000 		.4byte	0x8c
 1217 0275 02       		.uleb128 0x2
 1218 0276 91       		.byte	0x91
 1219 0277 65       		.sleb128 -27
 1220 0278 0E       		.uleb128 0xe
 1221 0279 B3020000 		.4byte	.LASF29
 1222 027d 01       		.byte	0x1
 1223 027e 20       		.byte	0x20
 1224 027f 8C000000 		.4byte	0x8c
 1225 0283 02       		.uleb128 0x2
 1226 0284 91       		.byte	0x91
 1227 0285 64       		.sleb128 -28
 1228 0286 0E       		.uleb128 0xe
 1229 0287 7E000000 		.4byte	.LASF30
 1230 028b 01       		.byte	0x1
ARM GAS  C:\Users\Eric\AppData\Local\Temp\cc9ZWRmK.s 			page 25


 1231 028c 20       		.byte	0x20
 1232 028d F3010000 		.4byte	0x1f3
 1233 0291 02       		.uleb128 0x2
 1234 0292 91       		.byte	0x91
 1235 0293 00       		.sleb128 0
 1236 0294 10       		.uleb128 0x10
 1237 0295 C5010000 		.4byte	.LASF35
 1238 0299 01       		.byte	0x1
 1239 029a 21       		.byte	0x21
 1240 029b 8C000000 		.4byte	0x8c
 1241 029f 02       		.uleb128 0x2
 1242 02a0 91       		.byte	0x91
 1243 02a1 6F       		.sleb128 -17
 1244 02a2 00       		.byte	0
 1245 02a3 0D       		.uleb128 0xd
 1246 02a4 D5000000 		.4byte	.LASF36
 1247 02a8 01       		.byte	0x1
 1248 02a9 27       		.byte	0x27
 1249 02aa 00000000 		.4byte	.LFB36
 1250 02ae 4C000000 		.4byte	.LFE36-.LFB36
 1251 02b2 01       		.uleb128 0x1
 1252 02b3 9C       		.byte	0x9c
 1253 02b4 F1020000 		.4byte	0x2f1
 1254 02b8 0E       		.uleb128 0xe
 1255 02b9 D4010000 		.4byte	.LASF27
 1256 02bd 01       		.byte	0x1
 1257 02be 27       		.byte	0x27
 1258 02bf 8C000000 		.4byte	0x8c
 1259 02c3 02       		.uleb128 0x2
 1260 02c4 91       		.byte	0x91
 1261 02c5 77       		.sleb128 -9
 1262 02c6 0E       		.uleb128 0xe
 1263 02c7 E0000000 		.4byte	.LASF28
 1264 02cb 01       		.byte	0x1
 1265 02cc 27       		.byte	0x27
 1266 02cd 8C000000 		.4byte	0x8c
 1267 02d1 02       		.uleb128 0x2
 1268 02d2 91       		.byte	0x91
 1269 02d3 76       		.sleb128 -10
 1270 02d4 0E       		.uleb128 0xe
 1271 02d5 B0010000 		.4byte	.LASF37
 1272 02d9 01       		.byte	0x1
 1273 02da 27       		.byte	0x27
 1274 02db 8C000000 		.4byte	0x8c
 1275 02df 02       		.uleb128 0x2
 1276 02e0 91       		.byte	0x91
 1277 02e1 75       		.sleb128 -11
 1278 02e2 0E       		.uleb128 0xe
 1279 02e3 7E000000 		.4byte	.LASF30
 1280 02e7 01       		.byte	0x1
 1281 02e8 27       		.byte	0x27
 1282 02e9 F3010000 		.4byte	0x1f3
 1283 02ed 02       		.uleb128 0x2
 1284 02ee 91       		.byte	0x91
 1285 02ef 70       		.sleb128 -16
 1286 02f0 00       		.byte	0
 1287 02f1 0D       		.uleb128 0xd
ARM GAS  C:\Users\Eric\AppData\Local\Temp\cc9ZWRmK.s 			page 26


 1288 02f2 70000000 		.4byte	.LASF38
 1289 02f6 01       		.byte	0x1
 1290 02f7 2C       		.byte	0x2c
 1291 02f8 00000000 		.4byte	.LFB37
 1292 02fc 62000000 		.4byte	.LFE37-.LFB37
 1293 0300 01       		.uleb128 0x1
 1294 0301 9C       		.byte	0x9c
 1295 0302 4B030000 		.4byte	0x34b
 1296 0306 0E       		.uleb128 0xe
 1297 0307 D4010000 		.4byte	.LASF27
 1298 030b 01       		.byte	0x1
 1299 030c 2C       		.byte	0x2c
 1300 030d 8C000000 		.4byte	0x8c
 1301 0311 02       		.uleb128 0x2
 1302 0312 91       		.byte	0x91
 1303 0313 6F       		.sleb128 -17
 1304 0314 0E       		.uleb128 0xe
 1305 0315 E0000000 		.4byte	.LASF28
 1306 0319 01       		.byte	0x1
 1307 031a 2C       		.byte	0x2c
 1308 031b 8C000000 		.4byte	0x8c
 1309 031f 02       		.uleb128 0x2
 1310 0320 91       		.byte	0x91
 1311 0321 6E       		.sleb128 -18
 1312 0322 0E       		.uleb128 0xe
 1313 0323 B3020000 		.4byte	.LASF29
 1314 0327 01       		.byte	0x1
 1315 0328 2C       		.byte	0x2c
 1316 0329 8C000000 		.4byte	0x8c
 1317 032d 02       		.uleb128 0x2
 1318 032e 91       		.byte	0x91
 1319 032f 6D       		.sleb128 -19
 1320 0330 0E       		.uleb128 0xe
 1321 0331 7E000000 		.4byte	.LASF30
 1322 0335 01       		.byte	0x1
 1323 0336 2C       		.byte	0x2c
 1324 0337 F3010000 		.4byte	0x1f3
 1325 033b 02       		.uleb128 0x2
 1326 033c 91       		.byte	0x91
 1327 033d 68       		.sleb128 -24
 1328 033e 0F       		.uleb128 0xf
 1329 033f 6900     		.ascii	"i\000"
 1330 0341 01       		.byte	0x1
 1331 0342 2D       		.byte	0x2d
 1332 0343 8C000000 		.4byte	0x8c
 1333 0347 02       		.uleb128 0x2
 1334 0348 91       		.byte	0x91
 1335 0349 77       		.sleb128 -9
 1336 034a 00       		.byte	0
 1337 034b 0D       		.uleb128 0xd
 1338 034c 9A010000 		.4byte	.LASF39
 1339 0350 01       		.byte	0x1
 1340 0351 36       		.byte	0x36
 1341 0352 00000000 		.4byte	.LFB38
 1342 0356 2C000000 		.4byte	.LFE38-.LFB38
 1343 035a 01       		.uleb128 0x1
 1344 035b 9C       		.byte	0x9c
ARM GAS  C:\Users\Eric\AppData\Local\Temp\cc9ZWRmK.s 			page 27


 1345 035c 8B030000 		.4byte	0x38b
 1346 0360 0E       		.uleb128 0xe
 1347 0361 D4010000 		.4byte	.LASF27
 1348 0365 01       		.byte	0x1
 1349 0366 36       		.byte	0x36
 1350 0367 8C000000 		.4byte	0x8c
 1351 036b 02       		.uleb128 0x2
 1352 036c 91       		.byte	0x91
 1353 036d 77       		.sleb128 -9
 1354 036e 0E       		.uleb128 0xe
 1355 036f E0000000 		.4byte	.LASF28
 1356 0373 01       		.byte	0x1
 1357 0374 36       		.byte	0x36
 1358 0375 8C000000 		.4byte	0x8c
 1359 0379 02       		.uleb128 0x2
 1360 037a 91       		.byte	0x91
 1361 037b 76       		.sleb128 -10
 1362 037c 0E       		.uleb128 0xe
 1363 037d 7E000000 		.4byte	.LASF30
 1364 0381 01       		.byte	0x1
 1365 0382 36       		.byte	0x36
 1366 0383 8C000000 		.4byte	0x8c
 1367 0387 02       		.uleb128 0x2
 1368 0388 91       		.byte	0x91
 1369 0389 75       		.sleb128 -11
 1370 038a 00       		.byte	0
 1371 038b 0D       		.uleb128 0xd
 1372 038c 2A020000 		.4byte	.LASF40
 1373 0390 01       		.byte	0x1
 1374 0391 3A       		.byte	0x3a
 1375 0392 00000000 		.4byte	.LFB39
 1376 0396 D6000000 		.4byte	.LFE39-.LFB39
 1377 039a 01       		.uleb128 0x1
 1378 039b 9C       		.byte	0x9c
 1379 039c 01040000 		.4byte	0x401
 1380 03a0 0E       		.uleb128 0xe
 1381 03a1 D4010000 		.4byte	.LASF27
 1382 03a5 01       		.byte	0x1
 1383 03a6 3A       		.byte	0x3a
 1384 03a7 8C000000 		.4byte	0x8c
 1385 03ab 02       		.uleb128 0x2
 1386 03ac 91       		.byte	0x91
 1387 03ad 67       		.sleb128 -25
 1388 03ae 0E       		.uleb128 0xe
 1389 03af E0000000 		.4byte	.LASF28
 1390 03b3 01       		.byte	0x1
 1391 03b4 3A       		.byte	0x3a
 1392 03b5 8C000000 		.4byte	0x8c
 1393 03b9 02       		.uleb128 0x2
 1394 03ba 91       		.byte	0x91
 1395 03bb 66       		.sleb128 -26
 1396 03bc 0E       		.uleb128 0xe
 1397 03bd 38010000 		.4byte	.LASF34
 1398 03c1 01       		.byte	0x1
 1399 03c2 3A       		.byte	0x3a
 1400 03c3 8C000000 		.4byte	0x8c
 1401 03c7 02       		.uleb128 0x2
ARM GAS  C:\Users\Eric\AppData\Local\Temp\cc9ZWRmK.s 			page 28


 1402 03c8 91       		.byte	0x91
 1403 03c9 65       		.sleb128 -27
 1404 03ca 0E       		.uleb128 0xe
 1405 03cb B3020000 		.4byte	.LASF29
 1406 03cf 01       		.byte	0x1
 1407 03d0 3A       		.byte	0x3a
 1408 03d1 8C000000 		.4byte	0x8c
 1409 03d5 02       		.uleb128 0x2
 1410 03d6 91       		.byte	0x91
 1411 03d7 64       		.sleb128 -28
 1412 03d8 0E       		.uleb128 0xe
 1413 03d9 7E000000 		.4byte	.LASF30
 1414 03dd 01       		.byte	0x1
 1415 03de 3A       		.byte	0x3a
 1416 03df 8C000000 		.4byte	0x8c
 1417 03e3 02       		.uleb128 0x2
 1418 03e4 91       		.byte	0x91
 1419 03e5 00       		.sleb128 0
 1420 03e6 0F       		.uleb128 0xf
 1421 03e7 6200     		.ascii	"b\000"
 1422 03e9 01       		.byte	0x1
 1423 03ea 3B       		.byte	0x3b
 1424 03eb 8C000000 		.4byte	0x8c
 1425 03ef 02       		.uleb128 0x2
 1426 03f0 91       		.byte	0x91
 1427 03f1 6E       		.sleb128 -18
 1428 03f2 10       		.uleb128 0x10
 1429 03f3 C5010000 		.4byte	.LASF35
 1430 03f7 01       		.byte	0x1
 1431 03f8 3C       		.byte	0x3c
 1432 03f9 8C000000 		.4byte	0x8c
 1433 03fd 02       		.uleb128 0x2
 1434 03fe 91       		.byte	0x91
 1435 03ff 6F       		.sleb128 -17
 1436 0400 00       		.byte	0
 1437 0401 0D       		.uleb128 0xd
 1438 0402 41010000 		.4byte	.LASF41
 1439 0406 01       		.byte	0x1
 1440 0407 45       		.byte	0x45
 1441 0408 00000000 		.4byte	.LFB40
 1442 040c 9E000000 		.4byte	.LFE40-.LFB40
 1443 0410 01       		.uleb128 0x1
 1444 0411 9C       		.byte	0x9c
 1445 0412 5B040000 		.4byte	0x45b
 1446 0416 0E       		.uleb128 0xe
 1447 0417 D4010000 		.4byte	.LASF27
 1448 041b 01       		.byte	0x1
 1449 041c 45       		.byte	0x45
 1450 041d 8C000000 		.4byte	0x8c
 1451 0421 02       		.uleb128 0x2
 1452 0422 91       		.byte	0x91
 1453 0423 67       		.sleb128 -25
 1454 0424 0E       		.uleb128 0xe
 1455 0425 E0000000 		.4byte	.LASF28
 1456 0429 01       		.byte	0x1
 1457 042a 45       		.byte	0x45
 1458 042b 8C000000 		.4byte	0x8c
ARM GAS  C:\Users\Eric\AppData\Local\Temp\cc9ZWRmK.s 			page 29


 1459 042f 02       		.uleb128 0x2
 1460 0430 91       		.byte	0x91
 1461 0431 66       		.sleb128 -26
 1462 0432 0E       		.uleb128 0xe
 1463 0433 B0010000 		.4byte	.LASF37
 1464 0437 01       		.byte	0x1
 1465 0438 45       		.byte	0x45
 1466 0439 8C000000 		.4byte	0x8c
 1467 043d 02       		.uleb128 0x2
 1468 043e 91       		.byte	0x91
 1469 043f 65       		.sleb128 -27
 1470 0440 0E       		.uleb128 0xe
 1471 0441 7E000000 		.4byte	.LASF30
 1472 0445 01       		.byte	0x1
 1473 0446 45       		.byte	0x45
 1474 0447 8C000000 		.4byte	0x8c
 1475 044b 02       		.uleb128 0x2
 1476 044c 91       		.byte	0x91
 1477 044d 64       		.sleb128 -28
 1478 044e 0F       		.uleb128 0xf
 1479 044f 6200     		.ascii	"b\000"
 1480 0451 01       		.byte	0x1
 1481 0452 46       		.byte	0x46
 1482 0453 8C000000 		.4byte	0x8c
 1483 0457 02       		.uleb128 0x2
 1484 0458 91       		.byte	0x91
 1485 0459 6F       		.sleb128 -17
 1486 045a 00       		.byte	0
 1487 045b 0D       		.uleb128 0xd
 1488 045c F5010000 		.4byte	.LASF42
 1489 0460 01       		.byte	0x1
 1490 0461 4C       		.byte	0x4c
 1491 0462 00000000 		.4byte	.LFB41
 1492 0466 72000000 		.4byte	.LFE41-.LFB41
 1493 046a 01       		.uleb128 0x1
 1494 046b 9C       		.byte	0x9c
 1495 046c B5040000 		.4byte	0x4b5
 1496 0470 0E       		.uleb128 0xe
 1497 0471 D4010000 		.4byte	.LASF27
 1498 0475 01       		.byte	0x1
 1499 0476 4C       		.byte	0x4c
 1500 0477 8C000000 		.4byte	0x8c
 1501 047b 02       		.uleb128 0x2
 1502 047c 91       		.byte	0x91
 1503 047d 6F       		.sleb128 -17
 1504 047e 0E       		.uleb128 0xe
 1505 047f E0000000 		.4byte	.LASF28
 1506 0483 01       		.byte	0x1
 1507 0484 4C       		.byte	0x4c
 1508 0485 8C000000 		.4byte	0x8c
 1509 0489 02       		.uleb128 0x2
 1510 048a 91       		.byte	0x91
 1511 048b 6E       		.sleb128 -18
 1512 048c 0E       		.uleb128 0xe
 1513 048d B3020000 		.4byte	.LASF29
 1514 0491 01       		.byte	0x1
 1515 0492 4C       		.byte	0x4c
ARM GAS  C:\Users\Eric\AppData\Local\Temp\cc9ZWRmK.s 			page 30


 1516 0493 8C000000 		.4byte	0x8c
 1517 0497 02       		.uleb128 0x2
 1518 0498 91       		.byte	0x91
 1519 0499 6D       		.sleb128 -19
 1520 049a 0E       		.uleb128 0xe
 1521 049b 7E000000 		.4byte	.LASF30
 1522 049f 01       		.byte	0x1
 1523 04a0 4C       		.byte	0x4c
 1524 04a1 B5040000 		.4byte	0x4b5
 1525 04a5 02       		.uleb128 0x2
 1526 04a6 91       		.byte	0x91
 1527 04a7 68       		.sleb128 -24
 1528 04a8 0F       		.uleb128 0xf
 1529 04a9 6900     		.ascii	"i\000"
 1530 04ab 01       		.byte	0x1
 1531 04ac 4D       		.byte	0x4d
 1532 04ad 8C000000 		.4byte	0x8c
 1533 04b1 02       		.uleb128 0x2
 1534 04b2 91       		.byte	0x91
 1535 04b3 77       		.sleb128 -9
 1536 04b4 00       		.byte	0
 1537 04b5 05       		.uleb128 0x5
 1538 04b6 04       		.byte	0x4
 1539 04b7 A2000000 		.4byte	0xa2
 1540 04bb 0D       		.uleb128 0xd
 1541 04bc C8000000 		.4byte	.LASF43
 1542 04c0 01       		.byte	0x1
 1543 04c1 57       		.byte	0x57
 1544 04c2 00000000 		.4byte	.LFB42
 1545 04c6 2C000000 		.4byte	.LFE42-.LFB42
 1546 04ca 01       		.uleb128 0x1
 1547 04cb 9C       		.byte	0x9c
 1548 04cc FB040000 		.4byte	0x4fb
 1549 04d0 0E       		.uleb128 0xe
 1550 04d1 D4010000 		.4byte	.LASF27
 1551 04d5 01       		.byte	0x1
 1552 04d6 57       		.byte	0x57
 1553 04d7 8C000000 		.4byte	0x8c
 1554 04db 02       		.uleb128 0x2
 1555 04dc 91       		.byte	0x91
 1556 04dd 77       		.sleb128 -9
 1557 04de 0E       		.uleb128 0xe
 1558 04df E0000000 		.4byte	.LASF28
 1559 04e3 01       		.byte	0x1
 1560 04e4 57       		.byte	0x57
 1561 04e5 8C000000 		.4byte	0x8c
 1562 04e9 02       		.uleb128 0x2
 1563 04ea 91       		.byte	0x91
 1564 04eb 76       		.sleb128 -10
 1565 04ec 0E       		.uleb128 0xe
 1566 04ed 7E000000 		.4byte	.LASF30
 1567 04f1 01       		.byte	0x1
 1568 04f2 57       		.byte	0x57
 1569 04f3 A2000000 		.4byte	0xa2
 1570 04f7 02       		.uleb128 0x2
 1571 04f8 91       		.byte	0x91
 1572 04f9 74       		.sleb128 -12
ARM GAS  C:\Users\Eric\AppData\Local\Temp\cc9ZWRmK.s 			page 31


 1573 04fa 00       		.byte	0
 1574 04fb 11       		.uleb128 0x11
 1575 04fc 4D010000 		.4byte	.LASF44
 1576 0500 01       		.byte	0x1
 1577 0501 71       		.byte	0x71
 1578 0502 7E000000 		.4byte	0x7e
 1579 0506 00000000 		.4byte	.LFB43
 1580 050a 84000000 		.4byte	.LFE43-.LFB43
 1581 050e 01       		.uleb128 0x1
 1582 050f 9C       		.byte	0x9c
 1583 0510 26050000 		.4byte	0x526
 1584 0514 10       		.uleb128 0x10
 1585 0515 FA000000 		.4byte	.LASF45
 1586 0519 01       		.byte	0x1
 1587 051a 73       		.byte	0x73
 1588 051b 66010000 		.4byte	0x166
 1589 051f 05       		.uleb128 0x5
 1590 0520 03       		.byte	0x3
 1591 0521 00000000 		.4byte	temp.6412
 1592 0525 00       		.byte	0
 1593 0526 12       		.uleb128 0x12
 1594 0527 D4010000 		.4byte	.LASF27
 1595 052b 04       		.byte	0x4
 1596 052c 9101     		.2byte	0x191
 1597 052e 8C000000 		.4byte	0x8c
 1598 0532 05       		.uleb128 0x5
 1599 0533 03       		.byte	0x3
 1600 0534 00000000 		.4byte	devAddr
 1601 0538 09       		.uleb128 0x9
 1602 0539 8C000000 		.4byte	0x8c
 1603 053d 48050000 		.4byte	0x548
 1604 0541 0A       		.uleb128 0xa
 1605 0542 C2000000 		.4byte	0xc2
 1606 0546 15       		.byte	0x15
 1607 0547 00       		.byte	0
 1608 0548 12       		.uleb128 0x12
 1609 0549 DC010000 		.4byte	.LASF26
 1610 054d 04       		.byte	0x4
 1611 054e 9201     		.2byte	0x192
 1612 0550 38050000 		.4byte	0x538
 1613 0554 05       		.uleb128 0x5
 1614 0555 03       		.byte	0x3
 1615 0556 00000000 		.4byte	buffer
 1616 055a 13       		.uleb128 0x13
 1617 055b EC010000 		.4byte	.LASF46
 1618 055f 01       		.byte	0x1
 1619 0560 6F       		.byte	0x6f
 1620 0561 76010000 		.4byte	0x176
 1621 0565 05       		.uleb128 0x5
 1622 0566 03       		.byte	0x3
 1623 0567 00000000 		.4byte	sendData
 1624 056b 00       		.byte	0
 1625              		.section	.debug_abbrev,"",%progbits
 1626              	.Ldebug_abbrev0:
 1627 0000 01       		.uleb128 0x1
 1628 0001 11       		.uleb128 0x11
 1629 0002 01       		.byte	0x1
ARM GAS  C:\Users\Eric\AppData\Local\Temp\cc9ZWRmK.s 			page 32


 1630 0003 25       		.uleb128 0x25
 1631 0004 0E       		.uleb128 0xe
 1632 0005 13       		.uleb128 0x13
 1633 0006 0B       		.uleb128 0xb
 1634 0007 03       		.uleb128 0x3
 1635 0008 0E       		.uleb128 0xe
 1636 0009 1B       		.uleb128 0x1b
 1637 000a 0E       		.uleb128 0xe
 1638 000b 55       		.uleb128 0x55
 1639 000c 17       		.uleb128 0x17
 1640 000d 11       		.uleb128 0x11
 1641 000e 01       		.uleb128 0x1
 1642 000f 10       		.uleb128 0x10
 1643 0010 17       		.uleb128 0x17
 1644 0011 00       		.byte	0
 1645 0012 00       		.byte	0
 1646 0013 02       		.uleb128 0x2
 1647 0014 24       		.uleb128 0x24
 1648 0015 00       		.byte	0
 1649 0016 0B       		.uleb128 0xb
 1650 0017 0B       		.uleb128 0xb
 1651 0018 3E       		.uleb128 0x3e
 1652 0019 0B       		.uleb128 0xb
 1653 001a 03       		.uleb128 0x3
 1654 001b 0E       		.uleb128 0xe
 1655 001c 00       		.byte	0
 1656 001d 00       		.byte	0
 1657 001e 03       		.uleb128 0x3
 1658 001f 16       		.uleb128 0x16
 1659 0020 00       		.byte	0
 1660 0021 03       		.uleb128 0x3
 1661 0022 0E       		.uleb128 0xe
 1662 0023 3A       		.uleb128 0x3a
 1663 0024 0B       		.uleb128 0xb
 1664 0025 3B       		.uleb128 0x3b
 1665 0026 0B       		.uleb128 0xb
 1666 0027 49       		.uleb128 0x49
 1667 0028 13       		.uleb128 0x13
 1668 0029 00       		.byte	0
 1669 002a 00       		.byte	0
 1670 002b 04       		.uleb128 0x4
 1671 002c 24       		.uleb128 0x24
 1672 002d 00       		.byte	0
 1673 002e 0B       		.uleb128 0xb
 1674 002f 0B       		.uleb128 0xb
 1675 0030 3E       		.uleb128 0x3e
 1676 0031 0B       		.uleb128 0xb
 1677 0032 03       		.uleb128 0x3
 1678 0033 08       		.uleb128 0x8
 1679 0034 00       		.byte	0
 1680 0035 00       		.byte	0
 1681 0036 05       		.uleb128 0x5
 1682 0037 0F       		.uleb128 0xf
 1683 0038 00       		.byte	0
 1684 0039 0B       		.uleb128 0xb
 1685 003a 0B       		.uleb128 0xb
 1686 003b 49       		.uleb128 0x49
ARM GAS  C:\Users\Eric\AppData\Local\Temp\cc9ZWRmK.s 			page 33


 1687 003c 13       		.uleb128 0x13
 1688 003d 00       		.byte	0
 1689 003e 00       		.byte	0
 1690 003f 06       		.uleb128 0x6
 1691 0040 13       		.uleb128 0x13
 1692 0041 01       		.byte	0x1
 1693 0042 03       		.uleb128 0x3
 1694 0043 0E       		.uleb128 0xe
 1695 0044 0B       		.uleb128 0xb
 1696 0045 0B       		.uleb128 0xb
 1697 0046 3A       		.uleb128 0x3a
 1698 0047 0B       		.uleb128 0xb
 1699 0048 3B       		.uleb128 0x3b
 1700 0049 0B       		.uleb128 0xb
 1701 004a 01       		.uleb128 0x1
 1702 004b 13       		.uleb128 0x13
 1703 004c 00       		.byte	0
 1704 004d 00       		.byte	0
 1705 004e 07       		.uleb128 0x7
 1706 004f 0D       		.uleb128 0xd
 1707 0050 00       		.byte	0
 1708 0051 03       		.uleb128 0x3
 1709 0052 0E       		.uleb128 0xe
 1710 0053 3A       		.uleb128 0x3a
 1711 0054 0B       		.uleb128 0xb
 1712 0055 3B       		.uleb128 0x3b
 1713 0056 0B       		.uleb128 0xb
 1714 0057 49       		.uleb128 0x49
 1715 0058 13       		.uleb128 0x13
 1716 0059 38       		.uleb128 0x38
 1717 005a 0B       		.uleb128 0xb
 1718 005b 00       		.byte	0
 1719 005c 00       		.byte	0
 1720 005d 08       		.uleb128 0x8
 1721 005e 0D       		.uleb128 0xd
 1722 005f 00       		.byte	0
 1723 0060 03       		.uleb128 0x3
 1724 0061 08       		.uleb128 0x8
 1725 0062 3A       		.uleb128 0x3a
 1726 0063 0B       		.uleb128 0xb
 1727 0064 3B       		.uleb128 0x3b
 1728 0065 0B       		.uleb128 0xb
 1729 0066 49       		.uleb128 0x49
 1730 0067 13       		.uleb128 0x13
 1731 0068 38       		.uleb128 0x38
 1732 0069 0B       		.uleb128 0xb
 1733 006a 00       		.byte	0
 1734 006b 00       		.byte	0
 1735 006c 09       		.uleb128 0x9
 1736 006d 01       		.uleb128 0x1
 1737 006e 01       		.byte	0x1
 1738 006f 49       		.uleb128 0x49
 1739 0070 13       		.uleb128 0x13
 1740 0071 01       		.uleb128 0x1
 1741 0072 13       		.uleb128 0x13
 1742 0073 00       		.byte	0
 1743 0074 00       		.byte	0
ARM GAS  C:\Users\Eric\AppData\Local\Temp\cc9ZWRmK.s 			page 34


 1744 0075 0A       		.uleb128 0xa
 1745 0076 21       		.uleb128 0x21
 1746 0077 00       		.byte	0
 1747 0078 49       		.uleb128 0x49
 1748 0079 13       		.uleb128 0x13
 1749 007a 2F       		.uleb128 0x2f
 1750 007b 0B       		.uleb128 0xb
 1751 007c 00       		.byte	0
 1752 007d 00       		.byte	0
 1753 007e 0B       		.uleb128 0xb
 1754 007f 17       		.uleb128 0x17
 1755 0080 01       		.byte	0x1
 1756 0081 03       		.uleb128 0x3
 1757 0082 0E       		.uleb128 0xe
 1758 0083 0B       		.uleb128 0xb
 1759 0084 0B       		.uleb128 0xb
 1760 0085 3A       		.uleb128 0x3a
 1761 0086 0B       		.uleb128 0xb
 1762 0087 3B       		.uleb128 0x3b
 1763 0088 0B       		.uleb128 0xb
 1764 0089 01       		.uleb128 0x1
 1765 008a 13       		.uleb128 0x13
 1766 008b 00       		.byte	0
 1767 008c 00       		.byte	0
 1768 008d 0C       		.uleb128 0xc
 1769 008e 0D       		.uleb128 0xd
 1770 008f 00       		.byte	0
 1771 0090 03       		.uleb128 0x3
 1772 0091 0E       		.uleb128 0xe
 1773 0092 3A       		.uleb128 0x3a
 1774 0093 0B       		.uleb128 0xb
 1775 0094 3B       		.uleb128 0x3b
 1776 0095 0B       		.uleb128 0xb
 1777 0096 49       		.uleb128 0x49
 1778 0097 13       		.uleb128 0x13
 1779 0098 00       		.byte	0
 1780 0099 00       		.byte	0
 1781 009a 0D       		.uleb128 0xd
 1782 009b 2E       		.uleb128 0x2e
 1783 009c 01       		.byte	0x1
 1784 009d 3F       		.uleb128 0x3f
 1785 009e 19       		.uleb128 0x19
 1786 009f 03       		.uleb128 0x3
 1787 00a0 0E       		.uleb128 0xe
 1788 00a1 3A       		.uleb128 0x3a
 1789 00a2 0B       		.uleb128 0xb
 1790 00a3 3B       		.uleb128 0x3b
 1791 00a4 0B       		.uleb128 0xb
 1792 00a5 27       		.uleb128 0x27
 1793 00a6 19       		.uleb128 0x19
 1794 00a7 11       		.uleb128 0x11
 1795 00a8 01       		.uleb128 0x1
 1796 00a9 12       		.uleb128 0x12
 1797 00aa 06       		.uleb128 0x6
 1798 00ab 40       		.uleb128 0x40
 1799 00ac 18       		.uleb128 0x18
 1800 00ad 9642     		.uleb128 0x2116
ARM GAS  C:\Users\Eric\AppData\Local\Temp\cc9ZWRmK.s 			page 35


 1801 00af 19       		.uleb128 0x19
 1802 00b0 01       		.uleb128 0x1
 1803 00b1 13       		.uleb128 0x13
 1804 00b2 00       		.byte	0
 1805 00b3 00       		.byte	0
 1806 00b4 0E       		.uleb128 0xe
 1807 00b5 05       		.uleb128 0x5
 1808 00b6 00       		.byte	0
 1809 00b7 03       		.uleb128 0x3
 1810 00b8 0E       		.uleb128 0xe
 1811 00b9 3A       		.uleb128 0x3a
 1812 00ba 0B       		.uleb128 0xb
 1813 00bb 3B       		.uleb128 0x3b
 1814 00bc 0B       		.uleb128 0xb
 1815 00bd 49       		.uleb128 0x49
 1816 00be 13       		.uleb128 0x13
 1817 00bf 02       		.uleb128 0x2
 1818 00c0 18       		.uleb128 0x18
 1819 00c1 00       		.byte	0
 1820 00c2 00       		.byte	0
 1821 00c3 0F       		.uleb128 0xf
 1822 00c4 34       		.uleb128 0x34
 1823 00c5 00       		.byte	0
 1824 00c6 03       		.uleb128 0x3
 1825 00c7 08       		.uleb128 0x8
 1826 00c8 3A       		.uleb128 0x3a
 1827 00c9 0B       		.uleb128 0xb
 1828 00ca 3B       		.uleb128 0x3b
 1829 00cb 0B       		.uleb128 0xb
 1830 00cc 49       		.uleb128 0x49
 1831 00cd 13       		.uleb128 0x13
 1832 00ce 02       		.uleb128 0x2
 1833 00cf 18       		.uleb128 0x18
 1834 00d0 00       		.byte	0
 1835 00d1 00       		.byte	0
 1836 00d2 10       		.uleb128 0x10
 1837 00d3 34       		.uleb128 0x34
 1838 00d4 00       		.byte	0
 1839 00d5 03       		.uleb128 0x3
 1840 00d6 0E       		.uleb128 0xe
 1841 00d7 3A       		.uleb128 0x3a
 1842 00d8 0B       		.uleb128 0xb
 1843 00d9 3B       		.uleb128 0x3b
 1844 00da 0B       		.uleb128 0xb
 1845 00db 49       		.uleb128 0x49
 1846 00dc 13       		.uleb128 0x13
 1847 00dd 02       		.uleb128 0x2
 1848 00de 18       		.uleb128 0x18
 1849 00df 00       		.byte	0
 1850 00e0 00       		.byte	0
 1851 00e1 11       		.uleb128 0x11
 1852 00e2 2E       		.uleb128 0x2e
 1853 00e3 01       		.byte	0x1
 1854 00e4 3F       		.uleb128 0x3f
 1855 00e5 19       		.uleb128 0x19
 1856 00e6 03       		.uleb128 0x3
 1857 00e7 0E       		.uleb128 0xe
ARM GAS  C:\Users\Eric\AppData\Local\Temp\cc9ZWRmK.s 			page 36


 1858 00e8 3A       		.uleb128 0x3a
 1859 00e9 0B       		.uleb128 0xb
 1860 00ea 3B       		.uleb128 0x3b
 1861 00eb 0B       		.uleb128 0xb
 1862 00ec 49       		.uleb128 0x49
 1863 00ed 13       		.uleb128 0x13
 1864 00ee 11       		.uleb128 0x11
 1865 00ef 01       		.uleb128 0x1
 1866 00f0 12       		.uleb128 0x12
 1867 00f1 06       		.uleb128 0x6
 1868 00f2 40       		.uleb128 0x40
 1869 00f3 18       		.uleb128 0x18
 1870 00f4 9642     		.uleb128 0x2116
 1871 00f6 19       		.uleb128 0x19
 1872 00f7 01       		.uleb128 0x1
 1873 00f8 13       		.uleb128 0x13
 1874 00f9 00       		.byte	0
 1875 00fa 00       		.byte	0
 1876 00fb 12       		.uleb128 0x12
 1877 00fc 34       		.uleb128 0x34
 1878 00fd 00       		.byte	0
 1879 00fe 03       		.uleb128 0x3
 1880 00ff 0E       		.uleb128 0xe
 1881 0100 3A       		.uleb128 0x3a
 1882 0101 0B       		.uleb128 0xb
 1883 0102 3B       		.uleb128 0x3b
 1884 0103 05       		.uleb128 0x5
 1885 0104 49       		.uleb128 0x49
 1886 0105 13       		.uleb128 0x13
 1887 0106 3F       		.uleb128 0x3f
 1888 0107 19       		.uleb128 0x19
 1889 0108 02       		.uleb128 0x2
 1890 0109 18       		.uleb128 0x18
 1891 010a 00       		.byte	0
 1892 010b 00       		.byte	0
 1893 010c 13       		.uleb128 0x13
 1894 010d 34       		.uleb128 0x34
 1895 010e 00       		.byte	0
 1896 010f 03       		.uleb128 0x3
 1897 0110 0E       		.uleb128 0xe
 1898 0111 3A       		.uleb128 0x3a
 1899 0112 0B       		.uleb128 0xb
 1900 0113 3B       		.uleb128 0x3b
 1901 0114 0B       		.uleb128 0xb
 1902 0115 49       		.uleb128 0x49
 1903 0116 13       		.uleb128 0x13
 1904 0117 3F       		.uleb128 0x3f
 1905 0118 19       		.uleb128 0x19
 1906 0119 02       		.uleb128 0x2
 1907 011a 18       		.uleb128 0x18
 1908 011b 00       		.byte	0
 1909 011c 00       		.byte	0
 1910 011d 00       		.byte	0
 1911              		.section	.debug_aranges,"",%progbits
 1912 0000 6C000000 		.4byte	0x6c
 1913 0004 0200     		.2byte	0x2
 1914 0006 00000000 		.4byte	.Ldebug_info0
ARM GAS  C:\Users\Eric\AppData\Local\Temp\cc9ZWRmK.s 			page 37


 1915 000a 04       		.byte	0x4
 1916 000b 00       		.byte	0
 1917 000c 0000     		.2byte	0
 1918 000e 0000     		.2byte	0
 1919 0010 00000000 		.4byte	.LFB33
 1920 0014 84000000 		.4byte	.LFE33-.LFB33
 1921 0018 00000000 		.4byte	.LFB34
 1922 001c 2E000000 		.4byte	.LFE34-.LFB34
 1923 0020 00000000 		.4byte	.LFB35
 1924 0024 8A000000 		.4byte	.LFE35-.LFB35
 1925 0028 00000000 		.4byte	.LFB36
 1926 002c 4C000000 		.4byte	.LFE36-.LFB36
 1927 0030 00000000 		.4byte	.LFB37
 1928 0034 62000000 		.4byte	.LFE37-.LFB37
 1929 0038 00000000 		.4byte	.LFB38
 1930 003c 2C000000 		.4byte	.LFE38-.LFB38
 1931 0040 00000000 		.4byte	.LFB39
 1932 0044 D6000000 		.4byte	.LFE39-.LFB39
 1933 0048 00000000 		.4byte	.LFB40
 1934 004c 9E000000 		.4byte	.LFE40-.LFB40
 1935 0050 00000000 		.4byte	.LFB41
 1936 0054 72000000 		.4byte	.LFE41-.LFB41
 1937 0058 00000000 		.4byte	.LFB42
 1938 005c 2C000000 		.4byte	.LFE42-.LFB42
 1939 0060 00000000 		.4byte	.LFB43
 1940 0064 84000000 		.4byte	.LFE43-.LFB43
 1941 0068 00000000 		.4byte	0
 1942 006c 00000000 		.4byte	0
 1943              		.section	.debug_ranges,"",%progbits
 1944              	.Ldebug_ranges0:
 1945 0000 00000000 		.4byte	.LFB33
 1946 0004 84000000 		.4byte	.LFE33
 1947 0008 00000000 		.4byte	.LFB34
 1948 000c 2E000000 		.4byte	.LFE34
 1949 0010 00000000 		.4byte	.LFB35
 1950 0014 8A000000 		.4byte	.LFE35
 1951 0018 00000000 		.4byte	.LFB36
 1952 001c 4C000000 		.4byte	.LFE36
 1953 0020 00000000 		.4byte	.LFB37
 1954 0024 62000000 		.4byte	.LFE37
 1955 0028 00000000 		.4byte	.LFB38
 1956 002c 2C000000 		.4byte	.LFE38
 1957 0030 00000000 		.4byte	.LFB39
 1958 0034 D6000000 		.4byte	.LFE39
 1959 0038 00000000 		.4byte	.LFB40
 1960 003c 9E000000 		.4byte	.LFE40
 1961 0040 00000000 		.4byte	.LFB41
 1962 0044 72000000 		.4byte	.LFE41
 1963 0048 00000000 		.4byte	.LFB42
 1964 004c 2C000000 		.4byte	.LFE42
 1965 0050 00000000 		.4byte	.LFB43
 1966 0054 84000000 		.4byte	.LFE43
 1967 0058 00000000 		.4byte	0
 1968 005c 00000000 		.4byte	0
 1969              		.section	.debug_line,"",%progbits
 1970              	.Ldebug_line0:
 1971 0000 50020000 		.section	.debug_str,"MS",%progbits,1
ARM GAS  C:\Users\Eric\AppData\Local\Temp\cc9ZWRmK.s 			page 38


 1971      02002C01 
 1971      00000201 
 1971      FB0E0D00 
 1971      01010101 
 1972              	.LASF20:
 1973 0000 70616430 		.ascii	"pad0\000"
 1973      00
 1974              	.LASF22:
 1975 0005 70616432 		.ascii	"pad2\000"
 1975      00
 1976              	.LASF23:
 1977 000a 70616433 		.ascii	"pad3\000"
 1977      00
 1978              	.LASF2:
 1979 000f 5F5F7569 		.ascii	"__uint8_t\000"
 1979      6E74385F 
 1979      7400
 1980              	.LASF49:
 1981 0019 433A5C55 		.ascii	"C:\\Users\\Eric\\Documents\\GitHub\\Corner-Module\\"
 1981      73657273 
 1981      5C457269 
 1981      635C446F 
 1981      63756D65 
 1982 0046 436F726E 		.ascii	"CornerModule\\CornerModule.cydsn\000"
 1982      65724D6F 
 1982      64756C65 
 1982      5C436F72 
 1982      6E65724D 
 1983              	.LASF3:
 1984 0066 5F5F696E 		.ascii	"__int16_t\000"
 1984      7431365F 
 1984      7400
 1985              	.LASF38:
 1986 0070 49324357 		.ascii	"I2CWriteBytes\000"
 1986      72697465 
 1986      42797465 
 1986      7300
 1987              	.LASF30:
 1988 007e 76616C75 		.ascii	"value\000"
 1988      6500
 1989              	.LASF19:
 1990 0084 62656769 		.ascii	"beginPad\000"
 1990      6E506164 
 1990      00
 1991              	.LASF32:
 1992 008d 49324352 		.ascii	"I2CReadByte\000"
 1992      65616442 
 1992      79746500 
 1993              	.LASF21:
 1994 0099 70616431 		.ascii	"pad1\000"
 1994      00
 1995              	.LASF33:
 1996 009e 49324352 		.ascii	"I2CReadBits\000"
 1996      65616442 
 1996      69747300 
 1997              	.LASF24:
 1998 00aa 70616434 		.ascii	"pad4\000"
ARM GAS  C:\Users\Eric\AppData\Local\Temp\cc9ZWRmK.s 			page 39


 1998      00
 1999              	.LASF15:
 2000 00af 666C6F61 		.ascii	"float\000"
 2000      7400
 2001              	.LASF51:
 2002 00b5 64617461 		.ascii	"data\000"
 2002      00
 2003              	.LASF1:
 2004 00ba 756E7369 		.ascii	"unsigned char\000"
 2004      676E6564 
 2004      20636861 
 2004      7200
 2005              	.LASF43:
 2006 00c8 49324357 		.ascii	"I2CWriteWord\000"
 2006      72697465 
 2006      576F7264 
 2006      00
 2007              	.LASF36:
 2008 00d5 49324352 		.ascii	"I2CReadBit\000"
 2008      65616442 
 2008      697400
 2009              	.LASF28:
 2010 00e0 72656741 		.ascii	"regAddr\000"
 2010      64647200 
 2011              	.LASF8:
 2012 00e8 6C6F6E67 		.ascii	"long unsigned int\000"
 2012      20756E73 
 2012      69676E65 
 2012      6420696E 
 2012      7400
 2013              	.LASF45:
 2014 00fa 74656D70 		.ascii	"temp\000"
 2014      00
 2015              	.LASF6:
 2016 00ff 73686F72 		.ascii	"short unsigned int\000"
 2016      7420756E 
 2016      7369676E 
 2016      65642069 
 2016      6E7400
 2017              	.LASF25:
 2018 0112 73656E73 		.ascii	"sensorData\000"
 2018      6F724461 
 2018      746100
 2019              	.LASF48:
 2020 011d 2E5C6D61 		.ascii	".\\main.c\000"
 2020      696E2E63 
 2020      00
 2021              	.LASF5:
 2022 0126 5F5F7569 		.ascii	"__uint16_t\000"
 2022      6E743136 
 2022      5F7400
 2023              	.LASF16:
 2024 0131 646F7562 		.ascii	"double\000"
 2024      6C6500
 2025              	.LASF34:
 2026 0138 62697453 		.ascii	"bitStart\000"
 2026      74617274 
ARM GAS  C:\Users\Eric\AppData\Local\Temp\cc9ZWRmK.s 			page 40


 2026      00
 2027              	.LASF41:
 2028 0141 49324357 		.ascii	"I2CWriteBit\000"
 2028      72697465 
 2028      42697400 
 2029              	.LASF44:
 2030 014d 6D61696E 		.ascii	"main\000"
 2030      00
 2031              	.LASF11:
 2032 0152 756E7369 		.ascii	"unsigned int\000"
 2032      676E6564 
 2032      20696E74 
 2032      00
 2033              	.LASF50:
 2034 015f 73656E73 		.ascii	"sensorDataInternals\000"
 2034      6F724461 
 2034      7461496E 
 2034      7465726E 
 2034      616C7300 
 2035              	.LASF10:
 2036 0173 6C6F6E67 		.ascii	"long long unsigned int\000"
 2036      206C6F6E 
 2036      6720756E 
 2036      7369676E 
 2036      65642069 
 2037              	.LASF12:
 2038 018a 75696E74 		.ascii	"uint8_t\000"
 2038      385F7400 
 2039              	.LASF13:
 2040 0192 696E7431 		.ascii	"int16_t\000"
 2040      365F7400 
 2041              	.LASF39:
 2042 019a 49324357 		.ascii	"I2CWriteByte\000"
 2042      72697465 
 2042      42797465 
 2042      00
 2043              	.LASF18:
 2044 01a7 73697A65 		.ascii	"sizetype\000"
 2044      74797065 
 2044      00
 2045              	.LASF37:
 2046 01b0 6269744E 		.ascii	"bitNum\000"
 2046      756D00
 2047              	.LASF9:
 2048 01b7 6C6F6E67 		.ascii	"long long int\000"
 2048      206C6F6E 
 2048      6720696E 
 2048      7400
 2049              	.LASF35:
 2050 01c5 6D61736B 		.ascii	"mask\000"
 2050      00
 2051              	.LASF4:
 2052 01ca 73686F72 		.ascii	"short int\000"
 2052      7420696E 
 2052      7400
 2053              	.LASF27:
 2054 01d4 64657641 		.ascii	"devAddr\000"
ARM GAS  C:\Users\Eric\AppData\Local\Temp\cc9ZWRmK.s 			page 41


 2054      64647200 
 2055              	.LASF26:
 2056 01dc 62756666 		.ascii	"buffer\000"
 2056      657200
 2057              	.LASF14:
 2058 01e3 75696E74 		.ascii	"uint16_t\000"
 2058      31365F74 
 2058      00
 2059              	.LASF46:
 2060 01ec 73656E64 		.ascii	"sendData\000"
 2060      44617461 
 2060      00
 2061              	.LASF42:
 2062 01f5 49324357 		.ascii	"I2CWriteWords\000"
 2062      72697465 
 2062      576F7264 
 2062      7300
 2063              	.LASF7:
 2064 0203 6C6F6E67 		.ascii	"long int\000"
 2064      20696E74 
 2064      00
 2065              	.LASF17:
 2066 020c 63686172 		.ascii	"char\000"
 2066      00
 2067              	.LASF31:
 2068 0211 49324352 		.ascii	"I2CReadBytes\000"
 2068      65616442 
 2068      79746573 
 2068      00
 2069              	.LASF0:
 2070 021e 7369676E 		.ascii	"signed char\000"
 2070      65642063 
 2070      68617200 
 2071              	.LASF40:
 2072 022a 49324357 		.ascii	"I2CWriteBits\000"
 2072      72697465 
 2072      42697473 
 2072      00
 2073              	.LASF47:
 2074 0237 474E5520 		.ascii	"GNU C 4.8.4 20140526 (release) [ARM/embedded-4_8-br"
 2074      4320342E 
 2074      382E3420 
 2074      32303134 
 2074      30353236 
 2075 026a 616E6368 		.ascii	"anch revision 211358] -mcpu=cortex-m0 -mthumb -g -O"
 2075      20726576 
 2075      6973696F 
 2075      6E203231 
 2075      31333538 
 2076 029d 30202D66 		.ascii	"0 -ffunction-sections\000"
 2076      66756E63 
 2076      74696F6E 
 2076      2D736563 
 2076      74696F6E 
 2077              	.LASF29:
 2078 02b3 6C656E67 		.ascii	"length\000"
 2078      746800
ARM GAS  C:\Users\Eric\AppData\Local\Temp\cc9ZWRmK.s 			page 42


 2079              		.ident	"GCC: (GNU Tools for ARM Embedded Processors) 4.8.4 20140526 (release) [ARM/embedded-4_8-br
